2024-11-02 10:12:19,528 [INFO] Activator:176 - 


2024-11-02 10:12:19,535 [INFO] Activator:177 - !SESSION log4j initialized
2024-11-02 10:12:24,312 [INFO] LogOutputStream:77 - [STDOUT_REDIRECT] 
2024-11-02 10:12:26,010 [INFO] ApplicationProperties:184 - Using Application install path: C:\ST\STM32CubeIDE_1.16.0\STM32CubeIDE\plugins\com.st.stm32cube.common.mx_6.12.1.202409122256
2024-11-02 10:12:26,026 [INFO] DbMcusXml:78 - Set database path to: C:\ST\STM32CubeIDE_1.16.0\STM32CubeIDE\plugins\com.st.stm32cube.common.mx_6.12.1.202409122256\\db\/mcu/
2024-11-02 10:12:26,026 [INFO] ApiDb:274 - Set plugin database path to: C:\ST\STM32CubeIDE_1.16.0\STM32CubeIDE\plugins\com.st.stm32cube.common.mx_6.12.1.202409122256\\db\/plugins/boardmanager/
2024-11-02 10:12:26,027 [WARN] ApiDb:259 - Overriding images path with different value:  => C:\ST\STM32CubeIDE_1.16.0\STM32CubeIDE\plugins\com.st.stm32cube.common.mx_6.12.1.202409122256\\db\/plugins/mcufinder/images/
2024-11-02 10:12:26,033 [INFO] ApiDb:250 - Set database path to: C:\Users\Ali\.stmcufinder\plugins\mcufinder//mcu/
2024-11-02 10:12:26,034 [INFO] DbMcusAds:125 - Set database path to: C:\Users\Ali\.stmcufinder\plugins\mcufinder//mcu/
2024-11-02 10:12:26,036 [INFO] CrossReferenceDbSqlite:203 - Set database path to: C:\Users\Ali\.stmcufinder\plugins\mcufinder//mcu/cs/
2024-11-02 10:12:26,128 [INFO] RulesReader:64 - Compatibility file has been processed (297 Rules)
2024-11-02 10:12:26,205 [INFO] DbMcusXml:78 - Set database path to: C:\ST\STM32CubeIDE_1.16.0\STM32CubeIDE\plugins\com.st.stm32cube.common.mx_6.12.1.202409122256\\db\/mcu/
2024-11-02 10:12:26,205 [INFO] ApiDb:274 - Set plugin database path to: C:\ST\STM32CubeIDE_1.16.0\STM32CubeIDE\plugins\com.st.stm32cube.common.mx_6.12.1.202409122256\\db\/plugins/boardmanager/
2024-11-02 10:12:26,205 [INFO] ApiDb:261 - Set plugin images path to: C:\ST\STM32CubeIDE_1.16.0\STM32CubeIDE\plugins\com.st.stm32cube.common.mx_6.12.1.202409122256\\db\/plugins/mcufinder/images/
2024-11-02 10:12:26,205 [WARN] DbFile:41 - Overriding database path with different value: C:\Users\Ali\.stmcufinder\plugins\mcufinder/ => C:\Users\Ali\.stmcufinder\plugins\mcufinder
2024-11-02 10:12:26,205 [INFO] ApiDb:250 - Set database path to: C:\Users\Ali\.stmcufinder\plugins\mcufinder//mcu/
2024-11-02 10:12:26,205 [WARN] DbFile:41 - Overriding database path with different value: C:\Users\Ali\.stmcufinder\plugins\mcufinder/ => C:\Users\Ali\.stmcufinder\plugins\mcufinder
2024-11-02 10:12:26,206 [INFO] DbMcusAds:125 - Set database path to: C:\Users\Ali\.stmcufinder\plugins\mcufinder//mcu/
2024-11-02 10:12:26,206 [WARN] DbFile:41 - Overriding database path with different value: C:\Users\Ali\.stmcufinder\plugins\mcufinder/ => C:\Users\Ali\.stmcufinder\plugins\mcufinder
2024-11-02 10:12:26,206 [WARN] DbFile:41 - Overriding database path with different value: C:\Users\Ali\.stmcufinder\plugins\mcufinder/ => C:\Users\Ali\.stmcufinder\plugins\mcufinder
2024-11-02 10:12:26,206 [INFO] CrossReferenceDbSqlite:203 - Set database path to: C:\Users\Ali\.stmcufinder\plugins\mcufinder//mcu/cs/
2024-11-02 10:12:26,284 [INFO] MainPanel:268 - HeapMemory: 268435456
2024-11-02 10:12:26,412 [INFO] DbMcusXml:78 - Set database path to: C:\ST\STM32CubeIDE_1.16.0\STM32CubeIDE\plugins\com.st.stm32cube.common.mx_6.12.1.202409122256\\db\/mcu/
2024-11-02 10:12:26,412 [INFO] ApiDb:274 - Set plugin database path to: C:\ST\STM32CubeIDE_1.16.0\STM32CubeIDE\plugins\com.st.stm32cube.common.mx_6.12.1.202409122256\\db\/plugins/boardmanager/
2024-11-02 10:12:26,412 [INFO] ApiDb:261 - Set plugin images path to: C:\ST\STM32CubeIDE_1.16.0\STM32CubeIDE\plugins\com.st.stm32cube.common.mx_6.12.1.202409122256\\db\/plugins/mcufinder/images/
2024-11-02 10:12:26,412 [WARN] DbFile:41 - Overriding database path with different value: C:\Users\Ali\.stmcufinder\plugins\mcufinder/ => C:\Users\Ali\.stmcufinder\plugins\mcufinder
2024-11-02 10:12:26,412 [INFO] ApiDb:250 - Set database path to: C:\Users\Ali\.stmcufinder\plugins\mcufinder//mcu/
2024-11-02 10:12:26,412 [WARN] DbFile:41 - Overriding database path with different value: C:\Users\Ali\.stmcufinder\plugins\mcufinder/ => C:\Users\Ali\.stmcufinder\plugins\mcufinder
2024-11-02 10:12:26,413 [INFO] DbMcusAds:125 - Set database path to: C:\Users\Ali\.stmcufinder\plugins\mcufinder//mcu/
2024-11-02 10:12:26,413 [WARN] DbFile:41 - Overriding database path with different value: C:\Users\Ali\.stmcufinder\plugins\mcufinder/ => C:\Users\Ali\.stmcufinder\plugins\mcufinder
2024-11-02 10:12:26,413 [WARN] DbFile:41 - Overriding database path with different value: C:\Users\Ali\.stmcufinder\plugins\mcufinder/ => C:\Users\Ali\.stmcufinder\plugins\mcufinder
2024-11-02 10:12:26,413 [INFO] CrossReferenceDbSqlite:203 - Set database path to: C:\Users\Ali\.stmcufinder\plugins\mcufinder//mcu/cs/
2024-11-02 10:12:26,428 [INFO] ApplicationProperties:184 - Using Application install path: C:\ST\STM32CubeIDE_1.16.0\STM32CubeIDE\plugins\com.st.stm32cube.common.mx_6.12.1.202409122256
2024-11-02 10:12:26,430 [INFO] PluginManage:196 - Search for loadable plugins [exclusion list=, ]
2024-11-02 10:12:26,431 [INFO] PluginManage:310 - Check plugin analytics
2024-11-02 10:12:26,552 [INFO] AnalyticsPlugin:253 - Accepted Software Licenses: 
2024-11-02 10:12:26,552 [INFO] AnalyticsPlugin:255 - Accepted CMSIS Pack Licenses: 
2024-11-02 10:12:26,552 [INFO] AnalyticsPlugin:257 - Accepted Firmware Licenses: 
2024-11-02 10:12:26,554 [INFO] PluginManage:359 - Loaded plugin analytics (category:tool,tabindex:-1)
2024-11-02 10:12:26,554 [INFO] PluginManage:310 - Check plugin cadmodel
2024-11-02 10:12:26,567 [INFO] CADModel:105 - Init CAD model plugin
2024-11-02 10:12:26,568 [INFO] PluginManage:359 - Loaded plugin cadmodel (category:power,tabindex:5)
2024-11-02 10:12:26,568 [INFO] PluginManage:310 - Check plugin clock
2024-11-02 10:12:26,584 [INFO] PluginManage:359 - Loaded plugin clock (category:base,tabindex:2)
2024-11-02 10:12:26,584 [INFO] PluginManage:310 - Check plugin ddr
2024-11-02 10:12:26,586 [INFO] PluginManage:359 - Loaded plugin ddr (category:tool,tabindex:6)
2024-11-02 10:12:26,586 [INFO] PluginManage:310 - Check plugin filemanager
2024-11-02 10:12:26,710 [INFO] PluginManage:359 - Loaded plugin filemanager (category:base,tabindex:10)
2024-11-02 10:12:26,710 [INFO] PluginManage:310 - Check plugin ipmanager
2024-11-02 10:12:26,717 [INFO] PluginManage:359 - Loaded plugin ipmanager (category:base,tabindex:5)
2024-11-02 10:12:26,717 [INFO] PluginManage:310 - Check plugin lpbam
2024-11-02 10:12:26,732 [INFO] PluginManage:359 - Loaded plugin lpbam (category:base,tabindex:0)
2024-11-02 10:12:26,733 [INFO] PluginManage:310 - Check plugin memorymap
2024-11-02 10:12:26,752 [INFO] PluginManage:359 - Loaded plugin memorymap (category:base,tabindex:4)
2024-11-02 10:12:26,752 [INFO] PluginManage:310 - Check plugin pinoutandconfiguration
2024-11-02 10:12:26,766 [INFO] PluginManage:359 - Loaded plugin pinoutandconfiguration (category:base,tabindex:1)
2024-11-02 10:12:26,766 [INFO] PluginManage:310 - Check plugin pinoutconfig
2024-11-02 10:12:26,845 [WARN] SupportedApi:132 - Cannot load RTOS API schema: s4s-elt-must-match.1: The content of 'definitions' must match (annotation?, (simpleType | complexType)?, (unique | key | keyref)*)). A problem was found starting at: attribute.
2024-11-02 10:12:26,955 [INFO] PluginManage:359 - Loaded plugin pinoutconfig (category:base,tabindex:0)
2024-11-02 10:12:26,955 [INFO] PluginManage:310 - Check plugin power
2024-11-02 10:12:26,973 [INFO] PluginManage:359 - Loaded plugin power (category:power,tabindex:4)
2024-11-02 10:12:26,973 [INFO] PluginManage:310 - Check plugin projectmanager
2024-11-02 10:12:26,986 [INFO] PluginManage:359 - Loaded plugin projectmanager (category:projectmanager,tabindex:4)
2024-11-02 10:12:26,986 [INFO] PluginManage:310 - Check plugin rif
2024-11-02 10:12:26,999 [INFO] PluginManage:359 - Loaded plugin rif (category:base,tabindex:3)
2024-11-02 10:12:26,999 [INFO] PluginManage:310 - Check plugin thirdparty
2024-11-02 10:12:27,230 [INFO] PluginManage:359 - Loaded plugin thirdparty (category:base,tabindex:-1)
2024-11-02 10:12:27,230 [WARN] IntegrityCheckThread:84 - waiting for thirdparty lock release [integrity check]
2024-11-02 10:12:27,230 [INFO] PluginManage:310 - Check plugin tools
2024-11-02 10:12:27,230 [INFO] IntegrityCheckThread:86 - entering critical section [integrity check]
2024-11-02 10:12:27,231 [INFO] ThirdPartyUpdaterWithRetryManager:70 - Updater plugin not ready yet. [1/15]
2024-11-02 10:12:27,261 [INFO] PluginManage:359 - Loaded plugin tools (category:base,tabindex:7)
2024-11-02 10:12:27,261 [INFO] PluginManage:310 - Check plugin tutovideos
2024-11-02 10:12:27,416 [INFO] PluginManage:359 - Loaded plugin tutovideos (category:base,tabindex:-1)
2024-11-02 10:12:27,416 [INFO] PluginManage:310 - Check plugin updater
2024-11-02 10:12:27,432 [INFO] PluginManage:359 - Loaded plugin updater (category:base,tabindex:12)
2024-11-02 10:12:27,432 [INFO] PluginManage:310 - Check plugin userauth
2024-11-02 10:12:27,436 [INFO] UserAuth:113 - Init User Auth plugin
2024-11-02 10:12:27,437 [INFO] PluginManage:359 - Loaded plugin userauth (category:base,tabindex:14)
2024-11-02 10:12:27,437 [INFO] PluginManage:283 - PluginManage : Loaded plugins [18]
2024-11-02 10:12:27,614 [INFO] PinOutPanel:1561 - setPackage(No Configuration,No Configuration)
2024-11-02 10:12:27,704 [INFO] CADModel:165 - CPN selected for project level
2024-11-02 10:12:27,704 [INFO] CADModel:114 - Register for checkConnection events
2024-11-02 10:12:27,730 [INFO] IPUIPlugin:80 - create IPUIPlugin
2024-11-02 10:12:27,730 [INFO] PluginManager:220 - loadIPPluginJar : add adc
2024-11-02 10:12:27,763 [INFO] IPUIPlugin:80 - create IPUIPlugin
2024-11-02 10:12:27,763 [INFO] PluginManager:220 - loadIPPluginJar : add aes
2024-11-02 10:12:27,798 [INFO] IPUIPlugin:80 - create IPUIPlugin
2024-11-02 10:12:27,798 [INFO] PluginManager:220 - loadIPPluginJar : add can
2024-11-02 10:12:27,818 [INFO] IPUIPlugin:80 - create IPUIPlugin
2024-11-02 10:12:27,818 [INFO] PluginManager:220 - loadIPPluginJar : add comp
2024-11-02 10:12:27,846 [INFO] IPUIPlugin:80 - create IPUIPlugin
2024-11-02 10:12:27,846 [INFO] PluginManager:220 - loadIPPluginJar : add cryp
2024-11-02 10:12:27,856 [INFO] IPUIPlugin:80 - create IPUIPlugin
2024-11-02 10:12:27,856 [INFO] PluginManager:220 - loadIPPluginJar : add ddr_ctrl_phy
2024-11-02 10:12:27,881 [INFO] IPUIPlugin:80 - create IPUIPlugin
2024-11-02 10:12:27,881 [INFO] PluginManager:220 - loadIPPluginJar : add dfsdm
2024-11-02 10:12:27,892 [INFO] IPUIPlugin:80 - create IPUIPlugin
2024-11-02 10:12:27,893 [INFO] PluginManager:220 - loadIPPluginJar : add dma
2024-11-02 10:12:27,929 [INFO] IPUIPlugin:80 - create IPUIPlugin
2024-11-02 10:12:27,929 [INFO] PluginManager:220 - loadIPPluginJar : add dma3
2024-11-02 10:12:27,968 [INFO] IPUIPlugin:80 - create IPUIPlugin
2024-11-02 10:12:27,968 [INFO] PluginManager:220 - loadIPPluginJar : add extmemmanager
2024-11-02 10:12:27,984 [INFO] IPUIPlugin:80 - create IPUIPlugin
2024-11-02 10:12:27,984 [INFO] PluginManager:220 - loadIPPluginJar : add fatfs
2024-11-02 10:12:28,026 [INFO] IPUIPlugin:80 - create IPUIPlugin
2024-11-02 10:12:28,026 [INFO] PluginManager:220 - loadIPPluginJar : add fmc
2024-11-02 10:12:28,040 [INFO] IPUIPlugin:80 - create IPUIPlugin
2024-11-02 10:12:28,040 [INFO] PluginManager:220 - loadIPPluginJar : add freertos
2024-11-02 10:12:28,057 [INFO] IPUIPlugin:80 - create IPUIPlugin
2024-11-02 10:12:28,057 [INFO] PluginManager:220 - loadIPPluginJar : add genericplugin
2024-11-02 10:12:28,136 [INFO] IPUIPlugin:80 - create IPUIPlugin
2024-11-02 10:12:28,136 [INFO] PluginManager:220 - loadIPPluginJar : add gfxmmu
2024-11-02 10:12:28,242 [INFO] IPUIPlugin:80 - create IPUIPlugin
2024-11-02 10:12:28,242 [INFO] PluginManager:220 - loadIPPluginJar : add gic
2024-11-02 10:12:28,254 [INFO] IPUIPlugin:80 - create IPUIPlugin
2024-11-02 10:12:28,254 [INFO] PluginManager:220 - loadIPPluginJar : add gpio
2024-11-02 10:12:28,345 [INFO] IPUIPlugin:80 - create IPUIPlugin
2024-11-02 10:12:28,345 [INFO] PluginManager:220 - loadIPPluginJar : add gtzc
2024-11-02 10:12:28,372 [INFO] IPUIPlugin:80 - create IPUIPlugin
2024-11-02 10:12:28,372 [INFO] PluginManager:220 - loadIPPluginJar : add hash
2024-11-02 10:12:28,416 [INFO] IPUIPlugin:80 - create IPUIPlugin
2024-11-02 10:12:28,416 [INFO] PluginManager:220 - loadIPPluginJar : add i2c
2024-11-02 10:12:28,452 [INFO] IPUIPlugin:80 - create IPUIPlugin
2024-11-02 10:12:28,452 [INFO] PluginManager:220 - loadIPPluginJar : add i2s
2024-11-02 10:12:28,487 [INFO] IPUIPlugin:80 - create IPUIPlugin
2024-11-02 10:12:28,487 [INFO] PluginManager:220 - loadIPPluginJar : add i3c
2024-11-02 10:12:28,583 [INFO] IPUIPlugin:80 - create IPUIPlugin
2024-11-02 10:12:28,583 [INFO] PluginManager:220 - loadIPPluginJar : add ipddr
2024-11-02 10:12:28,661 [INFO] IPUIPlugin:80 - create IPUIPlugin
2024-11-02 10:12:28,661 [INFO] PluginManager:220 - loadIPPluginJar : add linkedlist
2024-11-02 10:12:28,690 [INFO] IPUIPlugin:80 - create IPUIPlugin
2024-11-02 10:12:28,690 [INFO] PluginManager:220 - loadIPPluginJar : add lorawan
2024-11-02 10:12:28,721 [INFO] IPUIPlugin:80 - create IPUIPlugin
2024-11-02 10:12:28,721 [INFO] PluginManager:220 - loadIPPluginJar : add ltdc
2024-11-02 10:12:28,732 [INFO] IPUIPlugin:80 - create IPUIPlugin
2024-11-02 10:12:28,732 [INFO] PluginManager:220 - loadIPPluginJar : add mdma
2024-11-02 10:12:28,743 [INFO] IPUIPlugin:80 - create IPUIPlugin
2024-11-02 10:12:28,743 [INFO] PluginManager:220 - loadIPPluginJar : add nvic
2024-11-02 10:12:28,775 [INFO] IPUIPlugin:80 - create IPUIPlugin
2024-11-02 10:12:28,775 [INFO] PluginManager:220 - loadIPPluginJar : add opamp
2024-11-02 10:12:28,825 [INFO] IPUIPlugin:80 - create IPUIPlugin
2024-11-02 10:12:28,825 [INFO] PluginManager:220 - loadIPPluginJar : add openamp
2024-11-02 10:12:28,860 [INFO] IPUIPlugin:80 - create IPUIPlugin
2024-11-02 10:12:28,860 [INFO] PluginManager:220 - loadIPPluginJar : add pdm2pcm
2024-11-02 10:12:28,872 [INFO] IPUIPlugin:80 - create IPUIPlugin
2024-11-02 10:12:28,874 [INFO] PluginManager:220 - loadIPPluginJar : add plateformsettings
2024-11-02 10:12:28,892 [INFO] IPUIPlugin:80 - create IPUIPlugin
2024-11-02 10:12:28,892 [INFO] PluginManager:220 - loadIPPluginJar : add quadspi
2024-11-02 10:12:28,913 [INFO] IPUIPlugin:80 - create IPUIPlugin
2024-11-02 10:12:28,915 [INFO] PluginManager:220 - loadIPPluginJar : add radio
2024-11-02 10:12:28,926 [INFO] IPUIPlugin:80 - create IPUIPlugin
2024-11-02 10:12:28,926 [INFO] PluginManager:220 - loadIPPluginJar : add resmgrutility
2024-11-02 10:12:28,967 [INFO] IPUIPlugin:80 - create IPUIPlugin
2024-11-02 10:12:28,967 [INFO] PluginManager:220 - loadIPPluginJar : add sai
2024-11-02 10:12:28,998 [INFO] IPUIPlugin:80 - create IPUIPlugin
2024-11-02 10:12:28,998 [INFO] PluginManager:220 - loadIPPluginJar : add spi
2024-11-02 10:12:29,066 [INFO] IPUIPlugin:80 - create IPUIPlugin
2024-11-02 10:12:29,066 [INFO] PluginManager:220 - loadIPPluginJar : add stm32_wpan
2024-11-02 10:12:29,086 [INFO] IPUIPlugin:80 - create IPUIPlugin
2024-11-02 10:12:29,086 [INFO] PluginManager:220 - loadIPPluginJar : add tim
2024-11-02 10:12:29,139 [INFO] IPUIPlugin:80 - create IPUIPlugin
2024-11-02 10:12:29,139 [INFO] PluginManager:220 - loadIPPluginJar : add touchsensing
2024-11-02 10:12:29,158 [INFO] IPUIPlugin:80 - create IPUIPlugin
2024-11-02 10:12:29,158 [INFO] PluginManager:220 - loadIPPluginJar : add tracer_emb
2024-11-02 10:12:29,177 [INFO] IPUIPlugin:80 - create IPUIPlugin
2024-11-02 10:12:29,177 [INFO] PluginManager:220 - loadIPPluginJar : add ts
2024-11-02 10:12:29,196 [INFO] IPUIPlugin:80 - create IPUIPlugin
2024-11-02 10:12:29,196 [INFO] PluginManager:220 - loadIPPluginJar : add tsc
2024-11-02 10:12:29,214 [INFO] IPUIPlugin:80 - create IPUIPlugin
2024-11-02 10:12:29,214 [INFO] PluginManager:220 - loadIPPluginJar : add ucpd
2024-11-02 10:12:29,252 [INFO] IPUIPlugin:80 - create IPUIPlugin
2024-11-02 10:12:29,252 [INFO] PluginManager:220 - loadIPPluginJar : add usart
2024-11-02 10:12:29,294 [INFO] IPUIPlugin:80 - create IPUIPlugin
2024-11-02 10:12:29,294 [INFO] PluginManager:220 - loadIPPluginJar : add usbx
2024-11-02 10:12:29,414 [INFO] CADModel:165 - CPN selected for project level
2024-11-02 10:12:29,414 [INFO] CADModel:114 - Register for checkConnection events
2024-11-02 10:12:29,414 [FATAL] Updater:334 - Updater called before beeing initialized
2024-11-02 10:12:29,414 [ERROR] CADModel:125 - Updater not yet initialized, retry later 
2024-11-02 10:12:29,523 [INFO] CADModel:165 - CPN selected for project level
2024-11-02 10:12:29,523 [INFO] CADModel:114 - Register for checkConnection events
2024-11-02 10:12:29,523 [FATAL] Updater:334 - Updater called before beeing initialized
2024-11-02 10:12:29,523 [ERROR] CADModel:125 - Updater not yet initialized, retry later 
2024-11-02 10:12:29,527 [FATAL] Updater:334 - Updater called before beeing initialized
2024-11-02 10:12:29,619 [FATAL] Updater:334 - Updater called before beeing initialized
2024-11-02 10:12:29,623 [INFO] DbMcusAds:53 - JSON generation date=Fri Sep 20 09:04:38 EDT 2024 (1726837478367)
2024-11-02 10:12:29,623 [FATAL] Updater:334 - Updater called before beeing initialized
2024-11-02 10:12:29,662 [WARN] DetailPanel:346 - Failed to get advertising image, set to default
2024-11-02 10:12:29,760 [FATAL] Updater:334 - Updater called before beeing initialized
2024-11-02 10:12:29,761 [FATAL] Updater:334 - Updater called before beeing initialized
2024-11-02 10:12:29,761 [FATAL] Updater:334 - Updater called before beeing initialized
2024-11-02 10:12:29,761 [WARN] DetailPanel:346 - Failed to get advertising image, set to default
2024-11-02 10:12:29,762 [FATAL] Updater:334 - Updater called before beeing initialized
2024-11-02 10:12:29,822 [ERROR] Updater:1164 - MainUpdater not yet initialized. External WinMGr cannot be set.
2024-11-02 10:12:29,831 [INFO] Updater:1100 - Updater Version found : 6.12.1
2024-11-02 10:12:29,846 [INFO] ApplicationProperties:184 - Using Application install path: C:\ST\STM32CubeIDE_1.16.0\STM32CubeIDE\plugins\com.st.stm32cube.common.mx_6.12.1.202409122256
2024-11-02 10:12:30,232 [INFO] ThirdPartyUpdaterWithRetryManager:70 - Updater plugin not ready yet. [2/15]
2024-11-02 10:12:31,419 [ERROR] LogOutputStream:75 - [STDERR_REDIRECT] Nov 02, 2024 10:12:31 AM java.util.prefs.WindowsPreferences <init>
2024-11-02 10:12:31,421 [ERROR] LogOutputStream:75 - [STDERR_REDIRECT] WARNING: Could not open/create prefs root node Software\JavaSoft\Prefs at root 0xffffffff80000002. Windows RegCreateKeyEx(...) returned error code 5.
2024-11-02 10:12:31,421 [ERROR] LogOutputStream:75 - [STDERR_REDIRECT] 
2024-11-02 10:12:31,799 [INFO] MainUpdater:2873 - connection check result : 10
2024-11-02 10:12:31,800 [INFO] MainUpdater:290 - Updater Check For Update Now.
2024-11-02 10:12:31,800 [INFO] MicroXplorer:498 - Change Database Version : DB.6.0.121
2024-11-02 10:12:31,813 [INFO] McuFinderGlobals:63 - Set McuFinder mode to 2 (CubeIDE integrated)
2024-11-02 10:12:31,813 [INFO] UserAuth:417 - Internet connection configuration mode: 1
2024-11-02 10:12:31,830 [INFO] JxBrowserEngine:152 - Initiate JxBrowser Engine with user profile folder
2024-11-02 10:12:31,969 [INFO] CheckServerUpdateThread:120 - End of CheckServer Thread
2024-11-02 10:12:33,141 [INFO] WebApp:167 - Instantiating new browser for Auth
2024-11-02 10:12:33,461 [WARN] PackLoader:240 - Cannot read IP mode file for STMicroelectronics.FP-SNS-MOTENVWB1.1.4.0
2024-11-02 10:12:33,472 [WARN] PackLoader:240 - Cannot read IP mode file for STMicroelectronics.X-CUBE-SMBUS.2.1.0
2024-11-02 10:12:33,483 [WARN] PackLoader:240 - Cannot read IP mode file for STMicroelectronics.X-CUBE-WB05N.1.1.0
2024-11-02 10:12:33,511 [WARN] PackLoader:240 - Cannot read IP mode file for STMicroelectronics.X-CUBE-AZRTOS-F7.1.1.0
2024-11-02 10:12:33,579 [WARN] PackLoader:240 - Cannot read IP mode file for STMicroelectronics.X-CUBE-MEMS1.11.0.0
2024-11-02 10:12:33,710 [WARN] PackLoader:240 - Cannot read IP mode file for STMicroelectronics.FP-SNS-FLIGHT1.5.0.2
2024-11-02 10:12:33,719 [WARN] PackLoader:240 - Cannot read IP mode file for STMicroelectronics.X-CUBE-DISPLAY.3.0.0
2024-11-02 10:12:33,729 [WARN] PackLoader:240 - Cannot read IP mode file for STMicroelectronics.X-CUBE-BLE1.7.0.0
2024-11-02 10:12:33,738 [WARN] PackLoader:240 - Cannot read IP mode file for STMicroelectronics.X-CUBE-NFC10.1.0.0
2024-11-02 10:12:33,746 [WARN] PackLoader:240 - Cannot read IP mode file for emotas.I-CUBE-CANOPEN.1.3.0
2024-11-02 10:12:33,759 [WARN] PackLoader:240 - Cannot read IP mode file for STMicroelectronics.X-CUBE-BLEMGR.3.1.0
2024-11-02 10:12:33,767 [WARN] PackLoader:240 - Cannot read IP mode file for STMicroelectronics.FP-SNS-SMARTAG2.1.2.0
2024-11-02 10:12:33,795 [INFO] LogOutputStream:77 - [STDOUT_REDIRECT] 1 : Invalid condition id : UX_CORESTACK_Condition cause : null
2024-11-02 10:12:33,795 [INFO] LogOutputStream:77 - [STDOUT_REDIRECT] 1 : Invalid condition id : UX_CORESTACK_Condition cause : null
2024-11-02 10:12:33,797 [INFO] LogOutputStream:77 - [STDOUT_REDIRECT] 1 : Invalid condition id : UX_CORESTACK_Condition cause : null
2024-11-02 10:12:33,798 [INFO] LogOutputStream:77 - [STDOUT_REDIRECT] 1 : Invalid condition id : UX_CORESTACK_Condition cause : null
2024-11-02 10:12:33,800 [INFO] LogOutputStream:77 - [STDOUT_REDIRECT] 1 : Invalid condition id : UX_CORESTACK_Condition cause : null
2024-11-02 10:12:33,804 [WARN] PackLoader:240 - Cannot read IP mode file for STMicroelectronics.X-CUBE-AZRTOS-WL.2.0.0
2024-11-02 10:12:33,812 [WARN] PackLoader:240 - Cannot read IP mode file for STMicroelectronics.FP-SNS-MOTENV1.5.0.0
2024-11-02 10:12:33,820 [WARN] PackLoader:240 - Cannot read IP mode file for wolfSSL.I-CUBE-wolfMQTT.1.19.0
2024-11-02 10:12:33,830 [WARN] PackLoader:240 - Cannot read IP mode file for WES.I-CUBE-Cesium.1.3.0
2024-11-02 10:12:33,837 [WARN] PackLoader:240 - Cannot read IP mode file for STMicroelectronics.X-CUBE-BLE2.3.3.0
2024-11-02 10:12:33,849 [WARN] PackLoader:240 - Cannot read IP mode file for STMicroelectronics.X-CUBE-NFC9.1.0.0
2024-11-02 10:12:33,860 [WARN] PackLoader:240 - Cannot read IP mode file for STMicroelectronics.X-CUBE-TCPP.4.1.0
2024-11-02 10:12:33,884 [WARN] PackLoader:240 - Cannot read IP mode file for STMicroelectronics.X-CUBE-AZRTOS-G0.1.1.0
2024-11-02 10:12:33,896 [WARN] PackLoader:240 - Cannot read IP mode file for STMicroelectronics.X-CUBE-SAFEA1.1.2.2
2024-11-02 10:12:33,905 [WARN] PackLoader:240 - Cannot read IP mode file for STMicroelectronics.X-CUBE-NFC4.3.0.0
2024-11-02 10:12:33,919 [WARN] PackLoader:240 - Cannot read IP mode file for EmbeddedOffice.I-CUBE-FS-RTOS.1.0.1
2024-11-02 10:12:33,919 [ERROR] ConditionMgr:805 - Attr not supported : Dmpu
2024-11-02 10:12:33,919 [ERROR] ConditionMgr:805 - Attr not supported : Dmpu
2024-11-02 10:12:33,920 [ERROR] ConditionMgr:805 - Attr not supported : Dmpu
2024-11-02 10:12:33,920 [ERROR] ConditionMgr:805 - Attr not supported : Dmpu
2024-11-02 10:12:33,920 [ERROR] ConditionMgr:805 - Attr not supported : Dmpu
2024-11-02 10:12:33,920 [ERROR] ConditionMgr:805 - Attr not supported : Dmpu
2024-11-02 10:12:33,920 [ERROR] ConditionMgr:805 - Attr not supported : Dmpu
2024-11-02 10:12:33,920 [ERROR] ConditionMgr:805 - Attr not supported : Dmpu
2024-11-02 10:12:33,920 [ERROR] ConditionMgr:805 - Attr not supported : Dmpu
2024-11-02 10:12:33,920 [ERROR] ConditionMgr:805 - Attr not supported : Dmpu
2024-11-02 10:12:33,920 [ERROR] ConditionMgr:805 - Attr not supported : Dmpu
2024-11-02 10:12:33,921 [ERROR] ConditionMgr:805 - Attr not supported : Dmpu
2024-11-02 10:12:33,921 [ERROR] ConditionMgr:805 - Attr not supported : Dmpu
2024-11-02 10:12:33,921 [ERROR] ConditionMgr:805 - Attr not supported : Dmpu
2024-11-02 10:12:33,921 [ERROR] ConditionMgr:805 - Attr not supported : Dmpu
2024-11-02 10:12:33,921 [ERROR] ConditionMgr:805 - Attr not supported : Dmpu
2024-11-02 10:12:33,921 [ERROR] ConditionMgr:805 - Attr not supported : Dmpu
2024-11-02 10:12:33,921 [ERROR] ConditionMgr:805 - Attr not supported : Dmpu
2024-11-02 10:12:33,921 [ERROR] ConditionMgr:805 - Attr not supported : Dmpu
2024-11-02 10:12:33,921 [ERROR] ConditionMgr:805 - Attr not supported : Dmpu
2024-11-02 10:12:33,921 [ERROR] ConditionMgr:805 - Attr not supported : Dmpu
2024-11-02 10:12:33,921 [ERROR] ConditionMgr:805 - Attr not supported : Dmpu
2024-11-02 10:12:33,921 [ERROR] ConditionMgr:805 - Attr not supported : Dmpu
2024-11-02 10:12:33,922 [ERROR] ConditionMgr:805 - Attr not supported : Dmpu
2024-11-02 10:12:33,922 [ERROR] ConditionMgr:805 - Attr not supported : Dmpu
2024-11-02 10:12:33,922 [ERROR] ConditionMgr:805 - Attr not supported : Dmpu
2024-11-02 10:12:33,922 [ERROR] ConditionMgr:805 - Attr not supported : Dmpu
2024-11-02 10:12:33,922 [ERROR] ConditionMgr:805 - Attr not supported : Dmpu
2024-11-02 10:12:33,922 [ERROR] ConditionMgr:805 - Attr not supported : Dmpu
2024-11-02 10:12:33,922 [ERROR] ConditionMgr:805 - Attr not supported : Dmpu
2024-11-02 10:12:33,922 [ERROR] ConditionMgr:805 - Attr not supported : Dmpu
2024-11-02 10:12:33,922 [ERROR] ConditionMgr:805 - Attr not supported : Dmpu
2024-11-02 10:12:33,922 [ERROR] ConditionMgr:805 - Attr not supported : Dmpu
2024-11-02 10:12:33,922 [ERROR] ConditionMgr:805 - Attr not supported : Dmpu
2024-11-02 10:12:33,922 [ERROR] ConditionMgr:805 - Attr not supported : Dmpu
2024-11-02 10:12:33,923 [ERROR] ConditionMgr:805 - Attr not supported : Dmpu
2024-11-02 10:12:33,923 [ERROR] ConditionMgr:805 - Attr not supported : Dmpu
2024-11-02 10:12:33,923 [ERROR] ConditionMgr:805 - Attr not supported : Dmpu
2024-11-02 10:12:33,923 [ERROR] ConditionMgr:805 - Attr not supported : Dmpu
2024-11-02 10:12:33,923 [ERROR] ConditionMgr:805 - Attr not supported : Dmpu
2024-11-02 10:12:33,923 [ERROR] ConditionMgr:805 - Attr not supported : Dmpu
2024-11-02 10:12:33,923 [ERROR] ConditionMgr:805 - Attr not supported : Dmpu
2024-11-02 10:12:33,923 [ERROR] ConditionMgr:805 - Attr not supported : Dmpu
2024-11-02 10:12:33,923 [ERROR] ConditionMgr:805 - Attr not supported : Dmpu
2024-11-02 10:12:33,923 [ERROR] ConditionMgr:805 - Attr not supported : Dmpu
2024-11-02 10:12:33,923 [ERROR] ConditionMgr:805 - Attr not supported : Dmpu
2024-11-02 10:12:33,924 [ERROR] ConditionMgr:805 - Attr not supported : Dmpu
2024-11-02 10:12:33,924 [ERROR] ConditionMgr:805 - Attr not supported : Dmpu
2024-11-02 10:12:33,924 [ERROR] ConditionMgr:805 - Attr not supported : Dmpu
2024-11-02 10:12:33,924 [ERROR] ConditionMgr:805 - Attr not supported : Dmpu
2024-11-02 10:12:33,924 [ERROR] ConditionMgr:805 - Attr not supported : Dmpu
2024-11-02 10:12:33,924 [ERROR] ConditionMgr:805 - Attr not supported : Dmpu
2024-11-02 10:12:33,924 [ERROR] ConditionMgr:805 - Attr not supported : Dmpu
2024-11-02 10:12:33,924 [ERROR] ConditionMgr:805 - Attr not supported : Dmpu
2024-11-02 10:12:33,924 [ERROR] ConditionMgr:805 - Attr not supported : Dmpu
2024-11-02 10:12:33,924 [ERROR] ConditionMgr:805 - Attr not supported : Dmpu
2024-11-02 10:12:33,924 [ERROR] ConditionMgr:805 - Attr not supported : Dmpu
2024-11-02 10:12:33,924 [ERROR] ConditionMgr:805 - Attr not supported : Dmpu
2024-11-02 10:12:33,924 [ERROR] ConditionMgr:805 - Attr not supported : Dmpu
2024-11-02 10:12:33,925 [ERROR] ConditionMgr:805 - Attr not supported : Dmpu
2024-11-02 10:12:33,925 [ERROR] ConditionMgr:805 - Attr not supported : Dmpu
2024-11-02 10:12:33,925 [ERROR] ConditionMgr:805 - Attr not supported : Dmpu
2024-11-02 10:12:33,925 [ERROR] ConditionMgr:805 - Attr not supported : Dmpu
2024-11-02 10:12:33,925 [ERROR] ConditionMgr:805 - Attr not supported : Dmpu
2024-11-02 10:12:33,931 [WARN] PackLoader:240 - Cannot read IP mode file for RealThread.X-CUBE-RT-Thread_Nano.4.1.1
2024-11-02 10:12:33,936 [WARN] PackLoader:240 - Cannot read IP mode file for STMicroelectronics.FP-ATR-SIGFOX1.3.2.0
2024-11-02 10:12:33,940 [WARN] PackLoader:240 - Cannot read IP mode file for wolfSSL.I-CUBE-wolfSSL.5.7.2
2024-11-02 10:12:33,947 [WARN] PackLoader:240 - Cannot read IP mode file for STMicroelectronics.X-CUBE-EEPRMA1.5.1.0
2024-11-02 10:12:33,955 [WARN] PackLoader:240 - Cannot read IP mode file for ITTIA_DB.I-CUBE-ITTIADB.8.9.0
2024-11-02 10:12:33,986 [WARN] PackLoader:240 - Cannot read IP mode file for SEGGER.I-CUBE-embOS.1.3.1
2024-11-02 10:12:34,021 [INFO] WebApp:448 - Apply proxy settings
2024-11-02 10:12:34,022 [INFO] WebApp:533 - Chromium requires no authentication
2024-11-02 10:12:34,027 [WARN] PackLoader:240 - Cannot read IP mode file for STMicroelectronics.X-CUBE-ALGOBUILD.1.4.0
2024-11-02 10:12:34,033 [WARN] PackLoader:240 - Cannot read IP mode file for STMicroelectronics.X-CUBE-AI.9.1.0
2024-11-02 10:12:34,037 [INFO] WebApp:476 - Direct internet connection detected
2024-11-02 10:12:34,039 [WARN] PackLoader:240 - Cannot read IP mode file for STMicroelectronics.X-CUBE-GNSS1.6.0.0
2024-11-02 10:12:34,055 [WARN] PackLoader:240 - Cannot read IP mode file for STMicroelectronics.X-CUBE-AZRTOS-F4.1.1.0
2024-11-02 10:12:34,062 [WARN] PackLoader:240 - Cannot read IP mode file for STMicroelectronics.X-CUBE-ISPU.2.1.0
2024-11-02 10:12:34,068 [WARN] PackLoader:240 - Cannot read IP mode file for STMicroelectronics.X-CUBE-FREERTOS.1.2.0
2024-11-02 10:12:34,078 [INFO] WebApp:869 - Register for checkConnection events
2024-11-02 10:12:34,078 [INFO] WebApp:448 - Apply proxy settings
2024-11-02 10:12:34,078 [INFO] WebApp:533 - Chromium requires no authentication
2024-11-02 10:12:34,079 [INFO] WebApp:476 - Direct internet connection detected
2024-11-02 10:12:34,085 [WARN] PackLoader:240 - Cannot read IP mode file for STMicroelectronics.X-CUBE-AZRTOS-L5.2.0.0
2024-11-02 10:12:34,096 [WARN] PackLoader:240 - Cannot read IP mode file for STMicroelectronics.X-CUBE-NFC6.3.1.0
2024-11-02 10:12:34,104 [WARN] PackLoader:240 - Cannot read IP mode file for STMicroelectronics.X-CUBE-DPower.1.2.0
2024-11-02 10:12:34,108 [WARN] PackLoader:240 - Cannot read IP mode file for STMicroelectronics.X-CUBE-AI.9.0.0
2024-11-02 10:12:34,114 [WARN] PackLoader:240 - Cannot read IP mode file for STMicroelectronics.X-CUBE-NFC7.1.0.1
2024-11-02 10:12:34,129 [WARN] ConditionMgr:438 - getConditionDescription Invalid condition id : LAN8742 Phy interface Condition cause : null
2024-11-02 10:12:34,130 [WARN] PackLoader:240 - Cannot read IP mode file for STMicroelectronics.X-CUBE-AZRTOS-L4.2.0.0
2024-11-02 10:12:34,131 [WARN] ConditionMgr:1039 - genDependencies : Invalid condition id : LAN8742 Phy interface Condition cause : null
2024-11-02 10:12:34,132 [WARN] ConditionMgr:1039 - genDependencies : Invalid condition id : LAN8742 Phy interface Condition cause : null
2024-11-02 10:12:34,132 [WARN] ConditionMgr:1039 - genDependencies : Invalid condition id : LAN8742 Phy interface Condition cause : null
2024-11-02 10:12:34,139 [WARN] PackLoader:240 - Cannot read IP mode file for STMicroelectronics.X-CUBE-SFXS2LP1.4.0.0
2024-11-02 10:12:34,157 [WARN] PackLoader:240 - Cannot read IP mode file for STMicroelectronics.X-CUBE-AZRTOS-H7.3.3.0
2024-11-02 10:12:34,174 [WARN] PackLoader:240 - Cannot read IP mode file for STMicroelectronics.X-CUBE-IPS.3.0.0
2024-11-02 10:12:34,189 [WARN] ConditionMgr:438 - getConditionDescription Invalid condition id : UX DEVICE CLASS RTOS Condition cause : null
2024-11-02 10:12:34,189 [WARN] ConditionMgr:438 - getConditionDescription Invalid condition id : UX DEVICE CLASS RTOS Condition cause : null
2024-11-02 10:12:34,191 [WARN] PackLoader:240 - Cannot read IP mode file for STMicroelectronics.X-CUBE-AZRTOS-WB.2.0.0
2024-11-02 10:12:34,191 [WARN] ConditionMgr:1039 - genDependencies : Invalid condition id : UX DEVICE CLASS RTOS Condition cause : null
2024-11-02 10:12:34,191 [WARN] ConditionMgr:1039 - genDependencies : Invalid condition id : UX DEVICE CLASS RTOS Condition cause : null
2024-11-02 10:12:34,192 [WARN] ConditionMgr:1039 - genDependencies : Invalid condition id : UX DEVICE CLASS RTOS Condition cause : null
2024-11-02 10:12:34,192 [WARN] ConditionMgr:1039 - genDependencies : Invalid condition id : UX DEVICE CLASS RTOS Condition cause : null
2024-11-02 10:12:34,192 [WARN] ConditionMgr:1039 - genDependencies : Invalid condition id : UX DEVICE CLASS RTOS Condition cause : null
2024-11-02 10:12:34,198 [WARN] PackLoader:240 - Cannot read IP mode file for STMicroelectronics.X-CUBE-GNSS1.7.0.0
2024-11-02 10:12:34,207 [WARN] PackLoader:240 - Cannot read IP mode file for STMicroelectronics.FP-SNS-STBOX1.2.0.0
2024-11-02 10:12:34,221 [WARN] PackLoader:240 - Cannot read IP mode file for STMicroelectronics.X-CUBE-SUBG2.5.0.0
2024-11-02 10:12:34,232 [WARN] PackLoader:240 - Cannot read IP mode file for Cesanta.I-CUBE-Mongoose.7.13.0
2024-11-02 10:12:34,255 [WARN] PackLoader:240 - Cannot read IP mode file for STMicroelectronics.X-CUBE-AZRTOS-G4.2.0.0
2024-11-02 10:12:34,263 [WARN] PackLoader:240 - Cannot read IP mode file for STMicroelectronics.X-CUBE-ISPU.2.0.0
2024-11-02 10:12:34,272 [WARN] PackLoader:240 - Cannot read IP mode file for STMicroelectronics.X-CUBE-ALS.1.0.2
2024-11-02 10:12:34,291 [WARN] PackLoader:240 - Cannot read IP mode file for STMicroelectronics.X-CUBE-TOUCHGFX.4.24.0
2024-11-02 10:12:34,295 [INFO] WebApp:186 - Connection restablished
2024-11-02 10:12:34,297 [WARN] PackLoader:240 - Cannot read IP mode file for STMicroelectronics.X-CUBE-TOUCHGFX.4.24.1
2024-11-02 10:12:34,302 [WARN] PackLoader:240 - Cannot read IP mode file for wolfSSL.I-CUBE-wolfTPM.3.4.0
2024-11-02 10:12:34,308 [WARN] PackLoader:240 - Cannot read IP mode file for portGmbH.I-Cube-SoM-uGOAL.1.1.0
2024-11-02 10:12:34,328 [WARN] PackLoader:240 - Cannot read IP mode file for STMicroelectronics.X-CUBE-AZRTOS-H7RS.1.0.0
2024-11-02 10:12:34,336 [WARN] PackLoader:240 - Cannot read IP mode file for STMicroelectronics.FP-ATR-ASTRA1.2.0.0
2024-11-02 10:12:34,349 [WARN] PackLoader:240 - Cannot read IP mode file for STMicroelectronics.X-CUBE-TOF1.3.4.2
2024-11-02 10:12:34,382 [WARN] PackLoader:240 - Cannot read IP mode file for Infineon.AIROC-Wi-Fi-Bluetooth-STM32.1.6.1
2024-11-02 10:12:34,391 [WARN] PackLoader:240 - Cannot read IP mode file for wolfSSL.I-CUBE-wolfSSH.1.4.17
2024-11-02 10:12:34,392 [INFO] ThirdParty:978 - Integrity check success = true
2024-11-02 10:12:34,392 [INFO] IntegrityCheckThread:100 - exiting critical section [integrity check]
2024-11-02 10:12:34,392 [INFO] IntegrityCheckThread:103 - End integrity checks thread
2024-11-02 10:12:34,427 [INFO] WebApp:220 - Starting web application
2024-11-02 10:12:34,427 [INFO] WebApp:578 - Web application path used C:\ST\STM32CubeIDE_1.16.0\STM32CubeIDE\plugins\com.st.stm32cube.common.mx_6.12.1.202409122256\db\plugins\mcufinder\reactClient1\index.html
2024-11-02 10:12:34,561 [INFO] UserAuth:417 - Internet connection configuration mode: 1
2024-11-02 10:16:27,081 [INFO] McuFinderGlobals:63 - Set McuFinder mode to 2 (CubeIDE integrated)
2024-11-02 10:16:27,105 [INFO] MainUpdater:2873 - connection check result : 10
2024-11-02 10:16:27,111 [INFO] MainUpdater:2873 - connection check result : 10
2024-11-02 10:16:27,260 [INFO] RulesReader:64 - Compatibility file has been processed (297 Rules)
2024-11-02 10:16:27,269 [INFO] RulesReader:64 - Compatibility file has been processed (297 Rules)
2024-11-02 10:16:27,272 [INFO] MicroXplorer:468 - Change Database Path : 
2024-11-02 10:16:27,273 [INFO] MicroXplorer:498 - Change Database Version : DB.6.0.121
2024-11-02 10:16:27,283 [WARN] ThirdParty:871 - waiting for thirdparty lock release [close project]
2024-11-02 10:16:27,283 [INFO] ThirdParty:873 - entering critical section [close project]
2024-11-02 10:16:27,284 [INFO] ThirdParty:883 - exiting critical section [close project]
2024-11-02 10:16:27,287 [INFO] PinOutPanel:1561 - setPackage(No Configuration,No Configuration)
2024-11-02 10:16:27,289 [INFO] UtilMem:75 - Begin LoadConfig() Used Memory: 656344352 Bytes (919601152)
2024-11-02 10:16:27,291 [INFO] MicroXplorer:468 - Change Database Path : 
2024-11-02 10:16:27,291 [INFO] MicroXplorer:498 - Change Database Version : DB.6.0.121
2024-11-02 10:16:27,291 [INFO] OpenFileManager:332 - Change cursor
2024-11-02 10:16:27,323 [INFO] Mcu:2032 - Initializing MCU STM32L4S5VITx STM32L4S5VITx STM32L4S5VIT6
2024-11-02 10:16:29,699 [INFO] Context:742 - Trying to add GPIOservice into a context  which must be forbidden
2024-11-02 10:16:30,436 [INFO] RtosManager:555 - Registered RTOS mode: class=CMSIS, group=RTOS, mode=CMSIS_V1, owner=FREERTOS
2024-11-02 10:16:30,436 [INFO] RtosManager:555 - Registered RTOS mode: class=CMSIS, group=RTOS2, mode=CMSIS_V2, owner=FREERTOS
2024-11-02 10:16:30,436 [INFO] RtosManager:555 - Registered RTOS mode: class=RTOS, group=Core, mode=CMSIS_V1, owner=FREERTOS
2024-11-02 10:16:30,436 [INFO] RtosManager:555 - Registered RTOS mode: class=RTOS, group=Core, mode=CMSIS_V2, owner=FREERTOS
2024-11-02 10:16:30,436 [WARN] ModelIntegratedComponent:184 - Missing modes for component STMicroelectronics:FreeRTOS:0.0.1:STMicroelectronics:RTOS:FreeRTOS:Core:::10.2.0:
2024-11-02 10:16:30,446 [WARN] ModelIntegratedComponent:63 - No mode defined for component null
2024-11-02 10:16:30,446 [WARN] ModelIntegratedComponent:63 - No mode defined for component null
2024-11-02 10:16:30,446 [WARN] ModelIntegratedComponent:63 - No mode defined for component null
2024-11-02 10:16:30,446 [WARN] ModelIntegratedComponent:63 - No mode defined for component null
2024-11-02 10:16:30,446 [WARN] ModelIntegratedComponent:63 - No mode defined for component null
2024-11-02 10:16:30,446 [WARN] ModelIntegratedComponent:63 - No mode defined for component null
2024-11-02 10:16:30,446 [WARN] ModelIntegratedComponent:63 - No mode defined for component null
2024-11-02 10:16:30,447 [WARN] ModelIntegratedComponent:63 - No mode defined for component null
2024-11-02 10:16:30,447 [WARN] ModelIntegratedComponent:63 - No mode defined for component null
2024-11-02 10:16:30,447 [WARN] ModelIntegratedComponent:63 - No mode defined for component null
2024-11-02 10:16:30,447 [WARN] ModelIntegratedComponent:63 - No mode defined for component null
2024-11-02 10:16:30,447 [WARN] ModelIntegratedComponent:63 - No mode defined for component null
2024-11-02 10:16:30,447 [WARN] ModelIntegratedComponent:63 - No mode defined for component null
2024-11-02 10:16:30,447 [WARN] ModelIntegratedComponent:63 - No mode defined for component null
2024-11-02 10:16:30,447 [WARN] ModelIntegratedComponent:63 - No mode defined for component null
2024-11-02 10:16:30,447 [WARN] ModelIntegratedComponent:63 - No mode defined for component null
2024-11-02 10:16:30,447 [WARN] ModelIntegratedComponent:63 - No mode defined for component null
2024-11-02 10:16:30,447 [WARN] ModelIntegratedComponent:63 - No mode defined for component null
2024-11-02 10:16:30,447 [WARN] ModelIntegratedComponent:63 - No mode defined for component null
2024-11-02 10:16:30,447 [WARN] ModelIntegratedComponent:63 - No mode defined for component null
2024-11-02 10:16:30,447 [WARN] ModelIntegratedComponent:63 - No mode defined for component null
2024-11-02 10:16:30,448 [WARN] ModelIntegratedComponent:63 - No mode defined for component null
2024-11-02 10:16:30,448 [WARN] ModelIntegratedComponent:63 - No mode defined for component null
2024-11-02 10:16:30,448 [WARN] ModelIntegratedComponent:63 - No mode defined for component null
2024-11-02 10:16:30,448 [WARN] ModelIntegratedComponent:63 - No mode defined for component null
2024-11-02 10:16:30,448 [WARN] ModelIntegratedComponent:63 - No mode defined for component null
2024-11-02 10:16:30,448 [WARN] ModelIntegratedComponent:63 - No mode defined for component null
2024-11-02 10:16:30,448 [WARN] ModelIntegratedComponent:63 - No mode defined for component null
2024-11-02 10:16:30,448 [WARN] ModelIntegratedComponent:63 - No mode defined for component null
2024-11-02 10:16:30,448 [WARN] ModelIntegratedComponent:63 - No mode defined for component null
2024-11-02 10:16:30,448 [WARN] ModelIntegratedComponent:63 - No mode defined for component null
2024-11-02 10:16:30,448 [WARN] ModelIntegratedComponent:63 - No mode defined for component null
2024-11-02 10:16:30,448 [WARN] ModelIntegratedComponent:63 - No mode defined for component null
2024-11-02 10:16:30,448 [WARN] ModelIntegratedComponent:63 - No mode defined for component null
2024-11-02 10:16:30,448 [WARN] ModelIntegratedComponent:63 - No mode defined for component null
2024-11-02 10:16:30,448 [WARN] ModelPack:524 - Component already loaded: STMicroelectronics:HAL Drivers:0.0.0:STMicroelectronics:Device:STMicro_Driver:XSPI:HAL::0.0.1:HAL_XSPI
2024-11-02 10:16:30,477 [INFO] ThirdPartyModel:298 - Start build external matchings
2024-11-02 10:16:30,750 [INFO] ThirdPartyModel:316 - End build external matchings
2024-11-02 10:16:31,227 [INFO] ApiDb:581 - Connected to CubeFinder SQLite database (C:\Users\Ali\.stmcufinder\plugins\mcufinder\mcu\cube-finder-db.db)
2024-11-02 10:16:31,324 [INFO] ApiDb:668 - CubeFinder database Data Model version=2.1
2024-11-02 10:16:31,325 [INFO] ApiDb:669 - CubeFinder database Configuration version=3.0.39
2024-11-02 10:16:31,325 [INFO] ApiDb:670 - CubeFinder database generation date=2024-10-15 (1729006872)
2024-11-02 10:16:31,325 [INFO] ApiDb:671 - CubeFinder database FW Pack versions=[FP-ATR-ASTRA1_V2.0.0, FP-SNS-FLIGHT1_V5.0.2, FP-SNS-MOTENV1_V5.0.0, FP-SNS-MOTENVWB1_V1.4.0, FP-SNS-SMARTAG2_V1.2.0, FP-SNS-STBOX1_V2.0.0, STM32Cube_FW_C0_V1.2.0, STM32Cube_FW_F4_V1.28.1, STM32Cube_FW_F7_V1.17.2, STM32Cube_FW_G0_V1.6.2, STM32Cube_FW_G4_V1.6.0, STM32Cube_FW_H5_V1.3.0, STM32Cube_FW_H7RS_V1.1.0, STM32Cube_FW_H7_V1.11.2, STM32Cube_FW_L0_V1.12.2, STM32Cube_FW_L5_V1.5.1, STM32Cube_FW_U0_V1.1.0, STM32Cube_FW_U5_V1.6.0, STM32Cube_FW_WB0_V1.0.0, STM32Cube_FW_WBA_V1.4.1, STM32Cube_FW_WB_V1.20.0, STM32Cube_FW_WL_V1.3.0, X-CUBE-ALGOBUILD_V1.4.0, X-CUBE-ALS_V1.0.2, X-CUBE-AZRTOS-F4_V1.1.0, X-CUBE-AZRTOS-F7_V1.1.0, X-CUBE-AZRTOS-G0_V1.1.0, X-CUBE-AZRTOS-G4_V2.0.0, X-CUBE-AZRTOS-H7RS_V1.0.0, X-CUBE-AZRTOS-H7_V3.3.0, X-CUBE-AZRTOS-L4_V2.0.0, X-CUBE-AZRTOS-L5_V2.0.0, X-CUBE-AZRTOS-WB_V2.0.0, X-CUBE-AZRTOS-WL_V2.0.0, X-CUBE-BLE1_V7.0.0, X-CUBE-BLE2_V3.3.0, X-CUBE-BLEMGR_V3.1.0, X-CUBE-EEPRMA1_V5.1.0, X-CUBE-FREERTOS_V1.2.0, X-CUBE-GNSS1_V6.0.0, X-CUBE-MEMS1_V11.0.0, X-CUBE-NFC4_V3.0.0, X-CUBE-NFC7_V1.0.1, X-CUBE-SFXS2LP1_V4.0.0, X-CUBE-SUBG2_V5.0.0, X-CUBE-TOF1_V3.4.2]
2024-11-02 10:16:31,450 [INFO] DbBoardsSqlite:226 - include board P-NUCLEO-WB55-NUCLEO as a kit item of type 'Nucleo-64'
2024-11-02 10:16:31,450 [INFO] DbBoardsSqlite:226 - include board P-NUCLEO-WB55-USBDONGLE as a kit item of type 'Nucleo USB Dongle'
2024-11-02 10:16:31,451 [INFO] DbBoardsSqlite:226 - include board STEVAL-IDP005V1 as a kit item of type 'Evaluation Board'
2024-11-02 10:16:31,452 [INFO] DbBoardsSqlite:226 - include board STEVAL-IDP005V2 as a kit item of type 'Evaluation Board'
2024-11-02 10:16:32,046 [INFO] ApiDb:240 - Found 646 in-development CPN: [B-G473E-ZEST1S, B-WB1M-WPAN1, B-WL5M-SUBG1, NUCLEO-C031C6, NUCLEO-C071RB, NUCLEO-H503RB, NUCLEO-H533RE, NUCLEO-H563ZI, NUCLEO-H7S3L8, NUCLEO-U031R8, NUCLEO-U083RC, NUCLEO-U545RE-Q, NUCLEO-U5A5ZJ-Q, NUCLEO-WB05KZ, NUCLEO-WB07CC, NUCLEO-WB09KE, NUCLEO-WBA52CG, NUCLEO-WBA55CG, STEVAL-PROTEUS1, STEVAL-SMARTAG2, STEVAL-STWINBX1, STM320518-EVAL, STM32C0116-DK, STM32C011D6Y3TR, STM32C011D6Y6TR, STM32C011F4P3, STM32C011F4P6, STM32C011F4U3, STM32C011F4U6TR, STM32C011F6P3, STM32C011F6P6, STM32C011F6U3, STM32C011F6U6TR, STM32C011J4M3, STM32C011J4M6, STM32C011J6M3, STM32C011J6M6, STM32C0316-DK, STM32C031C4T3, STM32C031C4T6, STM32C031C4U3, STM32C031C4U6, STM32C031C6T3, STM32C031C6T6, STM32C031C6U3, STM32C031C6U6, STM32C031F4P3, STM32C031F4P6, STM32C031F6P3, STM32C031F6P6, STM32C031G4U3, STM32C031G4U6, STM32C031G6U3, STM32C031G6U6, STM32C031K4T3, STM32C031K4T6, STM32C031K4U3, STM32C031K4U6, STM32C031K6T3, STM32C031K6T6, STM32C031K6U3, STM32C031K6U6, STM32C071C8T6, STM32C071C8T6N, STM32C071C8U6, STM32C071C8U6N, STM32C071CBT6, STM32C071CBT6N, STM32C071CBU6, STM32C071CBU6N, STM32C071F8P6, STM32C071F8P6N, STM32C071FBP6, STM32C071FBP6N, STM32C071FBY6TR, STM32C071G8U6, STM32C071G8U6N, STM32C071GBU6, STM32C071GBU6N, STM32C071K8T6, STM32C071K8T6N, STM32C071K8U6, STM32C071K8U6N, STM32C071KBT6, STM32C071KBT6N, STM32C071KBU6, STM32C071KBU6N, STM32C071R8T6, STM32C071R8T6N, STM32C071RBI6N, STM32C071RBT6, STM32C071RBT6N, STM32G071K8TXN, STM32G071K8UXN, STM32G081GBU6N, STM32G081KBT6N, STM32G081KBUXN, STM32G0B1CCT6N, STM32G0B1KCT6, STM32G0B1NEY6TR, STM32G0B1RCT6N, STM32G0C1CCT6, STM32G0C1CCT6N, STM32G0C1CCU6N, STM32G0C1CET6N, STM32G0C1CEU6N, STM32G0C1KCT6, STM32G0C1NEY6TR, STM32G0C1RCI6N, STM32G0C1RCT6N, STM32G0C1REI6N, STM32G0C1RET6N, STM32G0C1VCI6, STM32G0C1VEI6, STM32G411C6T3, STM32G411C6T6, STM32G411C6U3, STM32G411C6U6, STM32G411C8T3, STM32G411C8T6, STM32G411C8U3, STM32G411C8U6, STM32G411CBT3, STM32G411CBT6, STM32G411CBU3, STM32G411CBU6, STM32G411K6T3, STM32G411K6T6, STM32G411K6U3, STM32G411K6U6, STM32G411K8T3, STM32G411K8T6, STM32G411K8U3, STM32G411K8U6, STM32G411KBT3, STM32G411KBT6, STM32G411KBU3, STM32G411KBU6, STM32G411M6T3, STM32G411M6T6, STM32G411M8T3, STM32G411M8T6, STM32G411MBT3, STM32G411MBT6, STM32G411R6T3, STM32G411R6T6, STM32G411R8T3, STM32G411R8T6, STM32G411RBT3, STM32G411RBT6, STM32G414CBT3, STM32G414CBT6, STM32G414CBU3, STM32G414CBU6, STM32G414CCT3, STM32G414CCT6, STM32G414CCU3, STM32G414CCU6, STM32G414MBT3, STM32G414MBT6, STM32G414MCT3, STM32G414MCT6, STM32G414RBT3, STM32G414RBT6, STM32G414RCT3, STM32G414RCT6, STM32G414VBT3, STM32G414VBT6, STM32G414VCT3, STM32G414VCT6, STM32G431CBT3Z, STM32G431RBT3Z, STM32G471CCT6, STM32G471CCU6, STM32G471CET3, STM32G471CET6, STM32G471CEU3, STM32G471CEU6, STM32G471MCT6, STM32G471MET3, STM32G471MET6, STM32G471MEY6TR, STM32G471QCT6, STM32G471QET3, STM32G471RCT6, STM32G471RET3, STM32G471RET6, STM32G471VCH6, STM32G471VCI6, STM32G471VCT6, STM32G471VEH3, STM32G471VEH6, STM32G471VEI3, STM32G471VEI6, STM32G471VET3, STM32G471VET6, STM32G473QET3Z, STM32G473RET3Z, STM32G474CCT6, STM32G491RET3Z, STM32H503CBT6, STM32H503CBU6, STM32H503EBY6TR, STM32H503KBU6, STM32H503RBT6, STM32H523CCT6, STM32H523CCU6, STM32H523CET6, STM32H523CEU6, STM32H523HEY6TR, STM32H523RCT6, STM32H523RET6, STM32H523VCI6, STM32H523VCT6, STM32H523VEI6, STM32H523VET6, STM32H523ZCJ6, STM32H523ZCT6, STM32H523ZEJ6, STM32H523ZET6, STM32H533CET6, STM32H533CEU6, STM32H533HEY6TR, STM32H533RET6, STM32H533VEI6, STM32H533VET6, STM32H533ZEJ6, STM32H533ZET6, STM32H562AGI6, STM32H562AII6, STM32H562IGK6, STM32H562IGT6, STM32H562IIK6, STM32H562IIT6, STM32H562RGT6, STM32H562RGV6, STM32H562RIT6, STM32H562RIV6, STM32H562VGT6, STM32H562VIT6, STM32H562ZGT6, STM32H562ZIT6, STM32H563AGI6, STM32H563AII3Q, STM32H563AII6, STM32H563IGK6, STM32H563IGT6, STM32H563IIK3Q, STM32H563IIK6, STM32H563IIT3Q, STM32H563IIT6, STM32H563MIY3QTR, STM32H563RGT6, STM32H563RGV6, STM32H563RIT6, STM32H563RIV6, STM32H563VGT6, STM32H563VIT3Q, STM32H563VIT6, STM32H563ZGT6, STM32H563ZIT3Q, STM32H563ZIT6, STM32H573AII3Q, STM32H573AII6, STM32H573I-DK, STM32H573IIK3Q, STM32H573IIK6, STM32H573IIT3Q, STM32H573IIT6, STM32H573MIY3QTR, STM32H573RIT6, STM32H573RIV6, STM32H573VIT3Q, STM32H573VIT6, STM32H573ZIT3Q, STM32H573ZIT6, STM32H7R3A8I6, STM32H7R3I8K6, STM32H7R3I8T6, STM32H7R3L8H6, STM32H7R3L8H6H, STM32H7R3R8V6, STM32H7R3V8H6, STM32H7R3V8T6, STM32H7R3V8Y6TR, STM32H7R3Z8J6, STM32H7R3Z8T6, STM32H7R7A8I6, STM32H7R7I8K6, STM32H7R7I8T6, STM32H7R7L8H6, STM32H7R7L8H6H, STM32H7R7Z8J6, STM32H7S3A8I6, STM32H7S3I8K6, STM32H7S3I8T6, STM32H7S3L8H6, STM32H7S3L8H6H, STM32H7S3R8V6, STM32H7S3V8H6, STM32H7S3V8T6, STM32H7S3V8Y6TR, STM32H7S3Z8J6, STM32H7S3Z8T6, STM32H7S78-DK, STM32H7S7A8I6, STM32H7S7I8K6, STM32H7S7I8T6, STM32H7S7L8H6, STM32H7S7L8H6H, STM32H7S7Z8J6, STM32L4R5QGI6STR, STM32MP131AAE3, STM32MP131AAF3, STM32MP131AAG3, STM32MP131CAE3, STM32MP131CAF3, STM32MP131CAG3, STM32MP131DAE7, STM32MP131DAF7, STM32MP131DAG7, STM32MP131FAE7, STM32MP131FAF7, STM32MP131FAG7, STM32MP133AAE3, STM32MP133AAF3, STM32MP133AAG3, STM32MP133CAE3, STM32MP133CAF3, STM32MP133CAG3, STM32MP133DAE7, STM32MP133DAF7, STM32MP133DAG7, STM32MP133FAE7, STM32MP133FAF7, STM32MP133FAG7, STM32MP135AAE3, STM32MP135AAF3, STM32MP135AAG3, STM32MP135CAE3, STM32MP135CAF3, STM32MP135CAG3, STM32MP135DAE7, STM32MP135DAF7, STM32MP135DAG7, STM32MP135F-DK, STM32MP135FAE7, STM32MP135FAF7, STM32MP135FAF7T, STM32MP135FAF7U, STM32MP135FAG7, STM32MP251AAI3, STM32MP251AAK3, STM32MP251AAL3, STM32MP251CAI3, STM32MP251CAK3, STM32MP251CAL3, STM32MP251DAI3, STM32MP251DAK3, STM32MP251DAL3, STM32MP251FAI3, STM32MP251FAK3, STM32MP251FAL3, STM32MP253AAI3, STM32MP253AAK3, STM32MP253AAL3, STM32MP253CAI3, STM32MP253CAK3, STM32MP253CAL3, STM32MP253DAI3, STM32MP253DAK3, STM32MP253DAL3, STM32MP253FAI3, STM32MP253FAK3, STM32MP253FAL3, STM32MP255AAI3, STM32MP255AAK3, STM32MP255AAL3, STM32MP255CAI3, STM32MP255CAK3, STM32MP255CAL3, STM32MP255DAI3, STM32MP255DAK3, STM32MP255DAL3, STM32MP255FAI3, STM32MP255FAK3, STM32MP255FAL3, STM32MP257AAI3, STM32MP257AAK3, STM32MP257AAL3, STM32MP257CAI3, STM32MP257CAK3, STM32MP257CAL3, STM32MP257DAI3, STM32MP257DAK3, STM32MP257DAL3, STM32MP257F-DK, STM32MP257F-EV1, STM32MP257FAI3, STM32MP257FAK3, STM32MP257FAL3, STM32U031C6T6, STM32U031C6U6, STM32U031C8T6, STM32U031C8U6, STM32U031F4P6, STM32U031F6P6, STM32U031F8P6, STM32U031G6Y6TR, STM32U031G8Y6TR, STM32U031K4U6, STM32U031K6U6, STM32U031K8U6, STM32U031R6I6, STM32U031R6T6, STM32U031R8I6, STM32U031R8T6, STM32U073C8T6, STM32U073C8U6, STM32U073CBT6, STM32U073CBU6, STM32U073CCT6, STM32U073CCU6, STM32U073H8Y6TR, STM32U073HBY6TR, STM32U073HCY6TR, STM32U073K8U6, STM32U073KBU6, STM32U073KCU6, STM32U073M8I6, STM32U073M8T6, STM32U073MBI6, STM32U073MBT6, STM32U073MCI6, STM32U073MCT6, STM32U073R8I6, STM32U073R8T6, STM32U073RBI6, STM32U073RBT6, STM32U073RCI6, STM32U073RCT6, STM32U083C-DK, STM32U083CCT6, STM32U083CCU6, STM32U083HCY6TR, STM32U083KCU6, STM32U083MCI6, STM32U083MCT6, STM32U083RCI6, STM32U083RCT6, STM32U535CBT6, STM32U535CBT6Q, STM32U535CBU6, STM32U535CBU6Q, STM32U535CCT6, STM32U535CCT6Q, STM32U535CCU6, STM32U535CCU6Q, STM32U535CET6, STM32U535CET6Q, STM32U535CEU6, STM32U535CEU6Q, STM32U535JEY6QTR, STM32U535NCY6QTR, STM32U535NEY6QTR, STM32U535RBI6, STM32U535RBI6Q, STM32U535RBT6, STM32U535RBT6Q, STM32U535RCI6, STM32U535RCI6Q, STM32U535RCT6, STM32U535RCT6Q, STM32U535REI6, STM32U535REI6Q, STM32U535RET6, STM32U535RET6Q, STM32U535VCI6, STM32U535VCI6Q, STM32U535VCT6, STM32U535VCT6Q, STM32U535VEI6, STM32U535VEI6Q, STM32U535VET6, STM32U535VET6Q, STM32U545CET6, STM32U545CET6Q, STM32U545CEU6, STM32U545CEU6Q, STM32U545JEY6QTR, STM32U545NEY6QTR, STM32U545REI6, STM32U545REI6Q, STM32U545RET6, STM32U545RET6Q, STM32U545VEI6, STM32U545VEI6Q, STM32U545VET6, STM32U545VET6Q, STM32U595AIH6, STM32U595AIH6Q, STM32U595AJH6, STM32U595AJH6Q, STM32U595QII6, STM32U595QII6Q, STM32U595QJI6, STM32U595QJI6Q, STM32U595RIT6, STM32U595RIT6Q, STM32U595RJT6, STM32U595RJT6Q, STM32U595VIT6, STM32U595VIT6Q, STM32U595VJT6, STM32U595VJT6Q, STM32U595ZIT6, STM32U595ZIT6Q, STM32U595ZIY6QTR, STM32U595ZJT6, STM32U595ZJT6Q, STM32U595ZJY6QTR, STM32U599BJY6QTR, STM32U599NIH6Q, STM32U599NJH6Q, STM32U599VIT6Q, STM32U599VJT6, STM32U599VJT6Q, STM32U599ZIT6Q, STM32U599ZIY6QTR, STM32U599ZJT6Q, STM32U599ZJY6QTR, STM32U5A5AJH6, STM32U5A5AJH6Q, STM32U5A5QII3Q , STM32U5A5QJI6, STM32U5A5QJI6Q, STM32U5A5RJT6, STM32U5A5RJT6Q, STM32U5A5VJT6, STM32U5A5VJT6Q, STM32U5A5ZJT6, STM32U5A5ZJT6Q, STM32U5A5ZJY6QTR, STM32U5A9BJY6QTR, STM32U5A9J-DK, STM32U5A9NJH6Q, STM32U5A9VJT6Q, STM32U5A9ZJT6Q, STM32U5A9ZJY6QTR, STM32U5F7VIT6, STM32U5F7VIT6Q, STM32U5F7VJT6, STM32U5F7VJT6Q, STM32U5F9BJY6QTR, STM32U5F9NJH6Q, STM32U5F9VIT6Q, STM32U5F9VJT6Q, STM32U5F9ZIJ6QTR, STM32U5F9ZIT6Q, STM32U5F9ZJJ6QTR, STM32U5F9ZJT6Q, STM32U5G7VJT6, STM32U5G7VJT6Q, STM32U5G9BJY6QTR, STM32U5G9J-DK1, STM32U5G9J-DK2, STM32U5G9NJH6Q, STM32U5G9VJT6Q, STM32U5G9ZJJ6QTR, STM32U5G9ZJT6Q, STM32WB05KZV6TR, STM32WB05KZV7TR, STM32WB05TZF6TR, STM32WB05TZF7TR, STM32WB06CCF6TR, STM32WB06CCF7TR, STM32WB06CCV6TR, STM32WB06CCV7TR, STM32WB06KCV6TR, STM32WB06KCV7TR, STM32WB07CCF6TR, STM32WB07CCF7TR, STM32WB07CCV6TR, STM32WB07CCV7TR, STM32WB07KCV6TR, STM32WB07KCV7TR, STM32WB09KEV6TR, STM32WB09KEV7TR, STM32WB09TEF6TR, STM32WB09TEF7TR, STM32WB1MMCH6, STM32WBA50KGU6, STM32WBA50KGU6TR, STM32WBA52CEU6, STM32WBA52CEU6TR, STM32WBA52CEU7, STM32WBA52CEU7TR, STM32WBA52CGU6, STM32WBA52CGU6TR, STM32WBA52CGU6U, STM32WBA52CGU7, STM32WBA52CGU7TR, STM32WBA52KEU6, STM32WBA52KEU6TR, STM32WBA52KGU6, STM32WBA52KGU6TR, STM32WBA54CEU6, STM32WBA54CEU6TR, STM32WBA54CEU7, STM32WBA54CEU7TR, STM32WBA54CGU6, STM32WBA54CGU6TR, STM32WBA54CGU7, STM32WBA54CGU7TR, STM32WBA54KEU6, STM32WBA54KEU6TR, STM32WBA54KEU7, STM32WBA54KEU7TR, STM32WBA54KGU6, STM32WBA54KGU6TR, STM32WBA54KGU7, STM32WBA54KGU7TR, STM32WBA55CEU6, STM32WBA55CEU6TR, STM32WBA55CEU7, STM32WBA55CEU7TR, STM32WBA55CGU6, STM32WBA55CGU6TR, STM32WBA55CGU6U, STM32WBA55CGU7, STM32WBA55CGU7TR, STM32WBA55G-DK1, STM32WBA55HEF6, STM32WBA55HEF7, STM32WBA55HGF6, STM32WBA55HGF7, STM32WBA55UEI6, STM32WBA55UEI6TR, STM32WBA55UEI7, STM32WBA55UEI7TR, STM32WBA55UGI6, STM32WBA55UGI6TR, STM32WBA55UGI7, STM32WBA55UGI7TR, STM32WL5MOCH6, STM32WL5MOCH6TR]
2024-11-02 10:16:32,200 [INFO] BoardInfo:889 - No configuration file found for board P-NUCLEO-WB55
2024-11-02 10:16:32,200 [INFO] DbBoards:161 - Kit is not supported: P-NUCLEO-WB55
2024-11-02 10:16:32,206 [INFO] BoardInfo:889 - No configuration file found for board STEVAL-BFA001V1B
2024-11-02 10:16:32,207 [INFO] DbBoards:161 - Kit is not supported: STEVAL-BFA001V1B
2024-11-02 10:16:32,208 [INFO] BoardInfo:889 - No configuration file found for board STEVAL-BFA001V2B
2024-11-02 10:16:32,209 [INFO] DbBoards:161 - Kit is not supported: STEVAL-BFA001V2B
2024-11-02 10:16:32,375 [INFO] DbBoards:168 - Found 201 boards, 198 are supported
2024-11-02 10:16:32,375 [INFO] DbBoards:169 - Found 201 boards, 25 of them is supported for  Bsp
2024-11-02 10:16:32,378 [INFO] ApiDb:668 - CubeFinder database Data Model version=2.1
2024-11-02 10:16:32,378 [INFO] ApiDb:669 - CubeFinder database Configuration version=3.0.39
2024-11-02 10:16:32,378 [INFO] ApiDb:670 - CubeFinder database generation date=2024-10-15 (1729006872)
2024-11-02 10:16:32,378 [INFO] ApiDb:671 - CubeFinder database FW Pack versions=[FP-ATR-ASTRA1_V2.0.0, FP-SNS-FLIGHT1_V5.0.2, FP-SNS-MOTENV1_V5.0.0, FP-SNS-MOTENVWB1_V1.4.0, FP-SNS-SMARTAG2_V1.2.0, FP-SNS-STBOX1_V2.0.0, STM32Cube_FW_C0_V1.2.0, STM32Cube_FW_F4_V1.28.1, STM32Cube_FW_F7_V1.17.2, STM32Cube_FW_G0_V1.6.2, STM32Cube_FW_G4_V1.6.0, STM32Cube_FW_H5_V1.3.0, STM32Cube_FW_H7RS_V1.1.0, STM32Cube_FW_H7_V1.11.2, STM32Cube_FW_L0_V1.12.2, STM32Cube_FW_L5_V1.5.1, STM32Cube_FW_U0_V1.1.0, STM32Cube_FW_U5_V1.6.0, STM32Cube_FW_WB0_V1.0.0, STM32Cube_FW_WBA_V1.4.1, STM32Cube_FW_WB_V1.20.0, STM32Cube_FW_WL_V1.3.0, X-CUBE-ALGOBUILD_V1.4.0, X-CUBE-ALS_V1.0.2, X-CUBE-AZRTOS-F4_V1.1.0, X-CUBE-AZRTOS-F7_V1.1.0, X-CUBE-AZRTOS-G0_V1.1.0, X-CUBE-AZRTOS-G4_V2.0.0, X-CUBE-AZRTOS-H7RS_V1.0.0, X-CUBE-AZRTOS-H7_V3.3.0, X-CUBE-AZRTOS-L4_V2.0.0, X-CUBE-AZRTOS-L5_V2.0.0, X-CUBE-AZRTOS-WB_V2.0.0, X-CUBE-AZRTOS-WL_V2.0.0, X-CUBE-BLE1_V7.0.0, X-CUBE-BLE2_V3.3.0, X-CUBE-BLEMGR_V3.1.0, X-CUBE-EEPRMA1_V5.1.0, X-CUBE-FREERTOS_V1.2.0, X-CUBE-GNSS1_V6.0.0, X-CUBE-MEMS1_V11.0.0, X-CUBE-NFC4_V3.0.0, X-CUBE-NFC7_V1.0.1, X-CUBE-SFXS2LP1_V4.0.0, X-CUBE-SUBG2_V5.0.0, X-CUBE-TOF1_V3.4.2]
2024-11-02 10:16:34,276 [INFO] ApiDb:240 - Found 646 in-development CPN: [B-G473E-ZEST1S, B-WB1M-WPAN1, B-WL5M-SUBG1, NUCLEO-C031C6, NUCLEO-C071RB, NUCLEO-H503RB, NUCLEO-H533RE, NUCLEO-H563ZI, NUCLEO-H7S3L8, NUCLEO-U031R8, NUCLEO-U083RC, NUCLEO-U545RE-Q, NUCLEO-U5A5ZJ-Q, NUCLEO-WB05KZ, NUCLEO-WB07CC, NUCLEO-WB09KE, NUCLEO-WBA52CG, NUCLEO-WBA55CG, STEVAL-PROTEUS1, STEVAL-SMARTAG2, STEVAL-STWINBX1, STM320518-EVAL, STM32C0116-DK, STM32C011D6Y3TR, STM32C011D6Y6TR, STM32C011F4P3, STM32C011F4P6, STM32C011F4U3, STM32C011F4U6TR, STM32C011F6P3, STM32C011F6P6, STM32C011F6U3, STM32C011F6U6TR, STM32C011J4M3, STM32C011J4M6, STM32C011J6M3, STM32C011J6M6, STM32C0316-DK, STM32C031C4T3, STM32C031C4T6, STM32C031C4U3, STM32C031C4U6, STM32C031C6T3, STM32C031C6T6, STM32C031C6U3, STM32C031C6U6, STM32C031F4P3, STM32C031F4P6, STM32C031F6P3, STM32C031F6P6, STM32C031G4U3, STM32C031G4U6, STM32C031G6U3, STM32C031G6U6, STM32C031K4T3, STM32C031K4T6, STM32C031K4U3, STM32C031K4U6, STM32C031K6T3, STM32C031K6T6, STM32C031K6U3, STM32C031K6U6, STM32C071C8T6, STM32C071C8T6N, STM32C071C8U6, STM32C071C8U6N, STM32C071CBT6, STM32C071CBT6N, STM32C071CBU6, STM32C071CBU6N, STM32C071F8P6, STM32C071F8P6N, STM32C071FBP6, STM32C071FBP6N, STM32C071FBY6TR, STM32C071G8U6, STM32C071G8U6N, STM32C071GBU6, STM32C071GBU6N, STM32C071K8T6, STM32C071K8T6N, STM32C071K8U6, STM32C071K8U6N, STM32C071KBT6, STM32C071KBT6N, STM32C071KBU6, STM32C071KBU6N, STM32C071R8T6, STM32C071R8T6N, STM32C071RBI6N, STM32C071RBT6, STM32C071RBT6N, STM32G071K8TXN, STM32G071K8UXN, STM32G081GBU6N, STM32G081KBT6N, STM32G081KBUXN, STM32G0B1CCT6N, STM32G0B1KCT6, STM32G0B1NEY6TR, STM32G0B1RCT6N, STM32G0C1CCT6, STM32G0C1CCT6N, STM32G0C1CCU6N, STM32G0C1CET6N, STM32G0C1CEU6N, STM32G0C1KCT6, STM32G0C1NEY6TR, STM32G0C1RCI6N, STM32G0C1RCT6N, STM32G0C1REI6N, STM32G0C1RET6N, STM32G0C1VCI6, STM32G0C1VEI6, STM32G411C6T3, STM32G411C6T6, STM32G411C6U3, STM32G411C6U6, STM32G411C8T3, STM32G411C8T6, STM32G411C8U3, STM32G411C8U6, STM32G411CBT3, STM32G411CBT6, STM32G411CBU3, STM32G411CBU6, STM32G411K6T3, STM32G411K6T6, STM32G411K6U3, STM32G411K6U6, STM32G411K8T3, STM32G411K8T6, STM32G411K8U3, STM32G411K8U6, STM32G411KBT3, STM32G411KBT6, STM32G411KBU3, STM32G411KBU6, STM32G411M6T3, STM32G411M6T6, STM32G411M8T3, STM32G411M8T6, STM32G411MBT3, STM32G411MBT6, STM32G411R6T3, STM32G411R6T6, STM32G411R8T3, STM32G411R8T6, STM32G411RBT3, STM32G411RBT6, STM32G414CBT3, STM32G414CBT6, STM32G414CBU3, STM32G414CBU6, STM32G414CCT3, STM32G414CCT6, STM32G414CCU3, STM32G414CCU6, STM32G414MBT3, STM32G414MBT6, STM32G414MCT3, STM32G414MCT6, STM32G414RBT3, STM32G414RBT6, STM32G414RCT3, STM32G414RCT6, STM32G414VBT3, STM32G414VBT6, STM32G414VCT3, STM32G414VCT6, STM32G431CBT3Z, STM32G431RBT3Z, STM32G471CCT6, STM32G471CCU6, STM32G471CET3, STM32G471CET6, STM32G471CEU3, STM32G471CEU6, STM32G471MCT6, STM32G471MET3, STM32G471MET6, STM32G471MEY6TR, STM32G471QCT6, STM32G471QET3, STM32G471RCT6, STM32G471RET3, STM32G471RET6, STM32G471VCH6, STM32G471VCI6, STM32G471VCT6, STM32G471VEH3, STM32G471VEH6, STM32G471VEI3, STM32G471VEI6, STM32G471VET3, STM32G471VET6, STM32G473QET3Z, STM32G473RET3Z, STM32G474CCT6, STM32G491RET3Z, STM32H503CBT6, STM32H503CBU6, STM32H503EBY6TR, STM32H503KBU6, STM32H503RBT6, STM32H523CCT6, STM32H523CCU6, STM32H523CET6, STM32H523CEU6, STM32H523HEY6TR, STM32H523RCT6, STM32H523RET6, STM32H523VCI6, STM32H523VCT6, STM32H523VEI6, STM32H523VET6, STM32H523ZCJ6, STM32H523ZCT6, STM32H523ZEJ6, STM32H523ZET6, STM32H533CET6, STM32H533CEU6, STM32H533HEY6TR, STM32H533RET6, STM32H533VEI6, STM32H533VET6, STM32H533ZEJ6, STM32H533ZET6, STM32H562AGI6, STM32H562AII6, STM32H562IGK6, STM32H562IGT6, STM32H562IIK6, STM32H562IIT6, STM32H562RGT6, STM32H562RGV6, STM32H562RIT6, STM32H562RIV6, STM32H562VGT6, STM32H562VIT6, STM32H562ZGT6, STM32H562ZIT6, STM32H563AGI6, STM32H563AII3Q, STM32H563AII6, STM32H563IGK6, STM32H563IGT6, STM32H563IIK3Q, STM32H563IIK6, STM32H563IIT3Q, STM32H563IIT6, STM32H563MIY3QTR, STM32H563RGT6, STM32H563RGV6, STM32H563RIT6, STM32H563RIV6, STM32H563VGT6, STM32H563VIT3Q, STM32H563VIT6, STM32H563ZGT6, STM32H563ZIT3Q, STM32H563ZIT6, STM32H573AII3Q, STM32H573AII6, STM32H573I-DK, STM32H573IIK3Q, STM32H573IIK6, STM32H573IIT3Q, STM32H573IIT6, STM32H573MIY3QTR, STM32H573RIT6, STM32H573RIV6, STM32H573VIT3Q, STM32H573VIT6, STM32H573ZIT3Q, STM32H573ZIT6, STM32H7R3A8I6, STM32H7R3I8K6, STM32H7R3I8T6, STM32H7R3L8H6, STM32H7R3L8H6H, STM32H7R3R8V6, STM32H7R3V8H6, STM32H7R3V8T6, STM32H7R3V8Y6TR, STM32H7R3Z8J6, STM32H7R3Z8T6, STM32H7R7A8I6, STM32H7R7I8K6, STM32H7R7I8T6, STM32H7R7L8H6, STM32H7R7L8H6H, STM32H7R7Z8J6, STM32H7S3A8I6, STM32H7S3I8K6, STM32H7S3I8T6, STM32H7S3L8H6, STM32H7S3L8H6H, STM32H7S3R8V6, STM32H7S3V8H6, STM32H7S3V8T6, STM32H7S3V8Y6TR, STM32H7S3Z8J6, STM32H7S3Z8T6, STM32H7S78-DK, STM32H7S7A8I6, STM32H7S7I8K6, STM32H7S7I8T6, STM32H7S7L8H6, STM32H7S7L8H6H, STM32H7S7Z8J6, STM32L4R5QGI6STR, STM32MP131AAE3, STM32MP131AAF3, STM32MP131AAG3, STM32MP131CAE3, STM32MP131CAF3, STM32MP131CAG3, STM32MP131DAE7, STM32MP131DAF7, STM32MP131DAG7, STM32MP131FAE7, STM32MP131FAF7, STM32MP131FAG7, STM32MP133AAE3, STM32MP133AAF3, STM32MP133AAG3, STM32MP133CAE3, STM32MP133CAF3, STM32MP133CAG3, STM32MP133DAE7, STM32MP133DAF7, STM32MP133DAG7, STM32MP133FAE7, STM32MP133FAF7, STM32MP133FAG7, STM32MP135AAE3, STM32MP135AAF3, STM32MP135AAG3, STM32MP135CAE3, STM32MP135CAF3, STM32MP135CAG3, STM32MP135DAE7, STM32MP135DAF7, STM32MP135DAG7, STM32MP135F-DK, STM32MP135FAE7, STM32MP135FAF7, STM32MP135FAF7T, STM32MP135FAF7U, STM32MP135FAG7, STM32MP251AAI3, STM32MP251AAK3, STM32MP251AAL3, STM32MP251CAI3, STM32MP251CAK3, STM32MP251CAL3, STM32MP251DAI3, STM32MP251DAK3, STM32MP251DAL3, STM32MP251FAI3, STM32MP251FAK3, STM32MP251FAL3, STM32MP253AAI3, STM32MP253AAK3, STM32MP253AAL3, STM32MP253CAI3, STM32MP253CAK3, STM32MP253CAL3, STM32MP253DAI3, STM32MP253DAK3, STM32MP253DAL3, STM32MP253FAI3, STM32MP253FAK3, STM32MP253FAL3, STM32MP255AAI3, STM32MP255AAK3, STM32MP255AAL3, STM32MP255CAI3, STM32MP255CAK3, STM32MP255CAL3, STM32MP255DAI3, STM32MP255DAK3, STM32MP255DAL3, STM32MP255FAI3, STM32MP255FAK3, STM32MP255FAL3, STM32MP257AAI3, STM32MP257AAK3, STM32MP257AAL3, STM32MP257CAI3, STM32MP257CAK3, STM32MP257CAL3, STM32MP257DAI3, STM32MP257DAK3, STM32MP257DAL3, STM32MP257F-DK, STM32MP257F-EV1, STM32MP257FAI3, STM32MP257FAK3, STM32MP257FAL3, STM32U031C6T6, STM32U031C6U6, STM32U031C8T6, STM32U031C8U6, STM32U031F4P6, STM32U031F6P6, STM32U031F8P6, STM32U031G6Y6TR, STM32U031G8Y6TR, STM32U031K4U6, STM32U031K6U6, STM32U031K8U6, STM32U031R6I6, STM32U031R6T6, STM32U031R8I6, STM32U031R8T6, STM32U073C8T6, STM32U073C8U6, STM32U073CBT6, STM32U073CBU6, STM32U073CCT6, STM32U073CCU6, STM32U073H8Y6TR, STM32U073HBY6TR, STM32U073HCY6TR, STM32U073K8U6, STM32U073KBU6, STM32U073KCU6, STM32U073M8I6, STM32U073M8T6, STM32U073MBI6, STM32U073MBT6, STM32U073MCI6, STM32U073MCT6, STM32U073R8I6, STM32U073R8T6, STM32U073RBI6, STM32U073RBT6, STM32U073RCI6, STM32U073RCT6, STM32U083C-DK, STM32U083CCT6, STM32U083CCU6, STM32U083HCY6TR, STM32U083KCU6, STM32U083MCI6, STM32U083MCT6, STM32U083RCI6, STM32U083RCT6, STM32U535CBT6, STM32U535CBT6Q, STM32U535CBU6, STM32U535CBU6Q, STM32U535CCT6, STM32U535CCT6Q, STM32U535CCU6, STM32U535CCU6Q, STM32U535CET6, STM32U535CET6Q, STM32U535CEU6, STM32U535CEU6Q, STM32U535JEY6QTR, STM32U535NCY6QTR, STM32U535NEY6QTR, STM32U535RBI6, STM32U535RBI6Q, STM32U535RBT6, STM32U535RBT6Q, STM32U535RCI6, STM32U535RCI6Q, STM32U535RCT6, STM32U535RCT6Q, STM32U535REI6, STM32U535REI6Q, STM32U535RET6, STM32U535RET6Q, STM32U535VCI6, STM32U535VCI6Q, STM32U535VCT6, STM32U535VCT6Q, STM32U535VEI6, STM32U535VEI6Q, STM32U535VET6, STM32U535VET6Q, STM32U545CET6, STM32U545CET6Q, STM32U545CEU6, STM32U545CEU6Q, STM32U545JEY6QTR, STM32U545NEY6QTR, STM32U545REI6, STM32U545REI6Q, STM32U545RET6, STM32U545RET6Q, STM32U545VEI6, STM32U545VEI6Q, STM32U545VET6, STM32U545VET6Q, STM32U595AIH6, STM32U595AIH6Q, STM32U595AJH6, STM32U595AJH6Q, STM32U595QII6, STM32U595QII6Q, STM32U595QJI6, STM32U595QJI6Q, STM32U595RIT6, STM32U595RIT6Q, STM32U595RJT6, STM32U595RJT6Q, STM32U595VIT6, STM32U595VIT6Q, STM32U595VJT6, STM32U595VJT6Q, STM32U595ZIT6, STM32U595ZIT6Q, STM32U595ZIY6QTR, STM32U595ZJT6, STM32U595ZJT6Q, STM32U595ZJY6QTR, STM32U599BJY6QTR, STM32U599NIH6Q, STM32U599NJH6Q, STM32U599VIT6Q, STM32U599VJT6, STM32U599VJT6Q, STM32U599ZIT6Q, STM32U599ZIY6QTR, STM32U599ZJT6Q, STM32U599ZJY6QTR, STM32U5A5AJH6, STM32U5A5AJH6Q, STM32U5A5QII3Q , STM32U5A5QJI6, STM32U5A5QJI6Q, STM32U5A5RJT6, STM32U5A5RJT6Q, STM32U5A5VJT6, STM32U5A5VJT6Q, STM32U5A5ZJT6, STM32U5A5ZJT6Q, STM32U5A5ZJY6QTR, STM32U5A9BJY6QTR, STM32U5A9J-DK, STM32U5A9NJH6Q, STM32U5A9VJT6Q, STM32U5A9ZJT6Q, STM32U5A9ZJY6QTR, STM32U5F7VIT6, STM32U5F7VIT6Q, STM32U5F7VJT6, STM32U5F7VJT6Q, STM32U5F9BJY6QTR, STM32U5F9NJH6Q, STM32U5F9VIT6Q, STM32U5F9VJT6Q, STM32U5F9ZIJ6QTR, STM32U5F9ZIT6Q, STM32U5F9ZJJ6QTR, STM32U5F9ZJT6Q, STM32U5G7VJT6, STM32U5G7VJT6Q, STM32U5G9BJY6QTR, STM32U5G9J-DK1, STM32U5G9J-DK2, STM32U5G9NJH6Q, STM32U5G9VJT6Q, STM32U5G9ZJJ6QTR, STM32U5G9ZJT6Q, STM32WB05KZV6TR, STM32WB05KZV7TR, STM32WB05TZF6TR, STM32WB05TZF7TR, STM32WB06CCF6TR, STM32WB06CCF7TR, STM32WB06CCV6TR, STM32WB06CCV7TR, STM32WB06KCV6TR, STM32WB06KCV7TR, STM32WB07CCF6TR, STM32WB07CCF7TR, STM32WB07CCV6TR, STM32WB07CCV7TR, STM32WB07KCV6TR, STM32WB07KCV7TR, STM32WB09KEV6TR, STM32WB09KEV7TR, STM32WB09TEF6TR, STM32WB09TEF7TR, STM32WB1MMCH6, STM32WBA50KGU6, STM32WBA50KGU6TR, STM32WBA52CEU6, STM32WBA52CEU6TR, STM32WBA52CEU7, STM32WBA52CEU7TR, STM32WBA52CGU6, STM32WBA52CGU6TR, STM32WBA52CGU6U, STM32WBA52CGU7, STM32WBA52CGU7TR, STM32WBA52KEU6, STM32WBA52KEU6TR, STM32WBA52KGU6, STM32WBA52KGU6TR, STM32WBA54CEU6, STM32WBA54CEU6TR, STM32WBA54CEU7, STM32WBA54CEU7TR, STM32WBA54CGU6, STM32WBA54CGU6TR, STM32WBA54CGU7, STM32WBA54CGU7TR, STM32WBA54KEU6, STM32WBA54KEU6TR, STM32WBA54KEU7, STM32WBA54KEU7TR, STM32WBA54KGU6, STM32WBA54KGU6TR, STM32WBA54KGU7, STM32WBA54KGU7TR, STM32WBA55CEU6, STM32WBA55CEU6TR, STM32WBA55CEU7, STM32WBA55CEU7TR, STM32WBA55CGU6, STM32WBA55CGU6TR, STM32WBA55CGU6U, STM32WBA55CGU7, STM32WBA55CGU7TR, STM32WBA55G-DK1, STM32WBA55HEF6, STM32WBA55HEF7, STM32WBA55HGF6, STM32WBA55HGF7, STM32WBA55UEI6, STM32WBA55UEI6TR, STM32WBA55UEI7, STM32WBA55UEI7TR, STM32WBA55UGI6, STM32WBA55UGI6TR, STM32WBA55UGI7, STM32WBA55UGI7TR, STM32WL5MOCH6, STM32WL5MOCH6TR]
2024-11-02 10:16:34,281 [INFO] DbMcus:218 - Found 4252 MCUs, 4252 are supported
2024-11-02 10:16:34,282 [INFO] ApiDb:423 - Load user favorites file C:\Users\Ali/.stm32cubeide/favorites.mcus.txt: 0 item(s)
2024-11-02 10:16:34,282 [INFO] ApiDb:427 - User favorites MCUs=[]
2024-11-02 10:16:34,282 [INFO] DbMcus:224 - Set 0 / 0 favorites MCUs
2024-11-02 10:16:34,512 [INFO] ApiDb:423 - Load user favorites file C:\Users\Ali/.stm32cubeide/favorites.boards.txt: 1 item(s)
2024-11-02 10:16:34,512 [INFO] ApiDb:427 - User favorites Boards=[B-L4S5I-IOT01A]
2024-11-02 10:16:34,512 [INFO] DbBoards:198 - Set 1 / 1 favorites Boards
2024-11-02 10:16:34,563 [INFO] UtilMem:75 - End LoadConfig() Used Memory: 877515104 Bytes (1073741824)
2024-11-02 10:16:34,714 [WARN] ThirdParty:833 - waiting for thirdparty lock release [change project]
2024-11-02 10:16:34,714 [INFO] ThirdParty:835 - entering critical section [change project]
2024-11-02 10:16:34,714 [INFO] ThirdParty:1030 - CMSIS Pack Vendor :STMicroelectronics USBPD 4.1
2024-11-02 10:16:34,714 [INFO] ThirdParty:1030 - CMSIS Pack Vendor :STMicroelectronics X-CUBE-AZRTOS-H7 3.3.0
2024-11-02 10:16:34,714 [INFO] ThirdParty:1030 - CMSIS Pack Vendor :STMicroelectronics X-CUBE-NFC9 1.0.0
2024-11-02 10:16:34,714 [INFO] ThirdParty:1030 - CMSIS Pack Vendor :STMicroelectronics X-CUBE-GNSS1 6.0.0
2024-11-02 10:16:34,714 [INFO] ThirdParty:1030 - CMSIS Pack Vendor :STMicroelectronics USB_HOST 2.0.0
2024-11-02 10:16:34,714 [INFO] ThirdParty:1030 - CMSIS Pack Vendor :STMicroelectronics FP-SNS-MOTENVWB1 1.4.0
2024-11-02 10:16:34,714 [INFO] ThirdParty:1030 - CMSIS Pack Vendor :STMicroelectronics X-CUBE-AZRTOS-F4 1.1.0
2024-11-02 10:16:34,714 [INFO] ThirdParty:1030 - CMSIS Pack Vendor :STMicroelectronics LIBJPEG 8.0.0
2024-11-02 10:16:34,714 [INFO] ThirdParty:1030 - CMSIS Pack Vendor :STMicroelectronics X-CUBE-SMBUS 2.1.0
2024-11-02 10:16:34,714 [INFO] ThirdParty:1030 - CMSIS Pack Vendor :STMicroelectronics X-CUBE-WB05N 1.1.0
2024-11-02 10:16:34,714 [INFO] ThirdParty:1030 - CMSIS Pack Vendor :STMicroelectronics USB_DEVICE 3.0.0
2024-11-02 10:16:34,714 [INFO] ThirdParty:1030 - CMSIS Pack Vendor :STMicroelectronics X-CUBE-TCPP 4.1.0
2024-11-02 10:16:34,714 [INFO] ThirdParty:1030 - CMSIS Pack Vendor :STMicroelectronics X-CUBE-ISPU 2.1.0
2024-11-02 10:16:34,714 [INFO] ThirdParty:1030 - CMSIS Pack Vendor :STMicroelectronics X-CUBE-FREERTOS 1.2.0
2024-11-02 10:16:34,714 [INFO] ThirdParty:1030 - CMSIS Pack Vendor :STMicroelectronics X-CUBE-IPS 3.0.0
2024-11-02 10:16:34,714 [INFO] ThirdParty:1030 - CMSIS Pack Vendor :STMicroelectronics X-CUBE-AZRTOS-WB 2.0.0
2024-11-02 10:16:34,714 [INFO] ThirdParty:1030 - CMSIS Pack Vendor :STMicroelectronics X-CUBE-GNSS1 7.0.0
2024-11-02 10:16:34,714 [INFO] ThirdParty:1030 - CMSIS Pack Vendor :STMicroelectronics X-CUBE-AZRTOS-F7 1.1.0
2024-11-02 10:16:34,715 [INFO] ThirdParty:1030 - CMSIS Pack Vendor :STMicroelectronics X-CUBE-AZRTOS-L5 2.0.0
2024-11-02 10:16:34,715 [INFO] ThirdParty:1030 - CMSIS Pack Vendor :STMicroelectronics USB_DEVICE 2.0.0
2024-11-02 10:16:34,715 [INFO] ThirdParty:1030 - CMSIS Pack Vendor :STMicroelectronics X-CUBE-NFC6 3.1.0
2024-11-02 10:16:34,715 [INFO] ThirdParty:1030 - CMSIS Pack Vendor :STMicroelectronics FP-SNS-STBOX1 2.0.0
2024-11-02 10:16:34,715 [INFO] ThirdParty:1030 - CMSIS Pack Vendor :STMicroelectronics X-CUBE-MEMS1 11.0.0
2024-11-02 10:16:34,715 [INFO] ThirdParty:1030 - CMSIS Pack Vendor :STMicroelectronics FreeRTOS 0.0.1
2024-11-02 10:16:34,715 [INFO] ThirdParty:1030 - CMSIS Pack Vendor :STMicroelectronics X-CUBE-AZRTOS-G0 1.1.0
2024-11-02 10:16:34,715 [INFO] ThirdParty:1030 - CMSIS Pack Vendor :STMicroelectronics X-CUBE-SAFEA1 1.2.2
2024-11-02 10:16:34,715 [INFO] ThirdParty:1030 - CMSIS Pack Vendor :STMicroelectronics X-CUBE-NFC4 3.0.0
2024-11-02 10:16:34,715 [INFO] ThirdParty:1030 - CMSIS Pack Vendor :STMicroelectronics X-CUBE-DPower 1.2.0
2024-11-02 10:16:34,715 [INFO] ThirdParty:1030 - CMSIS Pack Vendor :STMicroelectronics X-CUBE-SUBG2 5.0.0
2024-11-02 10:16:34,715 [INFO] ThirdParty:1030 - CMSIS Pack Vendor :STMicroelectronics STM32_WPAN 1.0.0
2024-11-02 10:16:34,715 [INFO] ThirdParty:1030 - CMSIS Pack Vendor :EmbeddedOffice I-CUBE-FS-RTOS 1.0.1
2024-11-02 10:16:34,715 [INFO] ThirdParty:1030 - CMSIS Pack Vendor :STMicroelectronics lwIP 2.0.3
2024-11-02 10:16:34,715 [INFO] ThirdParty:1030 - CMSIS Pack Vendor :STMicroelectronics FP-SNS-FLIGHT1 5.0.2
2024-11-02 10:16:34,715 [INFO] ThirdParty:1030 - CMSIS Pack Vendor :Cesanta I-CUBE-Mongoose 7.13.0
2024-11-02 10:16:34,715 [INFO] ThirdParty:1030 - CMSIS Pack Vendor :STMicroelectronics USB_HOST 1.0.0
2024-11-02 10:16:34,715 [INFO] ThirdParty:1030 - CMSIS Pack Vendor :STMicroelectronics X-CUBE-AI 9.0.0
2024-11-02 10:16:34,715 [INFO] ThirdParty:1030 - CMSIS Pack Vendor :STMicroelectronics X-CUBE-AZRTOS-G4 2.0.0
2024-11-02 10:16:34,715 [INFO] ThirdParty:1030 - CMSIS Pack Vendor :STMicroelectronics PDM2PCM 3.1.0
2024-11-02 10:16:34,715 [INFO] ThirdParty:1030 - CMSIS Pack Vendor :STMicroelectronics PDM2PCM 3.3.0
2024-11-02 10:16:34,715 [INFO] ThirdParty:1030 - CMSIS Pack Vendor :STMicroelectronics X-CUBE-DISPLAY 3.0.0
2024-11-02 10:16:34,715 [INFO] ThirdParty:1030 - CMSIS Pack Vendor :RealThread X-CUBE-RT-Thread_Nano 4.1.1
2024-11-02 10:16:34,715 [INFO] ThirdParty:1030 - CMSIS Pack Vendor :STMicroelectronics X-CUBE-BLE1 7.0.0
2024-11-02 10:16:34,715 [INFO] ThirdParty:1030 - CMSIS Pack Vendor :STMicroelectronics FP-ATR-SIGFOX1 3.2.0
2024-11-02 10:16:34,715 [INFO] ThirdParty:1030 - CMSIS Pack Vendor :STMicroelectronics X-CUBE-NFC10 1.0.0
2024-11-02 10:16:34,715 [INFO] ThirdParty:1030 - CMSIS Pack Vendor :wolfSSL I-CUBE-wolfSSL 5.7.2
2024-11-02 10:16:34,715 [INFO] ThirdParty:1030 - CMSIS Pack Vendor :STMicroelectronics X-CUBE-ISPU 2.0.0
2024-11-02 10:16:34,715 [INFO] ThirdParty:1030 - CMSIS Pack Vendor :STMicroelectronics X-CUBE-EEPRMA1 5.1.0
2024-11-02 10:16:34,715 [INFO] ThirdParty:1030 - CMSIS Pack Vendor :STMicroelectronics HAL Drivers 0.0.0
2024-11-02 10:16:34,716 [INFO] ThirdParty:1030 - CMSIS Pack Vendor :STMicroelectronics MBEDTLS 2.16.2
2024-11-02 10:16:34,716 [INFO] ThirdParty:1030 - CMSIS Pack Vendor :STMicroelectronics X-CUBE-ALS 1.0.2
2024-11-02 10:16:34,716 [INFO] ThirdParty:1030 - CMSIS Pack Vendor :emotas I-CUBE-CANOPEN 1.3.0
2024-11-02 10:16:34,716 [INFO] ThirdParty:1030 - CMSIS Pack Vendor :STMicroelectronics X-CUBE-NFC7 1.0.1
2024-11-02 10:16:34,716 [INFO] ThirdParty:1030 - CMSIS Pack Vendor :STMicroelectronics MBEDTLS 2.14.1
2024-11-02 10:16:34,716 [INFO] ThirdParty:1030 - CMSIS Pack Vendor :STMicroelectronics X-CUBE-TOUCHGFX 4.24.0
2024-11-02 10:16:34,716 [INFO] ThirdParty:1030 - CMSIS Pack Vendor :ITTIA_DB I-CUBE-ITTIADB 8.9.0
2024-11-02 10:16:34,716 [INFO] ThirdParty:1030 - CMSIS Pack Vendor :STMicroelectronics X-CUBE-TOUCHGFX 4.24.1
2024-11-02 10:16:34,716 [INFO] ThirdParty:1030 - CMSIS Pack Vendor :wolfSSL I-CUBE-wolfTPM 3.4.0
2024-11-02 10:16:34,716 [INFO] ThirdParty:1030 - CMSIS Pack Vendor :portGmbH I-Cube-SoM-uGOAL 1.1.0
2024-11-02 10:16:34,716 [INFO] ThirdParty:1030 - CMSIS Pack Vendor :STMicroelectronics X-CUBE-BLEMGR 3.1.0
2024-11-02 10:16:34,716 [INFO] ThirdParty:1030 - CMSIS Pack Vendor :STMicroelectronics ThreadX 1.0.0
2024-11-02 10:16:34,716 [INFO] ThirdParty:1030 - CMSIS Pack Vendor :STMicroelectronics FP-SNS-SMARTAG2 1.2.0
2024-11-02 10:16:34,716 [INFO] ThirdParty:1030 - CMSIS Pack Vendor :STMicroelectronics X-CUBE-AZRTOS-WL 2.0.0
2024-11-02 10:16:34,716 [INFO] ThirdParty:1030 - CMSIS Pack Vendor :SEGGER I-CUBE-embOS 1.3.1
2024-11-02 10:16:34,716 [INFO] ThirdParty:1030 - CMSIS Pack Vendor :STMicroelectronics X-CUBE-ALGOBUILD 1.4.0
2024-11-02 10:16:34,716 [INFO] ThirdParty:1030 - CMSIS Pack Vendor :STMicroelectronics FP-SNS-MOTENV1 5.0.0
2024-11-02 10:16:34,716 [INFO] ThirdParty:1030 - CMSIS Pack Vendor :STMicroelectronics USB_DEVICE 1.0.0
2024-11-02 10:16:34,716 [INFO] ThirdParty:1030 - CMSIS Pack Vendor :STMicroelectronics X-CUBE-AZRTOS-H7RS 1.0.0
2024-11-02 10:16:34,716 [INFO] ThirdParty:1030 - CMSIS Pack Vendor :wolfSSL I-CUBE-wolfMQTT 1.19.0
2024-11-02 10:16:34,716 [INFO] ThirdParty:1030 - CMSIS Pack Vendor :STMicroelectronics X-CUBE-AZRTOS-L4 2.0.0
2024-11-02 10:16:34,716 [INFO] ThirdParty:1030 - CMSIS Pack Vendor :STMicroelectronics ThreadX 0.0.2
2024-11-02 10:16:34,717 [INFO] ThirdParty:1030 - CMSIS Pack Vendor :WES I-CUBE-Cesium 1.3.0
2024-11-02 10:16:34,717 [INFO] ThirdParty:1030 - CMSIS Pack Vendor :STMicroelectronics FP-ATR-ASTRA1 2.0.0
2024-11-02 10:16:34,717 [INFO] ThirdParty:1030 - CMSIS Pack Vendor :STMicroelectronics lwIP 2.1.2
2024-11-02 10:16:34,717 [INFO] ThirdParty:1030 - CMSIS Pack Vendor :STMicroelectronics X-CUBE-SFXS2LP1 4.0.0
2024-11-02 10:16:34,717 [INFO] ThirdParty:1030 - CMSIS Pack Vendor :STMicroelectronics X-CUBE-BLE2 3.3.0
2024-11-02 10:16:34,717 [INFO] ThirdParty:1030 - CMSIS Pack Vendor :STMicroelectronics X-CUBE-TOF1 3.4.2
2024-11-02 10:16:34,717 [INFO] ThirdParty:1030 - CMSIS Pack Vendor :STMicroelectronics X-CUBE-AI 9.1.0
2024-11-02 10:16:34,717 [INFO] ThirdParty:1030 - CMSIS Pack Vendor :Infineon AIROC-Wi-Fi-Bluetooth-STM32 1.6.1
2024-11-02 10:16:34,717 [INFO] ThirdParty:1030 - CMSIS Pack Vendor :STMicroelectronics PDM2PCM 3.2.0
2024-11-02 10:16:34,717 [INFO] ThirdParty:1030 - CMSIS Pack Vendor :wolfSSL I-CUBE-wolfSSH 1.4.17
2024-11-02 10:16:34,717 [INFO] ThirdParty:841 - exiting critical section [change project]
2024-11-02 10:16:35,290 [INFO] PinOutPanel:1561 - setPackage(No Configuration,No Configuration)
2024-11-02 10:16:35,291 [INFO] PinOutPanel:1561 - setPackage(STM32L4S5VITx,LQFP100)
2024-11-02 10:16:35,803 [INFO] UtilMem:75 - Before build in PCC Used Memory: 658125424 Bytes (1073741824)
2024-11-02 10:16:36,695 [INFO] UtilMem:75 - After build in PCC Used Memory: 806155104 Bytes (1073741824)
2024-11-02 10:16:36,734 [INFO] IPUIPlugin:80 - create IPUIPlugin
2024-11-02 10:16:36,734 [INFO] IPUIPlugin:80 - create IPUIPlugin
2024-11-02 10:16:36,734 [INFO] IPUIPlugin:80 - create IPUIPlugin
2024-11-02 10:16:36,734 [INFO] IPUIPlugin:80 - create IPUIPlugin
2024-11-02 10:16:36,734 [INFO] IPUIPlugin:80 - create IPUIPlugin
2024-11-02 10:16:36,735 [INFO] IPUIPlugin:80 - create IPUIPlugin
2024-11-02 10:16:36,735 [INFO] IPUIPlugin:80 - create IPUIPlugin
2024-11-02 10:16:36,735 [INFO] IPUIPlugin:80 - create IPUIPlugin
2024-11-02 10:16:36,735 [INFO] IPUIPlugin:80 - create IPUIPlugin
2024-11-02 10:16:36,735 [INFO] IPUIPlugin:80 - create IPUIPlugin
2024-11-02 10:16:36,735 [INFO] IPUIPlugin:80 - create IPUIPlugin
2024-11-02 10:16:36,735 [INFO] IPUIPlugin:80 - create IPUIPlugin
2024-11-02 10:16:36,735 [INFO] IPUIPlugin:80 - create IPUIPlugin
2024-11-02 10:16:36,736 [INFO] IPUIPlugin:80 - create IPUIPlugin
2024-11-02 10:16:36,736 [INFO] IPUIPlugin:80 - create IPUIPlugin
2024-11-02 10:16:36,736 [INFO] IPUIPlugin:80 - create IPUIPlugin
2024-11-02 10:16:36,736 [INFO] IPUIPlugin:80 - create IPUIPlugin
2024-11-02 10:16:36,736 [INFO] IPUIPlugin:80 - create IPUIPlugin
2024-11-02 10:16:36,736 [INFO] IPUIPlugin:80 - create IPUIPlugin
2024-11-02 10:16:36,736 [INFO] IPUIPlugin:80 - create IPUIPlugin
2024-11-02 10:16:36,736 [INFO] IPUIPlugin:80 - create IPUIPlugin
2024-11-02 10:16:36,738 [INFO] IPUIPlugin:80 - create IPUIPlugin
2024-11-02 10:16:36,738 [INFO] IPUIPlugin:80 - create IPUIPlugin
2024-11-02 10:16:36,738 [INFO] IPUIPlugin:80 - create IPUIPlugin
2024-11-02 10:16:36,738 [INFO] IPUIPlugin:80 - create IPUIPlugin
2024-11-02 10:16:36,738 [INFO] IPUIPlugin:80 - create IPUIPlugin
2024-11-02 10:16:36,739 [INFO] IPUIPlugin:80 - create IPUIPlugin
2024-11-02 10:16:36,739 [INFO] IPUIPlugin:80 - create IPUIPlugin
2024-11-02 10:16:36,739 [INFO] IPUIPlugin:80 - create IPUIPlugin
2024-11-02 10:16:36,739 [INFO] IPUIPlugin:80 - create IPUIPlugin
2024-11-02 10:16:36,739 [INFO] IPUIPlugin:80 - create IPUIPlugin
2024-11-02 10:16:36,740 [INFO] IPUIPlugin:80 - create IPUIPlugin
2024-11-02 10:16:36,740 [INFO] IPUIPlugin:80 - create IPUIPlugin
2024-11-02 10:16:36,740 [INFO] IPUIPlugin:80 - create IPUIPlugin
2024-11-02 10:16:36,740 [INFO] IPUIPlugin:80 - create IPUIPlugin
2024-11-02 10:16:36,740 [INFO] IPUIPlugin:80 - create IPUIPlugin
2024-11-02 10:16:36,741 [INFO] IPUIPlugin:80 - create IPUIPlugin
2024-11-02 10:16:36,741 [INFO] IPUIPlugin:80 - create IPUIPlugin
2024-11-02 10:16:36,741 [INFO] IPUIPlugin:80 - create IPUIPlugin
2024-11-02 10:16:36,742 [INFO] IPUIPlugin:80 - create IPUIPlugin
2024-11-02 10:16:36,742 [INFO] IPUIPlugin:80 - create IPUIPlugin
2024-11-02 10:16:36,742 [INFO] IPUIPlugin:80 - create IPUIPlugin
2024-11-02 10:16:36,742 [INFO] IPUIPlugin:80 - create IPUIPlugin
2024-11-02 10:16:36,743 [INFO] IPUIPlugin:80 - create IPUIPlugin
2024-11-02 10:16:36,743 [INFO] IPUIPlugin:80 - create IPUIPlugin
2024-11-02 10:16:36,743 [INFO] IPUIPlugin:80 - create IPUIPlugin
2024-11-02 10:16:36,743 [INFO] IPUIPlugin:80 - create IPUIPlugin
2024-11-02 10:16:36,743 [INFO] IPUIPlugin:80 - create IPUIPlugin
2024-11-02 10:16:36,744 [INFO] IPUIPlugin:80 - create IPUIPlugin
2024-11-02 10:16:36,744 [INFO] IPUIPlugin:80 - create IPUIPlugin
2024-11-02 10:16:36,744 [INFO] IPUIPlugin:80 - create IPUIPlugin
2024-11-02 10:16:36,745 [INFO] IPUIPlugin:80 - create IPUIPlugin
2024-11-02 10:16:36,745 [INFO] IPUIPlugin:80 - create IPUIPlugin
2024-11-02 10:16:36,745 [INFO] IPUIPlugin:80 - create IPUIPlugin
2024-11-02 10:16:36,745 [INFO] IPUIPlugin:80 - create IPUIPlugin
2024-11-02 10:16:36,746 [INFO] IPUIPlugin:80 - create IPUIPlugin
2024-11-02 10:16:36,746 [INFO] IPUIPlugin:80 - create IPUIPlugin
2024-11-02 10:16:36,746 [INFO] IPUIPlugin:80 - create IPUIPlugin
2024-11-02 10:16:36,747 [INFO] IPUIPlugin:80 - create IPUIPlugin
2024-11-02 10:16:36,747 [INFO] IPUIPlugin:80 - create IPUIPlugin
2024-11-02 10:16:36,748 [INFO] IPUIPlugin:80 - create IPUIPlugin
2024-11-02 10:16:36,748 [INFO] IPUIPlugin:80 - create IPUIPlugin
2024-11-02 10:16:36,748 [INFO] IPUIPlugin:80 - create IPUIPlugin
2024-11-02 10:16:36,911 [INFO] CADModel:165 - CPN selected for project levelSTM32L4S5VIT6
2024-11-02 10:16:36,911 [INFO] CADModel:114 - Register for checkConnection events
2024-11-02 10:16:36,960 [INFO] OpenFileManager:363 - Restore cursor
2024-11-02 10:16:46,391 [INFO] NvicIntPanel:101 - NVIC parent = com.st.microxplorer.plugins.ip.nvic.MultiNvicIntPanel[,0,0,452x296,layout=javax.swing.BoxLayout,alignmentX=0.0,alignmentY=0.0,border=,flags=9,maximumSize=,minimumSize=,preferredSize=]
2024-11-02 10:23:46,970 [INFO] WebApp:189 - Connection lost
2024-11-02 10:23:47,192 [INFO] WebApp:186 - Connection restablished
2024-11-02 10:46:54,526 [INFO] LogOutputStream:77 - [STDOUT_REDIRECT] StartTraceHandler.execute(), success : Collect=true
2024-11-02 10:49:01,143 [INFO] LogOutputStream:77 - [STDOUT_REDIRECT] StartTraceHandler.execute(), success : Collect=false
2024-11-02 10:49:56,484 [INFO] LogOutputStream:77 - [STDOUT_REDIRECT] StartTraceHandler.execute(), success : Collect=false
2024-11-02 10:49:58,279 [INFO] LogOutputStream:77 - [STDOUT_REDIRECT] StartTraceHandler.execute(), success : Collect=true
2024-11-02 11:05:17,952 [INFO] LogOutputStream:77 - [STDOUT_REDIRECT] StartTraceHandler.execute(), success : Collect=false
2024-11-02 11:05:22,059 [INFO] LogOutputStream:77 - [STDOUT_REDIRECT] StartTraceHandler.execute(), success : Collect=true
2024-11-02 11:07:16,296 [INFO] NvicIntPanel:101 - NVIC parent = com.st.microxplorer.plugins.ip.nvic.MultiNvicIntPanel[,0,0,0x0,invalid,layout=javax.swing.BoxLayout,alignmentX=0.0,alignmentY=0.0,border=,flags=9,maximumSize=,minimumSize=,preferredSize=]
2024-11-02 11:07:22,477 [INFO] NvicIntPanel:101 - NVIC parent = com.st.microxplorer.plugins.ip.nvic.MultiNvicIntPanel[,0,0,0x0,invalid,layout=javax.swing.BoxLayout,alignmentX=0.0,alignmentY=0.0,border=,flags=9,maximumSize=,minimumSize=,preferredSize=]
2024-11-02 11:08:07,185 [INFO] NvicIntPanel:101 - NVIC parent = com.st.microxplorer.plugins.ip.nvic.MultiNvicIntPanel[,0,0,0x0,invalid,layout=javax.swing.BoxLayout,alignmentX=0.0,alignmentY=0.0,border=,flags=9,maximumSize=,minimumSize=,preferredSize=]
2024-11-02 11:09:31,427 [INFO] NvicIntPanel:101 - NVIC parent = com.st.microxplorer.plugins.ip.nvic.MultiNvicIntPanel[,0,0,0x0,invalid,layout=javax.swing.BoxLayout,alignmentX=0.0,alignmentY=0.0,border=,flags=9,maximumSize=,minimumSize=,preferredSize=]
2024-11-02 11:09:48,056 [INFO] NvicIntPanel:101 - NVIC parent = com.st.microxplorer.plugins.ip.nvic.MultiNvicIntPanel[,0,0,0x0,invalid,layout=javax.swing.BoxLayout,alignmentX=0.0,alignmentY=0.0,border=,flags=9,maximumSize=,minimumSize=,preferredSize=]
2024-11-02 11:09:55,911 [INFO] NvicIntPanel:101 - NVIC parent = com.st.microxplorer.plugins.ip.nvic.MultiNvicIntPanel[,0,0,0x0,invalid,layout=javax.swing.BoxLayout,alignmentX=0.0,alignmentY=0.0,border=,flags=9,maximumSize=,minimumSize=,preferredSize=]
2024-11-02 11:09:56,761 [INFO] UtilMem:75 - End SaveConfig() Used Memory: 483783696 Bytes (937426944)
2024-11-02 11:09:57,677 [INFO] UtilMem:75 - End SaveConfig() Used Memory: 513143824 Bytes (937426944)
2024-11-02 11:09:58,926 [INFO] UtilMem:75 - End SaveConfig() Used Memory: 561378320 Bytes (937426944)
2024-11-02 11:09:59,331 [INFO] BlockDiagram:2766 - set Specific Code input for plugin: DAC
2024-11-02 11:09:59,331 [INFO] BlockDiagram:2766 - set Specific Code input for plugin: TIM1_8L4
2024-11-02 11:09:59,331 [INFO] BlockDiagram:2766 - set Specific Code input for plugin: SYS
2024-11-02 11:09:59,331 [INFO] BlockDiagram:2766 - set Specific Code input for plugin: RCC
2024-11-02 11:09:59,331 [INFO] BlockDiagram:2766 - set Specific Code input for plugin: NVIC
2024-11-02 11:09:59,332 [INFO] BlockDiagram:2766 - set Specific Code input for plugin: GPIO
2024-11-02 11:09:59,333 [INFO] CodeGenerator:807 - code generatio: config db path: C:\ST\STM32CubeIDE_1.16.0\STM32CubeIDE\plugins\com.st.stm32cube.common.mx_6.12.1.202409122256\\db\
2024-11-02 11:09:59,476 [INFO] CodeEngine:255 - oldGeneratedFile, C:\Users\Ali\STM32CubeIDE\workspace_1.16.0\lab3-take2\MXTmpFiles\license.tmp_save
2024-11-02 11:09:59,760 [INFO] CodeEngine:279 - Generated code: C:\Users\Ali\STM32CubeIDE\workspace_1.16.0\lab3-take2\MXTmpFiles\license.tmp
2024-11-02 11:09:59,941 [INFO] CodeEngine:255 - oldGeneratedFile, C:\Users\Ali\STM32CubeIDE\workspace_1.16.0\lab3-take2\MXTmpFiles\gpio.tmp_save
2024-11-02 11:10:00,083 [INFO] CodeEngine:279 - Generated code: C:\Users\Ali\STM32CubeIDE\workspace_1.16.0\lab3-take2\MXTmpFiles\gpio.tmp
2024-11-02 11:10:00,328 [INFO] CodeEngine:255 - oldGeneratedFile, C:\Users\Ali\STM32CubeIDE\workspace_1.16.0\lab3-take2\Core\Src\stm32l4xx_it.c_save
2024-11-02 11:10:00,452 [INFO] CodeEngine:279 - Generated code: C:\Users\Ali\STM32CubeIDE\workspace_1.16.0\lab3-take2\Core\Src\stm32l4xx_it.c
2024-11-02 11:10:00,469 [INFO] CodeEngine:255 - oldGeneratedFile, C:\Users\Ali\STM32CubeIDE\workspace_1.16.0\lab3-take2\Core\Inc\stm32l4xx_it.h_save
2024-11-02 11:10:00,541 [INFO] CodeEngine:279 - Generated code: C:\Users\Ali\STM32CubeIDE\workspace_1.16.0\lab3-take2\Core\Inc\stm32l4xx_it.h
2024-11-02 11:10:00,571 [INFO] CodeEngine:255 - oldGeneratedFile, C:\Users\Ali\STM32CubeIDE\workspace_1.16.0\lab3-take2\Core\Src\stm32l4xx_hal_msp.c_save
2024-11-02 11:10:00,689 [INFO] CodeEngine:279 - Generated code: C:\Users\Ali\STM32CubeIDE\workspace_1.16.0\lab3-take2\Core\Src\stm32l4xx_hal_msp.c
2024-11-02 11:10:00,700 [INFO] CodeEngine:255 - oldGeneratedFile, C:\Users\Ali\STM32CubeIDE\workspace_1.16.0\lab3-take2\MXTmpFiles\system.tmp_save
2024-11-02 11:10:00,760 [INFO] CodeEngine:279 - Generated code: C:\Users\Ali\STM32CubeIDE\workspace_1.16.0\lab3-take2\MXTmpFiles\system.tmp
2024-11-02 11:10:00,779 [INFO] CodeEngine:311 - oldGeneratedFile, C:\Users\Ali\STM32CubeIDE\workspace_1.16.0\lab3-take2\Core\Inc\stm32l4xx_hal_conf.h_save
2024-11-02 11:10:00,849 [INFO] CodeEngine:335 - Generated code: C:\Users\Ali\STM32CubeIDE\workspace_1.16.0\lab3-take2\Core\Inc\stm32l4xx_hal_conf.h
2024-11-02 11:10:00,876 [WARN] IPConfigManager:3554 - IP not found : TIM
2024-11-02 11:10:00,878 [WARN] CodeGenerator:4002 - IP not found : null
2024-11-02 11:10:00,895 [INFO] CodeEngine:255 - oldGeneratedFile, C:\Users\Ali\STM32CubeIDE\workspace_1.16.0\lab3-take2\Core\Inc\main.h_save
2024-11-02 11:10:00,978 [INFO] CodeEngine:279 - Generated code: C:\Users\Ali\STM32CubeIDE\workspace_1.16.0\lab3-take2\Core\Inc\main.h
2024-11-02 11:10:00,993 [INFO] CodeEngine:255 - oldGeneratedFile, C:\Users\Ali\STM32CubeIDE\workspace_1.16.0\lab3-take2\Core\Src\main.c_save
2024-11-02 11:10:01,141 [INFO] CodeEngine:279 - Generated code: C:\Users\Ali\STM32CubeIDE\workspace_1.16.0\lab3-take2\Core\Src\main.c
2024-11-02 11:10:01,563 [INFO] ProjectBuilder:3249 - Time for Copy HAL[1] : 230mS.
2024-11-02 11:10:01,569 [INFO] ProjectBuilder:4828 - Project Generator version: 4.5.0-B34
2024-11-02 11:10:01,654 [INFO] ConfigFileManager:1531 - The Die is : DIE470
2024-11-02 11:10:01,671 [INFO] ApiDbMcu:508 - Load IP Config File for FATFS
2024-11-02 11:10:01,684 [INFO] ApiDbMcu:508 - Load IP Config File for FREERTOS
2024-11-02 11:10:01,704 [INFO] ApiDbMcu:508 - Load IP Config File for TOUCHSENSING
2024-11-02 11:10:01,718 [INFO] ApiDbMcu:508 - Load IP Config File for USB_DEVICE
2024-11-02 11:10:01,729 [INFO] ApiDbMcu:508 - Load IP Config File for USB_HOST
2024-11-02 11:10:02,273 [INFO] LogOutputStream:77 - [STDOUT_REDIRECT] 
2024-11-02 11:10:03,458 [INFO] ProjectBuilder:5097 - Time for Generating toolchain IDE Files: 1888mS.
2024-11-02 11:10:03,459 [INFO] ProjectBuilder:3107 - Time for Copy CMSIS : 0mS.
2024-11-02 11:10:03,462 [INFO] ProjectBuilder:3107 - Time for Copy CMSIS : 0mS.
2024-11-02 11:10:43,356 [INFO] LogOutputStream:77 - [STDOUT_REDIRECT] StartTraceHandler.execute(), success : Collect=false
2024-11-02 11:10:47,657 [INFO] LogOutputStream:77 - [STDOUT_REDIRECT] StartTraceHandler.execute(), success : Collect=true
2024-11-02 11:17:19,105 [INFO] LogOutputStream:77 - [STDOUT_REDIRECT] StartTraceHandler.execute(), success : Collect=false
2024-11-02 14:16:14,478 [INFO] WebApp:189 - Connection lost
2024-11-02 14:16:17,328 [INFO] WebApp:186 - Connection restablished
2024-11-02 14:16:19,454 [INFO] WebApp:189 - Connection lost
2024-11-02 14:16:19,614 [INFO] WebApp:186 - Connection restablished
2024-11-02 14:43:05,889 [INFO] DmaTabbedPanel:205 - Cannot restore the selected Tab for DMA
2024-11-02 14:44:43,734 [INFO] NvicIntPanel:101 - NVIC parent = com.st.microxplorer.plugins.ip.nvic.MultiNvicIntPanel[,0,0,0x0,invalid,layout=javax.swing.BoxLayout,alignmentX=0.0,alignmentY=0.0,border=,flags=9,maximumSize=,minimumSize=,preferredSize=]
2024-11-02 14:46:29,701 [INFO] UtilMem:75 - End SaveConfig() Used Memory: 793198704 Bytes (958398464)
2024-11-02 14:46:30,573 [INFO] UtilMem:75 - End SaveConfig() Used Memory: 822036592 Bytes (958398464)
2024-11-02 14:46:32,248 [INFO] UtilMem:75 - End SaveConfig() Used Memory: 320672928 Bytes (958398464)
2024-11-02 14:46:32,421 [INFO] BlockDiagram:2766 - set Specific Code input for plugin: DAC
2024-11-02 14:46:32,421 [INFO] BlockDiagram:2766 - set Specific Code input for plugin: TIM1_8L4
2024-11-02 14:46:32,421 [INFO] BlockDiagram:2766 - set Specific Code input for plugin: SYS
2024-11-02 14:46:32,421 [INFO] BlockDiagram:2766 - set Specific Code input for plugin: RCC
2024-11-02 14:46:32,421 [INFO] BlockDiagram:2766 - set Specific Code input for plugin: NVIC
2024-11-02 14:46:32,421 [INFO] BlockDiagram:2766 - set Specific Code input for plugin: DMA
2024-11-02 14:46:32,422 [INFO] BlockDiagram:2766 - set Specific Code input for plugin: GPIO
2024-11-02 14:46:32,434 [INFO] CodeGenerator:807 - code generatio: config db path: C:\ST\STM32CubeIDE_1.16.0\STM32CubeIDE\plugins\com.st.stm32cube.common.mx_6.12.1.202409122256\\db\
2024-11-02 14:46:32,551 [INFO] CodeEngine:255 - oldGeneratedFile, C:\Users\Ali\STM32CubeIDE\workspace_1.16.0\lab3-take2\MXTmpFiles\license.tmp_save
2024-11-02 14:46:32,641 [INFO] CodeEngine:279 - Generated code: C:\Users\Ali\STM32CubeIDE\workspace_1.16.0\lab3-take2\MXTmpFiles\license.tmp
2024-11-02 14:46:32,668 [INFO] CodeEngine:255 - oldGeneratedFile, C:\Users\Ali\STM32CubeIDE\workspace_1.16.0\lab3-take2\MXTmpFiles\gpio.tmp_save
2024-11-02 14:46:32,742 [INFO] CodeEngine:279 - Generated code: C:\Users\Ali\STM32CubeIDE\workspace_1.16.0\lab3-take2\MXTmpFiles\gpio.tmp
2024-11-02 14:46:32,821 [INFO] CodeEngine:255 - oldGeneratedFile, C:\Users\Ali\STM32CubeIDE\workspace_1.16.0\lab3-take2\MXTmpFiles\dma.tmp_save
2024-11-02 14:46:32,882 [INFO] CodeEngine:279 - Generated code: C:\Users\Ali\STM32CubeIDE\workspace_1.16.0\lab3-take2\MXTmpFiles\dma.tmp
2024-11-02 14:46:32,891 [INFO] CodeEngine:255 - oldGeneratedFile, C:\Users\Ali\STM32CubeIDE\workspace_1.16.0\lab3-take2\MXTmpFiles\dma_GV.tmp_save
2024-11-02 14:46:32,948 [INFO] CodeEngine:279 - Generated code: C:\Users\Ali\STM32CubeIDE\workspace_1.16.0\lab3-take2\MXTmpFiles\dma_GV.tmp
2024-11-02 14:46:32,970 [INFO] CodeEngine:255 - oldGeneratedFile, C:\Users\Ali\STM32CubeIDE\workspace_1.16.0\lab3-take2\Core\Src\stm32l4xx_it.c_save
2024-11-02 14:46:33,127 [INFO] CodeEngine:279 - Generated code: C:\Users\Ali\STM32CubeIDE\workspace_1.16.0\lab3-take2\Core\Src\stm32l4xx_it.c
2024-11-02 14:46:33,140 [INFO] CodeEngine:255 - oldGeneratedFile, C:\Users\Ali\STM32CubeIDE\workspace_1.16.0\lab3-take2\Core\Inc\stm32l4xx_it.h_save
2024-11-02 14:46:33,202 [INFO] CodeEngine:279 - Generated code: C:\Users\Ali\STM32CubeIDE\workspace_1.16.0\lab3-take2\Core\Inc\stm32l4xx_it.h
2024-11-02 14:46:33,225 [INFO] CodeEngine:255 - oldGeneratedFile, C:\Users\Ali\STM32CubeIDE\workspace_1.16.0\lab3-take2\Core\Src\stm32l4xx_hal_msp.c_save
2024-11-02 14:46:33,329 [INFO] CodeEngine:279 - Generated code: C:\Users\Ali\STM32CubeIDE\workspace_1.16.0\lab3-take2\Core\Src\stm32l4xx_hal_msp.c
2024-11-02 14:46:33,336 [INFO] CodeEngine:255 - oldGeneratedFile, C:\Users\Ali\STM32CubeIDE\workspace_1.16.0\lab3-take2\MXTmpFiles\system.tmp_save
2024-11-02 14:46:33,395 [INFO] CodeEngine:279 - Generated code: C:\Users\Ali\STM32CubeIDE\workspace_1.16.0\lab3-take2\MXTmpFiles\system.tmp
2024-11-02 14:46:33,418 [INFO] CodeEngine:311 - oldGeneratedFile, C:\Users\Ali\STM32CubeIDE\workspace_1.16.0\lab3-take2\Core\Inc\stm32l4xx_hal_conf.h_save
2024-11-02 14:46:33,484 [INFO] CodeEngine:335 - Generated code: C:\Users\Ali\STM32CubeIDE\workspace_1.16.0\lab3-take2\Core\Inc\stm32l4xx_hal_conf.h
2024-11-02 14:46:33,495 [WARN] IPConfigManager:3554 - IP not found : TIM
2024-11-02 14:46:33,495 [WARN] CodeGenerator:4002 - IP not found : null
2024-11-02 14:46:33,511 [INFO] CodeEngine:255 - oldGeneratedFile, C:\Users\Ali\STM32CubeIDE\workspace_1.16.0\lab3-take2\Core\Inc\main.h_save
2024-11-02 14:46:33,583 [INFO] CodeEngine:279 - Generated code: C:\Users\Ali\STM32CubeIDE\workspace_1.16.0\lab3-take2\Core\Inc\main.h
2024-11-02 14:46:33,596 [INFO] CodeEngine:255 - oldGeneratedFile, C:\Users\Ali\STM32CubeIDE\workspace_1.16.0\lab3-take2\Core\Src\main.c_save
2024-11-02 14:46:33,698 [INFO] CodeEngine:279 - Generated code: C:\Users\Ali\STM32CubeIDE\workspace_1.16.0\lab3-take2\Core\Src\main.c
2024-11-02 14:46:34,036 [INFO] ProjectBuilder:3249 - Time for Copy HAL[1] : 183mS.
2024-11-02 14:46:34,039 [INFO] ProjectBuilder:4828 - Project Generator version: 4.5.0-B34
2024-11-02 14:46:34,117 [INFO] ConfigFileManager:1531 - The Die is : DIE470
2024-11-02 14:46:34,790 [INFO] ProjectBuilder:5097 - Time for Generating toolchain IDE Files: 751mS.
2024-11-02 14:46:34,791 [INFO] ProjectBuilder:3107 - Time for Copy CMSIS : 0mS.
2024-11-02 14:46:34,795 [INFO] ProjectBuilder:3107 - Time for Copy CMSIS : 0mS.
2024-11-02 21:13:43,314 [INFO] WebApp:189 - Connection lost
2024-11-02 21:13:46,280 [INFO] WebApp:186 - Connection restablished
2024-11-02 21:13:48,478 [INFO] WebApp:189 - Connection lost
2024-11-02 21:13:48,591 [INFO] WebApp:186 - Connection restablished
2024-11-02 21:51:54,309 [ERROR] LogOutputStream:75 - [STDERR_REDIRECT] 
