2024-09-18 19:05:59,343 [INFO] Activator:176 - 


2024-09-18 19:05:59,350 [INFO] Activator:177 - !SESSION log4j initialized
2024-09-18 19:06:05,006 [INFO] LogOutputStream:77 - [STDOUT_REDIRECT] 
2024-09-18 19:06:06,138 [INFO] ApplicationProperties:184 - Using Application install path: C:\ST\STM32CubeIDE_1.16.0\STM32CubeIDE\plugins\com.st.stm32cube.common.mx_6.12.0.202406281431
2024-09-18 19:06:06,152 [INFO] DbMcusXml:78 - Set database path to: C:\ST\STM32CubeIDE_1.16.0\STM32CubeIDE\plugins\com.st.stm32cube.common.mx_6.12.0.202406281431\\db\/mcu/
2024-09-18 19:06:06,153 [INFO] ApiDb:274 - Set plugin database path to: C:\ST\STM32CubeIDE_1.16.0\STM32CubeIDE\plugins\com.st.stm32cube.common.mx_6.12.0.202406281431\\db\/plugins/boardmanager/
2024-09-18 19:06:06,153 [WARN] ApiDb:259 - Overriding images path with different value:  => C:\ST\STM32CubeIDE_1.16.0\STM32CubeIDE\plugins\com.st.stm32cube.common.mx_6.12.0.202406281431\\db\/plugins/mcufinder/images/
2024-09-18 19:06:06,161 [INFO] ApiDb:250 - Set database path to: C:\Users\Ali\.stmcufinder\plugins\mcufinder//mcu/
2024-09-18 19:06:06,162 [INFO] DbMcusAds:125 - Set database path to: C:\Users\Ali\.stmcufinder\plugins\mcufinder//mcu/
2024-09-18 19:06:06,164 [INFO] CrossReferenceDbSqlite:203 - Set database path to: C:\Users\Ali\.stmcufinder\plugins\mcufinder//mcu/cs/
2024-09-18 19:06:06,256 [INFO] RulesReader:64 - Compatibility file has been processed (297 Rules)
2024-09-18 19:06:06,330 [INFO] DbMcusXml:78 - Set database path to: C:\ST\STM32CubeIDE_1.16.0\STM32CubeIDE\plugins\com.st.stm32cube.common.mx_6.12.0.202406281431\\db\/mcu/
2024-09-18 19:06:06,330 [INFO] ApiDb:274 - Set plugin database path to: C:\ST\STM32CubeIDE_1.16.0\STM32CubeIDE\plugins\com.st.stm32cube.common.mx_6.12.0.202406281431\\db\/plugins/boardmanager/
2024-09-18 19:06:06,330 [INFO] ApiDb:261 - Set plugin images path to: C:\ST\STM32CubeIDE_1.16.0\STM32CubeIDE\plugins\com.st.stm32cube.common.mx_6.12.0.202406281431\\db\/plugins/mcufinder/images/
2024-09-18 19:06:06,330 [WARN] DbFile:41 - Overriding database path with different value: C:\Users\Ali\.stmcufinder\plugins\mcufinder/ => C:\Users\Ali\.stmcufinder\plugins\mcufinder
2024-09-18 19:06:06,330 [INFO] ApiDb:250 - Set database path to: C:\Users\Ali\.stmcufinder\plugins\mcufinder//mcu/
2024-09-18 19:06:06,330 [WARN] DbFile:41 - Overriding database path with different value: C:\Users\Ali\.stmcufinder\plugins\mcufinder/ => C:\Users\Ali\.stmcufinder\plugins\mcufinder
2024-09-18 19:06:06,330 [INFO] DbMcusAds:125 - Set database path to: C:\Users\Ali\.stmcufinder\plugins\mcufinder//mcu/
2024-09-18 19:06:06,330 [WARN] DbFile:41 - Overriding database path with different value: C:\Users\Ali\.stmcufinder\plugins\mcufinder/ => C:\Users\Ali\.stmcufinder\plugins\mcufinder
2024-09-18 19:06:06,330 [WARN] DbFile:41 - Overriding database path with different value: C:\Users\Ali\.stmcufinder\plugins\mcufinder/ => C:\Users\Ali\.stmcufinder\plugins\mcufinder
2024-09-18 19:06:06,331 [INFO] CrossReferenceDbSqlite:203 - Set database path to: C:\Users\Ali\.stmcufinder\plugins\mcufinder//mcu/cs/
2024-09-18 19:06:06,404 [INFO] MainPanel:268 - HeapMemory: 268435456
2024-09-18 19:06:06,496 [INFO] DbMcusXml:78 - Set database path to: C:\ST\STM32CubeIDE_1.16.0\STM32CubeIDE\plugins\com.st.stm32cube.common.mx_6.12.0.202406281431\\db\/mcu/
2024-09-18 19:06:06,496 [INFO] ApiDb:274 - Set plugin database path to: C:\ST\STM32CubeIDE_1.16.0\STM32CubeIDE\plugins\com.st.stm32cube.common.mx_6.12.0.202406281431\\db\/plugins/boardmanager/
2024-09-18 19:06:06,496 [INFO] ApiDb:261 - Set plugin images path to: C:\ST\STM32CubeIDE_1.16.0\STM32CubeIDE\plugins\com.st.stm32cube.common.mx_6.12.0.202406281431\\db\/plugins/mcufinder/images/
2024-09-18 19:06:06,496 [WARN] DbFile:41 - Overriding database path with different value: C:\Users\Ali\.stmcufinder\plugins\mcufinder/ => C:\Users\Ali\.stmcufinder\plugins\mcufinder
2024-09-18 19:06:06,496 [INFO] ApiDb:250 - Set database path to: C:\Users\Ali\.stmcufinder\plugins\mcufinder//mcu/
2024-09-18 19:06:06,496 [WARN] DbFile:41 - Overriding database path with different value: C:\Users\Ali\.stmcufinder\plugins\mcufinder/ => C:\Users\Ali\.stmcufinder\plugins\mcufinder
2024-09-18 19:06:06,496 [INFO] DbMcusAds:125 - Set database path to: C:\Users\Ali\.stmcufinder\plugins\mcufinder//mcu/
2024-09-18 19:06:06,496 [WARN] DbFile:41 - Overriding database path with different value: C:\Users\Ali\.stmcufinder\plugins\mcufinder/ => C:\Users\Ali\.stmcufinder\plugins\mcufinder
2024-09-18 19:06:06,496 [WARN] DbFile:41 - Overriding database path with different value: C:\Users\Ali\.stmcufinder\plugins\mcufinder/ => C:\Users\Ali\.stmcufinder\plugins\mcufinder
2024-09-18 19:06:06,497 [INFO] CrossReferenceDbSqlite:203 - Set database path to: C:\Users\Ali\.stmcufinder\plugins\mcufinder//mcu/cs/
2024-09-18 19:06:06,512 [INFO] ApplicationProperties:184 - Using Application install path: C:\ST\STM32CubeIDE_1.16.0\STM32CubeIDE\plugins\com.st.stm32cube.common.mx_6.12.0.202406281431
2024-09-18 19:06:06,513 [INFO] PluginManage:196 - Search for loadable plugins [exclusion list=, ]
2024-09-18 19:06:06,514 [INFO] PluginManage:310 - Check plugin analytics
2024-09-18 19:06:06,638 [INFO] AnalyticsPlugin:253 - Accepted Software Licenses: 
2024-09-18 19:06:06,639 [INFO] AnalyticsPlugin:255 - Accepted CMSIS Pack Licenses: 
2024-09-18 19:06:06,639 [INFO] AnalyticsPlugin:257 - Accepted Firmware Licenses: FW.L4.1.18.0
2024-09-18 19:06:06,641 [INFO] PluginManage:359 - Loaded plugin analytics (category:tool,tabindex:-1)
2024-09-18 19:06:06,641 [INFO] PluginManage:310 - Check plugin cadmodel
2024-09-18 19:06:06,654 [INFO] CADModel:105 - Init CAD model plugin
2024-09-18 19:06:06,654 [INFO] PluginManage:359 - Loaded plugin cadmodel (category:power,tabindex:5)
2024-09-18 19:06:06,654 [INFO] PluginManage:310 - Check plugin clock
2024-09-18 19:06:06,671 [INFO] PluginManage:359 - Loaded plugin clock (category:base,tabindex:2)
2024-09-18 19:06:06,671 [INFO] PluginManage:310 - Check plugin ddr
2024-09-18 19:06:06,674 [INFO] PluginManage:359 - Loaded plugin ddr (category:tool,tabindex:6)
2024-09-18 19:06:06,674 [INFO] PluginManage:310 - Check plugin filemanager
2024-09-18 19:06:06,791 [INFO] PluginManage:359 - Loaded plugin filemanager (category:base,tabindex:10)
2024-09-18 19:06:06,791 [INFO] PluginManage:310 - Check plugin ipmanager
2024-09-18 19:06:06,797 [INFO] PluginManage:359 - Loaded plugin ipmanager (category:base,tabindex:5)
2024-09-18 19:06:06,797 [INFO] PluginManage:310 - Check plugin lpbam
2024-09-18 19:06:06,812 [INFO] PluginManage:359 - Loaded plugin lpbam (category:base,tabindex:0)
2024-09-18 19:06:06,812 [INFO] PluginManage:310 - Check plugin memorymap
2024-09-18 19:06:06,833 [INFO] PluginManage:359 - Loaded plugin memorymap (category:base,tabindex:4)
2024-09-18 19:06:06,833 [INFO] PluginManage:310 - Check plugin pinoutandconfiguration
2024-09-18 19:06:06,848 [INFO] PluginManage:359 - Loaded plugin pinoutandconfiguration (category:base,tabindex:1)
2024-09-18 19:06:06,848 [INFO] PluginManage:310 - Check plugin pinoutconfig
2024-09-18 19:06:06,923 [WARN] SupportedApi:132 - Cannot load RTOS API schema: s4s-elt-must-match.1: The content of 'definitions' must match (annotation?, (simpleType | complexType)?, (unique | key | keyref)*)). A problem was found starting at: attribute.
2024-09-18 19:06:07,031 [INFO] PluginManage:359 - Loaded plugin pinoutconfig (category:base,tabindex:0)
2024-09-18 19:06:07,031 [INFO] PluginManage:310 - Check plugin power
2024-09-18 19:06:07,049 [INFO] PluginManage:359 - Loaded plugin power (category:power,tabindex:4)
2024-09-18 19:06:07,050 [INFO] PluginManage:310 - Check plugin projectmanager
2024-09-18 19:06:07,066 [INFO] PluginManage:359 - Loaded plugin projectmanager (category:projectmanager,tabindex:4)
2024-09-18 19:06:07,066 [INFO] PluginManage:310 - Check plugin rif
2024-09-18 19:06:07,080 [INFO] PluginManage:359 - Loaded plugin rif (category:base,tabindex:3)
2024-09-18 19:06:07,081 [INFO] PluginManage:310 - Check plugin thirdparty
2024-09-18 19:06:07,323 [INFO] PluginManage:359 - Loaded plugin thirdparty (category:base,tabindex:-1)
2024-09-18 19:06:07,323 [INFO] PluginManage:310 - Check plugin tools
2024-09-18 19:06:07,323 [WARN] IntegrityCheckThread:84 - waiting for thirdparty lock release [integrity check]
2024-09-18 19:06:07,323 [INFO] IntegrityCheckThread:86 - entering critical section [integrity check]
2024-09-18 19:06:07,324 [INFO] ThirdPartyUpdaterWithRetryManager:70 - Updater plugin not ready yet. [1/15]
2024-09-18 19:06:07,359 [INFO] PluginManage:359 - Loaded plugin tools (category:base,tabindex:7)
2024-09-18 19:06:07,359 [INFO] PluginManage:310 - Check plugin tutovideos
2024-09-18 19:06:07,517 [INFO] PluginManage:359 - Loaded plugin tutovideos (category:base,tabindex:-1)
2024-09-18 19:06:07,517 [INFO] PluginManage:310 - Check plugin updater
2024-09-18 19:06:07,531 [INFO] PluginManage:359 - Loaded plugin updater (category:base,tabindex:12)
2024-09-18 19:06:07,531 [INFO] PluginManage:310 - Check plugin userauth
2024-09-18 19:06:07,536 [INFO] UserAuth:113 - Init User Auth plugin
2024-09-18 19:06:07,536 [INFO] PluginManage:359 - Loaded plugin userauth (category:base,tabindex:14)
2024-09-18 19:06:07,536 [INFO] PluginManage:283 - PluginManage : Loaded plugins [18]
2024-09-18 19:06:07,709 [INFO] PinOutPanel:1561 - setPackage(No Configuration,No Configuration)
2024-09-18 19:06:07,789 [INFO] CADModel:165 - CPN selected for project level
2024-09-18 19:06:07,790 [INFO] CADModel:114 - Register for checkConnection events
2024-09-18 19:06:07,812 [INFO] IPUIPlugin:80 - create IPUIPlugin
2024-09-18 19:06:07,812 [INFO] PluginManager:220 - loadIPPluginJar : add adc
2024-09-18 19:06:07,845 [INFO] IPUIPlugin:80 - create IPUIPlugin
2024-09-18 19:06:07,845 [INFO] PluginManager:220 - loadIPPluginJar : add aes
2024-09-18 19:06:07,881 [INFO] IPUIPlugin:80 - create IPUIPlugin
2024-09-18 19:06:07,881 [INFO] PluginManager:220 - loadIPPluginJar : add can
2024-09-18 19:06:07,902 [INFO] IPUIPlugin:80 - create IPUIPlugin
2024-09-18 19:06:07,902 [INFO] PluginManager:220 - loadIPPluginJar : add comp
2024-09-18 19:06:07,934 [INFO] IPUIPlugin:80 - create IPUIPlugin
2024-09-18 19:06:07,934 [INFO] PluginManager:220 - loadIPPluginJar : add cryp
2024-09-18 19:06:07,945 [INFO] IPUIPlugin:80 - create IPUIPlugin
2024-09-18 19:06:07,945 [INFO] PluginManager:220 - loadIPPluginJar : add ddr_ctrl_phy
2024-09-18 19:06:07,972 [INFO] IPUIPlugin:80 - create IPUIPlugin
2024-09-18 19:06:07,972 [INFO] PluginManager:220 - loadIPPluginJar : add dfsdm
2024-09-18 19:06:07,984 [INFO] IPUIPlugin:80 - create IPUIPlugin
2024-09-18 19:06:07,984 [INFO] PluginManager:220 - loadIPPluginJar : add dma
2024-09-18 19:06:08,027 [INFO] IPUIPlugin:80 - create IPUIPlugin
2024-09-18 19:06:08,027 [INFO] PluginManager:220 - loadIPPluginJar : add dma3
2024-09-18 19:06:08,071 [INFO] IPUIPlugin:80 - create IPUIPlugin
2024-09-18 19:06:08,072 [INFO] PluginManager:220 - loadIPPluginJar : add extmemmanager
2024-09-18 19:06:08,090 [INFO] IPUIPlugin:80 - create IPUIPlugin
2024-09-18 19:06:08,091 [INFO] PluginManager:220 - loadIPPluginJar : add fatfs
2024-09-18 19:06:08,135 [INFO] IPUIPlugin:80 - create IPUIPlugin
2024-09-18 19:06:08,135 [INFO] PluginManager:220 - loadIPPluginJar : add fmc
2024-09-18 19:06:08,147 [INFO] IPUIPlugin:80 - create IPUIPlugin
2024-09-18 19:06:08,147 [INFO] PluginManager:220 - loadIPPluginJar : add freertos
2024-09-18 19:06:08,166 [INFO] IPUIPlugin:80 - create IPUIPlugin
2024-09-18 19:06:08,166 [INFO] PluginManager:220 - loadIPPluginJar : add genericplugin
2024-09-18 19:06:08,253 [INFO] IPUIPlugin:80 - create IPUIPlugin
2024-09-18 19:06:08,253 [INFO] PluginManager:220 - loadIPPluginJar : add gfxmmu
2024-09-18 19:06:08,373 [INFO] IPUIPlugin:80 - create IPUIPlugin
2024-09-18 19:06:08,373 [INFO] PluginManager:220 - loadIPPluginJar : add gic
2024-09-18 19:06:08,385 [INFO] IPUIPlugin:80 - create IPUIPlugin
2024-09-18 19:06:08,385 [INFO] PluginManager:220 - loadIPPluginJar : add gpio
2024-09-18 19:06:08,476 [INFO] IPUIPlugin:80 - create IPUIPlugin
2024-09-18 19:06:08,476 [INFO] PluginManager:220 - loadIPPluginJar : add gtzc
2024-09-18 19:06:08,505 [INFO] IPUIPlugin:80 - create IPUIPlugin
2024-09-18 19:06:08,505 [INFO] PluginManager:220 - loadIPPluginJar : add hash
2024-09-18 19:06:08,555 [INFO] IPUIPlugin:80 - create IPUIPlugin
2024-09-18 19:06:08,555 [INFO] PluginManager:220 - loadIPPluginJar : add i2c
2024-09-18 19:06:08,591 [INFO] IPUIPlugin:80 - create IPUIPlugin
2024-09-18 19:06:08,592 [INFO] PluginManager:220 - loadIPPluginJar : add i2s
2024-09-18 19:06:08,629 [INFO] IPUIPlugin:80 - create IPUIPlugin
2024-09-18 19:06:08,630 [INFO] PluginManager:220 - loadIPPluginJar : add i3c
2024-09-18 19:06:08,733 [INFO] IPUIPlugin:80 - create IPUIPlugin
2024-09-18 19:06:08,734 [INFO] PluginManager:220 - loadIPPluginJar : add ipddr
2024-09-18 19:06:08,820 [INFO] IPUIPlugin:80 - create IPUIPlugin
2024-09-18 19:06:08,820 [INFO] PluginManager:220 - loadIPPluginJar : add linkedlist
2024-09-18 19:06:08,852 [INFO] IPUIPlugin:80 - create IPUIPlugin
2024-09-18 19:06:08,852 [INFO] PluginManager:220 - loadIPPluginJar : add lorawan
2024-09-18 19:06:08,885 [INFO] IPUIPlugin:80 - create IPUIPlugin
2024-09-18 19:06:08,885 [INFO] PluginManager:220 - loadIPPluginJar : add ltdc
2024-09-18 19:06:08,897 [INFO] IPUIPlugin:80 - create IPUIPlugin
2024-09-18 19:06:08,897 [INFO] PluginManager:220 - loadIPPluginJar : add mdma
2024-09-18 19:06:08,908 [INFO] IPUIPlugin:80 - create IPUIPlugin
2024-09-18 19:06:08,908 [INFO] PluginManager:220 - loadIPPluginJar : add nvic
2024-09-18 19:06:08,942 [INFO] IPUIPlugin:80 - create IPUIPlugin
2024-09-18 19:06:08,942 [INFO] PluginManager:220 - loadIPPluginJar : add opamp
2024-09-18 19:06:08,999 [INFO] IPUIPlugin:80 - create IPUIPlugin
2024-09-18 19:06:08,999 [INFO] PluginManager:220 - loadIPPluginJar : add openamp
2024-09-18 19:06:09,039 [INFO] IPUIPlugin:80 - create IPUIPlugin
2024-09-18 19:06:09,039 [INFO] PluginManager:220 - loadIPPluginJar : add pdm2pcm
2024-09-18 19:06:09,051 [INFO] IPUIPlugin:80 - create IPUIPlugin
2024-09-18 19:06:09,053 [INFO] PluginManager:220 - loadIPPluginJar : add plateformsettings
2024-09-18 19:06:09,073 [INFO] IPUIPlugin:80 - create IPUIPlugin
2024-09-18 19:06:09,073 [INFO] PluginManager:220 - loadIPPluginJar : add quadspi
2024-09-18 19:06:09,097 [INFO] IPUIPlugin:80 - create IPUIPlugin
2024-09-18 19:06:09,098 [INFO] PluginManager:220 - loadIPPluginJar : add radio
2024-09-18 19:06:09,108 [INFO] IPUIPlugin:80 - create IPUIPlugin
2024-09-18 19:06:09,108 [INFO] PluginManager:220 - loadIPPluginJar : add resmgrutility
2024-09-18 19:06:09,154 [INFO] IPUIPlugin:80 - create IPUIPlugin
2024-09-18 19:06:09,154 [INFO] PluginManager:220 - loadIPPluginJar : add sai
2024-09-18 19:06:09,188 [INFO] IPUIPlugin:80 - create IPUIPlugin
2024-09-18 19:06:09,188 [INFO] PluginManager:220 - loadIPPluginJar : add spi
2024-09-18 19:06:09,255 [INFO] IPUIPlugin:80 - create IPUIPlugin
2024-09-18 19:06:09,255 [INFO] PluginManager:220 - loadIPPluginJar : add stm32_wpan
2024-09-18 19:06:09,276 [INFO] IPUIPlugin:80 - create IPUIPlugin
2024-09-18 19:06:09,277 [INFO] PluginManager:220 - loadIPPluginJar : add tim
2024-09-18 19:06:09,332 [INFO] IPUIPlugin:80 - create IPUIPlugin
2024-09-18 19:06:09,333 [INFO] PluginManager:220 - loadIPPluginJar : add touchsensing
2024-09-18 19:06:09,354 [INFO] IPUIPlugin:80 - create IPUIPlugin
2024-09-18 19:06:09,354 [INFO] PluginManager:220 - loadIPPluginJar : add tracer_emb
2024-09-18 19:06:09,378 [INFO] IPUIPlugin:80 - create IPUIPlugin
2024-09-18 19:06:09,378 [INFO] PluginManager:220 - loadIPPluginJar : add ts
2024-09-18 19:06:09,399 [INFO] IPUIPlugin:80 - create IPUIPlugin
2024-09-18 19:06:09,399 [INFO] PluginManager:220 - loadIPPluginJar : add tsc
2024-09-18 19:06:09,419 [INFO] IPUIPlugin:80 - create IPUIPlugin
2024-09-18 19:06:09,419 [INFO] PluginManager:220 - loadIPPluginJar : add ucpd
2024-09-18 19:06:09,460 [INFO] IPUIPlugin:80 - create IPUIPlugin
2024-09-18 19:06:09,460 [INFO] PluginManager:220 - loadIPPluginJar : add usart
2024-09-18 19:06:09,499 [INFO] IPUIPlugin:80 - create IPUIPlugin
2024-09-18 19:06:09,500 [INFO] PluginManager:220 - loadIPPluginJar : add usbx
2024-09-18 19:06:09,617 [INFO] CADModel:165 - CPN selected for project level
2024-09-18 19:06:09,617 [INFO] CADModel:114 - Register for checkConnection events
2024-09-18 19:06:09,617 [FATAL] Updater:334 - Updater called before beeing initialized
2024-09-18 19:06:09,617 [ERROR] CADModel:125 - Updater not yet initialized, retry later 
2024-09-18 19:06:09,719 [INFO] CADModel:165 - CPN selected for project level
2024-09-18 19:06:09,720 [INFO] CADModel:114 - Register for checkConnection events
2024-09-18 19:06:09,720 [FATAL] Updater:334 - Updater called before beeing initialized
2024-09-18 19:06:09,720 [ERROR] CADModel:125 - Updater not yet initialized, retry later 
2024-09-18 19:06:09,722 [FATAL] Updater:334 - Updater called before beeing initialized
2024-09-18 19:06:09,816 [FATAL] Updater:334 - Updater called before beeing initialized
2024-09-18 19:06:09,820 [INFO] DbMcusAds:53 - JSON generation date=Mon Sep 16 10:40:22 EDT 2024 (1726497622318)
2024-09-18 19:06:09,820 [FATAL] Updater:334 - Updater called before beeing initialized
2024-09-18 19:06:09,858 [WARN] DetailPanel:346 - Failed to get advertising image, set to default
2024-09-18 19:06:09,957 [FATAL] Updater:334 - Updater called before beeing initialized
2024-09-18 19:06:09,959 [FATAL] Updater:334 - Updater called before beeing initialized
2024-09-18 19:06:09,959 [FATAL] Updater:334 - Updater called before beeing initialized
2024-09-18 19:06:09,959 [WARN] DetailPanel:346 - Failed to get advertising image, set to default
2024-09-18 19:06:09,960 [FATAL] Updater:334 - Updater called before beeing initialized
2024-09-18 19:06:10,010 [ERROR] Updater:1164 - MainUpdater not yet initialized. External WinMGr cannot be set.
2024-09-18 19:06:10,020 [INFO] Updater:1100 - Updater Version found : 6.12.0
2024-09-18 19:06:10,034 [INFO] ApplicationProperties:184 - Using Application install path: C:\ST\STM32CubeIDE_1.16.0\STM32CubeIDE\plugins\com.st.stm32cube.common.mx_6.12.0.202406281431
2024-09-18 19:06:10,325 [INFO] ThirdPartyUpdaterWithRetryManager:70 - Updater plugin not ready yet. [2/15]
2024-09-18 19:06:11,609 [ERROR] LogOutputStream:75 - [STDERR_REDIRECT] Sep 18, 2024 7:06:11 PM java.util.prefs.WindowsPreferences <init>
2024-09-18 19:06:11,611 [ERROR] LogOutputStream:75 - [STDERR_REDIRECT] WARNING: Could not open/create prefs root node Software\JavaSoft\Prefs at root 0xffffffff80000002. Windows RegCreateKeyEx(...) returned error code 5.
2024-09-18 19:06:11,611 [ERROR] LogOutputStream:75 - [STDERR_REDIRECT] 
2024-09-18 19:06:11,892 [INFO] MainUpdater:2873 - connection check result : 10
2024-09-18 19:06:11,892 [INFO] MainUpdater:290 - Updater Check For Update Now.
2024-09-18 19:06:11,892 [INFO] MicroXplorer:498 - Change Database Version : DB.6.0.120
2024-09-18 19:06:11,906 [INFO] McuFinderGlobals:63 - Set McuFinder mode to 2 (CubeIDE integrated)
2024-09-18 19:06:11,906 [INFO] UserAuth:179 - activating auth plugin
2024-09-18 19:06:11,908 [INFO] UserAuth:417 - Internet connection configuration mode: 1
2024-09-18 19:06:11,929 [INFO] JxBrowserEngine:152 - Initiate JxBrowser Engine with user profile folder
2024-09-18 19:06:12,070 [INFO] CheckServerUpdateThread:120 - End of CheckServer Thread
2024-09-18 19:06:13,298 [INFO] WebApp:167 - Instantiating new browser for Auth
2024-09-18 19:06:13,598 [WARN] PackLoader:240 - Cannot read IP mode file for STMicroelectronics.FP-SNS-MOTENVWB1.1.4.0
2024-09-18 19:06:13,608 [WARN] PackLoader:240 - Cannot read IP mode file for STMicroelectronics.X-CUBE-SMBUS.2.1.0
2024-09-18 19:06:13,650 [WARN] PackLoader:240 - Cannot read IP mode file for STMicroelectronics.X-CUBE-AZRTOS-F7.1.1.0
2024-09-18 19:06:13,721 [WARN] PackLoader:240 - Cannot read IP mode file for STMicroelectronics.X-CUBE-MEMS1.11.0.0
2024-09-18 19:06:13,891 [WARN] PackLoader:240 - Cannot read IP mode file for STMicroelectronics.FP-SNS-FLIGHT1.5.0.2
2024-09-18 19:06:13,902 [WARN] PackLoader:240 - Cannot read IP mode file for STMicroelectronics.X-CUBE-DISPLAY.3.0.0
2024-09-18 19:06:13,917 [WARN] PackLoader:240 - Cannot read IP mode file for STMicroelectronics.X-CUBE-BLE1.7.0.0
2024-09-18 19:06:13,925 [WARN] PackLoader:240 - Cannot read IP mode file for emotas.I-CUBE-CANOPEN.1.3.0
2024-09-18 19:06:13,950 [WARN] PackLoader:240 - Cannot read IP mode file for STMicroelectronics.X-CUBE-BLEMGR.3.1.0
2024-09-18 19:06:13,960 [WARN] PackLoader:240 - Cannot read IP mode file for STMicroelectronics.FP-SNS-SMARTAG2.1.2.0
2024-09-18 19:06:13,973 [INFO] LogOutputStream:77 - [STDOUT_REDIRECT] 1 : Invalid condition id : UX_CORESTACK_Condition cause : null
2024-09-18 19:06:13,973 [INFO] LogOutputStream:77 - [STDOUT_REDIRECT] 1 : Invalid condition id : UX_CORESTACK_Condition cause : null
2024-09-18 19:06:13,975 [INFO] LogOutputStream:77 - [STDOUT_REDIRECT] 1 : Invalid condition id : UX_CORESTACK_Condition cause : null
2024-09-18 19:06:13,976 [INFO] LogOutputStream:77 - [STDOUT_REDIRECT] 1 : Invalid condition id : UX_CORESTACK_Condition cause : null
2024-09-18 19:06:13,978 [INFO] LogOutputStream:77 - [STDOUT_REDIRECT] 1 : Invalid condition id : UX_CORESTACK_Condition cause : null
2024-09-18 19:06:13,982 [WARN] PackLoader:240 - Cannot read IP mode file for STMicroelectronics.X-CUBE-AZRTOS-WL.2.0.0
2024-09-18 19:06:13,990 [WARN] PackLoader:240 - Cannot read IP mode file for STMicroelectronics.FP-SNS-MOTENV1.5.0.0
2024-09-18 19:06:13,997 [WARN] PackLoader:240 - Cannot read IP mode file for wolfSSL.I-CUBE-wolfMQTT.1.19.0
2024-09-18 19:06:14,006 [WARN] PackLoader:240 - Cannot read IP mode file for WES.I-CUBE-Cesium.1.3.0
2024-09-18 19:06:14,012 [WARN] PackLoader:240 - Cannot read IP mode file for STMicroelectronics.X-CUBE-BLE2.3.3.0
2024-09-18 19:06:14,019 [WARN] PackLoader:240 - Cannot read IP mode file for STMicroelectronics.X-CUBE-TCPP.4.1.0
2024-09-18 19:06:14,038 [WARN] PackLoader:240 - Cannot read IP mode file for STMicroelectronics.X-CUBE-AZRTOS-G0.1.1.0
2024-09-18 19:06:14,048 [WARN] PackLoader:240 - Cannot read IP mode file for STMicroelectronics.X-CUBE-SAFEA1.1.2.2
2024-09-18 19:06:14,057 [WARN] PackLoader:240 - Cannot read IP mode file for STMicroelectronics.X-CUBE-NFC4.3.0.0
2024-09-18 19:06:14,071 [WARN] PackLoader:240 - Cannot read IP mode file for EmbeddedOffice.I-CUBE-FS-RTOS.1.0.1
2024-09-18 19:06:14,072 [ERROR] ConditionMgr:805 - Attr not supported : Dmpu
2024-09-18 19:06:14,072 [ERROR] ConditionMgr:805 - Attr not supported : Dmpu
2024-09-18 19:06:14,072 [ERROR] ConditionMgr:805 - Attr not supported : Dmpu
2024-09-18 19:06:14,072 [ERROR] ConditionMgr:805 - Attr not supported : Dmpu
2024-09-18 19:06:14,072 [ERROR] ConditionMgr:805 - Attr not supported : Dmpu
2024-09-18 19:06:14,072 [ERROR] ConditionMgr:805 - Attr not supported : Dmpu
2024-09-18 19:06:14,072 [ERROR] ConditionMgr:805 - Attr not supported : Dmpu
2024-09-18 19:06:14,072 [ERROR] ConditionMgr:805 - Attr not supported : Dmpu
2024-09-18 19:06:14,072 [ERROR] ConditionMgr:805 - Attr not supported : Dmpu
2024-09-18 19:06:14,072 [ERROR] ConditionMgr:805 - Attr not supported : Dmpu
2024-09-18 19:06:14,072 [ERROR] ConditionMgr:805 - Attr not supported : Dmpu
2024-09-18 19:06:14,072 [ERROR] ConditionMgr:805 - Attr not supported : Dmpu
2024-09-18 19:06:14,072 [ERROR] ConditionMgr:805 - Attr not supported : Dmpu
2024-09-18 19:06:14,072 [ERROR] ConditionMgr:805 - Attr not supported : Dmpu
2024-09-18 19:06:14,073 [ERROR] ConditionMgr:805 - Attr not supported : Dmpu
2024-09-18 19:06:14,073 [ERROR] ConditionMgr:805 - Attr not supported : Dmpu
2024-09-18 19:06:14,073 [ERROR] ConditionMgr:805 - Attr not supported : Dmpu
2024-09-18 19:06:14,073 [ERROR] ConditionMgr:805 - Attr not supported : Dmpu
2024-09-18 19:06:14,073 [ERROR] ConditionMgr:805 - Attr not supported : Dmpu
2024-09-18 19:06:14,073 [ERROR] ConditionMgr:805 - Attr not supported : Dmpu
2024-09-18 19:06:14,073 [ERROR] ConditionMgr:805 - Attr not supported : Dmpu
2024-09-18 19:06:14,073 [ERROR] ConditionMgr:805 - Attr not supported : Dmpu
2024-09-18 19:06:14,073 [ERROR] ConditionMgr:805 - Attr not supported : Dmpu
2024-09-18 19:06:14,073 [ERROR] ConditionMgr:805 - Attr not supported : Dmpu
2024-09-18 19:06:14,073 [ERROR] ConditionMgr:805 - Attr not supported : Dmpu
2024-09-18 19:06:14,073 [ERROR] ConditionMgr:805 - Attr not supported : Dmpu
2024-09-18 19:06:14,074 [ERROR] ConditionMgr:805 - Attr not supported : Dmpu
2024-09-18 19:06:14,074 [ERROR] ConditionMgr:805 - Attr not supported : Dmpu
2024-09-18 19:06:14,074 [ERROR] ConditionMgr:805 - Attr not supported : Dmpu
2024-09-18 19:06:14,074 [ERROR] ConditionMgr:805 - Attr not supported : Dmpu
2024-09-18 19:06:14,074 [ERROR] ConditionMgr:805 - Attr not supported : Dmpu
2024-09-18 19:06:14,074 [ERROR] ConditionMgr:805 - Attr not supported : Dmpu
2024-09-18 19:06:14,074 [ERROR] ConditionMgr:805 - Attr not supported : Dmpu
2024-09-18 19:06:14,074 [ERROR] ConditionMgr:805 - Attr not supported : Dmpu
2024-09-18 19:06:14,074 [ERROR] ConditionMgr:805 - Attr not supported : Dmpu
2024-09-18 19:06:14,074 [ERROR] ConditionMgr:805 - Attr not supported : Dmpu
2024-09-18 19:06:14,074 [ERROR] ConditionMgr:805 - Attr not supported : Dmpu
2024-09-18 19:06:14,074 [ERROR] ConditionMgr:805 - Attr not supported : Dmpu
2024-09-18 19:06:14,074 [ERROR] ConditionMgr:805 - Attr not supported : Dmpu
2024-09-18 19:06:14,074 [ERROR] ConditionMgr:805 - Attr not supported : Dmpu
2024-09-18 19:06:14,075 [ERROR] ConditionMgr:805 - Attr not supported : Dmpu
2024-09-18 19:06:14,075 [ERROR] ConditionMgr:805 - Attr not supported : Dmpu
2024-09-18 19:06:14,075 [ERROR] ConditionMgr:805 - Attr not supported : Dmpu
2024-09-18 19:06:14,075 [ERROR] ConditionMgr:805 - Attr not supported : Dmpu
2024-09-18 19:06:14,075 [ERROR] ConditionMgr:805 - Attr not supported : Dmpu
2024-09-18 19:06:14,075 [ERROR] ConditionMgr:805 - Attr not supported : Dmpu
2024-09-18 19:06:14,075 [ERROR] ConditionMgr:805 - Attr not supported : Dmpu
2024-09-18 19:06:14,075 [ERROR] ConditionMgr:805 - Attr not supported : Dmpu
2024-09-18 19:06:14,075 [ERROR] ConditionMgr:805 - Attr not supported : Dmpu
2024-09-18 19:06:14,075 [ERROR] ConditionMgr:805 - Attr not supported : Dmpu
2024-09-18 19:06:14,075 [ERROR] ConditionMgr:805 - Attr not supported : Dmpu
2024-09-18 19:06:14,075 [ERROR] ConditionMgr:805 - Attr not supported : Dmpu
2024-09-18 19:06:14,075 [ERROR] ConditionMgr:805 - Attr not supported : Dmpu
2024-09-18 19:06:14,075 [ERROR] ConditionMgr:805 - Attr not supported : Dmpu
2024-09-18 19:06:14,075 [ERROR] ConditionMgr:805 - Attr not supported : Dmpu
2024-09-18 19:06:14,076 [ERROR] ConditionMgr:805 - Attr not supported : Dmpu
2024-09-18 19:06:14,076 [ERROR] ConditionMgr:805 - Attr not supported : Dmpu
2024-09-18 19:06:14,076 [ERROR] ConditionMgr:805 - Attr not supported : Dmpu
2024-09-18 19:06:14,076 [ERROR] ConditionMgr:805 - Attr not supported : Dmpu
2024-09-18 19:06:14,076 [ERROR] ConditionMgr:805 - Attr not supported : Dmpu
2024-09-18 19:06:14,076 [ERROR] ConditionMgr:805 - Attr not supported : Dmpu
2024-09-18 19:06:14,076 [ERROR] ConditionMgr:805 - Attr not supported : Dmpu
2024-09-18 19:06:14,076 [ERROR] ConditionMgr:805 - Attr not supported : Dmpu
2024-09-18 19:06:14,076 [ERROR] ConditionMgr:805 - Attr not supported : Dmpu
2024-09-18 19:06:14,082 [WARN] PackLoader:240 - Cannot read IP mode file for RealThread.X-CUBE-RT-Thread_Nano.4.1.1
2024-09-18 19:06:14,088 [WARN] PackLoader:240 - Cannot read IP mode file for STMicroelectronics.FP-ATR-SIGFOX1.3.2.0
2024-09-18 19:06:14,093 [WARN] PackLoader:240 - Cannot read IP mode file for wolfSSL.I-CUBE-wolfSSL.5.7.2
2024-09-18 19:06:14,099 [WARN] PackLoader:240 - Cannot read IP mode file for STMicroelectronics.X-CUBE-EEPRMA1.5.1.0
2024-09-18 19:06:14,108 [WARN] PackLoader:240 - Cannot read IP mode file for ITTIA_DB.I-CUBE-ITTIADB.8.9.0
2024-09-18 19:06:14,146 [WARN] PackLoader:240 - Cannot read IP mode file for SEGGER.I-CUBE-embOS.1.3.1
2024-09-18 19:06:14,270 [WARN] PackLoader:240 - Cannot read IP mode file for STMicroelectronics.X-CUBE-ALGOBUILD.1.4.0
2024-09-18 19:06:14,281 [WARN] PackLoader:240 - Cannot read IP mode file for STMicroelectronics.X-CUBE-GNSS1.6.0.0
2024-09-18 19:06:14,306 [WARN] PackLoader:240 - Cannot read IP mode file for STMicroelectronics.X-CUBE-AZRTOS-F4.1.1.0
2024-09-18 19:06:14,319 [WARN] PackLoader:240 - Cannot read IP mode file for STMicroelectronics.X-CUBE-FREERTOS.1.2.0
2024-09-18 19:06:14,339 [WARN] PackLoader:240 - Cannot read IP mode file for STMicroelectronics.X-CUBE-AZRTOS-L5.2.0.0
2024-09-18 19:06:14,351 [WARN] PackLoader:240 - Cannot read IP mode file for STMicroelectronics.X-CUBE-NFC6.3.1.0
2024-09-18 19:06:14,359 [WARN] PackLoader:240 - Cannot read IP mode file for STMicroelectronics.X-CUBE-DPower.1.2.0
2024-09-18 19:06:14,365 [WARN] PackLoader:240 - Cannot read IP mode file for STMicroelectronics.X-CUBE-AI.9.0.0
2024-09-18 19:06:14,371 [WARN] PackLoader:240 - Cannot read IP mode file for STMicroelectronics.X-CUBE-NFC7.1.0.1
2024-09-18 19:06:14,393 [WARN] ConditionMgr:438 - getConditionDescription Invalid condition id : LAN8742 Phy interface Condition cause : null
2024-09-18 19:06:14,394 [WARN] PackLoader:240 - Cannot read IP mode file for STMicroelectronics.X-CUBE-AZRTOS-L4.2.0.0
2024-09-18 19:06:14,396 [WARN] ConditionMgr:1039 - genDependencies : Invalid condition id : LAN8742 Phy interface Condition cause : null
2024-09-18 19:06:14,397 [WARN] ConditionMgr:1039 - genDependencies : Invalid condition id : LAN8742 Phy interface Condition cause : null
2024-09-18 19:06:14,398 [WARN] ConditionMgr:1039 - genDependencies : Invalid condition id : LAN8742 Phy interface Condition cause : null
2024-09-18 19:06:14,408 [WARN] PackLoader:240 - Cannot read IP mode file for STMicroelectronics.X-CUBE-SFXS2LP1.4.0.0
2024-09-18 19:06:14,420 [INFO] WebApp:448 - Apply proxy settings
2024-09-18 19:06:14,421 [INFO] WebApp:533 - Chromium requires no authentication
2024-09-18 19:06:14,431 [WARN] PackLoader:240 - Cannot read IP mode file for STMicroelectronics.X-CUBE-AZRTOS-H7.3.3.0
2024-09-18 19:06:14,440 [INFO] WebApp:476 - Direct internet connection detected
2024-09-18 19:06:14,453 [WARN] ConditionMgr:438 - getConditionDescription Invalid condition id : UX DEVICE CLASS RTOS Condition cause : null
2024-09-18 19:06:14,453 [WARN] ConditionMgr:438 - getConditionDescription Invalid condition id : UX DEVICE CLASS RTOS Condition cause : null
2024-09-18 19:06:14,456 [WARN] PackLoader:240 - Cannot read IP mode file for STMicroelectronics.X-CUBE-AZRTOS-WB.2.0.0
2024-09-18 19:06:14,457 [WARN] ConditionMgr:1039 - genDependencies : Invalid condition id : UX DEVICE CLASS RTOS Condition cause : null
2024-09-18 19:06:14,457 [WARN] ConditionMgr:1039 - genDependencies : Invalid condition id : UX DEVICE CLASS RTOS Condition cause : null
2024-09-18 19:06:14,458 [WARN] ConditionMgr:1039 - genDependencies : Invalid condition id : UX DEVICE CLASS RTOS Condition cause : null
2024-09-18 19:06:14,458 [WARN] ConditionMgr:1039 - genDependencies : Invalid condition id : UX DEVICE CLASS RTOS Condition cause : null
2024-09-18 19:06:14,458 [WARN] ConditionMgr:1039 - genDependencies : Invalid condition id : UX DEVICE CLASS RTOS Condition cause : null
2024-09-18 19:06:14,466 [WARN] PackLoader:240 - Cannot read IP mode file for STMicroelectronics.X-CUBE-GNSS1.7.0.0
2024-09-18 19:06:14,478 [WARN] PackLoader:240 - Cannot read IP mode file for STMicroelectronics.FP-SNS-STBOX1.2.0.0
2024-09-18 19:06:14,485 [INFO] WebApp:869 - Register for checkConnection events
2024-09-18 19:06:14,486 [INFO] WebApp:448 - Apply proxy settings
2024-09-18 19:06:14,486 [INFO] WebApp:533 - Chromium requires no authentication
2024-09-18 19:06:14,486 [INFO] WebApp:476 - Direct internet connection detected
2024-09-18 19:06:14,495 [WARN] PackLoader:240 - Cannot read IP mode file for STMicroelectronics.X-CUBE-SUBG2.5.0.0
2024-09-18 19:06:14,506 [WARN] PackLoader:240 - Cannot read IP mode file for Cesanta.I-CUBE-Mongoose.7.13.0
2024-09-18 19:06:14,528 [WARN] PackLoader:240 - Cannot read IP mode file for STMicroelectronics.X-CUBE-AZRTOS-G4.2.0.0
2024-09-18 19:06:14,536 [WARN] PackLoader:240 - Cannot read IP mode file for STMicroelectronics.X-CUBE-ISPU.2.0.0
2024-09-18 19:06:14,543 [WARN] PackLoader:240 - Cannot read IP mode file for STMicroelectronics.X-CUBE-ALS.1.0.2
2024-09-18 19:06:14,551 [WARN] PackLoader:240 - Cannot read IP mode file for STMicroelectronics.X-CUBE-TOUCHGFX.4.24.0
2024-09-18 19:06:14,557 [WARN] PackLoader:240 - Cannot read IP mode file for wolfSSL.I-CUBE-wolfTPM.3.4.0
2024-09-18 19:06:14,563 [WARN] PackLoader:240 - Cannot read IP mode file for portGmbH.I-Cube-SoM-uGOAL.1.1.0
2024-09-18 19:06:14,580 [WARN] PackLoader:240 - Cannot read IP mode file for STMicroelectronics.X-CUBE-AZRTOS-H7RS.1.0.0
2024-09-18 19:06:14,588 [WARN] PackLoader:240 - Cannot read IP mode file for STMicroelectronics.FP-ATR-ASTRA1.2.0.0
2024-09-18 19:06:14,599 [WARN] PackLoader:240 - Cannot read IP mode file for STMicroelectronics.X-CUBE-TOF1.3.4.2
2024-09-18 19:06:14,627 [WARN] PackLoader:240 - Cannot read IP mode file for Infineon.AIROC-Wi-Fi-Bluetooth-STM32.1.6.1
2024-09-18 19:06:14,637 [WARN] PackLoader:240 - Cannot read IP mode file for wolfSSL.I-CUBE-wolfSSH.1.4.17
2024-09-18 19:06:14,638 [INFO] ThirdParty:978 - Integrity check success = true
2024-09-18 19:06:14,638 [INFO] IntegrityCheckThread:100 - exiting critical section [integrity check]
2024-09-18 19:06:14,638 [INFO] IntegrityCheckThread:103 - End integrity checks thread
2024-09-18 19:06:14,669 [INFO] WebApp:186 - Connection restablished
2024-09-18 19:06:14,836 [INFO] WebApp:220 - Starting web application
2024-09-18 19:06:14,836 [INFO] WebApp:578 - Web application path used C:\ST\STM32CubeIDE_1.16.0\STM32CubeIDE\plugins\com.st.stm32cube.common.mx_6.12.0.202406281431\db\plugins\mcufinder\reactClient1\index.html
2024-09-18 22:18:41,676 [ERROR] LogOutputStream:75 - [STDERR_REDIRECT] 
2024-09-18 22:18:41,677 [ERROR] LogOutputStream:75 - [STDERR_REDIRECT] 
