2024-09-30 17:05:44,590 [INFO] Activator:176 - 


2024-09-30 17:05:44,595 [INFO] Activator:177 - !SESSION log4j initialized
2024-09-30 17:05:50,190 [INFO] LogOutputStream:77 - [STDOUT_REDIRECT] 
2024-09-30 17:05:51,270 [INFO] ApplicationProperties:184 - Using Application install path: C:\ST\STM32CubeIDE_1.16.0\STM32CubeIDE\plugins\com.st.stm32cube.common.mx_6.12.0.202406281431
2024-09-30 17:05:51,287 [INFO] DbMcusXml:78 - Set database path to: C:\ST\STM32CubeIDE_1.16.0\STM32CubeIDE\plugins\com.st.stm32cube.common.mx_6.12.0.202406281431\\db\/mcu/
2024-09-30 17:05:51,287 [INFO] ApiDb:274 - Set plugin database path to: C:\ST\STM32CubeIDE_1.16.0\STM32CubeIDE\plugins\com.st.stm32cube.common.mx_6.12.0.202406281431\\db\/plugins/boardmanager/
2024-09-30 17:05:51,287 [WARN] ApiDb:259 - Overriding images path with different value:  => C:\ST\STM32CubeIDE_1.16.0\STM32CubeIDE\plugins\com.st.stm32cube.common.mx_6.12.0.202406281431\\db\/plugins/mcufinder/images/
2024-09-30 17:05:51,294 [INFO] ApiDb:250 - Set database path to: C:\Users\Ali\.stmcufinder\plugins\mcufinder//mcu/
2024-09-30 17:05:51,295 [INFO] DbMcusAds:125 - Set database path to: C:\Users\Ali\.stmcufinder\plugins\mcufinder//mcu/
2024-09-30 17:05:51,297 [INFO] CrossReferenceDbSqlite:203 - Set database path to: C:\Users\Ali\.stmcufinder\plugins\mcufinder//mcu/cs/
2024-09-30 17:05:51,394 [INFO] RulesReader:64 - Compatibility file has been processed (297 Rules)
2024-09-30 17:05:51,470 [INFO] DbMcusXml:78 - Set database path to: C:\ST\STM32CubeIDE_1.16.0\STM32CubeIDE\plugins\com.st.stm32cube.common.mx_6.12.0.202406281431\\db\/mcu/
2024-09-30 17:05:51,470 [INFO] ApiDb:274 - Set plugin database path to: C:\ST\STM32CubeIDE_1.16.0\STM32CubeIDE\plugins\com.st.stm32cube.common.mx_6.12.0.202406281431\\db\/plugins/boardmanager/
2024-09-30 17:05:51,470 [INFO] ApiDb:261 - Set plugin images path to: C:\ST\STM32CubeIDE_1.16.0\STM32CubeIDE\plugins\com.st.stm32cube.common.mx_6.12.0.202406281431\\db\/plugins/mcufinder/images/
2024-09-30 17:05:51,471 [WARN] DbFile:41 - Overriding database path with different value: C:\Users\Ali\.stmcufinder\plugins\mcufinder/ => C:\Users\Ali\.stmcufinder\plugins\mcufinder
2024-09-30 17:05:51,471 [INFO] ApiDb:250 - Set database path to: C:\Users\Ali\.stmcufinder\plugins\mcufinder//mcu/
2024-09-30 17:05:51,471 [WARN] DbFile:41 - Overriding database path with different value: C:\Users\Ali\.stmcufinder\plugins\mcufinder/ => C:\Users\Ali\.stmcufinder\plugins\mcufinder
2024-09-30 17:05:51,471 [INFO] DbMcusAds:125 - Set database path to: C:\Users\Ali\.stmcufinder\plugins\mcufinder//mcu/
2024-09-30 17:05:51,471 [WARN] DbFile:41 - Overriding database path with different value: C:\Users\Ali\.stmcufinder\plugins\mcufinder/ => C:\Users\Ali\.stmcufinder\plugins\mcufinder
2024-09-30 17:05:51,471 [WARN] DbFile:41 - Overriding database path with different value: C:\Users\Ali\.stmcufinder\plugins\mcufinder/ => C:\Users\Ali\.stmcufinder\plugins\mcufinder
2024-09-30 17:05:51,471 [INFO] CrossReferenceDbSqlite:203 - Set database path to: C:\Users\Ali\.stmcufinder\plugins\mcufinder//mcu/cs/
2024-09-30 17:05:51,551 [INFO] MainPanel:268 - HeapMemory: 268435456
2024-09-30 17:05:51,655 [INFO] DbMcusXml:78 - Set database path to: C:\ST\STM32CubeIDE_1.16.0\STM32CubeIDE\plugins\com.st.stm32cube.common.mx_6.12.0.202406281431\\db\/mcu/
2024-09-30 17:05:51,655 [INFO] ApiDb:274 - Set plugin database path to: C:\ST\STM32CubeIDE_1.16.0\STM32CubeIDE\plugins\com.st.stm32cube.common.mx_6.12.0.202406281431\\db\/plugins/boardmanager/
2024-09-30 17:05:51,655 [INFO] ApiDb:261 - Set plugin images path to: C:\ST\STM32CubeIDE_1.16.0\STM32CubeIDE\plugins\com.st.stm32cube.common.mx_6.12.0.202406281431\\db\/plugins/mcufinder/images/
2024-09-30 17:05:51,655 [WARN] DbFile:41 - Overriding database path with different value: C:\Users\Ali\.stmcufinder\plugins\mcufinder/ => C:\Users\Ali\.stmcufinder\plugins\mcufinder
2024-09-30 17:05:51,655 [INFO] ApiDb:250 - Set database path to: C:\Users\Ali\.stmcufinder\plugins\mcufinder//mcu/
2024-09-30 17:05:51,655 [WARN] DbFile:41 - Overriding database path with different value: C:\Users\Ali\.stmcufinder\plugins\mcufinder/ => C:\Users\Ali\.stmcufinder\plugins\mcufinder
2024-09-30 17:05:51,656 [INFO] DbMcusAds:125 - Set database path to: C:\Users\Ali\.stmcufinder\plugins\mcufinder//mcu/
2024-09-30 17:05:51,656 [WARN] DbFile:41 - Overriding database path with different value: C:\Users\Ali\.stmcufinder\plugins\mcufinder/ => C:\Users\Ali\.stmcufinder\plugins\mcufinder
2024-09-30 17:05:51,656 [WARN] DbFile:41 - Overriding database path with different value: C:\Users\Ali\.stmcufinder\plugins\mcufinder/ => C:\Users\Ali\.stmcufinder\plugins\mcufinder
2024-09-30 17:05:51,656 [INFO] CrossReferenceDbSqlite:203 - Set database path to: C:\Users\Ali\.stmcufinder\plugins\mcufinder//mcu/cs/
2024-09-30 17:05:51,674 [INFO] ApplicationProperties:184 - Using Application install path: C:\ST\STM32CubeIDE_1.16.0\STM32CubeIDE\plugins\com.st.stm32cube.common.mx_6.12.0.202406281431
2024-09-30 17:05:51,675 [INFO] PluginManage:196 - Search for loadable plugins [exclusion list=, ]
2024-09-30 17:05:51,676 [INFO] PluginManage:310 - Check plugin analytics
2024-09-30 17:05:51,811 [INFO] AnalyticsPlugin:253 - Accepted Software Licenses: 
2024-09-30 17:05:51,812 [INFO] AnalyticsPlugin:255 - Accepted CMSIS Pack Licenses: 
2024-09-30 17:05:51,812 [INFO] AnalyticsPlugin:257 - Accepted Firmware Licenses: FW.L4.1.18.0
2024-09-30 17:05:51,814 [INFO] PluginManage:359 - Loaded plugin analytics (category:tool,tabindex:-1)
2024-09-30 17:05:51,814 [INFO] PluginManage:310 - Check plugin cadmodel
2024-09-30 17:05:51,827 [INFO] CADModel:105 - Init CAD model plugin
2024-09-30 17:05:51,827 [INFO] PluginManage:359 - Loaded plugin cadmodel (category:power,tabindex:5)
2024-09-30 17:05:51,828 [INFO] PluginManage:310 - Check plugin clock
2024-09-30 17:05:51,844 [INFO] PluginManage:359 - Loaded plugin clock (category:base,tabindex:2)
2024-09-30 17:05:51,844 [INFO] PluginManage:310 - Check plugin ddr
2024-09-30 17:05:51,847 [INFO] PluginManage:359 - Loaded plugin ddr (category:tool,tabindex:6)
2024-09-30 17:05:51,847 [INFO] PluginManage:310 - Check plugin filemanager
2024-09-30 17:05:51,976 [INFO] PluginManage:359 - Loaded plugin filemanager (category:base,tabindex:10)
2024-09-30 17:05:51,977 [INFO] PluginManage:310 - Check plugin ipmanager
2024-09-30 17:05:51,983 [INFO] PluginManage:359 - Loaded plugin ipmanager (category:base,tabindex:5)
2024-09-30 17:05:51,983 [INFO] PluginManage:310 - Check plugin lpbam
2024-09-30 17:05:51,998 [INFO] PluginManage:359 - Loaded plugin lpbam (category:base,tabindex:0)
2024-09-30 17:05:51,998 [INFO] PluginManage:310 - Check plugin memorymap
2024-09-30 17:05:52,019 [INFO] PluginManage:359 - Loaded plugin memorymap (category:base,tabindex:4)
2024-09-30 17:05:52,019 [INFO] PluginManage:310 - Check plugin pinoutandconfiguration
2024-09-30 17:05:52,034 [INFO] PluginManage:359 - Loaded plugin pinoutandconfiguration (category:base,tabindex:1)
2024-09-30 17:05:52,035 [INFO] PluginManage:310 - Check plugin pinoutconfig
2024-09-30 17:05:52,121 [WARN] SupportedApi:132 - Cannot load RTOS API schema: s4s-elt-must-match.1: The content of 'definitions' must match (annotation?, (simpleType | complexType)?, (unique | key | keyref)*)). A problem was found starting at: attribute.
2024-09-30 17:05:52,242 [INFO] PluginManage:359 - Loaded plugin pinoutconfig (category:base,tabindex:0)
2024-09-30 17:05:52,242 [INFO] PluginManage:310 - Check plugin power
2024-09-30 17:05:52,265 [INFO] PluginManage:359 - Loaded plugin power (category:power,tabindex:4)
2024-09-30 17:05:52,265 [INFO] PluginManage:310 - Check plugin projectmanager
2024-09-30 17:05:52,278 [INFO] PluginManage:359 - Loaded plugin projectmanager (category:projectmanager,tabindex:4)
2024-09-30 17:05:52,278 [INFO] PluginManage:310 - Check plugin rif
2024-09-30 17:05:52,291 [INFO] PluginManage:359 - Loaded plugin rif (category:base,tabindex:3)
2024-09-30 17:05:52,291 [INFO] PluginManage:310 - Check plugin thirdparty
2024-09-30 17:05:52,535 [INFO] PluginManage:359 - Loaded plugin thirdparty (category:base,tabindex:-1)
2024-09-30 17:05:52,535 [WARN] IntegrityCheckThread:84 - waiting for thirdparty lock release [integrity check]
2024-09-30 17:05:52,535 [INFO] PluginManage:310 - Check plugin tools
2024-09-30 17:05:52,535 [INFO] IntegrityCheckThread:86 - entering critical section [integrity check]
2024-09-30 17:05:52,536 [INFO] ThirdPartyUpdaterWithRetryManager:70 - Updater plugin not ready yet. [1/15]
2024-09-30 17:05:52,566 [INFO] PluginManage:359 - Loaded plugin tools (category:base,tabindex:7)
2024-09-30 17:05:52,566 [INFO] PluginManage:310 - Check plugin tutovideos
2024-09-30 17:05:52,728 [INFO] PluginManage:359 - Loaded plugin tutovideos (category:base,tabindex:-1)
2024-09-30 17:05:52,728 [INFO] PluginManage:310 - Check plugin updater
2024-09-30 17:05:52,744 [INFO] PluginManage:359 - Loaded plugin updater (category:base,tabindex:12)
2024-09-30 17:05:52,744 [INFO] PluginManage:310 - Check plugin userauth
2024-09-30 17:05:52,750 [INFO] UserAuth:113 - Init User Auth plugin
2024-09-30 17:05:52,750 [INFO] PluginManage:359 - Loaded plugin userauth (category:base,tabindex:14)
2024-09-30 17:05:52,751 [INFO] PluginManage:283 - PluginManage : Loaded plugins [18]
2024-09-30 17:05:52,934 [INFO] PinOutPanel:1561 - setPackage(No Configuration,No Configuration)
2024-09-30 17:05:53,016 [INFO] CADModel:165 - CPN selected for project level
2024-09-30 17:05:53,016 [INFO] CADModel:114 - Register for checkConnection events
2024-09-30 17:05:53,038 [INFO] IPUIPlugin:80 - create IPUIPlugin
2024-09-30 17:05:53,038 [INFO] PluginManager:220 - loadIPPluginJar : add adc
2024-09-30 17:05:53,069 [INFO] IPUIPlugin:80 - create IPUIPlugin
2024-09-30 17:05:53,069 [INFO] PluginManager:220 - loadIPPluginJar : add aes
2024-09-30 17:05:53,105 [INFO] IPUIPlugin:80 - create IPUIPlugin
2024-09-30 17:05:53,105 [INFO] PluginManager:220 - loadIPPluginJar : add can
2024-09-30 17:05:53,125 [INFO] IPUIPlugin:80 - create IPUIPlugin
2024-09-30 17:05:53,125 [INFO] PluginManager:220 - loadIPPluginJar : add comp
2024-09-30 17:05:53,154 [INFO] IPUIPlugin:80 - create IPUIPlugin
2024-09-30 17:05:53,155 [INFO] PluginManager:220 - loadIPPluginJar : add cryp
2024-09-30 17:05:53,166 [INFO] IPUIPlugin:80 - create IPUIPlugin
2024-09-30 17:05:53,166 [INFO] PluginManager:220 - loadIPPluginJar : add ddr_ctrl_phy
2024-09-30 17:05:53,193 [INFO] IPUIPlugin:80 - create IPUIPlugin
2024-09-30 17:05:53,193 [INFO] PluginManager:220 - loadIPPluginJar : add dfsdm
2024-09-30 17:05:53,204 [INFO] IPUIPlugin:80 - create IPUIPlugin
2024-09-30 17:05:53,205 [INFO] PluginManager:220 - loadIPPluginJar : add dma
2024-09-30 17:05:53,244 [INFO] IPUIPlugin:80 - create IPUIPlugin
2024-09-30 17:05:53,244 [INFO] PluginManager:220 - loadIPPluginJar : add dma3
2024-09-30 17:05:53,286 [INFO] IPUIPlugin:80 - create IPUIPlugin
2024-09-30 17:05:53,286 [INFO] PluginManager:220 - loadIPPluginJar : add extmemmanager
2024-09-30 17:05:53,304 [INFO] IPUIPlugin:80 - create IPUIPlugin
2024-09-30 17:05:53,304 [INFO] PluginManager:220 - loadIPPluginJar : add fatfs
2024-09-30 17:05:53,349 [INFO] IPUIPlugin:80 - create IPUIPlugin
2024-09-30 17:05:53,349 [INFO] PluginManager:220 - loadIPPluginJar : add fmc
2024-09-30 17:05:53,361 [INFO] IPUIPlugin:80 - create IPUIPlugin
2024-09-30 17:05:53,362 [INFO] PluginManager:220 - loadIPPluginJar : add freertos
2024-09-30 17:05:53,380 [INFO] IPUIPlugin:80 - create IPUIPlugin
2024-09-30 17:05:53,380 [INFO] PluginManager:220 - loadIPPluginJar : add genericplugin
2024-09-30 17:05:53,468 [INFO] IPUIPlugin:80 - create IPUIPlugin
2024-09-30 17:05:53,468 [INFO] PluginManager:220 - loadIPPluginJar : add gfxmmu
2024-09-30 17:05:53,591 [INFO] IPUIPlugin:80 - create IPUIPlugin
2024-09-30 17:05:53,591 [INFO] PluginManager:220 - loadIPPluginJar : add gic
2024-09-30 17:05:53,602 [INFO] IPUIPlugin:80 - create IPUIPlugin
2024-09-30 17:05:53,602 [INFO] PluginManager:220 - loadIPPluginJar : add gpio
2024-09-30 17:05:53,695 [INFO] IPUIPlugin:80 - create IPUIPlugin
2024-09-30 17:05:53,695 [INFO] PluginManager:220 - loadIPPluginJar : add gtzc
2024-09-30 17:05:53,725 [INFO] IPUIPlugin:80 - create IPUIPlugin
2024-09-30 17:05:53,726 [INFO] PluginManager:220 - loadIPPluginJar : add hash
2024-09-30 17:05:53,777 [INFO] IPUIPlugin:80 - create IPUIPlugin
2024-09-30 17:05:53,777 [INFO] PluginManager:220 - loadIPPluginJar : add i2c
2024-09-30 17:05:53,815 [INFO] IPUIPlugin:80 - create IPUIPlugin
2024-09-30 17:05:53,815 [INFO] PluginManager:220 - loadIPPluginJar : add i2s
2024-09-30 17:05:53,856 [INFO] IPUIPlugin:80 - create IPUIPlugin
2024-09-30 17:05:53,856 [INFO] PluginManager:220 - loadIPPluginJar : add i3c
2024-09-30 17:05:53,957 [INFO] IPUIPlugin:80 - create IPUIPlugin
2024-09-30 17:05:53,957 [INFO] PluginManager:220 - loadIPPluginJar : add ipddr
2024-09-30 17:05:54,042 [INFO] IPUIPlugin:80 - create IPUIPlugin
2024-09-30 17:05:54,043 [INFO] PluginManager:220 - loadIPPluginJar : add linkedlist
2024-09-30 17:05:54,074 [INFO] IPUIPlugin:80 - create IPUIPlugin
2024-09-30 17:05:54,074 [INFO] PluginManager:220 - loadIPPluginJar : add lorawan
2024-09-30 17:05:54,107 [INFO] IPUIPlugin:80 - create IPUIPlugin
2024-09-30 17:05:54,107 [INFO] PluginManager:220 - loadIPPluginJar : add ltdc
2024-09-30 17:05:54,119 [INFO] IPUIPlugin:80 - create IPUIPlugin
2024-09-30 17:05:54,119 [INFO] PluginManager:220 - loadIPPluginJar : add mdma
2024-09-30 17:05:54,129 [INFO] IPUIPlugin:80 - create IPUIPlugin
2024-09-30 17:05:54,129 [INFO] PluginManager:220 - loadIPPluginJar : add nvic
2024-09-30 17:05:54,162 [INFO] IPUIPlugin:80 - create IPUIPlugin
2024-09-30 17:05:54,162 [INFO] PluginManager:220 - loadIPPluginJar : add opamp
2024-09-30 17:05:54,217 [INFO] IPUIPlugin:80 - create IPUIPlugin
2024-09-30 17:05:54,217 [INFO] PluginManager:220 - loadIPPluginJar : add openamp
2024-09-30 17:05:54,255 [INFO] IPUIPlugin:80 - create IPUIPlugin
2024-09-30 17:05:54,255 [INFO] PluginManager:220 - loadIPPluginJar : add pdm2pcm
2024-09-30 17:05:54,268 [INFO] IPUIPlugin:80 - create IPUIPlugin
2024-09-30 17:05:54,270 [INFO] PluginManager:220 - loadIPPluginJar : add plateformsettings
2024-09-30 17:05:54,289 [INFO] IPUIPlugin:80 - create IPUIPlugin
2024-09-30 17:05:54,289 [INFO] PluginManager:220 - loadIPPluginJar : add quadspi
2024-09-30 17:05:54,313 [INFO] IPUIPlugin:80 - create IPUIPlugin
2024-09-30 17:05:54,313 [INFO] PluginManager:220 - loadIPPluginJar : add radio
2024-09-30 17:05:54,324 [INFO] IPUIPlugin:80 - create IPUIPlugin
2024-09-30 17:05:54,324 [INFO] PluginManager:220 - loadIPPluginJar : add resmgrutility
2024-09-30 17:05:54,369 [INFO] IPUIPlugin:80 - create IPUIPlugin
2024-09-30 17:05:54,369 [INFO] PluginManager:220 - loadIPPluginJar : add sai
2024-09-30 17:05:54,404 [INFO] IPUIPlugin:80 - create IPUIPlugin
2024-09-30 17:05:54,404 [INFO] PluginManager:220 - loadIPPluginJar : add spi
2024-09-30 17:05:54,472 [INFO] IPUIPlugin:80 - create IPUIPlugin
2024-09-30 17:05:54,472 [INFO] PluginManager:220 - loadIPPluginJar : add stm32_wpan
2024-09-30 17:05:54,492 [INFO] IPUIPlugin:80 - create IPUIPlugin
2024-09-30 17:05:54,492 [INFO] PluginManager:220 - loadIPPluginJar : add tim
2024-09-30 17:05:54,550 [INFO] IPUIPlugin:80 - create IPUIPlugin
2024-09-30 17:05:54,550 [INFO] PluginManager:220 - loadIPPluginJar : add touchsensing
2024-09-30 17:05:54,570 [INFO] IPUIPlugin:80 - create IPUIPlugin
2024-09-30 17:05:54,570 [INFO] PluginManager:220 - loadIPPluginJar : add tracer_emb
2024-09-30 17:05:54,591 [INFO] IPUIPlugin:80 - create IPUIPlugin
2024-09-30 17:05:54,591 [INFO] PluginManager:220 - loadIPPluginJar : add ts
2024-09-30 17:05:54,611 [INFO] IPUIPlugin:80 - create IPUIPlugin
2024-09-30 17:05:54,611 [INFO] PluginManager:220 - loadIPPluginJar : add tsc
2024-09-30 17:05:54,629 [INFO] IPUIPlugin:80 - create IPUIPlugin
2024-09-30 17:05:54,630 [INFO] PluginManager:220 - loadIPPluginJar : add ucpd
2024-09-30 17:05:54,670 [INFO] IPUIPlugin:80 - create IPUIPlugin
2024-09-30 17:05:54,670 [INFO] PluginManager:220 - loadIPPluginJar : add usart
2024-09-30 17:05:54,711 [INFO] IPUIPlugin:80 - create IPUIPlugin
2024-09-30 17:05:54,711 [INFO] PluginManager:220 - loadIPPluginJar : add usbx
2024-09-30 17:05:54,830 [INFO] CADModel:165 - CPN selected for project level
2024-09-30 17:05:54,830 [INFO] CADModel:114 - Register for checkConnection events
2024-09-30 17:05:54,830 [FATAL] Updater:334 - Updater called before beeing initialized
2024-09-30 17:05:54,830 [ERROR] CADModel:125 - Updater not yet initialized, retry later 
2024-09-30 17:05:54,938 [INFO] CADModel:165 - CPN selected for project level
2024-09-30 17:05:54,938 [INFO] CADModel:114 - Register for checkConnection events
2024-09-30 17:05:54,938 [FATAL] Updater:334 - Updater called before beeing initialized
2024-09-30 17:05:54,938 [ERROR] CADModel:125 - Updater not yet initialized, retry later 
2024-09-30 17:05:54,941 [FATAL] Updater:334 - Updater called before beeing initialized
2024-09-30 17:05:55,034 [FATAL] Updater:334 - Updater called before beeing initialized
2024-09-30 17:05:55,039 [INFO] DbMcusAds:53 - JSON generation date=Mon Sep 16 10:40:22 EDT 2024 (1726497622318)
2024-09-30 17:05:55,039 [FATAL] Updater:334 - Updater called before beeing initialized
2024-09-30 17:05:55,079 [WARN] DetailPanel:346 - Failed to get advertising image, set to default
2024-09-30 17:05:55,186 [FATAL] Updater:334 - Updater called before beeing initialized
2024-09-30 17:05:55,187 [FATAL] Updater:334 - Updater called before beeing initialized
2024-09-30 17:05:55,187 [FATAL] Updater:334 - Updater called before beeing initialized
2024-09-30 17:05:55,187 [WARN] DetailPanel:346 - Failed to get advertising image, set to default
2024-09-30 17:05:55,188 [FATAL] Updater:334 - Updater called before beeing initialized
2024-09-30 17:05:55,240 [ERROR] Updater:1164 - MainUpdater not yet initialized. External WinMGr cannot be set.
2024-09-30 17:05:55,250 [INFO] Updater:1100 - Updater Version found : 6.12.0
2024-09-30 17:05:55,265 [INFO] ApplicationProperties:184 - Using Application install path: C:\ST\STM32CubeIDE_1.16.0\STM32CubeIDE\plugins\com.st.stm32cube.common.mx_6.12.0.202406281431
2024-09-30 17:05:55,536 [INFO] ThirdPartyUpdaterWithRetryManager:70 - Updater plugin not ready yet. [2/15]
2024-09-30 17:05:56,834 [ERROR] LogOutputStream:75 - [STDERR_REDIRECT] Sep 30, 2024 5:05:56 PM java.util.prefs.WindowsPreferences <init>
2024-09-30 17:05:56,835 [ERROR] LogOutputStream:75 - [STDERR_REDIRECT] WARNING: Could not open/create prefs root node Software\JavaSoft\Prefs at root 0xffffffff80000002. Windows RegCreateKeyEx(...) returned error code 5.
2024-09-30 17:05:56,835 [ERROR] LogOutputStream:75 - [STDERR_REDIRECT] 
2024-09-30 17:05:57,151 [INFO] MainUpdater:2873 - connection check result : 10
2024-09-30 17:05:57,152 [INFO] MainUpdater:290 - Updater Check For Update Now.
2024-09-30 17:05:57,152 [INFO] MicroXplorer:498 - Change Database Version : DB.6.0.120
2024-09-30 17:05:57,164 [INFO] McuFinderGlobals:63 - Set McuFinder mode to 2 (CubeIDE integrated)
2024-09-30 17:05:57,164 [INFO] UserAuth:179 - activating auth plugin
2024-09-30 17:05:57,166 [INFO] UserAuth:417 - Internet connection configuration mode: 1
2024-09-30 17:05:57,185 [INFO] JxBrowserEngine:152 - Initiate JxBrowser Engine with user profile folder
2024-09-30 17:05:57,320 [INFO] CheckServerUpdateThread:120 - End of CheckServer Thread
2024-09-30 17:05:58,536 [INFO] WebApp:167 - Instantiating new browser for Auth
2024-09-30 17:05:58,797 [WARN] PackLoader:240 - Cannot read IP mode file for STMicroelectronics.FP-SNS-MOTENVWB1.1.4.0
2024-09-30 17:05:58,809 [WARN] PackLoader:240 - Cannot read IP mode file for STMicroelectronics.X-CUBE-SMBUS.2.1.0
2024-09-30 17:05:58,838 [WARN] PackLoader:240 - Cannot read IP mode file for STMicroelectronics.X-CUBE-AZRTOS-F7.1.1.0
2024-09-30 17:05:58,906 [WARN] PackLoader:240 - Cannot read IP mode file for STMicroelectronics.X-CUBE-MEMS1.11.0.0
2024-09-30 17:05:59,056 [WARN] PackLoader:240 - Cannot read IP mode file for STMicroelectronics.FP-SNS-FLIGHT1.5.0.2
2024-09-30 17:05:59,072 [WARN] PackLoader:240 - Cannot read IP mode file for STMicroelectronics.X-CUBE-DISPLAY.3.0.0
2024-09-30 17:05:59,090 [WARN] PackLoader:240 - Cannot read IP mode file for STMicroelectronics.X-CUBE-BLE1.7.0.0
2024-09-30 17:05:59,100 [WARN] PackLoader:240 - Cannot read IP mode file for STMicroelectronics.X-CUBE-NFC10.1.0.0
2024-09-30 17:05:59,111 [WARN] PackLoader:240 - Cannot read IP mode file for emotas.I-CUBE-CANOPEN.1.3.0
2024-09-30 17:05:59,124 [WARN] PackLoader:240 - Cannot read IP mode file for STMicroelectronics.X-CUBE-BLEMGR.3.1.0
2024-09-30 17:05:59,153 [WARN] PackLoader:240 - Cannot read IP mode file for STMicroelectronics.FP-SNS-SMARTAG2.1.2.0
2024-09-30 17:05:59,169 [INFO] LogOutputStream:77 - [STDOUT_REDIRECT] 1 : Invalid condition id : UX_CORESTACK_Condition cause : null
2024-09-30 17:05:59,172 [INFO] LogOutputStream:77 - [STDOUT_REDIRECT] 1 : Invalid condition id : UX_CORESTACK_Condition cause : null
2024-09-30 17:05:59,173 [INFO] LogOutputStream:77 - [STDOUT_REDIRECT] 1 : Invalid condition id : UX_CORESTACK_Condition cause : null
2024-09-30 17:05:59,175 [INFO] LogOutputStream:77 - [STDOUT_REDIRECT] 1 : Invalid condition id : UX_CORESTACK_Condition cause : null
2024-09-30 17:05:59,177 [INFO] LogOutputStream:77 - [STDOUT_REDIRECT] 1 : Invalid condition id : UX_CORESTACK_Condition cause : null
2024-09-30 17:05:59,182 [WARN] PackLoader:240 - Cannot read IP mode file for STMicroelectronics.X-CUBE-AZRTOS-WL.2.0.0
2024-09-30 17:05:59,189 [WARN] PackLoader:240 - Cannot read IP mode file for STMicroelectronics.FP-SNS-MOTENV1.5.0.0
2024-09-30 17:05:59,197 [WARN] PackLoader:240 - Cannot read IP mode file for wolfSSL.I-CUBE-wolfMQTT.1.19.0
2024-09-30 17:05:59,207 [WARN] PackLoader:240 - Cannot read IP mode file for WES.I-CUBE-Cesium.1.3.0
2024-09-30 17:05:59,213 [WARN] PackLoader:240 - Cannot read IP mode file for STMicroelectronics.X-CUBE-BLE2.3.3.0
2024-09-30 17:05:59,225 [WARN] PackLoader:240 - Cannot read IP mode file for STMicroelectronics.X-CUBE-NFC9.1.0.0
2024-09-30 17:05:59,237 [WARN] PackLoader:240 - Cannot read IP mode file for STMicroelectronics.X-CUBE-TCPP.4.1.0
2024-09-30 17:05:59,262 [WARN] PackLoader:240 - Cannot read IP mode file for STMicroelectronics.X-CUBE-AZRTOS-G0.1.1.0
2024-09-30 17:05:59,270 [WARN] PackLoader:240 - Cannot read IP mode file for STMicroelectronics.X-CUBE-SAFEA1.1.2.2
2024-09-30 17:05:59,276 [WARN] PackLoader:240 - Cannot read IP mode file for STMicroelectronics.X-CUBE-NFC4.3.0.0
2024-09-30 17:05:59,287 [WARN] PackLoader:240 - Cannot read IP mode file for EmbeddedOffice.I-CUBE-FS-RTOS.1.0.1
2024-09-30 17:05:59,287 [ERROR] ConditionMgr:805 - Attr not supported : Dmpu
2024-09-30 17:05:59,287 [ERROR] ConditionMgr:805 - Attr not supported : Dmpu
2024-09-30 17:05:59,287 [ERROR] ConditionMgr:805 - Attr not supported : Dmpu
2024-09-30 17:05:59,287 [ERROR] ConditionMgr:805 - Attr not supported : Dmpu
2024-09-30 17:05:59,287 [ERROR] ConditionMgr:805 - Attr not supported : Dmpu
2024-09-30 17:05:59,288 [ERROR] ConditionMgr:805 - Attr not supported : Dmpu
2024-09-30 17:05:59,288 [ERROR] ConditionMgr:805 - Attr not supported : Dmpu
2024-09-30 17:05:59,288 [ERROR] ConditionMgr:805 - Attr not supported : Dmpu
2024-09-30 17:05:59,288 [ERROR] ConditionMgr:805 - Attr not supported : Dmpu
2024-09-30 17:05:59,288 [ERROR] ConditionMgr:805 - Attr not supported : Dmpu
2024-09-30 17:05:59,288 [ERROR] ConditionMgr:805 - Attr not supported : Dmpu
2024-09-30 17:05:59,288 [ERROR] ConditionMgr:805 - Attr not supported : Dmpu
2024-09-30 17:05:59,288 [ERROR] ConditionMgr:805 - Attr not supported : Dmpu
2024-09-30 17:05:59,288 [ERROR] ConditionMgr:805 - Attr not supported : Dmpu
2024-09-30 17:05:59,288 [ERROR] ConditionMgr:805 - Attr not supported : Dmpu
2024-09-30 17:05:59,288 [ERROR] ConditionMgr:805 - Attr not supported : Dmpu
2024-09-30 17:05:59,288 [ERROR] ConditionMgr:805 - Attr not supported : Dmpu
2024-09-30 17:05:59,289 [ERROR] ConditionMgr:805 - Attr not supported : Dmpu
2024-09-30 17:05:59,289 [ERROR] ConditionMgr:805 - Attr not supported : Dmpu
2024-09-30 17:05:59,289 [ERROR] ConditionMgr:805 - Attr not supported : Dmpu
2024-09-30 17:05:59,289 [ERROR] ConditionMgr:805 - Attr not supported : Dmpu
2024-09-30 17:05:59,289 [ERROR] ConditionMgr:805 - Attr not supported : Dmpu
2024-09-30 17:05:59,289 [ERROR] ConditionMgr:805 - Attr not supported : Dmpu
2024-09-30 17:05:59,289 [ERROR] ConditionMgr:805 - Attr not supported : Dmpu
2024-09-30 17:05:59,289 [ERROR] ConditionMgr:805 - Attr not supported : Dmpu
2024-09-30 17:05:59,289 [ERROR] ConditionMgr:805 - Attr not supported : Dmpu
2024-09-30 17:05:59,290 [ERROR] ConditionMgr:805 - Attr not supported : Dmpu
2024-09-30 17:05:59,290 [ERROR] ConditionMgr:805 - Attr not supported : Dmpu
2024-09-30 17:05:59,290 [ERROR] ConditionMgr:805 - Attr not supported : Dmpu
2024-09-30 17:05:59,290 [ERROR] ConditionMgr:805 - Attr not supported : Dmpu
2024-09-30 17:05:59,290 [ERROR] ConditionMgr:805 - Attr not supported : Dmpu
2024-09-30 17:05:59,290 [ERROR] ConditionMgr:805 - Attr not supported : Dmpu
2024-09-30 17:05:59,290 [ERROR] ConditionMgr:805 - Attr not supported : Dmpu
2024-09-30 17:05:59,290 [ERROR] ConditionMgr:805 - Attr not supported : Dmpu
2024-09-30 17:05:59,290 [ERROR] ConditionMgr:805 - Attr not supported : Dmpu
2024-09-30 17:05:59,290 [ERROR] ConditionMgr:805 - Attr not supported : Dmpu
2024-09-30 17:05:59,290 [ERROR] ConditionMgr:805 - Attr not supported : Dmpu
2024-09-30 17:05:59,291 [ERROR] ConditionMgr:805 - Attr not supported : Dmpu
2024-09-30 17:05:59,291 [ERROR] ConditionMgr:805 - Attr not supported : Dmpu
2024-09-30 17:05:59,291 [ERROR] ConditionMgr:805 - Attr not supported : Dmpu
2024-09-30 17:05:59,291 [ERROR] ConditionMgr:805 - Attr not supported : Dmpu
2024-09-30 17:05:59,291 [ERROR] ConditionMgr:805 - Attr not supported : Dmpu
2024-09-30 17:05:59,291 [ERROR] ConditionMgr:805 - Attr not supported : Dmpu
2024-09-30 17:05:59,291 [ERROR] ConditionMgr:805 - Attr not supported : Dmpu
2024-09-30 17:05:59,291 [ERROR] ConditionMgr:805 - Attr not supported : Dmpu
2024-09-30 17:05:59,291 [ERROR] ConditionMgr:805 - Attr not supported : Dmpu
2024-09-30 17:05:59,291 [ERROR] ConditionMgr:805 - Attr not supported : Dmpu
2024-09-30 17:05:59,291 [ERROR] ConditionMgr:805 - Attr not supported : Dmpu
2024-09-30 17:05:59,292 [ERROR] ConditionMgr:805 - Attr not supported : Dmpu
2024-09-30 17:05:59,292 [ERROR] ConditionMgr:805 - Attr not supported : Dmpu
2024-09-30 17:05:59,292 [ERROR] ConditionMgr:805 - Attr not supported : Dmpu
2024-09-30 17:05:59,292 [ERROR] ConditionMgr:805 - Attr not supported : Dmpu
2024-09-30 17:05:59,292 [ERROR] ConditionMgr:805 - Attr not supported : Dmpu
2024-09-30 17:05:59,292 [ERROR] ConditionMgr:805 - Attr not supported : Dmpu
2024-09-30 17:05:59,292 [ERROR] ConditionMgr:805 - Attr not supported : Dmpu
2024-09-30 17:05:59,292 [ERROR] ConditionMgr:805 - Attr not supported : Dmpu
2024-09-30 17:05:59,292 [ERROR] ConditionMgr:805 - Attr not supported : Dmpu
2024-09-30 17:05:59,292 [ERROR] ConditionMgr:805 - Attr not supported : Dmpu
2024-09-30 17:05:59,292 [ERROR] ConditionMgr:805 - Attr not supported : Dmpu
2024-09-30 17:05:59,293 [ERROR] ConditionMgr:805 - Attr not supported : Dmpu
2024-09-30 17:05:59,293 [ERROR] ConditionMgr:805 - Attr not supported : Dmpu
2024-09-30 17:05:59,293 [ERROR] ConditionMgr:805 - Attr not supported : Dmpu
2024-09-30 17:05:59,293 [ERROR] ConditionMgr:805 - Attr not supported : Dmpu
2024-09-30 17:05:59,293 [ERROR] ConditionMgr:805 - Attr not supported : Dmpu
2024-09-30 17:05:59,299 [WARN] PackLoader:240 - Cannot read IP mode file for RealThread.X-CUBE-RT-Thread_Nano.4.1.1
2024-09-30 17:05:59,305 [WARN] PackLoader:240 - Cannot read IP mode file for STMicroelectronics.FP-ATR-SIGFOX1.3.2.0
2024-09-30 17:05:59,310 [WARN] PackLoader:240 - Cannot read IP mode file for wolfSSL.I-CUBE-wolfSSL.5.7.2
2024-09-30 17:05:59,321 [WARN] PackLoader:240 - Cannot read IP mode file for STMicroelectronics.X-CUBE-EEPRMA1.5.1.0
2024-09-30 17:05:59,330 [WARN] PackLoader:240 - Cannot read IP mode file for ITTIA_DB.I-CUBE-ITTIADB.8.9.0
2024-09-30 17:05:59,364 [WARN] PackLoader:240 - Cannot read IP mode file for SEGGER.I-CUBE-embOS.1.3.1
2024-09-30 17:05:59,412 [WARN] PackLoader:240 - Cannot read IP mode file for STMicroelectronics.X-CUBE-ALGOBUILD.1.4.0
2024-09-30 17:05:59,421 [WARN] PackLoader:240 - Cannot read IP mode file for STMicroelectronics.X-CUBE-GNSS1.6.0.0
2024-09-30 17:05:59,443 [WARN] PackLoader:240 - Cannot read IP mode file for STMicroelectronics.X-CUBE-AZRTOS-F4.1.1.0
2024-09-30 17:05:59,454 [WARN] PackLoader:240 - Cannot read IP mode file for STMicroelectronics.X-CUBE-ISPU.2.1.0
2024-09-30 17:05:59,463 [WARN] PackLoader:240 - Cannot read IP mode file for STMicroelectronics.X-CUBE-FREERTOS.1.2.0
2024-09-30 17:05:59,483 [WARN] PackLoader:240 - Cannot read IP mode file for STMicroelectronics.X-CUBE-AZRTOS-L5.2.0.0
2024-09-30 17:05:59,495 [WARN] PackLoader:240 - Cannot read IP mode file for STMicroelectronics.X-CUBE-NFC6.3.1.0
2024-09-30 17:05:59,505 [WARN] PackLoader:240 - Cannot read IP mode file for STMicroelectronics.X-CUBE-DPower.1.2.0
2024-09-30 17:05:59,512 [WARN] PackLoader:240 - Cannot read IP mode file for STMicroelectronics.X-CUBE-AI.9.0.0
2024-09-30 17:05:59,520 [WARN] PackLoader:240 - Cannot read IP mode file for STMicroelectronics.X-CUBE-NFC7.1.0.1
2024-09-30 17:05:59,545 [WARN] ConditionMgr:438 - getConditionDescription Invalid condition id : LAN8742 Phy interface Condition cause : null
2024-09-30 17:05:59,546 [WARN] PackLoader:240 - Cannot read IP mode file for STMicroelectronics.X-CUBE-AZRTOS-L4.2.0.0
2024-09-30 17:05:59,548 [WARN] ConditionMgr:1039 - genDependencies : Invalid condition id : LAN8742 Phy interface Condition cause : null
2024-09-30 17:05:59,548 [WARN] ConditionMgr:1039 - genDependencies : Invalid condition id : LAN8742 Phy interface Condition cause : null
2024-09-30 17:05:59,549 [WARN] ConditionMgr:1039 - genDependencies : Invalid condition id : LAN8742 Phy interface Condition cause : null
2024-09-30 17:05:59,558 [WARN] PackLoader:240 - Cannot read IP mode file for STMicroelectronics.X-CUBE-SFXS2LP1.4.0.0
2024-09-30 17:05:59,567 [INFO] WebApp:448 - Apply proxy settings
2024-09-30 17:05:59,567 [INFO] WebApp:533 - Chromium requires no authentication
2024-09-30 17:05:59,581 [WARN] PackLoader:240 - Cannot read IP mode file for STMicroelectronics.X-CUBE-AZRTOS-H7.3.3.0
2024-09-30 17:05:59,581 [INFO] WebApp:476 - Direct internet connection detected
2024-09-30 17:05:59,606 [WARN] ConditionMgr:438 - getConditionDescription Invalid condition id : UX DEVICE CLASS RTOS Condition cause : null
2024-09-30 17:05:59,607 [WARN] ConditionMgr:438 - getConditionDescription Invalid condition id : UX DEVICE CLASS RTOS Condition cause : null
2024-09-30 17:05:59,610 [WARN] PackLoader:240 - Cannot read IP mode file for STMicroelectronics.X-CUBE-AZRTOS-WB.2.0.0
2024-09-30 17:05:59,611 [WARN] ConditionMgr:1039 - genDependencies : Invalid condition id : UX DEVICE CLASS RTOS Condition cause : null
2024-09-30 17:05:59,611 [WARN] ConditionMgr:1039 - genDependencies : Invalid condition id : UX DEVICE CLASS RTOS Condition cause : null
2024-09-30 17:05:59,612 [WARN] ConditionMgr:1039 - genDependencies : Invalid condition id : UX DEVICE CLASS RTOS Condition cause : null
2024-09-30 17:05:59,613 [WARN] ConditionMgr:1039 - genDependencies : Invalid condition id : UX DEVICE CLASS RTOS Condition cause : null
2024-09-30 17:05:59,613 [WARN] ConditionMgr:1039 - genDependencies : Invalid condition id : UX DEVICE CLASS RTOS Condition cause : null
2024-09-30 17:05:59,623 [WARN] PackLoader:240 - Cannot read IP mode file for STMicroelectronics.X-CUBE-GNSS1.7.0.0
2024-09-30 17:05:59,632 [WARN] PackLoader:240 - Cannot read IP mode file for STMicroelectronics.FP-SNS-STBOX1.2.0.0
2024-09-30 17:05:59,639 [INFO] WebApp:869 - Register for checkConnection events
2024-09-30 17:05:59,639 [INFO] WebApp:448 - Apply proxy settings
2024-09-30 17:05:59,639 [INFO] WebApp:533 - Chromium requires no authentication
2024-09-30 17:05:59,640 [INFO] WebApp:476 - Direct internet connection detected
2024-09-30 17:05:59,647 [WARN] PackLoader:240 - Cannot read IP mode file for STMicroelectronics.X-CUBE-SUBG2.5.0.0
2024-09-30 17:05:59,659 [WARN] PackLoader:240 - Cannot read IP mode file for Cesanta.I-CUBE-Mongoose.7.13.0
2024-09-30 17:05:59,683 [WARN] PackLoader:240 - Cannot read IP mode file for STMicroelectronics.X-CUBE-AZRTOS-G4.2.0.0
2024-09-30 17:05:59,692 [WARN] PackLoader:240 - Cannot read IP mode file for STMicroelectronics.X-CUBE-ISPU.2.0.0
2024-09-30 17:05:59,699 [WARN] PackLoader:240 - Cannot read IP mode file for STMicroelectronics.X-CUBE-ALS.1.0.2
2024-09-30 17:05:59,708 [WARN] PackLoader:240 - Cannot read IP mode file for STMicroelectronics.X-CUBE-TOUCHGFX.4.24.0
2024-09-30 17:05:59,712 [WARN] PackLoader:240 - Cannot read IP mode file for STMicroelectronics.X-CUBE-TOUCHGFX.4.24.1
2024-09-30 17:05:59,717 [WARN] PackLoader:240 - Cannot read IP mode file for wolfSSL.I-CUBE-wolfTPM.3.4.0
2024-09-30 17:05:59,723 [WARN] PackLoader:240 - Cannot read IP mode file for portGmbH.I-Cube-SoM-uGOAL.1.1.0
2024-09-30 17:05:59,741 [WARN] PackLoader:240 - Cannot read IP mode file for STMicroelectronics.X-CUBE-AZRTOS-H7RS.1.0.0
2024-09-30 17:05:59,748 [WARN] PackLoader:240 - Cannot read IP mode file for STMicroelectronics.FP-ATR-ASTRA1.2.0.0
2024-09-30 17:05:59,759 [WARN] PackLoader:240 - Cannot read IP mode file for STMicroelectronics.X-CUBE-TOF1.3.4.2
2024-09-30 17:05:59,785 [WARN] PackLoader:240 - Cannot read IP mode file for Infineon.AIROC-Wi-Fi-Bluetooth-STM32.1.6.1
2024-09-30 17:05:59,793 [WARN] PackLoader:240 - Cannot read IP mode file for wolfSSL.I-CUBE-wolfSSH.1.4.17
2024-09-30 17:05:59,794 [INFO] ThirdParty:978 - Integrity check success = true
2024-09-30 17:05:59,794 [INFO] IntegrityCheckThread:100 - exiting critical section [integrity check]
2024-09-30 17:05:59,794 [INFO] IntegrityCheckThread:103 - End integrity checks thread
2024-09-30 17:05:59,836 [INFO] WebApp:186 - Connection restablished
2024-09-30 17:05:59,954 [INFO] WebApp:220 - Starting web application
2024-09-30 17:05:59,954 [INFO] WebApp:578 - Web application path used C:\ST\STM32CubeIDE_1.16.0\STM32CubeIDE\plugins\com.st.stm32cube.common.mx_6.12.0.202406281431\db\plugins\mcufinder\reactClient1\index.html
2024-09-30 17:08:42,100 [INFO] WebApp:189 - Connection lost
2024-09-30 17:08:42,305 [INFO] WebApp:186 - Connection restablished
2024-09-30 17:26:50,113 [INFO] WebApp:189 - Connection lost
2024-09-30 17:26:50,322 [INFO] WebApp:186 - Connection restablished
2024-09-30 17:32:03,382 [ERROR] ConfigurationRetriever:142 - IOException on connection: Read timed out
2024-09-30 17:32:58,108 [INFO] WebApp:189 - Connection lost
2024-09-30 17:32:58,294 [INFO] WebApp:186 - Connection restablished
2024-09-30 17:34:31,501 [ERROR] ConfigurationRetriever:142 - IOException on connection: Read timed out
2024-09-30 18:53:15,107 [INFO] WebApp:189 - Connection lost
2024-09-30 18:53:15,390 [INFO] WebApp:186 - Connection restablished
2024-09-30 18:53:24,596 [INFO] WebApp:189 - Connection lost
2024-09-30 18:53:24,750 [INFO] WebApp:186 - Connection restablished
2024-09-30 20:41:43,525 [ERROR] LogOutputStream:75 - [STDERR_REDIRECT] 
2024-09-30 20:41:43,526 [ERROR] LogOutputStream:75 - [STDERR_REDIRECT] 
