2024-09-28 11:31:33,397 [INFO] Activator:176 - 


2024-09-28 11:31:33,403 [INFO] Activator:177 - !SESSION log4j initialized
2024-09-28 11:31:38,991 [INFO] LogOutputStream:77 - [STDOUT_REDIRECT] 
2024-09-28 11:31:40,099 [INFO] ApplicationProperties:184 - Using Application install path: C:\ST\STM32CubeIDE_1.16.0\STM32CubeIDE\plugins\com.st.stm32cube.common.mx_6.12.0.202406281431
2024-09-28 11:31:40,116 [INFO] DbMcusXml:78 - Set database path to: C:\ST\STM32CubeIDE_1.16.0\STM32CubeIDE\plugins\com.st.stm32cube.common.mx_6.12.0.202406281431\\db\/mcu/
2024-09-28 11:31:40,117 [INFO] ApiDb:274 - Set plugin database path to: C:\ST\STM32CubeIDE_1.16.0\STM32CubeIDE\plugins\com.st.stm32cube.common.mx_6.12.0.202406281431\\db\/plugins/boardmanager/
2024-09-28 11:31:40,117 [WARN] ApiDb:259 - Overriding images path with different value:  => C:\ST\STM32CubeIDE_1.16.0\STM32CubeIDE\plugins\com.st.stm32cube.common.mx_6.12.0.202406281431\\db\/plugins/mcufinder/images/
2024-09-28 11:31:40,127 [INFO] ApiDb:250 - Set database path to: C:\Users\Ali\.stmcufinder\plugins\mcufinder//mcu/
2024-09-28 11:31:40,128 [INFO] DbMcusAds:125 - Set database path to: C:\Users\Ali\.stmcufinder\plugins\mcufinder//mcu/
2024-09-28 11:31:40,131 [INFO] CrossReferenceDbSqlite:203 - Set database path to: C:\Users\Ali\.stmcufinder\plugins\mcufinder//mcu/cs/
2024-09-28 11:31:40,230 [INFO] RulesReader:64 - Compatibility file has been processed (297 Rules)
2024-09-28 11:31:40,306 [INFO] DbMcusXml:78 - Set database path to: C:\ST\STM32CubeIDE_1.16.0\STM32CubeIDE\plugins\com.st.stm32cube.common.mx_6.12.0.202406281431\\db\/mcu/
2024-09-28 11:31:40,306 [INFO] ApiDb:274 - Set plugin database path to: C:\ST\STM32CubeIDE_1.16.0\STM32CubeIDE\plugins\com.st.stm32cube.common.mx_6.12.0.202406281431\\db\/plugins/boardmanager/
2024-09-28 11:31:40,306 [INFO] ApiDb:261 - Set plugin images path to: C:\ST\STM32CubeIDE_1.16.0\STM32CubeIDE\plugins\com.st.stm32cube.common.mx_6.12.0.202406281431\\db\/plugins/mcufinder/images/
2024-09-28 11:31:40,306 [WARN] DbFile:41 - Overriding database path with different value: C:\Users\Ali\.stmcufinder\plugins\mcufinder/ => C:\Users\Ali\.stmcufinder\plugins\mcufinder
2024-09-28 11:31:40,306 [INFO] ApiDb:250 - Set database path to: C:\Users\Ali\.stmcufinder\plugins\mcufinder//mcu/
2024-09-28 11:31:40,306 [WARN] DbFile:41 - Overriding database path with different value: C:\Users\Ali\.stmcufinder\plugins\mcufinder/ => C:\Users\Ali\.stmcufinder\plugins\mcufinder
2024-09-28 11:31:40,306 [INFO] DbMcusAds:125 - Set database path to: C:\Users\Ali\.stmcufinder\plugins\mcufinder//mcu/
2024-09-28 11:31:40,306 [WARN] DbFile:41 - Overriding database path with different value: C:\Users\Ali\.stmcufinder\plugins\mcufinder/ => C:\Users\Ali\.stmcufinder\plugins\mcufinder
2024-09-28 11:31:40,306 [WARN] DbFile:41 - Overriding database path with different value: C:\Users\Ali\.stmcufinder\plugins\mcufinder/ => C:\Users\Ali\.stmcufinder\plugins\mcufinder
2024-09-28 11:31:40,306 [INFO] CrossReferenceDbSqlite:203 - Set database path to: C:\Users\Ali\.stmcufinder\plugins\mcufinder//mcu/cs/
2024-09-28 11:31:40,384 [INFO] MainPanel:268 - HeapMemory: 268435456
2024-09-28 11:31:40,484 [INFO] DbMcusXml:78 - Set database path to: C:\ST\STM32CubeIDE_1.16.0\STM32CubeIDE\plugins\com.st.stm32cube.common.mx_6.12.0.202406281431\\db\/mcu/
2024-09-28 11:31:40,484 [INFO] ApiDb:274 - Set plugin database path to: C:\ST\STM32CubeIDE_1.16.0\STM32CubeIDE\plugins\com.st.stm32cube.common.mx_6.12.0.202406281431\\db\/plugins/boardmanager/
2024-09-28 11:31:40,484 [INFO] ApiDb:261 - Set plugin images path to: C:\ST\STM32CubeIDE_1.16.0\STM32CubeIDE\plugins\com.st.stm32cube.common.mx_6.12.0.202406281431\\db\/plugins/mcufinder/images/
2024-09-28 11:31:40,484 [WARN] DbFile:41 - Overriding database path with different value: C:\Users\Ali\.stmcufinder\plugins\mcufinder/ => C:\Users\Ali\.stmcufinder\plugins\mcufinder
2024-09-28 11:31:40,484 [INFO] ApiDb:250 - Set database path to: C:\Users\Ali\.stmcufinder\plugins\mcufinder//mcu/
2024-09-28 11:31:40,485 [WARN] DbFile:41 - Overriding database path with different value: C:\Users\Ali\.stmcufinder\plugins\mcufinder/ => C:\Users\Ali\.stmcufinder\plugins\mcufinder
2024-09-28 11:31:40,485 [INFO] DbMcusAds:125 - Set database path to: C:\Users\Ali\.stmcufinder\plugins\mcufinder//mcu/
2024-09-28 11:31:40,485 [WARN] DbFile:41 - Overriding database path with different value: C:\Users\Ali\.stmcufinder\plugins\mcufinder/ => C:\Users\Ali\.stmcufinder\plugins\mcufinder
2024-09-28 11:31:40,485 [WARN] DbFile:41 - Overriding database path with different value: C:\Users\Ali\.stmcufinder\plugins\mcufinder/ => C:\Users\Ali\.stmcufinder\plugins\mcufinder
2024-09-28 11:31:40,485 [INFO] CrossReferenceDbSqlite:203 - Set database path to: C:\Users\Ali\.stmcufinder\plugins\mcufinder//mcu/cs/
2024-09-28 11:31:40,501 [INFO] ApplicationProperties:184 - Using Application install path: C:\ST\STM32CubeIDE_1.16.0\STM32CubeIDE\plugins\com.st.stm32cube.common.mx_6.12.0.202406281431
2024-09-28 11:31:40,503 [INFO] PluginManage:196 - Search for loadable plugins [exclusion list=, ]
2024-09-28 11:31:40,504 [INFO] PluginManage:310 - Check plugin analytics
2024-09-28 11:31:40,633 [INFO] AnalyticsPlugin:253 - Accepted Software Licenses: 
2024-09-28 11:31:40,633 [INFO] AnalyticsPlugin:255 - Accepted CMSIS Pack Licenses: 
2024-09-28 11:31:40,633 [INFO] AnalyticsPlugin:257 - Accepted Firmware Licenses: FW.L4.1.18.0
2024-09-28 11:31:40,635 [INFO] PluginManage:359 - Loaded plugin analytics (category:tool,tabindex:-1)
2024-09-28 11:31:40,635 [INFO] PluginManage:310 - Check plugin cadmodel
2024-09-28 11:31:40,649 [INFO] CADModel:105 - Init CAD model plugin
2024-09-28 11:31:40,649 [INFO] PluginManage:359 - Loaded plugin cadmodel (category:power,tabindex:5)
2024-09-28 11:31:40,649 [INFO] PluginManage:310 - Check plugin clock
2024-09-28 11:31:40,666 [INFO] PluginManage:359 - Loaded plugin clock (category:base,tabindex:2)
2024-09-28 11:31:40,666 [INFO] PluginManage:310 - Check plugin ddr
2024-09-28 11:31:40,668 [INFO] PluginManage:359 - Loaded plugin ddr (category:tool,tabindex:6)
2024-09-28 11:31:40,668 [INFO] PluginManage:310 - Check plugin filemanager
2024-09-28 11:31:40,797 [INFO] PluginManage:359 - Loaded plugin filemanager (category:base,tabindex:10)
2024-09-28 11:31:40,797 [INFO] PluginManage:310 - Check plugin ipmanager
2024-09-28 11:31:40,803 [INFO] PluginManage:359 - Loaded plugin ipmanager (category:base,tabindex:5)
2024-09-28 11:31:40,803 [INFO] PluginManage:310 - Check plugin lpbam
2024-09-28 11:31:40,818 [INFO] PluginManage:359 - Loaded plugin lpbam (category:base,tabindex:0)
2024-09-28 11:31:40,819 [INFO] PluginManage:310 - Check plugin memorymap
2024-09-28 11:31:40,844 [INFO] PluginManage:359 - Loaded plugin memorymap (category:base,tabindex:4)
2024-09-28 11:31:40,845 [INFO] PluginManage:310 - Check plugin pinoutandconfiguration
2024-09-28 11:31:40,859 [INFO] PluginManage:359 - Loaded plugin pinoutandconfiguration (category:base,tabindex:1)
2024-09-28 11:31:40,859 [INFO] PluginManage:310 - Check plugin pinoutconfig
2024-09-28 11:31:40,939 [WARN] SupportedApi:132 - Cannot load RTOS API schema: s4s-elt-must-match.1: The content of 'definitions' must match (annotation?, (simpleType | complexType)?, (unique | key | keyref)*)). A problem was found starting at: attribute.
2024-09-28 11:31:41,052 [INFO] PluginManage:359 - Loaded plugin pinoutconfig (category:base,tabindex:0)
2024-09-28 11:31:41,053 [INFO] PluginManage:310 - Check plugin power
2024-09-28 11:31:41,070 [INFO] PluginManage:359 - Loaded plugin power (category:power,tabindex:4)
2024-09-28 11:31:41,070 [INFO] PluginManage:310 - Check plugin projectmanager
2024-09-28 11:31:41,083 [INFO] PluginManage:359 - Loaded plugin projectmanager (category:projectmanager,tabindex:4)
2024-09-28 11:31:41,084 [INFO] PluginManage:310 - Check plugin rif
2024-09-28 11:31:41,098 [INFO] PluginManage:359 - Loaded plugin rif (category:base,tabindex:3)
2024-09-28 11:31:41,099 [INFO] PluginManage:310 - Check plugin thirdparty
2024-09-28 11:31:41,359 [INFO] PluginManage:359 - Loaded plugin thirdparty (category:base,tabindex:-1)
2024-09-28 11:31:41,359 [WARN] IntegrityCheckThread:84 - waiting for thirdparty lock release [integrity check]
2024-09-28 11:31:41,359 [INFO] PluginManage:310 - Check plugin tools
2024-09-28 11:31:41,359 [INFO] IntegrityCheckThread:86 - entering critical section [integrity check]
2024-09-28 11:31:41,360 [INFO] ThirdPartyUpdaterWithRetryManager:70 - Updater plugin not ready yet. [1/15]
2024-09-28 11:31:41,392 [INFO] PluginManage:359 - Loaded plugin tools (category:base,tabindex:7)
2024-09-28 11:31:41,392 [INFO] PluginManage:310 - Check plugin tutovideos
2024-09-28 11:31:41,550 [INFO] PluginManage:359 - Loaded plugin tutovideos (category:base,tabindex:-1)
2024-09-28 11:31:41,550 [INFO] PluginManage:310 - Check plugin updater
2024-09-28 11:31:41,565 [INFO] PluginManage:359 - Loaded plugin updater (category:base,tabindex:12)
2024-09-28 11:31:41,565 [INFO] PluginManage:310 - Check plugin userauth
2024-09-28 11:31:41,570 [INFO] UserAuth:113 - Init User Auth plugin
2024-09-28 11:31:41,570 [INFO] PluginManage:359 - Loaded plugin userauth (category:base,tabindex:14)
2024-09-28 11:31:41,570 [INFO] PluginManage:283 - PluginManage : Loaded plugins [18]
2024-09-28 11:31:41,759 [INFO] PinOutPanel:1561 - setPackage(No Configuration,No Configuration)
2024-09-28 11:31:41,849 [INFO] CADModel:165 - CPN selected for project level
2024-09-28 11:31:41,849 [INFO] CADModel:114 - Register for checkConnection events
2024-09-28 11:31:41,876 [INFO] IPUIPlugin:80 - create IPUIPlugin
2024-09-28 11:31:41,876 [INFO] PluginManager:220 - loadIPPluginJar : add adc
2024-09-28 11:31:41,913 [INFO] IPUIPlugin:80 - create IPUIPlugin
2024-09-28 11:31:41,913 [INFO] PluginManager:220 - loadIPPluginJar : add aes
2024-09-28 11:31:41,954 [INFO] IPUIPlugin:80 - create IPUIPlugin
2024-09-28 11:31:41,954 [INFO] PluginManager:220 - loadIPPluginJar : add can
2024-09-28 11:31:41,975 [INFO] IPUIPlugin:80 - create IPUIPlugin
2024-09-28 11:31:41,975 [INFO] PluginManager:220 - loadIPPluginJar : add comp
2024-09-28 11:31:42,004 [INFO] IPUIPlugin:80 - create IPUIPlugin
2024-09-28 11:31:42,004 [INFO] PluginManager:220 - loadIPPluginJar : add cryp
2024-09-28 11:31:42,015 [INFO] IPUIPlugin:80 - create IPUIPlugin
2024-09-28 11:31:42,015 [INFO] PluginManager:220 - loadIPPluginJar : add ddr_ctrl_phy
2024-09-28 11:31:42,040 [INFO] IPUIPlugin:80 - create IPUIPlugin
2024-09-28 11:31:42,040 [INFO] PluginManager:220 - loadIPPluginJar : add dfsdm
2024-09-28 11:31:42,052 [INFO] IPUIPlugin:80 - create IPUIPlugin
2024-09-28 11:31:42,052 [INFO] PluginManager:220 - loadIPPluginJar : add dma
2024-09-28 11:31:42,090 [INFO] IPUIPlugin:80 - create IPUIPlugin
2024-09-28 11:31:42,090 [INFO] PluginManager:220 - loadIPPluginJar : add dma3
2024-09-28 11:31:42,131 [INFO] IPUIPlugin:80 - create IPUIPlugin
2024-09-28 11:31:42,132 [INFO] PluginManager:220 - loadIPPluginJar : add extmemmanager
2024-09-28 11:31:42,149 [INFO] IPUIPlugin:80 - create IPUIPlugin
2024-09-28 11:31:42,149 [INFO] PluginManager:220 - loadIPPluginJar : add fatfs
2024-09-28 11:31:42,193 [INFO] IPUIPlugin:80 - create IPUIPlugin
2024-09-28 11:31:42,193 [INFO] PluginManager:220 - loadIPPluginJar : add fmc
2024-09-28 11:31:42,205 [INFO] IPUIPlugin:80 - create IPUIPlugin
2024-09-28 11:31:42,206 [INFO] PluginManager:220 - loadIPPluginJar : add freertos
2024-09-28 11:31:42,224 [INFO] IPUIPlugin:80 - create IPUIPlugin
2024-09-28 11:31:42,224 [INFO] PluginManager:220 - loadIPPluginJar : add genericplugin
2024-09-28 11:31:42,307 [INFO] IPUIPlugin:80 - create IPUIPlugin
2024-09-28 11:31:42,307 [INFO] PluginManager:220 - loadIPPluginJar : add gfxmmu
2024-09-28 11:31:42,422 [INFO] IPUIPlugin:80 - create IPUIPlugin
2024-09-28 11:31:42,422 [INFO] PluginManager:220 - loadIPPluginJar : add gic
2024-09-28 11:31:42,434 [INFO] IPUIPlugin:80 - create IPUIPlugin
2024-09-28 11:31:42,434 [INFO] PluginManager:220 - loadIPPluginJar : add gpio
2024-09-28 11:31:42,526 [INFO] IPUIPlugin:80 - create IPUIPlugin
2024-09-28 11:31:42,527 [INFO] PluginManager:220 - loadIPPluginJar : add gtzc
2024-09-28 11:31:42,559 [INFO] IPUIPlugin:80 - create IPUIPlugin
2024-09-28 11:31:42,559 [INFO] PluginManager:220 - loadIPPluginJar : add hash
2024-09-28 11:31:42,611 [INFO] IPUIPlugin:80 - create IPUIPlugin
2024-09-28 11:31:42,611 [INFO] PluginManager:220 - loadIPPluginJar : add i2c
2024-09-28 11:31:42,648 [INFO] IPUIPlugin:80 - create IPUIPlugin
2024-09-28 11:31:42,648 [INFO] PluginManager:220 - loadIPPluginJar : add i2s
2024-09-28 11:31:42,685 [INFO] IPUIPlugin:80 - create IPUIPlugin
2024-09-28 11:31:42,685 [INFO] PluginManager:220 - loadIPPluginJar : add i3c
2024-09-28 11:31:42,785 [INFO] IPUIPlugin:80 - create IPUIPlugin
2024-09-28 11:31:42,785 [INFO] PluginManager:220 - loadIPPluginJar : add ipddr
2024-09-28 11:31:42,869 [INFO] IPUIPlugin:80 - create IPUIPlugin
2024-09-28 11:31:42,869 [INFO] PluginManager:220 - loadIPPluginJar : add linkedlist
2024-09-28 11:31:42,900 [INFO] IPUIPlugin:80 - create IPUIPlugin
2024-09-28 11:31:42,900 [INFO] PluginManager:220 - loadIPPluginJar : add lorawan
2024-09-28 11:31:42,933 [INFO] IPUIPlugin:80 - create IPUIPlugin
2024-09-28 11:31:42,933 [INFO] PluginManager:220 - loadIPPluginJar : add ltdc
2024-09-28 11:31:42,945 [INFO] IPUIPlugin:80 - create IPUIPlugin
2024-09-28 11:31:42,945 [INFO] PluginManager:220 - loadIPPluginJar : add mdma
2024-09-28 11:31:42,955 [INFO] IPUIPlugin:80 - create IPUIPlugin
2024-09-28 11:31:42,956 [INFO] PluginManager:220 - loadIPPluginJar : add nvic
2024-09-28 11:31:42,990 [INFO] IPUIPlugin:80 - create IPUIPlugin
2024-09-28 11:31:42,991 [INFO] PluginManager:220 - loadIPPluginJar : add opamp
2024-09-28 11:31:43,050 [INFO] IPUIPlugin:80 - create IPUIPlugin
2024-09-28 11:31:43,050 [INFO] PluginManager:220 - loadIPPluginJar : add openamp
2024-09-28 11:31:43,091 [INFO] IPUIPlugin:80 - create IPUIPlugin
2024-09-28 11:31:43,092 [INFO] PluginManager:220 - loadIPPluginJar : add pdm2pcm
2024-09-28 11:31:43,105 [INFO] IPUIPlugin:80 - create IPUIPlugin
2024-09-28 11:31:43,106 [INFO] PluginManager:220 - loadIPPluginJar : add plateformsettings
2024-09-28 11:31:43,128 [INFO] IPUIPlugin:80 - create IPUIPlugin
2024-09-28 11:31:43,128 [INFO] PluginManager:220 - loadIPPluginJar : add quadspi
2024-09-28 11:31:43,154 [INFO] IPUIPlugin:80 - create IPUIPlugin
2024-09-28 11:31:43,155 [INFO] PluginManager:220 - loadIPPluginJar : add radio
2024-09-28 11:31:43,167 [INFO] IPUIPlugin:80 - create IPUIPlugin
2024-09-28 11:31:43,167 [INFO] PluginManager:220 - loadIPPluginJar : add resmgrutility
2024-09-28 11:31:43,214 [INFO] IPUIPlugin:80 - create IPUIPlugin
2024-09-28 11:31:43,214 [INFO] PluginManager:220 - loadIPPluginJar : add sai
2024-09-28 11:31:43,249 [INFO] IPUIPlugin:80 - create IPUIPlugin
2024-09-28 11:31:43,249 [INFO] PluginManager:220 - loadIPPluginJar : add spi
2024-09-28 11:31:43,319 [INFO] IPUIPlugin:80 - create IPUIPlugin
2024-09-28 11:31:43,319 [INFO] PluginManager:220 - loadIPPluginJar : add stm32_wpan
2024-09-28 11:31:43,341 [INFO] IPUIPlugin:80 - create IPUIPlugin
2024-09-28 11:31:43,341 [INFO] PluginManager:220 - loadIPPluginJar : add tim
2024-09-28 11:31:43,400 [INFO] IPUIPlugin:80 - create IPUIPlugin
2024-09-28 11:31:43,400 [INFO] PluginManager:220 - loadIPPluginJar : add touchsensing
2024-09-28 11:31:43,422 [INFO] IPUIPlugin:80 - create IPUIPlugin
2024-09-28 11:31:43,422 [INFO] PluginManager:220 - loadIPPluginJar : add tracer_emb
2024-09-28 11:31:43,445 [INFO] IPUIPlugin:80 - create IPUIPlugin
2024-09-28 11:31:43,445 [INFO] PluginManager:220 - loadIPPluginJar : add ts
2024-09-28 11:31:43,466 [INFO] IPUIPlugin:80 - create IPUIPlugin
2024-09-28 11:31:43,466 [INFO] PluginManager:220 - loadIPPluginJar : add tsc
2024-09-28 11:31:43,487 [INFO] IPUIPlugin:80 - create IPUIPlugin
2024-09-28 11:31:43,487 [INFO] PluginManager:220 - loadIPPluginJar : add ucpd
2024-09-28 11:31:43,530 [INFO] IPUIPlugin:80 - create IPUIPlugin
2024-09-28 11:31:43,530 [INFO] PluginManager:220 - loadIPPluginJar : add usart
2024-09-28 11:31:43,572 [INFO] IPUIPlugin:80 - create IPUIPlugin
2024-09-28 11:31:43,572 [INFO] PluginManager:220 - loadIPPluginJar : add usbx
2024-09-28 11:31:43,692 [INFO] CADModel:165 - CPN selected for project level
2024-09-28 11:31:43,692 [INFO] CADModel:114 - Register for checkConnection events
2024-09-28 11:31:43,692 [FATAL] Updater:334 - Updater called before beeing initialized
2024-09-28 11:31:43,692 [ERROR] CADModel:125 - Updater not yet initialized, retry later 
2024-09-28 11:31:43,799 [INFO] CADModel:165 - CPN selected for project level
2024-09-28 11:31:43,799 [INFO] CADModel:114 - Register for checkConnection events
2024-09-28 11:31:43,799 [FATAL] Updater:334 - Updater called before beeing initialized
2024-09-28 11:31:43,799 [ERROR] CADModel:125 - Updater not yet initialized, retry later 
2024-09-28 11:31:43,801 [FATAL] Updater:334 - Updater called before beeing initialized
2024-09-28 11:31:43,895 [FATAL] Updater:334 - Updater called before beeing initialized
2024-09-28 11:31:43,900 [INFO] DbMcusAds:53 - JSON generation date=Mon Sep 16 10:40:22 EDT 2024 (1726497622318)
2024-09-28 11:31:43,900 [FATAL] Updater:334 - Updater called before beeing initialized
2024-09-28 11:31:43,940 [WARN] DetailPanel:346 - Failed to get advertising image, set to default
2024-09-28 11:31:44,040 [FATAL] Updater:334 - Updater called before beeing initialized
2024-09-28 11:31:44,042 [FATAL] Updater:334 - Updater called before beeing initialized
2024-09-28 11:31:44,042 [FATAL] Updater:334 - Updater called before beeing initialized
2024-09-28 11:31:44,042 [WARN] DetailPanel:346 - Failed to get advertising image, set to default
2024-09-28 11:31:44,042 [FATAL] Updater:334 - Updater called before beeing initialized
2024-09-28 11:31:44,097 [ERROR] Updater:1164 - MainUpdater not yet initialized. External WinMGr cannot be set.
2024-09-28 11:31:44,108 [INFO] Updater:1100 - Updater Version found : 6.12.0
2024-09-28 11:31:44,122 [INFO] ApplicationProperties:184 - Using Application install path: C:\ST\STM32CubeIDE_1.16.0\STM32CubeIDE\plugins\com.st.stm32cube.common.mx_6.12.0.202406281431
2024-09-28 11:31:44,362 [INFO] ThirdPartyUpdaterWithRetryManager:70 - Updater plugin not ready yet. [2/15]
2024-09-28 11:31:45,693 [ERROR] LogOutputStream:75 - [STDERR_REDIRECT] Sep 28, 2024 11:31:45 AM java.util.prefs.WindowsPreferences <init>
2024-09-28 11:31:45,694 [ERROR] LogOutputStream:75 - [STDERR_REDIRECT] WARNING: Could not open/create prefs root node Software\JavaSoft\Prefs at root 0xffffffff80000002. Windows RegCreateKeyEx(...) returned error code 5.
2024-09-28 11:31:45,694 [ERROR] LogOutputStream:75 - [STDERR_REDIRECT] 
2024-09-28 11:31:46,007 [INFO] MainUpdater:2873 - connection check result : 10
2024-09-28 11:31:46,007 [INFO] MainUpdater:3567 - Updater definition file requires update
2024-09-28 11:31:46,007 [INFO] MainUpdater:290 - Updater Check For Update Now.
2024-09-28 11:31:46,007 [INFO] MicroXplorer:498 - Change Database Version : DB.6.0.120
2024-09-28 11:31:46,027 [INFO] McuFinderGlobals:63 - Set McuFinder mode to 2 (CubeIDE integrated)
2024-09-28 11:31:46,028 [INFO] UserAuth:179 - activating auth plugin
2024-09-28 11:31:46,031 [INFO] UserAuth:417 - Internet connection configuration mode: 1
2024-09-28 11:31:46,050 [INFO] JxBrowserEngine:152 - Initiate JxBrowser Engine with user profile folder
2024-09-28 11:31:46,372 [INFO] ServerAccessManage:473 - Download File updaters.zip
2024-09-28 11:31:47,078 [INFO] FileExtend:240 - Unzip File : updaters.zip
2024-09-28 11:31:47,079 [INFO] FileExtend:255 - Standard Zip Deflate
2024-09-28 11:31:47,363 [WARN] MainUpdater:1194 - Updater busy. Cannot search thirdparties
2024-09-28 11:31:47,363 [INFO] ThirdPartyUpdaterWithRetryManager:96 - Updater plugin is busy. [1/15]
2024-09-28 11:31:47,448 [INFO] WebApp:167 - Instantiating new browser for Auth
2024-09-28 11:31:47,539 [INFO] ServerAccessManage:473 - Download File PacksControlFlags.xml
2024-09-28 11:31:47,705 [INFO] ServerAccessManage:473 - Download File cubemx.pidx
2024-09-28 11:31:48,288 [INFO] ServerAccessManage:473 - Download File STMicroelectronics.X-CUBE-ISPU.pdsc
2024-09-28 11:31:48,329 [INFO] WebApp:448 - Apply proxy settings
2024-09-28 11:31:48,329 [INFO] WebApp:533 - Chromium requires no authentication
2024-09-28 11:31:48,342 [INFO] WebApp:476 - Direct internet connection detected
2024-09-28 11:31:48,372 [INFO] WebApp:869 - Register for checkConnection events
2024-09-28 11:31:48,373 [INFO] WebApp:448 - Apply proxy settings
2024-09-28 11:31:48,373 [INFO] WebApp:533 - Chromium requires no authentication
2024-09-28 11:31:48,373 [INFO] WebApp:476 - Direct internet connection detected
2024-09-28 11:31:48,529 [INFO] WebApp:220 - Starting web application
2024-09-28 11:31:48,530 [INFO] WebApp:578 - Web application path used C:\ST\STM32CubeIDE_1.16.0\STM32CubeIDE\plugins\com.st.stm32cube.common.mx_6.12.0.202406281431\db\plugins\mcufinder\reactClient1\index.html
2024-09-28 11:31:48,722 [INFO] WebApp:186 - Connection restablished
2024-09-28 11:31:49,311 [INFO] ServerAccessManage:473 - Download File STMicroelectronics.X-CUBE-NFC9.pdsc
2024-09-28 11:31:49,891 [INFO] ServerAccessManage:473 - Download File STMicroelectronics.X-CUBE-NFC10.pdsc
2024-09-28 11:31:50,325 [INFO] ServerAccessManage:473 - Download File STMicroelectronics.X-CUBE-TOUCHGFX.pdsc
2024-09-28 11:31:50,366 [WARN] MainUpdater:1194 - Updater busy. Cannot search thirdparties
2024-09-28 11:31:50,366 [INFO] ThirdPartyUpdaterWithRetryManager:96 - Updater plugin is busy. [2/15]
2024-09-28 11:31:53,367 [WARN] MainUpdater:1194 - Updater busy. Cannot search thirdparties
2024-09-28 11:31:53,367 [INFO] ThirdPartyUpdaterWithRetryManager:96 - Updater plugin is busy. [3/15]
2024-09-28 11:31:56,367 [WARN] MainUpdater:1194 - Updater busy. Cannot search thirdparties
2024-09-28 11:31:56,367 [INFO] ThirdPartyUpdaterWithRetryManager:96 - Updater plugin is busy. [4/15]
2024-09-28 11:31:59,367 [WARN] MainUpdater:1194 - Updater busy. Cannot search thirdparties
2024-09-28 11:31:59,367 [INFO] ThirdPartyUpdaterWithRetryManager:96 - Updater plugin is busy. [5/15]
2024-09-28 11:32:01,066 [WARN] PackLoader:240 - Cannot read IP mode file for STMicroelectronics.X-CUBE-ISPU.2.1.0
2024-09-28 11:32:01,077 [WARN] PackLoader:240 - Cannot read IP mode file for STMicroelectronics.X-CUBE-NFC9.1.0.0
2024-09-28 11:32:01,088 [WARN] PackLoader:240 - Cannot read IP mode file for STMicroelectronics.X-CUBE-NFC10.1.0.0
2024-09-28 11:32:01,094 [WARN] PackLoader:240 - Cannot read IP mode file for STMicroelectronics.X-CUBE-TOUCHGFX.4.24.1
2024-09-28 11:32:01,094 [INFO] PopulateThirdPartyThread:66 - Ending populate Thread
2024-09-28 11:32:01,095 [INFO] ThirdParty:1030 - CMSIS Pack Vendor :STMicroelectronics X-CUBE-NFC9 1.0.0
2024-09-28 11:32:01,095 [INFO] ThirdParty:1030 - CMSIS Pack Vendor :STMicroelectronics X-CUBE-NFC10 1.0.0
2024-09-28 11:32:01,095 [INFO] ThirdParty:1030 - CMSIS Pack Vendor :STMicroelectronics X-CUBE-TOUCHGFX 4.24.1
2024-09-28 11:32:01,095 [INFO] ThirdParty:1030 - CMSIS Pack Vendor :STMicroelectronics X-CUBE-ISPU 2.1.0
2024-09-28 11:32:01,095 [INFO] LoadServerUpdatesThread:375 - End of LoadServerUpdate Thread
2024-09-28 11:32:01,190 [INFO] CheckServerUpdateThread:120 - End of CheckServer Thread
2024-09-28 11:32:02,541 [WARN] PackLoader:240 - Cannot read IP mode file for STMicroelectronics.FP-SNS-MOTENVWB1.1.4.0
2024-09-28 11:32:02,548 [WARN] PackLoader:240 - Cannot read IP mode file for STMicroelectronics.X-CUBE-SMBUS.2.1.0
2024-09-28 11:32:02,567 [WARN] PackLoader:240 - Cannot read IP mode file for STMicroelectronics.X-CUBE-AZRTOS-F7.1.1.0
2024-09-28 11:32:02,614 [WARN] PackLoader:240 - Cannot read IP mode file for STMicroelectronics.X-CUBE-MEMS1.11.0.0
2024-09-28 11:32:02,751 [WARN] PackLoader:240 - Cannot read IP mode file for STMicroelectronics.FP-SNS-FLIGHT1.5.0.2
2024-09-28 11:32:02,759 [WARN] PackLoader:240 - Cannot read IP mode file for STMicroelectronics.X-CUBE-DISPLAY.3.0.0
2024-09-28 11:32:02,768 [WARN] PackLoader:240 - Cannot read IP mode file for STMicroelectronics.X-CUBE-BLE1.7.0.0
2024-09-28 11:32:02,775 [WARN] PackLoader:240 - Cannot read IP mode file for STMicroelectronics.X-CUBE-NFC10.1.0.0
2024-09-28 11:32:02,783 [WARN] PackLoader:240 - Cannot read IP mode file for emotas.I-CUBE-CANOPEN.1.3.0
2024-09-28 11:32:02,791 [WARN] PackLoader:240 - Cannot read IP mode file for STMicroelectronics.X-CUBE-BLEMGR.3.1.0
2024-09-28 11:32:02,797 [WARN] PackLoader:240 - Cannot read IP mode file for STMicroelectronics.FP-SNS-SMARTAG2.1.2.0
2024-09-28 11:32:02,807 [INFO] LogOutputStream:77 - [STDOUT_REDIRECT] 1 : Invalid condition id : UX_CORESTACK_Condition cause : null
2024-09-28 11:32:02,808 [INFO] LogOutputStream:77 - [STDOUT_REDIRECT] 1 : Invalid condition id : UX_CORESTACK_Condition cause : null
2024-09-28 11:32:02,809 [INFO] LogOutputStream:77 - [STDOUT_REDIRECT] 1 : Invalid condition id : UX_CORESTACK_Condition cause : null
2024-09-28 11:32:02,811 [INFO] LogOutputStream:77 - [STDOUT_REDIRECT] 1 : Invalid condition id : UX_CORESTACK_Condition cause : null
2024-09-28 11:32:02,812 [INFO] LogOutputStream:77 - [STDOUT_REDIRECT] 1 : Invalid condition id : UX_CORESTACK_Condition cause : null
2024-09-28 11:32:02,816 [WARN] PackLoader:240 - Cannot read IP mode file for STMicroelectronics.X-CUBE-AZRTOS-WL.2.0.0
2024-09-28 11:32:02,822 [WARN] PackLoader:240 - Cannot read IP mode file for STMicroelectronics.FP-SNS-MOTENV1.5.0.0
2024-09-28 11:32:02,901 [WARN] PackLoader:240 - Cannot read IP mode file for wolfSSL.I-CUBE-wolfMQTT.1.19.0
2024-09-28 11:32:02,910 [WARN] PackLoader:240 - Cannot read IP mode file for WES.I-CUBE-Cesium.1.3.0
2024-09-28 11:32:02,915 [WARN] PackLoader:240 - Cannot read IP mode file for STMicroelectronics.X-CUBE-BLE2.3.3.0
2024-09-28 11:32:02,922 [WARN] PackLoader:240 - Cannot read IP mode file for STMicroelectronics.X-CUBE-NFC9.1.0.0
2024-09-28 11:32:02,931 [WARN] PackLoader:240 - Cannot read IP mode file for STMicroelectronics.X-CUBE-TCPP.4.1.0
2024-09-28 11:32:02,948 [WARN] PackLoader:240 - Cannot read IP mode file for STMicroelectronics.X-CUBE-AZRTOS-G0.1.1.0
2024-09-28 11:32:02,957 [WARN] PackLoader:240 - Cannot read IP mode file for STMicroelectronics.X-CUBE-SAFEA1.1.2.2
2024-09-28 11:32:02,966 [WARN] PackLoader:240 - Cannot read IP mode file for STMicroelectronics.X-CUBE-NFC4.3.0.0
2024-09-28 11:32:02,976 [WARN] PackLoader:240 - Cannot read IP mode file for EmbeddedOffice.I-CUBE-FS-RTOS.1.0.1
2024-09-28 11:32:02,976 [ERROR] ConditionMgr:805 - Attr not supported : Dmpu
2024-09-28 11:32:02,976 [ERROR] ConditionMgr:805 - Attr not supported : Dmpu
2024-09-28 11:32:02,976 [ERROR] ConditionMgr:805 - Attr not supported : Dmpu
2024-09-28 11:32:02,976 [ERROR] ConditionMgr:805 - Attr not supported : Dmpu
2024-09-28 11:32:02,977 [ERROR] ConditionMgr:805 - Attr not supported : Dmpu
2024-09-28 11:32:02,977 [ERROR] ConditionMgr:805 - Attr not supported : Dmpu
2024-09-28 11:32:02,977 [ERROR] ConditionMgr:805 - Attr not supported : Dmpu
2024-09-28 11:32:02,977 [ERROR] ConditionMgr:805 - Attr not supported : Dmpu
2024-09-28 11:32:02,977 [ERROR] ConditionMgr:805 - Attr not supported : Dmpu
2024-09-28 11:32:02,977 [ERROR] ConditionMgr:805 - Attr not supported : Dmpu
2024-09-28 11:32:02,977 [ERROR] ConditionMgr:805 - Attr not supported : Dmpu
2024-09-28 11:32:02,977 [ERROR] ConditionMgr:805 - Attr not supported : Dmpu
2024-09-28 11:32:02,977 [ERROR] ConditionMgr:805 - Attr not supported : Dmpu
2024-09-28 11:32:02,977 [ERROR] ConditionMgr:805 - Attr not supported : Dmpu
2024-09-28 11:32:02,977 [ERROR] ConditionMgr:805 - Attr not supported : Dmpu
2024-09-28 11:32:02,978 [ERROR] ConditionMgr:805 - Attr not supported : Dmpu
2024-09-28 11:32:02,978 [ERROR] ConditionMgr:805 - Attr not supported : Dmpu
2024-09-28 11:32:02,978 [ERROR] ConditionMgr:805 - Attr not supported : Dmpu
2024-09-28 11:32:02,978 [ERROR] ConditionMgr:805 - Attr not supported : Dmpu
2024-09-28 11:32:02,978 [ERROR] ConditionMgr:805 - Attr not supported : Dmpu
2024-09-28 11:32:02,978 [ERROR] ConditionMgr:805 - Attr not supported : Dmpu
2024-09-28 11:32:02,978 [ERROR] ConditionMgr:805 - Attr not supported : Dmpu
2024-09-28 11:32:02,978 [ERROR] ConditionMgr:805 - Attr not supported : Dmpu
2024-09-28 11:32:02,978 [ERROR] ConditionMgr:805 - Attr not supported : Dmpu
2024-09-28 11:32:02,978 [ERROR] ConditionMgr:805 - Attr not supported : Dmpu
2024-09-28 11:32:02,978 [ERROR] ConditionMgr:805 - Attr not supported : Dmpu
2024-09-28 11:32:02,978 [ERROR] ConditionMgr:805 - Attr not supported : Dmpu
2024-09-28 11:32:02,978 [ERROR] ConditionMgr:805 - Attr not supported : Dmpu
2024-09-28 11:32:02,979 [ERROR] ConditionMgr:805 - Attr not supported : Dmpu
2024-09-28 11:32:02,979 [ERROR] ConditionMgr:805 - Attr not supported : Dmpu
2024-09-28 11:32:02,979 [ERROR] ConditionMgr:805 - Attr not supported : Dmpu
2024-09-28 11:32:02,979 [ERROR] ConditionMgr:805 - Attr not supported : Dmpu
2024-09-28 11:32:02,979 [ERROR] ConditionMgr:805 - Attr not supported : Dmpu
2024-09-28 11:32:02,979 [ERROR] ConditionMgr:805 - Attr not supported : Dmpu
2024-09-28 11:32:02,979 [ERROR] ConditionMgr:805 - Attr not supported : Dmpu
2024-09-28 11:32:02,979 [ERROR] ConditionMgr:805 - Attr not supported : Dmpu
2024-09-28 11:32:02,979 [ERROR] ConditionMgr:805 - Attr not supported : Dmpu
2024-09-28 11:32:02,979 [ERROR] ConditionMgr:805 - Attr not supported : Dmpu
2024-09-28 11:32:02,979 [ERROR] ConditionMgr:805 - Attr not supported : Dmpu
2024-09-28 11:32:02,979 [ERROR] ConditionMgr:805 - Attr not supported : Dmpu
2024-09-28 11:32:02,980 [ERROR] ConditionMgr:805 - Attr not supported : Dmpu
2024-09-28 11:32:02,980 [ERROR] ConditionMgr:805 - Attr not supported : Dmpu
2024-09-28 11:32:02,980 [ERROR] ConditionMgr:805 - Attr not supported : Dmpu
2024-09-28 11:32:02,980 [ERROR] ConditionMgr:805 - Attr not supported : Dmpu
2024-09-28 11:32:02,980 [ERROR] ConditionMgr:805 - Attr not supported : Dmpu
2024-09-28 11:32:02,980 [ERROR] ConditionMgr:805 - Attr not supported : Dmpu
2024-09-28 11:32:02,980 [ERROR] ConditionMgr:805 - Attr not supported : Dmpu
2024-09-28 11:32:02,980 [ERROR] ConditionMgr:805 - Attr not supported : Dmpu
2024-09-28 11:32:02,980 [ERROR] ConditionMgr:805 - Attr not supported : Dmpu
2024-09-28 11:32:02,980 [ERROR] ConditionMgr:805 - Attr not supported : Dmpu
2024-09-28 11:32:02,980 [ERROR] ConditionMgr:805 - Attr not supported : Dmpu
2024-09-28 11:32:02,980 [ERROR] ConditionMgr:805 - Attr not supported : Dmpu
2024-09-28 11:32:02,980 [ERROR] ConditionMgr:805 - Attr not supported : Dmpu
2024-09-28 11:32:02,980 [ERROR] ConditionMgr:805 - Attr not supported : Dmpu
2024-09-28 11:32:02,980 [ERROR] ConditionMgr:805 - Attr not supported : Dmpu
2024-09-28 11:32:02,980 [ERROR] ConditionMgr:805 - Attr not supported : Dmpu
2024-09-28 11:32:02,980 [ERROR] ConditionMgr:805 - Attr not supported : Dmpu
2024-09-28 11:32:02,981 [ERROR] ConditionMgr:805 - Attr not supported : Dmpu
2024-09-28 11:32:02,981 [ERROR] ConditionMgr:805 - Attr not supported : Dmpu
2024-09-28 11:32:02,981 [ERROR] ConditionMgr:805 - Attr not supported : Dmpu
2024-09-28 11:32:02,981 [ERROR] ConditionMgr:805 - Attr not supported : Dmpu
2024-09-28 11:32:02,981 [ERROR] ConditionMgr:805 - Attr not supported : Dmpu
2024-09-28 11:32:02,981 [ERROR] ConditionMgr:805 - Attr not supported : Dmpu
2024-09-28 11:32:02,981 [ERROR] ConditionMgr:805 - Attr not supported : Dmpu
2024-09-28 11:32:02,986 [WARN] PackLoader:240 - Cannot read IP mode file for RealThread.X-CUBE-RT-Thread_Nano.4.1.1
2024-09-28 11:32:02,990 [WARN] PackLoader:240 - Cannot read IP mode file for STMicroelectronics.FP-ATR-SIGFOX1.3.2.0
2024-09-28 11:32:02,994 [WARN] PackLoader:240 - Cannot read IP mode file for wolfSSL.I-CUBE-wolfSSL.5.7.2
2024-09-28 11:32:03,000 [WARN] PackLoader:240 - Cannot read IP mode file for STMicroelectronics.X-CUBE-EEPRMA1.5.1.0
2024-09-28 11:32:03,007 [WARN] PackLoader:240 - Cannot read IP mode file for ITTIA_DB.I-CUBE-ITTIADB.8.9.0
2024-09-28 11:32:03,035 [WARN] PackLoader:240 - Cannot read IP mode file for SEGGER.I-CUBE-embOS.1.3.1
2024-09-28 11:32:03,067 [WARN] PackLoader:240 - Cannot read IP mode file for STMicroelectronics.X-CUBE-ALGOBUILD.1.4.0
2024-09-28 11:32:03,071 [WARN] PackLoader:240 - Cannot read IP mode file for STMicroelectronics.X-CUBE-GNSS1.6.0.0
2024-09-28 11:32:03,086 [WARN] PackLoader:240 - Cannot read IP mode file for STMicroelectronics.X-CUBE-AZRTOS-F4.1.1.0
2024-09-28 11:32:03,090 [WARN] PackLoader:240 - Cannot read IP mode file for STMicroelectronics.X-CUBE-ISPU.2.1.0
2024-09-28 11:32:03,096 [WARN] PackLoader:240 - Cannot read IP mode file for STMicroelectronics.X-CUBE-FREERTOS.1.2.0
2024-09-28 11:32:03,109 [WARN] PackLoader:240 - Cannot read IP mode file for STMicroelectronics.X-CUBE-AZRTOS-L5.2.0.0
2024-09-28 11:32:03,118 [WARN] PackLoader:240 - Cannot read IP mode file for STMicroelectronics.X-CUBE-NFC6.3.1.0
2024-09-28 11:32:03,129 [WARN] PackLoader:240 - Cannot read IP mode file for STMicroelectronics.X-CUBE-DPower.1.2.0
2024-09-28 11:32:03,135 [WARN] PackLoader:240 - Cannot read IP mode file for STMicroelectronics.X-CUBE-AI.9.0.0
2024-09-28 11:32:03,142 [WARN] PackLoader:240 - Cannot read IP mode file for STMicroelectronics.X-CUBE-NFC7.1.0.1
2024-09-28 11:32:03,162 [WARN] ConditionMgr:438 - getConditionDescription Invalid condition id : LAN8742 Phy interface Condition cause : null
2024-09-28 11:32:03,163 [WARN] PackLoader:240 - Cannot read IP mode file for STMicroelectronics.X-CUBE-AZRTOS-L4.2.0.0
2024-09-28 11:32:03,164 [WARN] ConditionMgr:1039 - genDependencies : Invalid condition id : LAN8742 Phy interface Condition cause : null
2024-09-28 11:32:03,164 [WARN] ConditionMgr:1039 - genDependencies : Invalid condition id : LAN8742 Phy interface Condition cause : null
2024-09-28 11:32:03,165 [WARN] ConditionMgr:1039 - genDependencies : Invalid condition id : LAN8742 Phy interface Condition cause : null
2024-09-28 11:32:03,172 [WARN] PackLoader:240 - Cannot read IP mode file for STMicroelectronics.X-CUBE-SFXS2LP1.4.0.0
2024-09-28 11:32:03,249 [WARN] PackLoader:240 - Cannot read IP mode file for STMicroelectronics.X-CUBE-AZRTOS-H7.3.3.0
2024-09-28 11:32:03,263 [WARN] ConditionMgr:438 - getConditionDescription Invalid condition id : UX DEVICE CLASS RTOS Condition cause : null
2024-09-28 11:32:03,263 [WARN] ConditionMgr:438 - getConditionDescription Invalid condition id : UX DEVICE CLASS RTOS Condition cause : null
2024-09-28 11:32:03,266 [WARN] PackLoader:240 - Cannot read IP mode file for STMicroelectronics.X-CUBE-AZRTOS-WB.2.0.0
2024-09-28 11:32:03,267 [WARN] ConditionMgr:1039 - genDependencies : Invalid condition id : UX DEVICE CLASS RTOS Condition cause : null
2024-09-28 11:32:03,267 [WARN] ConditionMgr:1039 - genDependencies : Invalid condition id : UX DEVICE CLASS RTOS Condition cause : null
2024-09-28 11:32:03,268 [WARN] ConditionMgr:1039 - genDependencies : Invalid condition id : UX DEVICE CLASS RTOS Condition cause : null
2024-09-28 11:32:03,268 [WARN] ConditionMgr:1039 - genDependencies : Invalid condition id : UX DEVICE CLASS RTOS Condition cause : null
2024-09-28 11:32:03,268 [WARN] ConditionMgr:1039 - genDependencies : Invalid condition id : UX DEVICE CLASS RTOS Condition cause : null
2024-09-28 11:32:03,276 [WARN] PackLoader:240 - Cannot read IP mode file for STMicroelectronics.X-CUBE-GNSS1.7.0.0
2024-09-28 11:32:03,283 [WARN] PackLoader:240 - Cannot read IP mode file for STMicroelectronics.FP-SNS-STBOX1.2.0.0
2024-09-28 11:32:03,294 [WARN] PackLoader:240 - Cannot read IP mode file for STMicroelectronics.X-CUBE-SUBG2.5.0.0
2024-09-28 11:32:03,303 [WARN] PackLoader:240 - Cannot read IP mode file for Cesanta.I-CUBE-Mongoose.7.13.0
2024-09-28 11:32:03,318 [WARN] PackLoader:240 - Cannot read IP mode file for STMicroelectronics.X-CUBE-AZRTOS-G4.2.0.0
2024-09-28 11:32:03,324 [WARN] PackLoader:240 - Cannot read IP mode file for STMicroelectronics.X-CUBE-ISPU.2.0.0
2024-09-28 11:32:03,333 [WARN] PackLoader:240 - Cannot read IP mode file for STMicroelectronics.X-CUBE-ALS.1.0.2
2024-09-28 11:32:03,338 [WARN] PackLoader:240 - Cannot read IP mode file for STMicroelectronics.X-CUBE-TOUCHGFX.4.24.0
2024-09-28 11:32:03,340 [WARN] PackLoader:240 - Cannot read IP mode file for STMicroelectronics.X-CUBE-TOUCHGFX.4.24.1
2024-09-28 11:32:03,345 [WARN] PackLoader:240 - Cannot read IP mode file for wolfSSL.I-CUBE-wolfTPM.3.4.0
2024-09-28 11:32:03,354 [WARN] PackLoader:240 - Cannot read IP mode file for portGmbH.I-Cube-SoM-uGOAL.1.1.0
2024-09-28 11:32:03,380 [WARN] PackLoader:240 - Cannot read IP mode file for STMicroelectronics.X-CUBE-AZRTOS-H7RS.1.0.0
2024-09-28 11:32:03,408 [WARN] PackLoader:240 - Cannot read IP mode file for STMicroelectronics.FP-ATR-ASTRA1.2.0.0
2024-09-28 11:32:03,425 [WARN] PackLoader:240 - Cannot read IP mode file for STMicroelectronics.X-CUBE-TOF1.3.4.2
2024-09-28 11:32:03,460 [WARN] PackLoader:240 - Cannot read IP mode file for Infineon.AIROC-Wi-Fi-Bluetooth-STM32.1.6.1
2024-09-28 11:32:03,467 [WARN] PackLoader:240 - Cannot read IP mode file for wolfSSL.I-CUBE-wolfSSH.1.4.17
2024-09-28 11:32:03,467 [INFO] ThirdParty:978 - Integrity check success = true
2024-09-28 11:32:03,467 [INFO] IntegrityCheckThread:100 - exiting critical section [integrity check]
2024-09-28 11:32:03,467 [INFO] IntegrityCheckThread:103 - End integrity checks thread
2024-09-28 18:35:54,107 [INFO] WebApp:189 - Connection lost
2024-09-28 18:35:54,427 [INFO] WebApp:186 - Connection restablished
2024-09-28 18:35:55,677 [INFO] WebApp:189 - Connection lost
2024-09-28 18:35:56,113 [INFO] WebApp:186 - Connection restablished
2024-09-28 18:37:51,005 [ERROR] LogOutputStream:75 - [STDERR_REDIRECT] 
2024-09-28 18:37:51,006 [ERROR] LogOutputStream:75 - [STDERR_REDIRECT] 
2024-09-28 20:18:19,357 [INFO] Activator:176 - 


2024-09-28 20:18:19,358 [INFO] Activator:177 - !SESSION log4j initialized
2024-09-28 20:18:24,944 [INFO] LogOutputStream:77 - [STDOUT_REDIRECT] 
2024-09-28 20:18:26,133 [INFO] ApplicationProperties:184 - Using Application install path: C:\ST\STM32CubeIDE_1.16.0\STM32CubeIDE\plugins\com.st.stm32cube.common.mx_6.12.0.202406281431
2024-09-28 20:18:26,151 [INFO] DbMcusXml:78 - Set database path to: C:\ST\STM32CubeIDE_1.16.0\STM32CubeIDE\plugins\com.st.stm32cube.common.mx_6.12.0.202406281431\\db\/mcu/
2024-09-28 20:18:26,151 [INFO] ApiDb:274 - Set plugin database path to: C:\ST\STM32CubeIDE_1.16.0\STM32CubeIDE\plugins\com.st.stm32cube.common.mx_6.12.0.202406281431\\db\/plugins/boardmanager/
2024-09-28 20:18:26,151 [WARN] ApiDb:259 - Overriding images path with different value:  => C:\ST\STM32CubeIDE_1.16.0\STM32CubeIDE\plugins\com.st.stm32cube.common.mx_6.12.0.202406281431\\db\/plugins/mcufinder/images/
2024-09-28 20:18:26,160 [INFO] ApiDb:250 - Set database path to: C:\Users\Ali\.stmcufinder\plugins\mcufinder//mcu/
2024-09-28 20:18:26,161 [INFO] DbMcusAds:125 - Set database path to: C:\Users\Ali\.stmcufinder\plugins\mcufinder//mcu/
2024-09-28 20:18:26,163 [INFO] CrossReferenceDbSqlite:203 - Set database path to: C:\Users\Ali\.stmcufinder\plugins\mcufinder//mcu/cs/
2024-09-28 20:18:26,265 [INFO] RulesReader:64 - Compatibility file has been processed (297 Rules)
2024-09-28 20:18:26,342 [INFO] DbMcusXml:78 - Set database path to: C:\ST\STM32CubeIDE_1.16.0\STM32CubeIDE\plugins\com.st.stm32cube.common.mx_6.12.0.202406281431\\db\/mcu/
2024-09-28 20:18:26,342 [INFO] ApiDb:274 - Set plugin database path to: C:\ST\STM32CubeIDE_1.16.0\STM32CubeIDE\plugins\com.st.stm32cube.common.mx_6.12.0.202406281431\\db\/plugins/boardmanager/
2024-09-28 20:18:26,342 [INFO] ApiDb:261 - Set plugin images path to: C:\ST\STM32CubeIDE_1.16.0\STM32CubeIDE\plugins\com.st.stm32cube.common.mx_6.12.0.202406281431\\db\/plugins/mcufinder/images/
2024-09-28 20:18:26,343 [WARN] DbFile:41 - Overriding database path with different value: C:\Users\Ali\.stmcufinder\plugins\mcufinder/ => C:\Users\Ali\.stmcufinder\plugins\mcufinder
2024-09-28 20:18:26,343 [INFO] ApiDb:250 - Set database path to: C:\Users\Ali\.stmcufinder\plugins\mcufinder//mcu/
2024-09-28 20:18:26,343 [WARN] DbFile:41 - Overriding database path with different value: C:\Users\Ali\.stmcufinder\plugins\mcufinder/ => C:\Users\Ali\.stmcufinder\plugins\mcufinder
2024-09-28 20:18:26,343 [INFO] DbMcusAds:125 - Set database path to: C:\Users\Ali\.stmcufinder\plugins\mcufinder//mcu/
2024-09-28 20:18:26,343 [WARN] DbFile:41 - Overriding database path with different value: C:\Users\Ali\.stmcufinder\plugins\mcufinder/ => C:\Users\Ali\.stmcufinder\plugins\mcufinder
2024-09-28 20:18:26,343 [WARN] DbFile:41 - Overriding database path with different value: C:\Users\Ali\.stmcufinder\plugins\mcufinder/ => C:\Users\Ali\.stmcufinder\plugins\mcufinder
2024-09-28 20:18:26,343 [INFO] CrossReferenceDbSqlite:203 - Set database path to: C:\Users\Ali\.stmcufinder\plugins\mcufinder//mcu/cs/
2024-09-28 20:18:26,420 [INFO] MainPanel:268 - HeapMemory: 268435456
2024-09-28 20:18:26,520 [INFO] DbMcusXml:78 - Set database path to: C:\ST\STM32CubeIDE_1.16.0\STM32CubeIDE\plugins\com.st.stm32cube.common.mx_6.12.0.202406281431\\db\/mcu/
2024-09-28 20:18:26,520 [INFO] ApiDb:274 - Set plugin database path to: C:\ST\STM32CubeIDE_1.16.0\STM32CubeIDE\plugins\com.st.stm32cube.common.mx_6.12.0.202406281431\\db\/plugins/boardmanager/
2024-09-28 20:18:26,520 [INFO] ApiDb:261 - Set plugin images path to: C:\ST\STM32CubeIDE_1.16.0\STM32CubeIDE\plugins\com.st.stm32cube.common.mx_6.12.0.202406281431\\db\/plugins/mcufinder/images/
2024-09-28 20:18:26,521 [WARN] DbFile:41 - Overriding database path with different value: C:\Users\Ali\.stmcufinder\plugins\mcufinder/ => C:\Users\Ali\.stmcufinder\plugins\mcufinder
2024-09-28 20:18:26,521 [INFO] ApiDb:250 - Set database path to: C:\Users\Ali\.stmcufinder\plugins\mcufinder//mcu/
2024-09-28 20:18:26,521 [WARN] DbFile:41 - Overriding database path with different value: C:\Users\Ali\.stmcufinder\plugins\mcufinder/ => C:\Users\Ali\.stmcufinder\plugins\mcufinder
2024-09-28 20:18:26,521 [INFO] DbMcusAds:125 - Set database path to: C:\Users\Ali\.stmcufinder\plugins\mcufinder//mcu/
2024-09-28 20:18:26,521 [WARN] DbFile:41 - Overriding database path with different value: C:\Users\Ali\.stmcufinder\plugins\mcufinder/ => C:\Users\Ali\.stmcufinder\plugins\mcufinder
2024-09-28 20:18:26,521 [WARN] DbFile:41 - Overriding database path with different value: C:\Users\Ali\.stmcufinder\plugins\mcufinder/ => C:\Users\Ali\.stmcufinder\plugins\mcufinder
2024-09-28 20:18:26,521 [INFO] CrossReferenceDbSqlite:203 - Set database path to: C:\Users\Ali\.stmcufinder\plugins\mcufinder//mcu/cs/
2024-09-28 20:18:26,537 [INFO] ApplicationProperties:184 - Using Application install path: C:\ST\STM32CubeIDE_1.16.0\STM32CubeIDE\plugins\com.st.stm32cube.common.mx_6.12.0.202406281431
2024-09-28 20:18:26,538 [INFO] PluginManage:196 - Search for loadable plugins [exclusion list=, ]
2024-09-28 20:18:26,539 [INFO] PluginManage:310 - Check plugin analytics
2024-09-28 20:18:26,680 [INFO] AnalyticsPlugin:253 - Accepted Software Licenses: 
2024-09-28 20:18:26,681 [INFO] AnalyticsPlugin:255 - Accepted CMSIS Pack Licenses: 
2024-09-28 20:18:26,681 [INFO] AnalyticsPlugin:257 - Accepted Firmware Licenses: FW.L4.1.18.0
2024-09-28 20:18:26,683 [INFO] PluginManage:359 - Loaded plugin analytics (category:tool,tabindex:-1)
2024-09-28 20:18:26,683 [INFO] PluginManage:310 - Check plugin cadmodel
2024-09-28 20:18:26,697 [INFO] CADModel:105 - Init CAD model plugin
2024-09-28 20:18:26,697 [INFO] PluginManage:359 - Loaded plugin cadmodel (category:power,tabindex:5)
2024-09-28 20:18:26,697 [INFO] PluginManage:310 - Check plugin clock
2024-09-28 20:18:26,714 [INFO] PluginManage:359 - Loaded plugin clock (category:base,tabindex:2)
2024-09-28 20:18:26,714 [INFO] PluginManage:310 - Check plugin ddr
2024-09-28 20:18:26,717 [INFO] PluginManage:359 - Loaded plugin ddr (category:tool,tabindex:6)
2024-09-28 20:18:26,718 [INFO] PluginManage:310 - Check plugin filemanager
2024-09-28 20:18:26,842 [INFO] PluginManage:359 - Loaded plugin filemanager (category:base,tabindex:10)
2024-09-28 20:18:26,843 [INFO] PluginManage:310 - Check plugin ipmanager
2024-09-28 20:18:26,850 [INFO] PluginManage:359 - Loaded plugin ipmanager (category:base,tabindex:5)
2024-09-28 20:18:26,850 [INFO] PluginManage:310 - Check plugin lpbam
2024-09-28 20:18:26,866 [INFO] PluginManage:359 - Loaded plugin lpbam (category:base,tabindex:0)
2024-09-28 20:18:26,866 [INFO] PluginManage:310 - Check plugin memorymap
2024-09-28 20:18:26,887 [INFO] PluginManage:359 - Loaded plugin memorymap (category:base,tabindex:4)
2024-09-28 20:18:26,887 [INFO] PluginManage:310 - Check plugin pinoutandconfiguration
2024-09-28 20:18:26,903 [INFO] PluginManage:359 - Loaded plugin pinoutandconfiguration (category:base,tabindex:1)
2024-09-28 20:18:26,903 [INFO] PluginManage:310 - Check plugin pinoutconfig
2024-09-28 20:18:26,989 [WARN] SupportedApi:132 - Cannot load RTOS API schema: s4s-elt-must-match.1: The content of 'definitions' must match (annotation?, (simpleType | complexType)?, (unique | key | keyref)*)). A problem was found starting at: attribute.
2024-09-28 20:18:27,109 [INFO] PluginManage:359 - Loaded plugin pinoutconfig (category:base,tabindex:0)
2024-09-28 20:18:27,109 [INFO] PluginManage:310 - Check plugin power
2024-09-28 20:18:27,125 [INFO] PluginManage:359 - Loaded plugin power (category:power,tabindex:4)
2024-09-28 20:18:27,125 [INFO] PluginManage:310 - Check plugin projectmanager
2024-09-28 20:18:27,138 [INFO] PluginManage:359 - Loaded plugin projectmanager (category:projectmanager,tabindex:4)
2024-09-28 20:18:27,138 [INFO] PluginManage:310 - Check plugin rif
2024-09-28 20:18:27,151 [INFO] PluginManage:359 - Loaded plugin rif (category:base,tabindex:3)
2024-09-28 20:18:27,152 [INFO] PluginManage:310 - Check plugin thirdparty
2024-09-28 20:18:27,391 [INFO] PluginManage:359 - Loaded plugin thirdparty (category:base,tabindex:-1)
2024-09-28 20:18:27,391 [WARN] IntegrityCheckThread:84 - waiting for thirdparty lock release [integrity check]
2024-09-28 20:18:27,391 [INFO] PluginManage:310 - Check plugin tools
2024-09-28 20:18:27,391 [INFO] IntegrityCheckThread:86 - entering critical section [integrity check]
2024-09-28 20:18:27,391 [INFO] ThirdPartyUpdaterWithRetryManager:70 - Updater plugin not ready yet. [1/15]
2024-09-28 20:18:27,423 [INFO] PluginManage:359 - Loaded plugin tools (category:base,tabindex:7)
2024-09-28 20:18:27,423 [INFO] PluginManage:310 - Check plugin tutovideos
2024-09-28 20:18:27,599 [INFO] PluginManage:359 - Loaded plugin tutovideos (category:base,tabindex:-1)
2024-09-28 20:18:27,599 [INFO] PluginManage:310 - Check plugin updater
2024-09-28 20:18:27,614 [INFO] PluginManage:359 - Loaded plugin updater (category:base,tabindex:12)
2024-09-28 20:18:27,614 [INFO] PluginManage:310 - Check plugin userauth
2024-09-28 20:18:27,618 [INFO] UserAuth:113 - Init User Auth plugin
2024-09-28 20:18:27,619 [INFO] PluginManage:359 - Loaded plugin userauth (category:base,tabindex:14)
2024-09-28 20:18:27,619 [INFO] PluginManage:283 - PluginManage : Loaded plugins [18]
2024-09-28 20:18:27,817 [INFO] PinOutPanel:1561 - setPackage(No Configuration,No Configuration)
2024-09-28 20:18:27,902 [INFO] CADModel:165 - CPN selected for project level
2024-09-28 20:18:27,902 [INFO] CADModel:114 - Register for checkConnection events
2024-09-28 20:18:27,922 [INFO] IPUIPlugin:80 - create IPUIPlugin
2024-09-28 20:18:27,923 [INFO] PluginManager:220 - loadIPPluginJar : add adc
2024-09-28 20:18:27,955 [INFO] IPUIPlugin:80 - create IPUIPlugin
2024-09-28 20:18:27,955 [INFO] PluginManager:220 - loadIPPluginJar : add aes
2024-09-28 20:18:27,992 [INFO] IPUIPlugin:80 - create IPUIPlugin
2024-09-28 20:18:27,992 [INFO] PluginManager:220 - loadIPPluginJar : add can
2024-09-28 20:18:28,013 [INFO] IPUIPlugin:80 - create IPUIPlugin
2024-09-28 20:18:28,013 [INFO] PluginManager:220 - loadIPPluginJar : add comp
2024-09-28 20:18:28,042 [INFO] IPUIPlugin:80 - create IPUIPlugin
2024-09-28 20:18:28,042 [INFO] PluginManager:220 - loadIPPluginJar : add cryp
2024-09-28 20:18:28,053 [INFO] IPUIPlugin:80 - create IPUIPlugin
2024-09-28 20:18:28,053 [INFO] PluginManager:220 - loadIPPluginJar : add ddr_ctrl_phy
2024-09-28 20:18:28,080 [INFO] IPUIPlugin:80 - create IPUIPlugin
2024-09-28 20:18:28,080 [INFO] PluginManager:220 - loadIPPluginJar : add dfsdm
2024-09-28 20:18:28,092 [INFO] IPUIPlugin:80 - create IPUIPlugin
2024-09-28 20:18:28,092 [INFO] PluginManager:220 - loadIPPluginJar : add dma
2024-09-28 20:18:28,136 [INFO] IPUIPlugin:80 - create IPUIPlugin
2024-09-28 20:18:28,136 [INFO] PluginManager:220 - loadIPPluginJar : add dma3
2024-09-28 20:18:28,179 [INFO] IPUIPlugin:80 - create IPUIPlugin
2024-09-28 20:18:28,179 [INFO] PluginManager:220 - loadIPPluginJar : add extmemmanager
2024-09-28 20:18:28,197 [INFO] IPUIPlugin:80 - create IPUIPlugin
2024-09-28 20:18:28,197 [INFO] PluginManager:220 - loadIPPluginJar : add fatfs
2024-09-28 20:18:28,243 [INFO] IPUIPlugin:80 - create IPUIPlugin
2024-09-28 20:18:28,243 [INFO] PluginManager:220 - loadIPPluginJar : add fmc
2024-09-28 20:18:28,256 [INFO] IPUIPlugin:80 - create IPUIPlugin
2024-09-28 20:18:28,256 [INFO] PluginManager:220 - loadIPPluginJar : add freertos
2024-09-28 20:18:28,273 [INFO] IPUIPlugin:80 - create IPUIPlugin
2024-09-28 20:18:28,273 [INFO] PluginManager:220 - loadIPPluginJar : add genericplugin
2024-09-28 20:18:28,360 [INFO] IPUIPlugin:80 - create IPUIPlugin
2024-09-28 20:18:28,360 [INFO] PluginManager:220 - loadIPPluginJar : add gfxmmu
2024-09-28 20:18:28,479 [INFO] IPUIPlugin:80 - create IPUIPlugin
2024-09-28 20:18:28,479 [INFO] PluginManager:220 - loadIPPluginJar : add gic
2024-09-28 20:18:28,491 [INFO] IPUIPlugin:80 - create IPUIPlugin
2024-09-28 20:18:28,492 [INFO] PluginManager:220 - loadIPPluginJar : add gpio
2024-09-28 20:18:28,579 [INFO] IPUIPlugin:80 - create IPUIPlugin
2024-09-28 20:18:28,579 [INFO] PluginManager:220 - loadIPPluginJar : add gtzc
2024-09-28 20:18:28,607 [INFO] IPUIPlugin:80 - create IPUIPlugin
2024-09-28 20:18:28,607 [INFO] PluginManager:220 - loadIPPluginJar : add hash
2024-09-28 20:18:28,659 [INFO] IPUIPlugin:80 - create IPUIPlugin
2024-09-28 20:18:28,659 [INFO] PluginManager:220 - loadIPPluginJar : add i2c
2024-09-28 20:18:28,697 [INFO] IPUIPlugin:80 - create IPUIPlugin
2024-09-28 20:18:28,697 [INFO] PluginManager:220 - loadIPPluginJar : add i2s
2024-09-28 20:18:28,736 [INFO] IPUIPlugin:80 - create IPUIPlugin
2024-09-28 20:18:28,736 [INFO] PluginManager:220 - loadIPPluginJar : add i3c
2024-09-28 20:18:28,844 [INFO] IPUIPlugin:80 - create IPUIPlugin
2024-09-28 20:18:28,844 [INFO] PluginManager:220 - loadIPPluginJar : add ipddr
2024-09-28 20:18:28,932 [INFO] IPUIPlugin:80 - create IPUIPlugin
2024-09-28 20:18:28,933 [INFO] PluginManager:220 - loadIPPluginJar : add linkedlist
2024-09-28 20:18:28,966 [INFO] IPUIPlugin:80 - create IPUIPlugin
2024-09-28 20:18:28,966 [INFO] PluginManager:220 - loadIPPluginJar : add lorawan
2024-09-28 20:18:29,000 [INFO] IPUIPlugin:80 - create IPUIPlugin
2024-09-28 20:18:29,000 [INFO] PluginManager:220 - loadIPPluginJar : add ltdc
2024-09-28 20:18:29,012 [INFO] IPUIPlugin:80 - create IPUIPlugin
2024-09-28 20:18:29,012 [INFO] PluginManager:220 - loadIPPluginJar : add mdma
2024-09-28 20:18:29,023 [INFO] IPUIPlugin:80 - create IPUIPlugin
2024-09-28 20:18:29,023 [INFO] PluginManager:220 - loadIPPluginJar : add nvic
2024-09-28 20:18:29,057 [INFO] IPUIPlugin:80 - create IPUIPlugin
2024-09-28 20:18:29,057 [INFO] PluginManager:220 - loadIPPluginJar : add opamp
2024-09-28 20:18:29,113 [INFO] IPUIPlugin:80 - create IPUIPlugin
2024-09-28 20:18:29,113 [INFO] PluginManager:220 - loadIPPluginJar : add openamp
2024-09-28 20:18:29,151 [INFO] IPUIPlugin:80 - create IPUIPlugin
2024-09-28 20:18:29,151 [INFO] PluginManager:220 - loadIPPluginJar : add pdm2pcm
2024-09-28 20:18:29,164 [INFO] IPUIPlugin:80 - create IPUIPlugin
2024-09-28 20:18:29,166 [INFO] PluginManager:220 - loadIPPluginJar : add plateformsettings
2024-09-28 20:18:29,185 [INFO] IPUIPlugin:80 - create IPUIPlugin
2024-09-28 20:18:29,185 [INFO] PluginManager:220 - loadIPPluginJar : add quadspi
2024-09-28 20:18:29,208 [INFO] IPUIPlugin:80 - create IPUIPlugin
2024-09-28 20:18:29,209 [INFO] PluginManager:220 - loadIPPluginJar : add radio
2024-09-28 20:18:29,219 [INFO] IPUIPlugin:80 - create IPUIPlugin
2024-09-28 20:18:29,219 [INFO] PluginManager:220 - loadIPPluginJar : add resmgrutility
2024-09-28 20:18:29,265 [INFO] IPUIPlugin:80 - create IPUIPlugin
2024-09-28 20:18:29,265 [INFO] PluginManager:220 - loadIPPluginJar : add sai
2024-09-28 20:18:29,297 [INFO] IPUIPlugin:80 - create IPUIPlugin
2024-09-28 20:18:29,297 [INFO] PluginManager:220 - loadIPPluginJar : add spi
2024-09-28 20:18:29,366 [INFO] IPUIPlugin:80 - create IPUIPlugin
2024-09-28 20:18:29,366 [INFO] PluginManager:220 - loadIPPluginJar : add stm32_wpan
2024-09-28 20:18:29,389 [INFO] IPUIPlugin:80 - create IPUIPlugin
2024-09-28 20:18:29,390 [INFO] PluginManager:220 - loadIPPluginJar : add tim
2024-09-28 20:18:29,450 [INFO] IPUIPlugin:80 - create IPUIPlugin
2024-09-28 20:18:29,450 [INFO] PluginManager:220 - loadIPPluginJar : add touchsensing
2024-09-28 20:18:29,471 [INFO] IPUIPlugin:80 - create IPUIPlugin
2024-09-28 20:18:29,471 [INFO] PluginManager:220 - loadIPPluginJar : add tracer_emb
2024-09-28 20:18:29,493 [INFO] IPUIPlugin:80 - create IPUIPlugin
2024-09-28 20:18:29,493 [INFO] PluginManager:220 - loadIPPluginJar : add ts
2024-09-28 20:18:29,513 [INFO] IPUIPlugin:80 - create IPUIPlugin
2024-09-28 20:18:29,513 [INFO] PluginManager:220 - loadIPPluginJar : add tsc
2024-09-28 20:18:29,532 [INFO] IPUIPlugin:80 - create IPUIPlugin
2024-09-28 20:18:29,532 [INFO] PluginManager:220 - loadIPPluginJar : add ucpd
2024-09-28 20:18:29,571 [INFO] IPUIPlugin:80 - create IPUIPlugin
2024-09-28 20:18:29,571 [INFO] PluginManager:220 - loadIPPluginJar : add usart
2024-09-28 20:18:29,611 [INFO] IPUIPlugin:80 - create IPUIPlugin
2024-09-28 20:18:29,611 [INFO] PluginManager:220 - loadIPPluginJar : add usbx
2024-09-28 20:18:29,731 [INFO] CADModel:165 - CPN selected for project level
2024-09-28 20:18:29,731 [INFO] CADModel:114 - Register for checkConnection events
2024-09-28 20:18:29,731 [FATAL] Updater:334 - Updater called before beeing initialized
2024-09-28 20:18:29,731 [ERROR] CADModel:125 - Updater not yet initialized, retry later 
2024-09-28 20:18:29,844 [INFO] CADModel:165 - CPN selected for project level
2024-09-28 20:18:29,844 [INFO] CADModel:114 - Register for checkConnection events
2024-09-28 20:18:29,844 [FATAL] Updater:334 - Updater called before beeing initialized
2024-09-28 20:18:29,844 [ERROR] CADModel:125 - Updater not yet initialized, retry later 
2024-09-28 20:18:29,847 [FATAL] Updater:334 - Updater called before beeing initialized
2024-09-28 20:18:29,944 [FATAL] Updater:334 - Updater called before beeing initialized
2024-09-28 20:18:29,948 [INFO] DbMcusAds:53 - JSON generation date=Mon Sep 16 10:40:22 EDT 2024 (1726497622318)
2024-09-28 20:18:29,949 [FATAL] Updater:334 - Updater called before beeing initialized
2024-09-28 20:18:29,989 [WARN] DetailPanel:346 - Failed to get advertising image, set to default
2024-09-28 20:18:30,094 [FATAL] Updater:334 - Updater called before beeing initialized
2024-09-28 20:18:30,095 [FATAL] Updater:334 - Updater called before beeing initialized
2024-09-28 20:18:30,096 [FATAL] Updater:334 - Updater called before beeing initialized
2024-09-28 20:18:30,096 [WARN] DetailPanel:346 - Failed to get advertising image, set to default
2024-09-28 20:18:30,096 [FATAL] Updater:334 - Updater called before beeing initialized
2024-09-28 20:18:30,156 [ERROR] Updater:1164 - MainUpdater not yet initialized. External WinMGr cannot be set.
2024-09-28 20:18:30,183 [INFO] Updater:1100 - Updater Version found : 6.12.0
2024-09-28 20:18:30,199 [INFO] ApplicationProperties:184 - Using Application install path: C:\ST\STM32CubeIDE_1.16.0\STM32CubeIDE\plugins\com.st.stm32cube.common.mx_6.12.0.202406281431
2024-09-28 20:18:30,393 [INFO] ThirdPartyUpdaterWithRetryManager:70 - Updater plugin not ready yet. [2/15]
2024-09-28 20:18:31,773 [ERROR] LogOutputStream:75 - [STDERR_REDIRECT] Sep 28, 2024 8:18:31 PM java.util.prefs.WindowsPreferences <init>
2024-09-28 20:18:31,775 [ERROR] LogOutputStream:75 - [STDERR_REDIRECT] WARNING: Could not open/create prefs root node Software\JavaSoft\Prefs at root 0xffffffff80000002. Windows RegCreateKeyEx(...) returned error code 5.
2024-09-28 20:18:31,775 [ERROR] LogOutputStream:75 - [STDERR_REDIRECT] 
2024-09-28 20:18:32,142 [INFO] MainUpdater:2873 - connection check result : 10
2024-09-28 20:18:32,143 [INFO] MainUpdater:290 - Updater Check For Update Now.
2024-09-28 20:18:32,143 [INFO] MicroXplorer:498 - Change Database Version : DB.6.0.120
2024-09-28 20:18:32,156 [INFO] McuFinderGlobals:63 - Set McuFinder mode to 2 (CubeIDE integrated)
2024-09-28 20:18:32,156 [INFO] UserAuth:179 - activating auth plugin
2024-09-28 20:18:32,160 [INFO] UserAuth:417 - Internet connection configuration mode: 1
2024-09-28 20:18:32,181 [INFO] JxBrowserEngine:152 - Initiate JxBrowser Engine with user profile folder
2024-09-28 20:18:32,315 [INFO] CheckServerUpdateThread:120 - End of CheckServer Thread
2024-09-28 20:18:33,523 [INFO] WebApp:167 - Instantiating new browser for Auth
2024-09-28 20:18:33,665 [WARN] PackLoader:240 - Cannot read IP mode file for STMicroelectronics.FP-SNS-MOTENVWB1.1.4.0
2024-09-28 20:18:33,678 [WARN] PackLoader:240 - Cannot read IP mode file for STMicroelectronics.X-CUBE-SMBUS.2.1.0
2024-09-28 20:18:33,711 [WARN] PackLoader:240 - Cannot read IP mode file for STMicroelectronics.X-CUBE-AZRTOS-F7.1.1.0
2024-09-28 20:18:33,821 [WARN] PackLoader:240 - Cannot read IP mode file for STMicroelectronics.X-CUBE-MEMS1.11.0.0
2024-09-28 20:18:34,000 [WARN] PackLoader:240 - Cannot read IP mode file for STMicroelectronics.FP-SNS-FLIGHT1.5.0.2
2024-09-28 20:18:34,010 [WARN] PackLoader:240 - Cannot read IP mode file for STMicroelectronics.X-CUBE-DISPLAY.3.0.0
2024-09-28 20:18:34,020 [WARN] PackLoader:240 - Cannot read IP mode file for STMicroelectronics.X-CUBE-BLE1.7.0.0
2024-09-28 20:18:34,029 [WARN] PackLoader:240 - Cannot read IP mode file for STMicroelectronics.X-CUBE-NFC10.1.0.0
2024-09-28 20:18:34,044 [WARN] PackLoader:240 - Cannot read IP mode file for emotas.I-CUBE-CANOPEN.1.3.0
2024-09-28 20:18:34,061 [WARN] PackLoader:240 - Cannot read IP mode file for STMicroelectronics.X-CUBE-BLEMGR.3.1.0
2024-09-28 20:18:34,071 [WARN] PackLoader:240 - Cannot read IP mode file for STMicroelectronics.FP-SNS-SMARTAG2.1.2.0
2024-09-28 20:18:34,086 [INFO] LogOutputStream:77 - [STDOUT_REDIRECT] 1 : Invalid condition id : UX_CORESTACK_Condition cause : null
2024-09-28 20:18:34,086 [INFO] LogOutputStream:77 - [STDOUT_REDIRECT] 1 : Invalid condition id : UX_CORESTACK_Condition cause : null
2024-09-28 20:18:34,088 [INFO] LogOutputStream:77 - [STDOUT_REDIRECT] 1 : Invalid condition id : UX_CORESTACK_Condition cause : null
2024-09-28 20:18:34,090 [INFO] LogOutputStream:77 - [STDOUT_REDIRECT] 1 : Invalid condition id : UX_CORESTACK_Condition cause : null
2024-09-28 20:18:34,092 [INFO] LogOutputStream:77 - [STDOUT_REDIRECT] 1 : Invalid condition id : UX_CORESTACK_Condition cause : null
2024-09-28 20:18:34,097 [WARN] PackLoader:240 - Cannot read IP mode file for STMicroelectronics.X-CUBE-AZRTOS-WL.2.0.0
2024-09-28 20:18:34,108 [WARN] PackLoader:240 - Cannot read IP mode file for STMicroelectronics.FP-SNS-MOTENV1.5.0.0
2024-09-28 20:18:34,121 [WARN] PackLoader:240 - Cannot read IP mode file for wolfSSL.I-CUBE-wolfMQTT.1.19.0
2024-09-28 20:18:34,150 [WARN] PackLoader:240 - Cannot read IP mode file for WES.I-CUBE-Cesium.1.3.0
2024-09-28 20:18:34,161 [WARN] PackLoader:240 - Cannot read IP mode file for STMicroelectronics.X-CUBE-BLE2.3.3.0
2024-09-28 20:18:34,176 [WARN] PackLoader:240 - Cannot read IP mode file for STMicroelectronics.X-CUBE-NFC9.1.0.0
2024-09-28 20:18:34,187 [WARN] PackLoader:240 - Cannot read IP mode file for STMicroelectronics.X-CUBE-TCPP.4.1.0
2024-09-28 20:18:34,217 [WARN] PackLoader:240 - Cannot read IP mode file for STMicroelectronics.X-CUBE-AZRTOS-G0.1.1.0
2024-09-28 20:18:34,229 [WARN] PackLoader:240 - Cannot read IP mode file for STMicroelectronics.X-CUBE-SAFEA1.1.2.2
2024-09-28 20:18:34,237 [WARN] PackLoader:240 - Cannot read IP mode file for STMicroelectronics.X-CUBE-NFC4.3.0.0
2024-09-28 20:18:34,250 [WARN] PackLoader:240 - Cannot read IP mode file for EmbeddedOffice.I-CUBE-FS-RTOS.1.0.1
2024-09-28 20:18:34,251 [ERROR] ConditionMgr:805 - Attr not supported : Dmpu
2024-09-28 20:18:34,251 [ERROR] ConditionMgr:805 - Attr not supported : Dmpu
2024-09-28 20:18:34,251 [ERROR] ConditionMgr:805 - Attr not supported : Dmpu
2024-09-28 20:18:34,251 [ERROR] ConditionMgr:805 - Attr not supported : Dmpu
2024-09-28 20:18:34,251 [ERROR] ConditionMgr:805 - Attr not supported : Dmpu
2024-09-28 20:18:34,251 [ERROR] ConditionMgr:805 - Attr not supported : Dmpu
2024-09-28 20:18:34,251 [ERROR] ConditionMgr:805 - Attr not supported : Dmpu
2024-09-28 20:18:34,252 [ERROR] ConditionMgr:805 - Attr not supported : Dmpu
2024-09-28 20:18:34,252 [ERROR] ConditionMgr:805 - Attr not supported : Dmpu
2024-09-28 20:18:34,252 [ERROR] ConditionMgr:805 - Attr not supported : Dmpu
2024-09-28 20:18:34,252 [ERROR] ConditionMgr:805 - Attr not supported : Dmpu
2024-09-28 20:18:34,252 [ERROR] ConditionMgr:805 - Attr not supported : Dmpu
2024-09-28 20:18:34,252 [ERROR] ConditionMgr:805 - Attr not supported : Dmpu
2024-09-28 20:18:34,252 [ERROR] ConditionMgr:805 - Attr not supported : Dmpu
2024-09-28 20:18:34,252 [ERROR] ConditionMgr:805 - Attr not supported : Dmpu
2024-09-28 20:18:34,252 [ERROR] ConditionMgr:805 - Attr not supported : Dmpu
2024-09-28 20:18:34,253 [ERROR] ConditionMgr:805 - Attr not supported : Dmpu
2024-09-28 20:18:34,253 [ERROR] ConditionMgr:805 - Attr not supported : Dmpu
2024-09-28 20:18:34,253 [ERROR] ConditionMgr:805 - Attr not supported : Dmpu
2024-09-28 20:18:34,253 [ERROR] ConditionMgr:805 - Attr not supported : Dmpu
2024-09-28 20:18:34,253 [ERROR] ConditionMgr:805 - Attr not supported : Dmpu
2024-09-28 20:18:34,253 [ERROR] ConditionMgr:805 - Attr not supported : Dmpu
2024-09-28 20:18:34,253 [ERROR] ConditionMgr:805 - Attr not supported : Dmpu
2024-09-28 20:18:34,254 [ERROR] ConditionMgr:805 - Attr not supported : Dmpu
2024-09-28 20:18:34,254 [ERROR] ConditionMgr:805 - Attr not supported : Dmpu
2024-09-28 20:18:34,254 [ERROR] ConditionMgr:805 - Attr not supported : Dmpu
2024-09-28 20:18:34,254 [ERROR] ConditionMgr:805 - Attr not supported : Dmpu
2024-09-28 20:18:34,254 [ERROR] ConditionMgr:805 - Attr not supported : Dmpu
2024-09-28 20:18:34,254 [ERROR] ConditionMgr:805 - Attr not supported : Dmpu
2024-09-28 20:18:34,254 [ERROR] ConditionMgr:805 - Attr not supported : Dmpu
2024-09-28 20:18:34,254 [ERROR] ConditionMgr:805 - Attr not supported : Dmpu
2024-09-28 20:18:34,254 [ERROR] ConditionMgr:805 - Attr not supported : Dmpu
2024-09-28 20:18:34,255 [ERROR] ConditionMgr:805 - Attr not supported : Dmpu
2024-09-28 20:18:34,255 [ERROR] ConditionMgr:805 - Attr not supported : Dmpu
2024-09-28 20:18:34,255 [ERROR] ConditionMgr:805 - Attr not supported : Dmpu
2024-09-28 20:18:34,255 [ERROR] ConditionMgr:805 - Attr not supported : Dmpu
2024-09-28 20:18:34,255 [ERROR] ConditionMgr:805 - Attr not supported : Dmpu
2024-09-28 20:18:34,255 [ERROR] ConditionMgr:805 - Attr not supported : Dmpu
2024-09-28 20:18:34,255 [ERROR] ConditionMgr:805 - Attr not supported : Dmpu
2024-09-28 20:18:34,255 [ERROR] ConditionMgr:805 - Attr not supported : Dmpu
2024-09-28 20:18:34,256 [ERROR] ConditionMgr:805 - Attr not supported : Dmpu
2024-09-28 20:18:34,256 [ERROR] ConditionMgr:805 - Attr not supported : Dmpu
2024-09-28 20:18:34,256 [ERROR] ConditionMgr:805 - Attr not supported : Dmpu
2024-09-28 20:18:34,256 [ERROR] ConditionMgr:805 - Attr not supported : Dmpu
2024-09-28 20:18:34,256 [ERROR] ConditionMgr:805 - Attr not supported : Dmpu
2024-09-28 20:18:34,256 [ERROR] ConditionMgr:805 - Attr not supported : Dmpu
2024-09-28 20:18:34,256 [ERROR] ConditionMgr:805 - Attr not supported : Dmpu
2024-09-28 20:18:34,256 [ERROR] ConditionMgr:805 - Attr not supported : Dmpu
2024-09-28 20:18:34,256 [ERROR] ConditionMgr:805 - Attr not supported : Dmpu
2024-09-28 20:18:34,257 [ERROR] ConditionMgr:805 - Attr not supported : Dmpu
2024-09-28 20:18:34,257 [ERROR] ConditionMgr:805 - Attr not supported : Dmpu
2024-09-28 20:18:34,257 [ERROR] ConditionMgr:805 - Attr not supported : Dmpu
2024-09-28 20:18:34,257 [ERROR] ConditionMgr:805 - Attr not supported : Dmpu
2024-09-28 20:18:34,257 [ERROR] ConditionMgr:805 - Attr not supported : Dmpu
2024-09-28 20:18:34,257 [ERROR] ConditionMgr:805 - Attr not supported : Dmpu
2024-09-28 20:18:34,257 [ERROR] ConditionMgr:805 - Attr not supported : Dmpu
2024-09-28 20:18:34,257 [ERROR] ConditionMgr:805 - Attr not supported : Dmpu
2024-09-28 20:18:34,257 [ERROR] ConditionMgr:805 - Attr not supported : Dmpu
2024-09-28 20:18:34,257 [ERROR] ConditionMgr:805 - Attr not supported : Dmpu
2024-09-28 20:18:34,258 [ERROR] ConditionMgr:805 - Attr not supported : Dmpu
2024-09-28 20:18:34,258 [ERROR] ConditionMgr:805 - Attr not supported : Dmpu
2024-09-28 20:18:34,258 [ERROR] ConditionMgr:805 - Attr not supported : Dmpu
2024-09-28 20:18:34,258 [ERROR] ConditionMgr:805 - Attr not supported : Dmpu
2024-09-28 20:18:34,258 [ERROR] ConditionMgr:805 - Attr not supported : Dmpu
2024-09-28 20:18:34,267 [WARN] PackLoader:240 - Cannot read IP mode file for RealThread.X-CUBE-RT-Thread_Nano.4.1.1
2024-09-28 20:18:34,276 [WARN] PackLoader:240 - Cannot read IP mode file for STMicroelectronics.FP-ATR-SIGFOX1.3.2.0
2024-09-28 20:18:34,283 [WARN] PackLoader:240 - Cannot read IP mode file for wolfSSL.I-CUBE-wolfSSL.5.7.2
2024-09-28 20:18:34,292 [WARN] PackLoader:240 - Cannot read IP mode file for STMicroelectronics.X-CUBE-EEPRMA1.5.1.0
2024-09-28 20:18:34,307 [WARN] PackLoader:240 - Cannot read IP mode file for ITTIA_DB.I-CUBE-ITTIADB.8.9.0
2024-09-28 20:18:34,335 [WARN] PackLoader:240 - Cannot read IP mode file for SEGGER.I-CUBE-embOS.1.3.1
2024-09-28 20:18:34,380 [WARN] PackLoader:240 - Cannot read IP mode file for STMicroelectronics.X-CUBE-ALGOBUILD.1.4.0
2024-09-28 20:18:34,388 [WARN] PackLoader:240 - Cannot read IP mode file for STMicroelectronics.X-CUBE-GNSS1.6.0.0
2024-09-28 20:18:34,403 [WARN] PackLoader:240 - Cannot read IP mode file for STMicroelectronics.X-CUBE-AZRTOS-F4.1.1.0
2024-09-28 20:18:34,410 [WARN] PackLoader:240 - Cannot read IP mode file for STMicroelectronics.X-CUBE-ISPU.2.1.0
2024-09-28 20:18:34,416 [WARN] PackLoader:240 - Cannot read IP mode file for STMicroelectronics.X-CUBE-FREERTOS.1.2.0
2024-09-28 20:18:34,432 [WARN] PackLoader:240 - Cannot read IP mode file for STMicroelectronics.X-CUBE-AZRTOS-L5.2.0.0
2024-09-28 20:18:34,442 [WARN] PackLoader:240 - Cannot read IP mode file for STMicroelectronics.X-CUBE-NFC6.3.1.0
2024-09-28 20:18:34,449 [WARN] PackLoader:240 - Cannot read IP mode file for STMicroelectronics.X-CUBE-DPower.1.2.0
2024-09-28 20:18:34,454 [WARN] PackLoader:240 - Cannot read IP mode file for STMicroelectronics.X-CUBE-AI.9.0.0
2024-09-28 20:18:34,461 [WARN] PackLoader:240 - Cannot read IP mode file for STMicroelectronics.X-CUBE-NFC7.1.0.1
2024-09-28 20:18:34,477 [WARN] ConditionMgr:438 - getConditionDescription Invalid condition id : LAN8742 Phy interface Condition cause : null
2024-09-28 20:18:34,478 [WARN] PackLoader:240 - Cannot read IP mode file for STMicroelectronics.X-CUBE-AZRTOS-L4.2.0.0
2024-09-28 20:18:34,479 [WARN] ConditionMgr:1039 - genDependencies : Invalid condition id : LAN8742 Phy interface Condition cause : null
2024-09-28 20:18:34,479 [WARN] ConditionMgr:1039 - genDependencies : Invalid condition id : LAN8742 Phy interface Condition cause : null
2024-09-28 20:18:34,480 [WARN] ConditionMgr:1039 - genDependencies : Invalid condition id : LAN8742 Phy interface Condition cause : null
2024-09-28 20:18:34,488 [WARN] PackLoader:240 - Cannot read IP mode file for STMicroelectronics.X-CUBE-SFXS2LP1.4.0.0
2024-09-28 20:18:34,509 [WARN] PackLoader:240 - Cannot read IP mode file for STMicroelectronics.X-CUBE-AZRTOS-H7.3.3.0
2024-09-28 20:18:34,532 [WARN] ConditionMgr:438 - getConditionDescription Invalid condition id : UX DEVICE CLASS RTOS Condition cause : null
2024-09-28 20:18:34,533 [WARN] ConditionMgr:438 - getConditionDescription Invalid condition id : UX DEVICE CLASS RTOS Condition cause : null
2024-09-28 20:18:34,536 [WARN] PackLoader:240 - Cannot read IP mode file for STMicroelectronics.X-CUBE-AZRTOS-WB.2.0.0
2024-09-28 20:18:34,537 [WARN] ConditionMgr:1039 - genDependencies : Invalid condition id : UX DEVICE CLASS RTOS Condition cause : null
2024-09-28 20:18:34,537 [WARN] ConditionMgr:1039 - genDependencies : Invalid condition id : UX DEVICE CLASS RTOS Condition cause : null
2024-09-28 20:18:34,537 [WARN] ConditionMgr:1039 - genDependencies : Invalid condition id : UX DEVICE CLASS RTOS Condition cause : null
2024-09-28 20:18:34,539 [WARN] ConditionMgr:1039 - genDependencies : Invalid condition id : UX DEVICE CLASS RTOS Condition cause : null
2024-09-28 20:18:34,539 [WARN] ConditionMgr:1039 - genDependencies : Invalid condition id : UX DEVICE CLASS RTOS Condition cause : null
2024-09-28 20:18:34,696 [WARN] PackLoader:240 - Cannot read IP mode file for STMicroelectronics.X-CUBE-GNSS1.7.0.0
2024-09-28 20:18:34,730 [WARN] PackLoader:240 - Cannot read IP mode file for STMicroelectronics.FP-SNS-STBOX1.2.0.0
2024-09-28 20:18:34,761 [WARN] PackLoader:240 - Cannot read IP mode file for STMicroelectronics.X-CUBE-SUBG2.5.0.0
2024-09-28 20:18:34,793 [WARN] PackLoader:240 - Cannot read IP mode file for Cesanta.I-CUBE-Mongoose.7.13.0
2024-09-28 20:18:34,813 [WARN] PackLoader:240 - Cannot read IP mode file for STMicroelectronics.X-CUBE-AZRTOS-G4.2.0.0
2024-09-28 20:18:34,824 [WARN] PackLoader:240 - Cannot read IP mode file for STMicroelectronics.X-CUBE-ISPU.2.0.0
2024-09-28 20:18:34,837 [WARN] PackLoader:240 - Cannot read IP mode file for STMicroelectronics.X-CUBE-ALS.1.0.2
2024-09-28 20:18:34,846 [WARN] PackLoader:240 - Cannot read IP mode file for STMicroelectronics.X-CUBE-TOUCHGFX.4.24.0
2024-09-28 20:18:34,852 [WARN] PackLoader:240 - Cannot read IP mode file for STMicroelectronics.X-CUBE-TOUCHGFX.4.24.1
2024-09-28 20:18:34,858 [WARN] PackLoader:240 - Cannot read IP mode file for wolfSSL.I-CUBE-wolfTPM.3.4.0
2024-09-28 20:18:34,866 [WARN] PackLoader:240 - Cannot read IP mode file for portGmbH.I-Cube-SoM-uGOAL.1.1.0
2024-09-28 20:18:34,868 [INFO] WebApp:448 - Apply proxy settings
2024-09-28 20:18:34,868 [INFO] WebApp:533 - Chromium requires no authentication
2024-09-28 20:18:34,886 [INFO] WebApp:476 - Direct internet connection detected
2024-09-28 20:18:34,887 [WARN] PackLoader:240 - Cannot read IP mode file for STMicroelectronics.X-CUBE-AZRTOS-H7RS.1.0.0
2024-09-28 20:18:34,895 [WARN] PackLoader:240 - Cannot read IP mode file for STMicroelectronics.FP-ATR-ASTRA1.2.0.0
2024-09-28 20:18:34,907 [WARN] PackLoader:240 - Cannot read IP mode file for STMicroelectronics.X-CUBE-TOF1.3.4.2
2024-09-28 20:18:34,932 [INFO] WebApp:869 - Register for checkConnection events
2024-09-28 20:18:34,933 [INFO] WebApp:448 - Apply proxy settings
2024-09-28 20:18:34,933 [INFO] WebApp:533 - Chromium requires no authentication
2024-09-28 20:18:34,934 [INFO] WebApp:476 - Direct internet connection detected
2024-09-28 20:18:34,939 [WARN] PackLoader:240 - Cannot read IP mode file for Infineon.AIROC-Wi-Fi-Bluetooth-STM32.1.6.1
2024-09-28 20:18:34,947 [WARN] PackLoader:240 - Cannot read IP mode file for wolfSSL.I-CUBE-wolfSSH.1.4.17
2024-09-28 20:18:34,948 [INFO] ThirdParty:978 - Integrity check success = true
2024-09-28 20:18:34,948 [INFO] IntegrityCheckThread:100 - exiting critical section [integrity check]
2024-09-28 20:18:34,948 [INFO] IntegrityCheckThread:103 - End integrity checks thread
2024-09-28 20:18:35,186 [INFO] WebApp:186 - Connection restablished
2024-09-28 20:18:35,218 [INFO] WebApp:220 - Starting web application
2024-09-28 20:18:35,219 [INFO] WebApp:578 - Web application path used C:\ST\STM32CubeIDE_1.16.0\STM32CubeIDE\plugins\com.st.stm32cube.common.mx_6.12.0.202406281431\db\plugins\mcufinder\reactClient1\index.html
2024-09-28 20:19:27,807 [ERROR] LogOutputStream:75 - [STDERR_REDIRECT] 
2024-09-28 20:19:27,808 [ERROR] LogOutputStream:75 - [STDERR_REDIRECT] 
