2024-09-29 22:26:56,954 [INFO] Activator:176 - 


2024-09-29 22:26:56,959 [INFO] Activator:177 - !SESSION log4j initialized
2024-09-29 22:27:03,123 [INFO] LogOutputStream:77 - [STDOUT_REDIRECT] 
2024-09-29 22:27:04,313 [INFO] ApplicationProperties:184 - Using Application install path: C:\ST\STM32CubeIDE_1.16.0\STM32CubeIDE\plugins\com.st.stm32cube.common.mx_6.12.0.202406281431
2024-09-29 22:27:04,329 [INFO] DbMcusXml:78 - Set database path to: C:\ST\STM32CubeIDE_1.16.0\STM32CubeIDE\plugins\com.st.stm32cube.common.mx_6.12.0.202406281431\\db\/mcu/
2024-09-29 22:27:04,329 [INFO] ApiDb:274 - Set plugin database path to: C:\ST\STM32CubeIDE_1.16.0\STM32CubeIDE\plugins\com.st.stm32cube.common.mx_6.12.0.202406281431\\db\/plugins/boardmanager/
2024-09-29 22:27:04,330 [WARN] ApiDb:259 - Overriding images path with different value:  => C:\ST\STM32CubeIDE_1.16.0\STM32CubeIDE\plugins\com.st.stm32cube.common.mx_6.12.0.202406281431\\db\/plugins/mcufinder/images/
2024-09-29 22:27:04,338 [INFO] ApiDb:250 - Set database path to: C:\Users\Ali\.stmcufinder\plugins\mcufinder//mcu/
2024-09-29 22:27:04,339 [INFO] DbMcusAds:125 - Set database path to: C:\Users\Ali\.stmcufinder\plugins\mcufinder//mcu/
2024-09-29 22:27:04,342 [INFO] CrossReferenceDbSqlite:203 - Set database path to: C:\Users\Ali\.stmcufinder\plugins\mcufinder//mcu/cs/
2024-09-29 22:27:04,439 [INFO] RulesReader:64 - Compatibility file has been processed (297 Rules)
2024-09-29 22:27:04,515 [INFO] DbMcusXml:78 - Set database path to: C:\ST\STM32CubeIDE_1.16.0\STM32CubeIDE\plugins\com.st.stm32cube.common.mx_6.12.0.202406281431\\db\/mcu/
2024-09-29 22:27:04,515 [INFO] ApiDb:274 - Set plugin database path to: C:\ST\STM32CubeIDE_1.16.0\STM32CubeIDE\plugins\com.st.stm32cube.common.mx_6.12.0.202406281431\\db\/plugins/boardmanager/
2024-09-29 22:27:04,515 [INFO] ApiDb:261 - Set plugin images path to: C:\ST\STM32CubeIDE_1.16.0\STM32CubeIDE\plugins\com.st.stm32cube.common.mx_6.12.0.202406281431\\db\/plugins/mcufinder/images/
2024-09-29 22:27:04,515 [WARN] DbFile:41 - Overriding database path with different value: C:\Users\Ali\.stmcufinder\plugins\mcufinder/ => C:\Users\Ali\.stmcufinder\plugins\mcufinder
2024-09-29 22:27:04,515 [INFO] ApiDb:250 - Set database path to: C:\Users\Ali\.stmcufinder\plugins\mcufinder//mcu/
2024-09-29 22:27:04,515 [WARN] DbFile:41 - Overriding database path with different value: C:\Users\Ali\.stmcufinder\plugins\mcufinder/ => C:\Users\Ali\.stmcufinder\plugins\mcufinder
2024-09-29 22:27:04,515 [INFO] DbMcusAds:125 - Set database path to: C:\Users\Ali\.stmcufinder\plugins\mcufinder//mcu/
2024-09-29 22:27:04,515 [WARN] DbFile:41 - Overriding database path with different value: C:\Users\Ali\.stmcufinder\plugins\mcufinder/ => C:\Users\Ali\.stmcufinder\plugins\mcufinder
2024-09-29 22:27:04,516 [WARN] DbFile:41 - Overriding database path with different value: C:\Users\Ali\.stmcufinder\plugins\mcufinder/ => C:\Users\Ali\.stmcufinder\plugins\mcufinder
2024-09-29 22:27:04,516 [INFO] CrossReferenceDbSqlite:203 - Set database path to: C:\Users\Ali\.stmcufinder\plugins\mcufinder//mcu/cs/
2024-09-29 22:27:04,591 [INFO] MainPanel:268 - HeapMemory: 268435456
2024-09-29 22:27:04,688 [INFO] DbMcusXml:78 - Set database path to: C:\ST\STM32CubeIDE_1.16.0\STM32CubeIDE\plugins\com.st.stm32cube.common.mx_6.12.0.202406281431\\db\/mcu/
2024-09-29 22:27:04,688 [INFO] ApiDb:274 - Set plugin database path to: C:\ST\STM32CubeIDE_1.16.0\STM32CubeIDE\plugins\com.st.stm32cube.common.mx_6.12.0.202406281431\\db\/plugins/boardmanager/
2024-09-29 22:27:04,688 [INFO] ApiDb:261 - Set plugin images path to: C:\ST\STM32CubeIDE_1.16.0\STM32CubeIDE\plugins\com.st.stm32cube.common.mx_6.12.0.202406281431\\db\/plugins/mcufinder/images/
2024-09-29 22:27:04,689 [WARN] DbFile:41 - Overriding database path with different value: C:\Users\Ali\.stmcufinder\plugins\mcufinder/ => C:\Users\Ali\.stmcufinder\plugins\mcufinder
2024-09-29 22:27:04,689 [INFO] ApiDb:250 - Set database path to: C:\Users\Ali\.stmcufinder\plugins\mcufinder//mcu/
2024-09-29 22:27:04,689 [WARN] DbFile:41 - Overriding database path with different value: C:\Users\Ali\.stmcufinder\plugins\mcufinder/ => C:\Users\Ali\.stmcufinder\plugins\mcufinder
2024-09-29 22:27:04,689 [INFO] DbMcusAds:125 - Set database path to: C:\Users\Ali\.stmcufinder\plugins\mcufinder//mcu/
2024-09-29 22:27:04,689 [WARN] DbFile:41 - Overriding database path with different value: C:\Users\Ali\.stmcufinder\plugins\mcufinder/ => C:\Users\Ali\.stmcufinder\plugins\mcufinder
2024-09-29 22:27:04,689 [WARN] DbFile:41 - Overriding database path with different value: C:\Users\Ali\.stmcufinder\plugins\mcufinder/ => C:\Users\Ali\.stmcufinder\plugins\mcufinder
2024-09-29 22:27:04,689 [INFO] CrossReferenceDbSqlite:203 - Set database path to: C:\Users\Ali\.stmcufinder\plugins\mcufinder//mcu/cs/
2024-09-29 22:27:04,705 [INFO] ApplicationProperties:184 - Using Application install path: C:\ST\STM32CubeIDE_1.16.0\STM32CubeIDE\plugins\com.st.stm32cube.common.mx_6.12.0.202406281431
2024-09-29 22:27:04,706 [INFO] PluginManage:196 - Search for loadable plugins [exclusion list=, ]
2024-09-29 22:27:04,707 [INFO] PluginManage:310 - Check plugin analytics
2024-09-29 22:27:04,836 [INFO] AnalyticsPlugin:253 - Accepted Software Licenses: 
2024-09-29 22:27:04,836 [INFO] AnalyticsPlugin:255 - Accepted CMSIS Pack Licenses: 
2024-09-29 22:27:04,836 [INFO] AnalyticsPlugin:257 - Accepted Firmware Licenses: FW.L4.1.18.0
2024-09-29 22:27:04,838 [INFO] PluginManage:359 - Loaded plugin analytics (category:tool,tabindex:-1)
2024-09-29 22:27:04,838 [INFO] PluginManage:310 - Check plugin cadmodel
2024-09-29 22:27:04,856 [INFO] CADModel:105 - Init CAD model plugin
2024-09-29 22:27:04,856 [INFO] PluginManage:359 - Loaded plugin cadmodel (category:power,tabindex:5)
2024-09-29 22:27:04,856 [INFO] PluginManage:310 - Check plugin clock
2024-09-29 22:27:04,873 [INFO] PluginManage:359 - Loaded plugin clock (category:base,tabindex:2)
2024-09-29 22:27:04,873 [INFO] PluginManage:310 - Check plugin ddr
2024-09-29 22:27:04,875 [INFO] PluginManage:359 - Loaded plugin ddr (category:tool,tabindex:6)
2024-09-29 22:27:04,876 [INFO] PluginManage:310 - Check plugin filemanager
2024-09-29 22:27:05,004 [INFO] PluginManage:359 - Loaded plugin filemanager (category:base,tabindex:10)
2024-09-29 22:27:05,004 [INFO] PluginManage:310 - Check plugin ipmanager
2024-09-29 22:27:05,011 [INFO] PluginManage:359 - Loaded plugin ipmanager (category:base,tabindex:5)
2024-09-29 22:27:05,011 [INFO] PluginManage:310 - Check plugin lpbam
2024-09-29 22:27:05,027 [INFO] PluginManage:359 - Loaded plugin lpbam (category:base,tabindex:0)
2024-09-29 22:27:05,027 [INFO] PluginManage:310 - Check plugin memorymap
2024-09-29 22:27:05,047 [INFO] PluginManage:359 - Loaded plugin memorymap (category:base,tabindex:4)
2024-09-29 22:27:05,047 [INFO] PluginManage:310 - Check plugin pinoutandconfiguration
2024-09-29 22:27:05,062 [INFO] PluginManage:359 - Loaded plugin pinoutandconfiguration (category:base,tabindex:1)
2024-09-29 22:27:05,062 [INFO] PluginManage:310 - Check plugin pinoutconfig
2024-09-29 22:27:05,148 [WARN] SupportedApi:132 - Cannot load RTOS API schema: s4s-elt-must-match.1: The content of 'definitions' must match (annotation?, (simpleType | complexType)?, (unique | key | keyref)*)). A problem was found starting at: attribute.
2024-09-29 22:27:05,261 [INFO] PluginManage:359 - Loaded plugin pinoutconfig (category:base,tabindex:0)
2024-09-29 22:27:05,261 [INFO] PluginManage:310 - Check plugin power
2024-09-29 22:27:05,278 [INFO] PluginManage:359 - Loaded plugin power (category:power,tabindex:4)
2024-09-29 22:27:05,278 [INFO] PluginManage:310 - Check plugin projectmanager
2024-09-29 22:27:05,290 [INFO] PluginManage:359 - Loaded plugin projectmanager (category:projectmanager,tabindex:4)
2024-09-29 22:27:05,290 [INFO] PluginManage:310 - Check plugin rif
2024-09-29 22:27:05,304 [INFO] PluginManage:359 - Loaded plugin rif (category:base,tabindex:3)
2024-09-29 22:27:05,304 [INFO] PluginManage:310 - Check plugin thirdparty
2024-09-29 22:27:05,541 [INFO] PluginManage:359 - Loaded plugin thirdparty (category:base,tabindex:-1)
2024-09-29 22:27:05,541 [WARN] IntegrityCheckThread:84 - waiting for thirdparty lock release [integrity check]
2024-09-29 22:27:05,542 [INFO] PluginManage:310 - Check plugin tools
2024-09-29 22:27:05,542 [INFO] IntegrityCheckThread:86 - entering critical section [integrity check]
2024-09-29 22:27:05,542 [INFO] ThirdPartyUpdaterWithRetryManager:70 - Updater plugin not ready yet. [1/15]
2024-09-29 22:27:05,574 [INFO] PluginManage:359 - Loaded plugin tools (category:base,tabindex:7)
2024-09-29 22:27:05,574 [INFO] PluginManage:310 - Check plugin tutovideos
2024-09-29 22:27:05,737 [INFO] PluginManage:359 - Loaded plugin tutovideos (category:base,tabindex:-1)
2024-09-29 22:27:05,737 [INFO] PluginManage:310 - Check plugin updater
2024-09-29 22:27:05,752 [INFO] PluginManage:359 - Loaded plugin updater (category:base,tabindex:12)
2024-09-29 22:27:05,752 [INFO] PluginManage:310 - Check plugin userauth
2024-09-29 22:27:05,757 [INFO] UserAuth:113 - Init User Auth plugin
2024-09-29 22:27:05,757 [INFO] PluginManage:359 - Loaded plugin userauth (category:base,tabindex:14)
2024-09-29 22:27:05,757 [INFO] PluginManage:283 - PluginManage : Loaded plugins [18]
2024-09-29 22:27:05,943 [INFO] PinOutPanel:1561 - setPackage(No Configuration,No Configuration)
2024-09-29 22:27:06,022 [INFO] CADModel:165 - CPN selected for project level
2024-09-29 22:27:06,023 [INFO] CADModel:114 - Register for checkConnection events
2024-09-29 22:27:06,044 [INFO] IPUIPlugin:80 - create IPUIPlugin
2024-09-29 22:27:06,045 [INFO] PluginManager:220 - loadIPPluginJar : add adc
2024-09-29 22:27:06,078 [INFO] IPUIPlugin:80 - create IPUIPlugin
2024-09-29 22:27:06,078 [INFO] PluginManager:220 - loadIPPluginJar : add aes
2024-09-29 22:27:06,115 [INFO] IPUIPlugin:80 - create IPUIPlugin
2024-09-29 22:27:06,115 [INFO] PluginManager:220 - loadIPPluginJar : add can
2024-09-29 22:27:06,137 [INFO] IPUIPlugin:80 - create IPUIPlugin
2024-09-29 22:27:06,137 [INFO] PluginManager:220 - loadIPPluginJar : add comp
2024-09-29 22:27:06,168 [INFO] IPUIPlugin:80 - create IPUIPlugin
2024-09-29 22:27:06,168 [INFO] PluginManager:220 - loadIPPluginJar : add cryp
2024-09-29 22:27:06,178 [INFO] IPUIPlugin:80 - create IPUIPlugin
2024-09-29 22:27:06,178 [INFO] PluginManager:220 - loadIPPluginJar : add ddr_ctrl_phy
2024-09-29 22:27:06,205 [INFO] IPUIPlugin:80 - create IPUIPlugin
2024-09-29 22:27:06,205 [INFO] PluginManager:220 - loadIPPluginJar : add dfsdm
2024-09-29 22:27:06,216 [INFO] IPUIPlugin:80 - create IPUIPlugin
2024-09-29 22:27:06,217 [INFO] PluginManager:220 - loadIPPluginJar : add dma
2024-09-29 22:27:06,255 [INFO] IPUIPlugin:80 - create IPUIPlugin
2024-09-29 22:27:06,255 [INFO] PluginManager:220 - loadIPPluginJar : add dma3
2024-09-29 22:27:06,298 [INFO] IPUIPlugin:80 - create IPUIPlugin
2024-09-29 22:27:06,298 [INFO] PluginManager:220 - loadIPPluginJar : add extmemmanager
2024-09-29 22:27:06,316 [INFO] IPUIPlugin:80 - create IPUIPlugin
2024-09-29 22:27:06,316 [INFO] PluginManager:220 - loadIPPluginJar : add fatfs
2024-09-29 22:27:06,360 [INFO] IPUIPlugin:80 - create IPUIPlugin
2024-09-29 22:27:06,360 [INFO] PluginManager:220 - loadIPPluginJar : add fmc
2024-09-29 22:27:06,373 [INFO] IPUIPlugin:80 - create IPUIPlugin
2024-09-29 22:27:06,374 [INFO] PluginManager:220 - loadIPPluginJar : add freertos
2024-09-29 22:27:06,392 [INFO] IPUIPlugin:80 - create IPUIPlugin
2024-09-29 22:27:06,392 [INFO] PluginManager:220 - loadIPPluginJar : add genericplugin
2024-09-29 22:27:06,481 [INFO] IPUIPlugin:80 - create IPUIPlugin
2024-09-29 22:27:06,481 [INFO] PluginManager:220 - loadIPPluginJar : add gfxmmu
2024-09-29 22:27:06,608 [INFO] IPUIPlugin:80 - create IPUIPlugin
2024-09-29 22:27:06,609 [INFO] PluginManager:220 - loadIPPluginJar : add gic
2024-09-29 22:27:06,623 [INFO] IPUIPlugin:80 - create IPUIPlugin
2024-09-29 22:27:06,623 [INFO] PluginManager:220 - loadIPPluginJar : add gpio
2024-09-29 22:27:06,720 [INFO] IPUIPlugin:80 - create IPUIPlugin
2024-09-29 22:27:06,720 [INFO] PluginManager:220 - loadIPPluginJar : add gtzc
2024-09-29 22:27:06,752 [INFO] IPUIPlugin:80 - create IPUIPlugin
2024-09-29 22:27:06,752 [INFO] PluginManager:220 - loadIPPluginJar : add hash
2024-09-29 22:27:06,804 [INFO] IPUIPlugin:80 - create IPUIPlugin
2024-09-29 22:27:06,804 [INFO] PluginManager:220 - loadIPPluginJar : add i2c
2024-09-29 22:27:06,842 [INFO] IPUIPlugin:80 - create IPUIPlugin
2024-09-29 22:27:06,842 [INFO] PluginManager:220 - loadIPPluginJar : add i2s
2024-09-29 22:27:06,881 [INFO] IPUIPlugin:80 - create IPUIPlugin
2024-09-29 22:27:06,881 [INFO] PluginManager:220 - loadIPPluginJar : add i3c
2024-09-29 22:27:06,983 [INFO] IPUIPlugin:80 - create IPUIPlugin
2024-09-29 22:27:06,984 [INFO] PluginManager:220 - loadIPPluginJar : add ipddr
2024-09-29 22:27:07,069 [INFO] IPUIPlugin:80 - create IPUIPlugin
2024-09-29 22:27:07,069 [INFO] PluginManager:220 - loadIPPluginJar : add linkedlist
2024-09-29 22:27:07,101 [INFO] IPUIPlugin:80 - create IPUIPlugin
2024-09-29 22:27:07,101 [INFO] PluginManager:220 - loadIPPluginJar : add lorawan
2024-09-29 22:27:07,137 [INFO] IPUIPlugin:80 - create IPUIPlugin
2024-09-29 22:27:07,137 [INFO] PluginManager:220 - loadIPPluginJar : add ltdc
2024-09-29 22:27:07,150 [INFO] IPUIPlugin:80 - create IPUIPlugin
2024-09-29 22:27:07,150 [INFO] PluginManager:220 - loadIPPluginJar : add mdma
2024-09-29 22:27:07,161 [INFO] IPUIPlugin:80 - create IPUIPlugin
2024-09-29 22:27:07,161 [INFO] PluginManager:220 - loadIPPluginJar : add nvic
2024-09-29 22:27:07,197 [INFO] IPUIPlugin:80 - create IPUIPlugin
2024-09-29 22:27:07,197 [INFO] PluginManager:220 - loadIPPluginJar : add opamp
2024-09-29 22:27:07,254 [INFO] IPUIPlugin:80 - create IPUIPlugin
2024-09-29 22:27:07,255 [INFO] PluginManager:220 - loadIPPluginJar : add openamp
2024-09-29 22:27:07,296 [INFO] IPUIPlugin:80 - create IPUIPlugin
2024-09-29 22:27:07,296 [INFO] PluginManager:220 - loadIPPluginJar : add pdm2pcm
2024-09-29 22:27:07,311 [INFO] IPUIPlugin:80 - create IPUIPlugin
2024-09-29 22:27:07,312 [INFO] PluginManager:220 - loadIPPluginJar : add plateformsettings
2024-09-29 22:27:07,333 [INFO] IPUIPlugin:80 - create IPUIPlugin
2024-09-29 22:27:07,333 [INFO] PluginManager:220 - loadIPPluginJar : add quadspi
2024-09-29 22:27:07,358 [INFO] IPUIPlugin:80 - create IPUIPlugin
2024-09-29 22:27:07,358 [INFO] PluginManager:220 - loadIPPluginJar : add radio
2024-09-29 22:27:07,370 [INFO] IPUIPlugin:80 - create IPUIPlugin
2024-09-29 22:27:07,370 [INFO] PluginManager:220 - loadIPPluginJar : add resmgrutility
2024-09-29 22:27:07,416 [INFO] IPUIPlugin:80 - create IPUIPlugin
2024-09-29 22:27:07,416 [INFO] PluginManager:220 - loadIPPluginJar : add sai
2024-09-29 22:27:07,451 [INFO] IPUIPlugin:80 - create IPUIPlugin
2024-09-29 22:27:07,452 [INFO] PluginManager:220 - loadIPPluginJar : add spi
2024-09-29 22:27:07,519 [INFO] IPUIPlugin:80 - create IPUIPlugin
2024-09-29 22:27:07,519 [INFO] PluginManager:220 - loadIPPluginJar : add stm32_wpan
2024-09-29 22:27:07,540 [INFO] IPUIPlugin:80 - create IPUIPlugin
2024-09-29 22:27:07,540 [INFO] PluginManager:220 - loadIPPluginJar : add tim
2024-09-29 22:27:07,597 [INFO] IPUIPlugin:80 - create IPUIPlugin
2024-09-29 22:27:07,597 [INFO] PluginManager:220 - loadIPPluginJar : add touchsensing
2024-09-29 22:27:07,618 [INFO] IPUIPlugin:80 - create IPUIPlugin
2024-09-29 22:27:07,618 [INFO] PluginManager:220 - loadIPPluginJar : add tracer_emb
2024-09-29 22:27:07,641 [INFO] IPUIPlugin:80 - create IPUIPlugin
2024-09-29 22:27:07,641 [INFO] PluginManager:220 - loadIPPluginJar : add ts
2024-09-29 22:27:07,662 [INFO] IPUIPlugin:80 - create IPUIPlugin
2024-09-29 22:27:07,662 [INFO] PluginManager:220 - loadIPPluginJar : add tsc
2024-09-29 22:27:07,682 [INFO] IPUIPlugin:80 - create IPUIPlugin
2024-09-29 22:27:07,682 [INFO] PluginManager:220 - loadIPPluginJar : add ucpd
2024-09-29 22:27:07,725 [INFO] IPUIPlugin:80 - create IPUIPlugin
2024-09-29 22:27:07,725 [INFO] PluginManager:220 - loadIPPluginJar : add usart
2024-09-29 22:27:07,765 [INFO] IPUIPlugin:80 - create IPUIPlugin
2024-09-29 22:27:07,765 [INFO] PluginManager:220 - loadIPPluginJar : add usbx
2024-09-29 22:27:07,883 [INFO] CADModel:165 - CPN selected for project level
2024-09-29 22:27:07,883 [INFO] CADModel:114 - Register for checkConnection events
2024-09-29 22:27:07,884 [FATAL] Updater:334 - Updater called before beeing initialized
2024-09-29 22:27:07,884 [ERROR] CADModel:125 - Updater not yet initialized, retry later 
2024-09-29 22:27:07,995 [INFO] CADModel:165 - CPN selected for project level
2024-09-29 22:27:07,995 [INFO] CADModel:114 - Register for checkConnection events
2024-09-29 22:27:07,995 [FATAL] Updater:334 - Updater called before beeing initialized
2024-09-29 22:27:07,995 [ERROR] CADModel:125 - Updater not yet initialized, retry later 
2024-09-29 22:27:07,997 [FATAL] Updater:334 - Updater called before beeing initialized
2024-09-29 22:27:08,095 [FATAL] Updater:334 - Updater called before beeing initialized
2024-09-29 22:27:08,100 [INFO] DbMcusAds:53 - JSON generation date=Mon Sep 16 10:40:22 EDT 2024 (1726497622318)
2024-09-29 22:27:08,100 [FATAL] Updater:334 - Updater called before beeing initialized
2024-09-29 22:27:08,141 [WARN] DetailPanel:346 - Failed to get advertising image, set to default
2024-09-29 22:27:08,241 [FATAL] Updater:334 - Updater called before beeing initialized
2024-09-29 22:27:08,242 [FATAL] Updater:334 - Updater called before beeing initialized
2024-09-29 22:27:08,243 [FATAL] Updater:334 - Updater called before beeing initialized
2024-09-29 22:27:08,243 [WARN] DetailPanel:346 - Failed to get advertising image, set to default
2024-09-29 22:27:08,243 [FATAL] Updater:334 - Updater called before beeing initialized
2024-09-29 22:27:08,298 [ERROR] Updater:1164 - MainUpdater not yet initialized. External WinMGr cannot be set.
2024-09-29 22:27:08,307 [INFO] Updater:1100 - Updater Version found : 6.12.0
2024-09-29 22:27:08,321 [INFO] ApplicationProperties:184 - Using Application install path: C:\ST\STM32CubeIDE_1.16.0\STM32CubeIDE\plugins\com.st.stm32cube.common.mx_6.12.0.202406281431
2024-09-29 22:27:08,543 [INFO] ThirdPartyUpdaterWithRetryManager:70 - Updater plugin not ready yet. [2/15]
2024-09-29 22:27:09,894 [ERROR] LogOutputStream:75 - [STDERR_REDIRECT] Sep 29, 2024 10:27:09 PM java.util.prefs.WindowsPreferences <init>
2024-09-29 22:27:09,896 [ERROR] LogOutputStream:75 - [STDERR_REDIRECT] WARNING: Could not open/create prefs root node Software\JavaSoft\Prefs at root 0xffffffff80000002. Windows RegCreateKeyEx(...) returned error code 5.
2024-09-29 22:27:09,896 [ERROR] LogOutputStream:75 - [STDERR_REDIRECT] 
2024-09-29 22:27:10,396 [INFO] MainUpdater:2873 - connection check result : 10
2024-09-29 22:27:10,397 [INFO] MainUpdater:290 - Updater Check For Update Now.
2024-09-29 22:27:10,397 [INFO] MicroXplorer:498 - Change Database Version : DB.6.0.120
2024-09-29 22:27:10,409 [INFO] McuFinderGlobals:63 - Set McuFinder mode to 2 (CubeIDE integrated)
2024-09-29 22:27:10,409 [INFO] UserAuth:179 - activating auth plugin
2024-09-29 22:27:10,412 [INFO] UserAuth:417 - Internet connection configuration mode: 1
2024-09-29 22:27:10,432 [INFO] JxBrowserEngine:152 - Initiate JxBrowser Engine with user profile folder
2024-09-29 22:27:10,569 [INFO] CheckServerUpdateThread:120 - End of CheckServer Thread
2024-09-29 22:27:11,820 [WARN] PackLoader:240 - Cannot read IP mode file for STMicroelectronics.FP-SNS-MOTENVWB1.1.4.0
2024-09-29 22:27:11,831 [WARN] PackLoader:240 - Cannot read IP mode file for STMicroelectronics.X-CUBE-SMBUS.2.1.0
2024-09-29 22:27:11,839 [INFO] WebApp:167 - Instantiating new browser for Auth
2024-09-29 22:27:11,863 [WARN] PackLoader:240 - Cannot read IP mode file for STMicroelectronics.X-CUBE-AZRTOS-F7.1.1.0
2024-09-29 22:27:11,958 [WARN] PackLoader:240 - Cannot read IP mode file for STMicroelectronics.X-CUBE-MEMS1.11.0.0
2024-09-29 22:27:12,117 [WARN] PackLoader:240 - Cannot read IP mode file for STMicroelectronics.FP-SNS-FLIGHT1.5.0.2
2024-09-29 22:27:12,128 [WARN] PackLoader:240 - Cannot read IP mode file for STMicroelectronics.X-CUBE-DISPLAY.3.0.0
2024-09-29 22:27:12,141 [WARN] PackLoader:240 - Cannot read IP mode file for STMicroelectronics.X-CUBE-BLE1.7.0.0
2024-09-29 22:27:12,152 [WARN] PackLoader:240 - Cannot read IP mode file for STMicroelectronics.X-CUBE-NFC10.1.0.0
2024-09-29 22:27:12,164 [WARN] PackLoader:240 - Cannot read IP mode file for emotas.I-CUBE-CANOPEN.1.3.0
2024-09-29 22:27:12,179 [WARN] PackLoader:240 - Cannot read IP mode file for STMicroelectronics.X-CUBE-BLEMGR.3.1.0
2024-09-29 22:27:12,207 [WARN] PackLoader:240 - Cannot read IP mode file for STMicroelectronics.FP-SNS-SMARTAG2.1.2.0
2024-09-29 22:27:12,230 [INFO] LogOutputStream:77 - [STDOUT_REDIRECT] 1 : Invalid condition id : UX_CORESTACK_Condition cause : null
2024-09-29 22:27:12,235 [INFO] LogOutputStream:77 - [STDOUT_REDIRECT] 1 : Invalid condition id : UX_CORESTACK_Condition cause : null
2024-09-29 22:27:12,237 [INFO] LogOutputStream:77 - [STDOUT_REDIRECT] 1 : Invalid condition id : UX_CORESTACK_Condition cause : null
2024-09-29 22:27:12,238 [INFO] LogOutputStream:77 - [STDOUT_REDIRECT] 1 : Invalid condition id : UX_CORESTACK_Condition cause : null
2024-09-29 22:27:12,240 [INFO] LogOutputStream:77 - [STDOUT_REDIRECT] 1 : Invalid condition id : UX_CORESTACK_Condition cause : null
2024-09-29 22:27:12,245 [WARN] PackLoader:240 - Cannot read IP mode file for STMicroelectronics.X-CUBE-AZRTOS-WL.2.0.0
2024-09-29 22:27:12,255 [WARN] PackLoader:240 - Cannot read IP mode file for STMicroelectronics.FP-SNS-MOTENV1.5.0.0
2024-09-29 22:27:12,263 [WARN] PackLoader:240 - Cannot read IP mode file for wolfSSL.I-CUBE-wolfMQTT.1.19.0
2024-09-29 22:27:12,275 [WARN] PackLoader:240 - Cannot read IP mode file for WES.I-CUBE-Cesium.1.3.0
2024-09-29 22:27:12,283 [WARN] PackLoader:240 - Cannot read IP mode file for STMicroelectronics.X-CUBE-BLE2.3.3.0
2024-09-29 22:27:12,293 [WARN] PackLoader:240 - Cannot read IP mode file for STMicroelectronics.X-CUBE-NFC9.1.0.0
2024-09-29 22:27:12,306 [WARN] PackLoader:240 - Cannot read IP mode file for STMicroelectronics.X-CUBE-TCPP.4.1.0
2024-09-29 22:27:12,332 [WARN] PackLoader:240 - Cannot read IP mode file for STMicroelectronics.X-CUBE-AZRTOS-G0.1.1.0
2024-09-29 22:27:12,345 [WARN] PackLoader:240 - Cannot read IP mode file for STMicroelectronics.X-CUBE-SAFEA1.1.2.2
2024-09-29 22:27:12,355 [WARN] PackLoader:240 - Cannot read IP mode file for STMicroelectronics.X-CUBE-NFC4.3.0.0
2024-09-29 22:27:12,369 [WARN] PackLoader:240 - Cannot read IP mode file for EmbeddedOffice.I-CUBE-FS-RTOS.1.0.1
2024-09-29 22:27:12,369 [ERROR] ConditionMgr:805 - Attr not supported : Dmpu
2024-09-29 22:27:12,369 [ERROR] ConditionMgr:805 - Attr not supported : Dmpu
2024-09-29 22:27:12,369 [ERROR] ConditionMgr:805 - Attr not supported : Dmpu
2024-09-29 22:27:12,369 [ERROR] ConditionMgr:805 - Attr not supported : Dmpu
2024-09-29 22:27:12,369 [ERROR] ConditionMgr:805 - Attr not supported : Dmpu
2024-09-29 22:27:12,369 [ERROR] ConditionMgr:805 - Attr not supported : Dmpu
2024-09-29 22:27:12,369 [ERROR] ConditionMgr:805 - Attr not supported : Dmpu
2024-09-29 22:27:12,369 [ERROR] ConditionMgr:805 - Attr not supported : Dmpu
2024-09-29 22:27:12,369 [ERROR] ConditionMgr:805 - Attr not supported : Dmpu
2024-09-29 22:27:12,370 [ERROR] ConditionMgr:805 - Attr not supported : Dmpu
2024-09-29 22:27:12,370 [ERROR] ConditionMgr:805 - Attr not supported : Dmpu
2024-09-29 22:27:12,370 [ERROR] ConditionMgr:805 - Attr not supported : Dmpu
2024-09-29 22:27:12,370 [ERROR] ConditionMgr:805 - Attr not supported : Dmpu
2024-09-29 22:27:12,370 [ERROR] ConditionMgr:805 - Attr not supported : Dmpu
2024-09-29 22:27:12,370 [ERROR] ConditionMgr:805 - Attr not supported : Dmpu
2024-09-29 22:27:12,370 [ERROR] ConditionMgr:805 - Attr not supported : Dmpu
2024-09-29 22:27:12,370 [ERROR] ConditionMgr:805 - Attr not supported : Dmpu
2024-09-29 22:27:12,370 [ERROR] ConditionMgr:805 - Attr not supported : Dmpu
2024-09-29 22:27:12,370 [ERROR] ConditionMgr:805 - Attr not supported : Dmpu
2024-09-29 22:27:12,371 [ERROR] ConditionMgr:805 - Attr not supported : Dmpu
2024-09-29 22:27:12,371 [ERROR] ConditionMgr:805 - Attr not supported : Dmpu
2024-09-29 22:27:12,371 [ERROR] ConditionMgr:805 - Attr not supported : Dmpu
2024-09-29 22:27:12,371 [ERROR] ConditionMgr:805 - Attr not supported : Dmpu
2024-09-29 22:27:12,371 [ERROR] ConditionMgr:805 - Attr not supported : Dmpu
2024-09-29 22:27:12,371 [ERROR] ConditionMgr:805 - Attr not supported : Dmpu
2024-09-29 22:27:12,371 [ERROR] ConditionMgr:805 - Attr not supported : Dmpu
2024-09-29 22:27:12,371 [ERROR] ConditionMgr:805 - Attr not supported : Dmpu
2024-09-29 22:27:12,371 [ERROR] ConditionMgr:805 - Attr not supported : Dmpu
2024-09-29 22:27:12,371 [ERROR] ConditionMgr:805 - Attr not supported : Dmpu
2024-09-29 22:27:12,371 [ERROR] ConditionMgr:805 - Attr not supported : Dmpu
2024-09-29 22:27:12,371 [ERROR] ConditionMgr:805 - Attr not supported : Dmpu
2024-09-29 22:27:12,371 [ERROR] ConditionMgr:805 - Attr not supported : Dmpu
2024-09-29 22:27:12,372 [ERROR] ConditionMgr:805 - Attr not supported : Dmpu
2024-09-29 22:27:12,372 [ERROR] ConditionMgr:805 - Attr not supported : Dmpu
2024-09-29 22:27:12,372 [ERROR] ConditionMgr:805 - Attr not supported : Dmpu
2024-09-29 22:27:12,372 [ERROR] ConditionMgr:805 - Attr not supported : Dmpu
2024-09-29 22:27:12,372 [ERROR] ConditionMgr:805 - Attr not supported : Dmpu
2024-09-29 22:27:12,372 [ERROR] ConditionMgr:805 - Attr not supported : Dmpu
2024-09-29 22:27:12,372 [ERROR] ConditionMgr:805 - Attr not supported : Dmpu
2024-09-29 22:27:12,372 [ERROR] ConditionMgr:805 - Attr not supported : Dmpu
2024-09-29 22:27:12,372 [ERROR] ConditionMgr:805 - Attr not supported : Dmpu
2024-09-29 22:27:12,372 [ERROR] ConditionMgr:805 - Attr not supported : Dmpu
2024-09-29 22:27:12,372 [ERROR] ConditionMgr:805 - Attr not supported : Dmpu
2024-09-29 22:27:12,372 [ERROR] ConditionMgr:805 - Attr not supported : Dmpu
2024-09-29 22:27:12,372 [ERROR] ConditionMgr:805 - Attr not supported : Dmpu
2024-09-29 22:27:12,372 [ERROR] ConditionMgr:805 - Attr not supported : Dmpu
2024-09-29 22:27:12,373 [ERROR] ConditionMgr:805 - Attr not supported : Dmpu
2024-09-29 22:27:12,373 [ERROR] ConditionMgr:805 - Attr not supported : Dmpu
2024-09-29 22:27:12,373 [ERROR] ConditionMgr:805 - Attr not supported : Dmpu
2024-09-29 22:27:12,373 [ERROR] ConditionMgr:805 - Attr not supported : Dmpu
2024-09-29 22:27:12,373 [ERROR] ConditionMgr:805 - Attr not supported : Dmpu
2024-09-29 22:27:12,373 [ERROR] ConditionMgr:805 - Attr not supported : Dmpu
2024-09-29 22:27:12,373 [ERROR] ConditionMgr:805 - Attr not supported : Dmpu
2024-09-29 22:27:12,373 [ERROR] ConditionMgr:805 - Attr not supported : Dmpu
2024-09-29 22:27:12,373 [ERROR] ConditionMgr:805 - Attr not supported : Dmpu
2024-09-29 22:27:12,373 [ERROR] ConditionMgr:805 - Attr not supported : Dmpu
2024-09-29 22:27:12,373 [ERROR] ConditionMgr:805 - Attr not supported : Dmpu
2024-09-29 22:27:12,374 [ERROR] ConditionMgr:805 - Attr not supported : Dmpu
2024-09-29 22:27:12,374 [ERROR] ConditionMgr:805 - Attr not supported : Dmpu
2024-09-29 22:27:12,374 [ERROR] ConditionMgr:805 - Attr not supported : Dmpu
2024-09-29 22:27:12,374 [ERROR] ConditionMgr:805 - Attr not supported : Dmpu
2024-09-29 22:27:12,374 [ERROR] ConditionMgr:805 - Attr not supported : Dmpu
2024-09-29 22:27:12,374 [ERROR] ConditionMgr:805 - Attr not supported : Dmpu
2024-09-29 22:27:12,374 [ERROR] ConditionMgr:805 - Attr not supported : Dmpu
2024-09-29 22:27:12,386 [WARN] PackLoader:240 - Cannot read IP mode file for RealThread.X-CUBE-RT-Thread_Nano.4.1.1
2024-09-29 22:27:12,392 [WARN] PackLoader:240 - Cannot read IP mode file for STMicroelectronics.FP-ATR-SIGFOX1.3.2.0
2024-09-29 22:27:12,399 [WARN] PackLoader:240 - Cannot read IP mode file for wolfSSL.I-CUBE-wolfSSL.5.7.2
2024-09-29 22:27:12,407 [WARN] PackLoader:240 - Cannot read IP mode file for STMicroelectronics.X-CUBE-EEPRMA1.5.1.0
2024-09-29 22:27:12,417 [WARN] PackLoader:240 - Cannot read IP mode file for ITTIA_DB.I-CUBE-ITTIADB.8.9.0
2024-09-29 22:27:12,451 [WARN] PackLoader:240 - Cannot read IP mode file for SEGGER.I-CUBE-embOS.1.3.1
2024-09-29 22:27:12,496 [WARN] PackLoader:240 - Cannot read IP mode file for STMicroelectronics.X-CUBE-ALGOBUILD.1.4.0
2024-09-29 22:27:12,505 [WARN] PackLoader:240 - Cannot read IP mode file for STMicroelectronics.X-CUBE-GNSS1.6.0.0
2024-09-29 22:27:12,522 [WARN] PackLoader:240 - Cannot read IP mode file for STMicroelectronics.X-CUBE-AZRTOS-F4.1.1.0
2024-09-29 22:27:12,531 [WARN] PackLoader:240 - Cannot read IP mode file for STMicroelectronics.X-CUBE-ISPU.2.1.0
2024-09-29 22:27:12,540 [WARN] PackLoader:240 - Cannot read IP mode file for STMicroelectronics.X-CUBE-FREERTOS.1.2.0
2024-09-29 22:27:12,558 [WARN] PackLoader:240 - Cannot read IP mode file for STMicroelectronics.X-CUBE-AZRTOS-L5.2.0.0
2024-09-29 22:27:12,569 [WARN] PackLoader:240 - Cannot read IP mode file for STMicroelectronics.X-CUBE-NFC6.3.1.0
2024-09-29 22:27:12,577 [WARN] PackLoader:240 - Cannot read IP mode file for STMicroelectronics.X-CUBE-DPower.1.2.0
2024-09-29 22:27:12,582 [WARN] PackLoader:240 - Cannot read IP mode file for STMicroelectronics.X-CUBE-AI.9.0.0
2024-09-29 22:27:12,589 [WARN] PackLoader:240 - Cannot read IP mode file for STMicroelectronics.X-CUBE-NFC7.1.0.1
2024-09-29 22:27:12,609 [WARN] ConditionMgr:438 - getConditionDescription Invalid condition id : LAN8742 Phy interface Condition cause : null
2024-09-29 22:27:12,609 [WARN] PackLoader:240 - Cannot read IP mode file for STMicroelectronics.X-CUBE-AZRTOS-L4.2.0.0
2024-09-29 22:27:12,611 [WARN] ConditionMgr:1039 - genDependencies : Invalid condition id : LAN8742 Phy interface Condition cause : null
2024-09-29 22:27:12,611 [WARN] ConditionMgr:1039 - genDependencies : Invalid condition id : LAN8742 Phy interface Condition cause : null
2024-09-29 22:27:12,612 [WARN] ConditionMgr:1039 - genDependencies : Invalid condition id : LAN8742 Phy interface Condition cause : null
2024-09-29 22:27:12,621 [WARN] PackLoader:240 - Cannot read IP mode file for STMicroelectronics.X-CUBE-SFXS2LP1.4.0.0
2024-09-29 22:27:12,647 [WARN] PackLoader:240 - Cannot read IP mode file for STMicroelectronics.X-CUBE-AZRTOS-H7.3.3.0
2024-09-29 22:27:12,665 [WARN] ConditionMgr:438 - getConditionDescription Invalid condition id : UX DEVICE CLASS RTOS Condition cause : null
2024-09-29 22:27:12,665 [WARN] ConditionMgr:438 - getConditionDescription Invalid condition id : UX DEVICE CLASS RTOS Condition cause : null
2024-09-29 22:27:12,668 [WARN] PackLoader:240 - Cannot read IP mode file for STMicroelectronics.X-CUBE-AZRTOS-WB.2.0.0
2024-09-29 22:27:12,669 [WARN] ConditionMgr:1039 - genDependencies : Invalid condition id : UX DEVICE CLASS RTOS Condition cause : null
2024-09-29 22:27:12,669 [WARN] ConditionMgr:1039 - genDependencies : Invalid condition id : UX DEVICE CLASS RTOS Condition cause : null
2024-09-29 22:27:12,669 [WARN] ConditionMgr:1039 - genDependencies : Invalid condition id : UX DEVICE CLASS RTOS Condition cause : null
2024-09-29 22:27:12,669 [WARN] ConditionMgr:1039 - genDependencies : Invalid condition id : UX DEVICE CLASS RTOS Condition cause : null
2024-09-29 22:27:12,670 [WARN] ConditionMgr:1039 - genDependencies : Invalid condition id : UX DEVICE CLASS RTOS Condition cause : null
2024-09-29 22:27:12,676 [WARN] PackLoader:240 - Cannot read IP mode file for STMicroelectronics.X-CUBE-GNSS1.7.0.0
2024-09-29 22:27:12,685 [WARN] PackLoader:240 - Cannot read IP mode file for STMicroelectronics.FP-SNS-STBOX1.2.0.0
2024-09-29 22:27:12,699 [WARN] PackLoader:240 - Cannot read IP mode file for STMicroelectronics.X-CUBE-SUBG2.5.0.0
2024-09-29 22:27:12,710 [WARN] PackLoader:240 - Cannot read IP mode file for Cesanta.I-CUBE-Mongoose.7.13.0
2024-09-29 22:27:12,730 [WARN] PackLoader:240 - Cannot read IP mode file for STMicroelectronics.X-CUBE-AZRTOS-G4.2.0.0
2024-09-29 22:27:12,738 [WARN] PackLoader:240 - Cannot read IP mode file for STMicroelectronics.X-CUBE-ISPU.2.0.0
2024-09-29 22:27:12,745 [WARN] PackLoader:240 - Cannot read IP mode file for STMicroelectronics.X-CUBE-ALS.1.0.2
2024-09-29 22:27:12,752 [WARN] PackLoader:240 - Cannot read IP mode file for STMicroelectronics.X-CUBE-TOUCHGFX.4.24.0
2024-09-29 22:27:12,757 [WARN] PackLoader:240 - Cannot read IP mode file for STMicroelectronics.X-CUBE-TOUCHGFX.4.24.1
2024-09-29 22:27:12,763 [WARN] PackLoader:240 - Cannot read IP mode file for wolfSSL.I-CUBE-wolfTPM.3.4.0
2024-09-29 22:27:12,770 [WARN] PackLoader:240 - Cannot read IP mode file for portGmbH.I-Cube-SoM-uGOAL.1.1.0
2024-09-29 22:27:12,787 [WARN] PackLoader:240 - Cannot read IP mode file for STMicroelectronics.X-CUBE-AZRTOS-H7RS.1.0.0
2024-09-29 22:27:12,795 [WARN] PackLoader:240 - Cannot read IP mode file for STMicroelectronics.FP-ATR-ASTRA1.2.0.0
2024-09-29 22:27:12,807 [WARN] PackLoader:240 - Cannot read IP mode file for STMicroelectronics.X-CUBE-TOF1.3.4.2
2024-09-29 22:27:12,838 [WARN] PackLoader:240 - Cannot read IP mode file for Infineon.AIROC-Wi-Fi-Bluetooth-STM32.1.6.1
2024-09-29 22:27:12,848 [WARN] PackLoader:240 - Cannot read IP mode file for wolfSSL.I-CUBE-wolfSSH.1.4.17
2024-09-29 22:27:12,849 [INFO] ThirdParty:978 - Integrity check success = true
2024-09-29 22:27:12,849 [INFO] IntegrityCheckThread:100 - exiting critical section [integrity check]
2024-09-29 22:27:12,849 [INFO] IntegrityCheckThread:103 - End integrity checks thread
2024-09-29 22:27:13,038 [INFO] WebApp:448 - Apply proxy settings
2024-09-29 22:27:13,038 [INFO] WebApp:533 - Chromium requires no authentication
2024-09-29 22:27:13,048 [INFO] WebApp:476 - Direct internet connection detected
2024-09-29 22:27:13,080 [INFO] WebApp:869 - Register for checkConnection events
2024-09-29 22:27:13,080 [INFO] WebApp:448 - Apply proxy settings
2024-09-29 22:27:13,080 [INFO] WebApp:533 - Chromium requires no authentication
2024-09-29 22:27:13,081 [INFO] WebApp:476 - Direct internet connection detected
2024-09-29 22:27:13,254 [INFO] WebApp:220 - Starting web application
2024-09-29 22:27:13,254 [INFO] WebApp:578 - Web application path used C:\ST\STM32CubeIDE_1.16.0\STM32CubeIDE\plugins\com.st.stm32cube.common.mx_6.12.0.202406281431\db\plugins\mcufinder\reactClient1\index.html
2024-09-29 22:27:13,496 [INFO] WebApp:186 - Connection restablished
2024-09-29 22:27:25,975 [ERROR] LogOutputStream:75 - [STDERR_REDIRECT] 
2024-09-29 22:27:25,976 [ERROR] LogOutputStream:75 - [STDERR_REDIRECT] 
