2024-10-28 14:06:38,163 [INFO] Activator:176 - 


2024-10-28 14:06:38,168 [INFO] Activator:177 - !SESSION log4j initialized
2024-10-28 14:06:43,240 [INFO] LogOutputStream:77 - [STDOUT_REDIRECT] 
2024-10-28 14:06:45,040 [INFO] ApplicationProperties:184 - Using Application install path: C:\ST\STM32CubeIDE_1.16.0\STM32CubeIDE\plugins\com.st.stm32cube.common.mx_6.12.1.202409122256
2024-10-28 14:06:45,056 [INFO] DbMcusXml:78 - Set database path to: C:\ST\STM32CubeIDE_1.16.0\STM32CubeIDE\plugins\com.st.stm32cube.common.mx_6.12.1.202409122256\\db\/mcu/
2024-10-28 14:06:45,057 [INFO] ApiDb:274 - Set plugin database path to: C:\ST\STM32CubeIDE_1.16.0\STM32CubeIDE\plugins\com.st.stm32cube.common.mx_6.12.1.202409122256\\db\/plugins/boardmanager/
2024-10-28 14:06:45,057 [WARN] ApiDb:259 - Overriding images path with different value:  => C:\ST\STM32CubeIDE_1.16.0\STM32CubeIDE\plugins\com.st.stm32cube.common.mx_6.12.1.202409122256\\db\/plugins/mcufinder/images/
2024-10-28 14:06:45,066 [INFO] ApiDb:250 - Set database path to: C:\Users\Ali\.stmcufinder\plugins\mcufinder//mcu/
2024-10-28 14:06:45,067 [INFO] DbMcusAds:125 - Set database path to: C:\Users\Ali\.stmcufinder\plugins\mcufinder//mcu/
2024-10-28 14:06:45,069 [INFO] CrossReferenceDbSqlite:203 - Set database path to: C:\Users\Ali\.stmcufinder\plugins\mcufinder//mcu/cs/
2024-10-28 14:06:45,162 [INFO] RulesReader:64 - Compatibility file has been processed (297 Rules)
2024-10-28 14:06:45,256 [INFO] DbMcusXml:78 - Set database path to: C:\ST\STM32CubeIDE_1.16.0\STM32CubeIDE\plugins\com.st.stm32cube.common.mx_6.12.1.202409122256\\db\/mcu/
2024-10-28 14:06:45,256 [INFO] ApiDb:274 - Set plugin database path to: C:\ST\STM32CubeIDE_1.16.0\STM32CubeIDE\plugins\com.st.stm32cube.common.mx_6.12.1.202409122256\\db\/plugins/boardmanager/
2024-10-28 14:06:45,257 [INFO] ApiDb:261 - Set plugin images path to: C:\ST\STM32CubeIDE_1.16.0\STM32CubeIDE\plugins\com.st.stm32cube.common.mx_6.12.1.202409122256\\db\/plugins/mcufinder/images/
2024-10-28 14:06:45,257 [WARN] DbFile:41 - Overriding database path with different value: C:\Users\Ali\.stmcufinder\plugins\mcufinder/ => C:\Users\Ali\.stmcufinder\plugins\mcufinder
2024-10-28 14:06:45,257 [INFO] ApiDb:250 - Set database path to: C:\Users\Ali\.stmcufinder\plugins\mcufinder//mcu/
2024-10-28 14:06:45,257 [WARN] DbFile:41 - Overriding database path with different value: C:\Users\Ali\.stmcufinder\plugins\mcufinder/ => C:\Users\Ali\.stmcufinder\plugins\mcufinder
2024-10-28 14:06:45,257 [INFO] DbMcusAds:125 - Set database path to: C:\Users\Ali\.stmcufinder\plugins\mcufinder//mcu/
2024-10-28 14:06:45,257 [WARN] DbFile:41 - Overriding database path with different value: C:\Users\Ali\.stmcufinder\plugins\mcufinder/ => C:\Users\Ali\.stmcufinder\plugins\mcufinder
2024-10-28 14:06:45,257 [WARN] DbFile:41 - Overriding database path with different value: C:\Users\Ali\.stmcufinder\plugins\mcufinder/ => C:\Users\Ali\.stmcufinder\plugins\mcufinder
2024-10-28 14:06:45,257 [INFO] CrossReferenceDbSqlite:203 - Set database path to: C:\Users\Ali\.stmcufinder\plugins\mcufinder//mcu/cs/
2024-10-28 14:06:45,615 [INFO] MainPanel:268 - HeapMemory: 268435456
2024-10-28 14:06:45,786 [INFO] DbMcusXml:78 - Set database path to: C:\ST\STM32CubeIDE_1.16.0\STM32CubeIDE\plugins\com.st.stm32cube.common.mx_6.12.1.202409122256\\db\/mcu/
2024-10-28 14:06:45,786 [INFO] ApiDb:274 - Set plugin database path to: C:\ST\STM32CubeIDE_1.16.0\STM32CubeIDE\plugins\com.st.stm32cube.common.mx_6.12.1.202409122256\\db\/plugins/boardmanager/
2024-10-28 14:06:45,786 [INFO] ApiDb:261 - Set plugin images path to: C:\ST\STM32CubeIDE_1.16.0\STM32CubeIDE\plugins\com.st.stm32cube.common.mx_6.12.1.202409122256\\db\/plugins/mcufinder/images/
2024-10-28 14:06:45,786 [WARN] DbFile:41 - Overriding database path with different value: C:\Users\Ali\.stmcufinder\plugins\mcufinder/ => C:\Users\Ali\.stmcufinder\plugins\mcufinder
2024-10-28 14:06:45,786 [INFO] ApiDb:250 - Set database path to: C:\Users\Ali\.stmcufinder\plugins\mcufinder//mcu/
2024-10-28 14:06:45,786 [WARN] DbFile:41 - Overriding database path with different value: C:\Users\Ali\.stmcufinder\plugins\mcufinder/ => C:\Users\Ali\.stmcufinder\plugins\mcufinder
2024-10-28 14:06:45,787 [INFO] DbMcusAds:125 - Set database path to: C:\Users\Ali\.stmcufinder\plugins\mcufinder//mcu/
2024-10-28 14:06:45,787 [WARN] DbFile:41 - Overriding database path with different value: C:\Users\Ali\.stmcufinder\plugins\mcufinder/ => C:\Users\Ali\.stmcufinder\plugins\mcufinder
2024-10-28 14:06:45,787 [WARN] DbFile:41 - Overriding database path with different value: C:\Users\Ali\.stmcufinder\plugins\mcufinder/ => C:\Users\Ali\.stmcufinder\plugins\mcufinder
2024-10-28 14:06:45,787 [INFO] CrossReferenceDbSqlite:203 - Set database path to: C:\Users\Ali\.stmcufinder\plugins\mcufinder//mcu/cs/
2024-10-28 14:06:45,805 [INFO] ApplicationProperties:184 - Using Application install path: C:\ST\STM32CubeIDE_1.16.0\STM32CubeIDE\plugins\com.st.stm32cube.common.mx_6.12.1.202409122256
2024-10-28 14:06:45,806 [INFO] PluginManage:196 - Search for loadable plugins [exclusion list=, ]
2024-10-28 14:06:45,807 [INFO] PluginManage:310 - Check plugin analytics
2024-10-28 14:06:45,961 [INFO] AnalyticsPlugin:253 - Accepted Software Licenses: 
2024-10-28 14:06:45,962 [INFO] AnalyticsPlugin:255 - Accepted CMSIS Pack Licenses: 
2024-10-28 14:06:45,962 [INFO] AnalyticsPlugin:257 - Accepted Firmware Licenses: 
2024-10-28 14:06:45,963 [INFO] PluginManage:359 - Loaded plugin analytics (category:tool,tabindex:-1)
2024-10-28 14:06:45,964 [INFO] PluginManage:310 - Check plugin cadmodel
2024-10-28 14:06:45,981 [INFO] CADModel:105 - Init CAD model plugin
2024-10-28 14:06:45,981 [INFO] PluginManage:359 - Loaded plugin cadmodel (category:power,tabindex:5)
2024-10-28 14:06:45,982 [INFO] PluginManage:310 - Check plugin clock
2024-10-28 14:06:45,997 [INFO] PluginManage:359 - Loaded plugin clock (category:base,tabindex:2)
2024-10-28 14:06:45,997 [INFO] PluginManage:310 - Check plugin ddr
2024-10-28 14:06:45,999 [INFO] PluginManage:359 - Loaded plugin ddr (category:tool,tabindex:6)
2024-10-28 14:06:45,999 [INFO] PluginManage:310 - Check plugin filemanager
2024-10-28 14:06:46,127 [INFO] PluginManage:359 - Loaded plugin filemanager (category:base,tabindex:10)
2024-10-28 14:06:46,128 [INFO] PluginManage:310 - Check plugin ipmanager
2024-10-28 14:06:46,145 [INFO] PluginManage:359 - Loaded plugin ipmanager (category:base,tabindex:5)
2024-10-28 14:06:46,145 [INFO] PluginManage:310 - Check plugin lpbam
2024-10-28 14:06:46,161 [INFO] PluginManage:359 - Loaded plugin lpbam (category:base,tabindex:0)
2024-10-28 14:06:46,162 [INFO] PluginManage:310 - Check plugin memorymap
2024-10-28 14:06:46,190 [INFO] PluginManage:359 - Loaded plugin memorymap (category:base,tabindex:4)
2024-10-28 14:06:46,190 [INFO] PluginManage:310 - Check plugin pinoutandconfiguration
2024-10-28 14:06:46,206 [INFO] PluginManage:359 - Loaded plugin pinoutandconfiguration (category:base,tabindex:1)
2024-10-28 14:06:46,206 [INFO] PluginManage:310 - Check plugin pinoutconfig
2024-10-28 14:06:46,294 [WARN] SupportedApi:132 - Cannot load RTOS API schema: s4s-elt-must-match.1: The content of 'definitions' must match (annotation?, (simpleType | complexType)?, (unique | key | keyref)*)). A problem was found starting at: attribute.
2024-10-28 14:06:46,413 [INFO] PluginManage:359 - Loaded plugin pinoutconfig (category:base,tabindex:0)
2024-10-28 14:06:46,413 [INFO] PluginManage:310 - Check plugin power
2024-10-28 14:06:46,433 [INFO] PluginManage:359 - Loaded plugin power (category:power,tabindex:4)
2024-10-28 14:06:46,433 [INFO] PluginManage:310 - Check plugin projectmanager
2024-10-28 14:06:46,447 [INFO] PluginManage:359 - Loaded plugin projectmanager (category:projectmanager,tabindex:4)
2024-10-28 14:06:46,447 [INFO] PluginManage:310 - Check plugin rif
2024-10-28 14:06:46,461 [INFO] PluginManage:359 - Loaded plugin rif (category:base,tabindex:3)
2024-10-28 14:06:46,462 [INFO] PluginManage:310 - Check plugin thirdparty
2024-10-28 14:06:46,715 [INFO] PluginManage:359 - Loaded plugin thirdparty (category:base,tabindex:-1)
2024-10-28 14:06:46,715 [WARN] IntegrityCheckThread:84 - waiting for thirdparty lock release [integrity check]
2024-10-28 14:06:46,715 [INFO] PluginManage:310 - Check plugin tools
2024-10-28 14:06:46,715 [INFO] IntegrityCheckThread:86 - entering critical section [integrity check]
2024-10-28 14:06:46,715 [INFO] ThirdPartyUpdaterWithRetryManager:70 - Updater plugin not ready yet. [1/15]
2024-10-28 14:06:46,753 [INFO] PluginManage:359 - Loaded plugin tools (category:base,tabindex:7)
2024-10-28 14:06:46,753 [INFO] PluginManage:310 - Check plugin tutovideos
2024-10-28 14:06:46,917 [INFO] PluginManage:359 - Loaded plugin tutovideos (category:base,tabindex:-1)
2024-10-28 14:06:46,917 [INFO] PluginManage:310 - Check plugin updater
2024-10-28 14:06:46,932 [INFO] PluginManage:359 - Loaded plugin updater (category:base,tabindex:12)
2024-10-28 14:06:46,933 [INFO] PluginManage:310 - Check plugin userauth
2024-10-28 14:06:46,937 [INFO] UserAuth:113 - Init User Auth plugin
2024-10-28 14:06:46,937 [INFO] PluginManage:359 - Loaded plugin userauth (category:base,tabindex:14)
2024-10-28 14:06:46,937 [INFO] PluginManage:283 - PluginManage : Loaded plugins [18]
2024-10-28 14:06:47,113 [INFO] PinOutPanel:1561 - setPackage(No Configuration,No Configuration)
2024-10-28 14:06:47,191 [INFO] CADModel:165 - CPN selected for project level
2024-10-28 14:06:47,191 [INFO] CADModel:114 - Register for checkConnection events
2024-10-28 14:06:47,212 [INFO] IPUIPlugin:80 - create IPUIPlugin
2024-10-28 14:06:47,213 [INFO] PluginManager:220 - loadIPPluginJar : add adc
2024-10-28 14:06:47,246 [INFO] IPUIPlugin:80 - create IPUIPlugin
2024-10-28 14:06:47,246 [INFO] PluginManager:220 - loadIPPluginJar : add aes
2024-10-28 14:06:47,283 [INFO] IPUIPlugin:80 - create IPUIPlugin
2024-10-28 14:06:47,283 [INFO] PluginManager:220 - loadIPPluginJar : add can
2024-10-28 14:06:47,304 [INFO] IPUIPlugin:80 - create IPUIPlugin
2024-10-28 14:06:47,304 [INFO] PluginManager:220 - loadIPPluginJar : add comp
2024-10-28 14:06:47,334 [INFO] IPUIPlugin:80 - create IPUIPlugin
2024-10-28 14:06:47,334 [INFO] PluginManager:220 - loadIPPluginJar : add cryp
2024-10-28 14:06:47,345 [INFO] IPUIPlugin:80 - create IPUIPlugin
2024-10-28 14:06:47,345 [INFO] PluginManager:220 - loadIPPluginJar : add ddr_ctrl_phy
2024-10-28 14:06:47,371 [INFO] IPUIPlugin:80 - create IPUIPlugin
2024-10-28 14:06:47,371 [INFO] PluginManager:220 - loadIPPluginJar : add dfsdm
2024-10-28 14:06:47,382 [INFO] IPUIPlugin:80 - create IPUIPlugin
2024-10-28 14:06:47,383 [INFO] PluginManager:220 - loadIPPluginJar : add dma
2024-10-28 14:06:47,421 [INFO] IPUIPlugin:80 - create IPUIPlugin
2024-10-28 14:06:47,421 [INFO] PluginManager:220 - loadIPPluginJar : add dma3
2024-10-28 14:06:47,466 [INFO] IPUIPlugin:80 - create IPUIPlugin
2024-10-28 14:06:47,466 [INFO] PluginManager:220 - loadIPPluginJar : add extmemmanager
2024-10-28 14:06:47,483 [INFO] IPUIPlugin:80 - create IPUIPlugin
2024-10-28 14:06:47,484 [INFO] PluginManager:220 - loadIPPluginJar : add fatfs
2024-10-28 14:06:47,527 [INFO] IPUIPlugin:80 - create IPUIPlugin
2024-10-28 14:06:47,527 [INFO] PluginManager:220 - loadIPPluginJar : add fmc
2024-10-28 14:06:47,540 [INFO] IPUIPlugin:80 - create IPUIPlugin
2024-10-28 14:06:47,540 [INFO] PluginManager:220 - loadIPPluginJar : add freertos
2024-10-28 14:06:47,558 [INFO] IPUIPlugin:80 - create IPUIPlugin
2024-10-28 14:06:47,558 [INFO] PluginManager:220 - loadIPPluginJar : add genericplugin
2024-10-28 14:06:47,641 [INFO] IPUIPlugin:80 - create IPUIPlugin
2024-10-28 14:06:47,642 [INFO] PluginManager:220 - loadIPPluginJar : add gfxmmu
2024-10-28 14:06:47,760 [INFO] IPUIPlugin:80 - create IPUIPlugin
2024-10-28 14:06:47,760 [INFO] PluginManager:220 - loadIPPluginJar : add gic
2024-10-28 14:06:47,771 [INFO] IPUIPlugin:80 - create IPUIPlugin
2024-10-28 14:06:47,771 [INFO] PluginManager:220 - loadIPPluginJar : add gpio
2024-10-28 14:06:47,857 [INFO] IPUIPlugin:80 - create IPUIPlugin
2024-10-28 14:06:47,857 [INFO] PluginManager:220 - loadIPPluginJar : add gtzc
2024-10-28 14:06:47,885 [INFO] IPUIPlugin:80 - create IPUIPlugin
2024-10-28 14:06:47,885 [INFO] PluginManager:220 - loadIPPluginJar : add hash
2024-10-28 14:06:47,935 [INFO] IPUIPlugin:80 - create IPUIPlugin
2024-10-28 14:06:47,935 [INFO] PluginManager:220 - loadIPPluginJar : add i2c
2024-10-28 14:06:47,970 [INFO] IPUIPlugin:80 - create IPUIPlugin
2024-10-28 14:06:47,970 [INFO] PluginManager:220 - loadIPPluginJar : add i2s
2024-10-28 14:06:48,007 [INFO] IPUIPlugin:80 - create IPUIPlugin
2024-10-28 14:06:48,007 [INFO] PluginManager:220 - loadIPPluginJar : add i3c
2024-10-28 14:06:48,109 [INFO] IPUIPlugin:80 - create IPUIPlugin
2024-10-28 14:06:48,109 [INFO] PluginManager:220 - loadIPPluginJar : add ipddr
2024-10-28 14:06:48,195 [INFO] IPUIPlugin:80 - create IPUIPlugin
2024-10-28 14:06:48,195 [INFO] PluginManager:220 - loadIPPluginJar : add linkedlist
2024-10-28 14:06:48,227 [INFO] IPUIPlugin:80 - create IPUIPlugin
2024-10-28 14:06:48,227 [INFO] PluginManager:220 - loadIPPluginJar : add lorawan
2024-10-28 14:06:48,261 [INFO] IPUIPlugin:80 - create IPUIPlugin
2024-10-28 14:06:48,261 [INFO] PluginManager:220 - loadIPPluginJar : add ltdc
2024-10-28 14:06:48,273 [INFO] IPUIPlugin:80 - create IPUIPlugin
2024-10-28 14:06:48,273 [INFO] PluginManager:220 - loadIPPluginJar : add mdma
2024-10-28 14:06:48,283 [INFO] IPUIPlugin:80 - create IPUIPlugin
2024-10-28 14:06:48,284 [INFO] PluginManager:220 - loadIPPluginJar : add nvic
2024-10-28 14:06:48,317 [INFO] IPUIPlugin:80 - create IPUIPlugin
2024-10-28 14:06:48,317 [INFO] PluginManager:220 - loadIPPluginJar : add opamp
2024-10-28 14:06:48,372 [INFO] IPUIPlugin:80 - create IPUIPlugin
2024-10-28 14:06:48,372 [INFO] PluginManager:220 - loadIPPluginJar : add openamp
2024-10-28 14:06:48,409 [INFO] IPUIPlugin:80 - create IPUIPlugin
2024-10-28 14:06:48,409 [INFO] PluginManager:220 - loadIPPluginJar : add pdm2pcm
2024-10-28 14:06:48,420 [INFO] IPUIPlugin:80 - create IPUIPlugin
2024-10-28 14:06:48,422 [INFO] PluginManager:220 - loadIPPluginJar : add plateformsettings
2024-10-28 14:06:48,444 [INFO] IPUIPlugin:80 - create IPUIPlugin
2024-10-28 14:06:48,444 [INFO] PluginManager:220 - loadIPPluginJar : add quadspi
2024-10-28 14:06:48,466 [INFO] IPUIPlugin:80 - create IPUIPlugin
2024-10-28 14:06:48,468 [INFO] PluginManager:220 - loadIPPluginJar : add radio
2024-10-28 14:06:48,478 [INFO] IPUIPlugin:80 - create IPUIPlugin
2024-10-28 14:06:48,479 [INFO] PluginManager:220 - loadIPPluginJar : add resmgrutility
2024-10-28 14:06:48,521 [INFO] IPUIPlugin:80 - create IPUIPlugin
2024-10-28 14:06:48,521 [INFO] PluginManager:220 - loadIPPluginJar : add sai
2024-10-28 14:06:48,553 [INFO] IPUIPlugin:80 - create IPUIPlugin
2024-10-28 14:06:48,553 [INFO] PluginManager:220 - loadIPPluginJar : add spi
2024-10-28 14:06:48,622 [INFO] IPUIPlugin:80 - create IPUIPlugin
2024-10-28 14:06:48,622 [INFO] PluginManager:220 - loadIPPluginJar : add stm32_wpan
2024-10-28 14:06:48,644 [INFO] IPUIPlugin:80 - create IPUIPlugin
2024-10-28 14:06:48,644 [INFO] PluginManager:220 - loadIPPluginJar : add tim
2024-10-28 14:06:48,698 [INFO] IPUIPlugin:80 - create IPUIPlugin
2024-10-28 14:06:48,699 [INFO] PluginManager:220 - loadIPPluginJar : add touchsensing
2024-10-28 14:06:48,719 [INFO] IPUIPlugin:80 - create IPUIPlugin
2024-10-28 14:06:48,719 [INFO] PluginManager:220 - loadIPPluginJar : add tracer_emb
2024-10-28 14:06:48,739 [INFO] IPUIPlugin:80 - create IPUIPlugin
2024-10-28 14:06:48,739 [INFO] PluginManager:220 - loadIPPluginJar : add ts
2024-10-28 14:06:48,759 [INFO] IPUIPlugin:80 - create IPUIPlugin
2024-10-28 14:06:48,759 [INFO] PluginManager:220 - loadIPPluginJar : add tsc
2024-10-28 14:06:48,778 [INFO] IPUIPlugin:80 - create IPUIPlugin
2024-10-28 14:06:48,778 [INFO] PluginManager:220 - loadIPPluginJar : add ucpd
2024-10-28 14:06:48,816 [INFO] IPUIPlugin:80 - create IPUIPlugin
2024-10-28 14:06:48,816 [INFO] PluginManager:220 - loadIPPluginJar : add usart
2024-10-28 14:06:48,856 [INFO] IPUIPlugin:80 - create IPUIPlugin
2024-10-28 14:06:48,856 [INFO] PluginManager:220 - loadIPPluginJar : add usbx
2024-10-28 14:06:48,975 [INFO] CADModel:165 - CPN selected for project level
2024-10-28 14:06:48,976 [INFO] CADModel:114 - Register for checkConnection events
2024-10-28 14:06:48,976 [FATAL] Updater:334 - Updater called before beeing initialized
2024-10-28 14:06:48,976 [ERROR] CADModel:125 - Updater not yet initialized, retry later 
2024-10-28 14:06:49,085 [INFO] CADModel:165 - CPN selected for project level
2024-10-28 14:06:49,085 [INFO] CADModel:114 - Register for checkConnection events
2024-10-28 14:06:49,085 [FATAL] Updater:334 - Updater called before beeing initialized
2024-10-28 14:06:49,085 [ERROR] CADModel:125 - Updater not yet initialized, retry later 
2024-10-28 14:06:49,087 [FATAL] Updater:334 - Updater called before beeing initialized
2024-10-28 14:06:49,183 [FATAL] Updater:334 - Updater called before beeing initialized
2024-10-28 14:06:49,187 [INFO] DbMcusAds:53 - JSON generation date=Fri Sep 20 09:04:38 EDT 2024 (1726837478367)
2024-10-28 14:06:49,188 [FATAL] Updater:334 - Updater called before beeing initialized
2024-10-28 14:06:49,227 [WARN] DetailPanel:346 - Failed to get advertising image, set to default
2024-10-28 14:06:49,332 [FATAL] Updater:334 - Updater called before beeing initialized
2024-10-28 14:06:49,334 [FATAL] Updater:334 - Updater called before beeing initialized
2024-10-28 14:06:49,334 [FATAL] Updater:334 - Updater called before beeing initialized
2024-10-28 14:06:49,334 [WARN] DetailPanel:346 - Failed to get advertising image, set to default
2024-10-28 14:06:49,334 [FATAL] Updater:334 - Updater called before beeing initialized
2024-10-28 14:06:49,387 [ERROR] Updater:1164 - MainUpdater not yet initialized. External WinMGr cannot be set.
2024-10-28 14:06:49,397 [INFO] Updater:1100 - Updater Version found : 6.12.1
2024-10-28 14:06:49,412 [INFO] ApplicationProperties:184 - Using Application install path: C:\ST\STM32CubeIDE_1.16.0\STM32CubeIDE\plugins\com.st.stm32cube.common.mx_6.12.1.202409122256
2024-10-28 14:06:49,718 [INFO] ThirdPartyUpdaterWithRetryManager:70 - Updater plugin not ready yet. [2/15]
2024-10-28 14:06:50,981 [ERROR] LogOutputStream:75 - [STDERR_REDIRECT] Oct 28, 2024 2:06:50 PM java.util.prefs.WindowsPreferences <init>
2024-10-28 14:06:50,982 [ERROR] LogOutputStream:75 - [STDERR_REDIRECT] WARNING: Could not open/create prefs root node Software\JavaSoft\Prefs at root 0xffffffff80000002. Windows RegCreateKeyEx(...) returned error code 5.
2024-10-28 14:06:50,983 [ERROR] LogOutputStream:75 - [STDERR_REDIRECT] 
2024-10-28 14:06:51,422 [INFO] MainUpdater:2873 - connection check result : 10
2024-10-28 14:06:51,422 [INFO] MainUpdater:290 - Updater Check For Update Now.
2024-10-28 14:06:51,422 [INFO] MicroXplorer:498 - Change Database Version : DB.6.0.121
2024-10-28 14:06:51,437 [INFO] McuFinderGlobals:63 - Set McuFinder mode to 2 (CubeIDE integrated)
2024-10-28 14:06:51,439 [INFO] UserAuth:417 - Internet connection configuration mode: 1
2024-10-28 14:06:51,460 [INFO] JxBrowserEngine:152 - Initiate JxBrowser Engine with user profile folder
2024-10-28 14:06:51,595 [INFO] CheckServerUpdateThread:120 - End of CheckServer Thread
2024-10-28 14:06:52,843 [INFO] WebApp:167 - Instantiating new browser for Auth
2024-10-28 14:06:53,040 [WARN] PackLoader:240 - Cannot read IP mode file for STMicroelectronics.FP-SNS-MOTENVWB1.1.4.0
2024-10-28 14:06:53,052 [WARN] PackLoader:240 - Cannot read IP mode file for STMicroelectronics.X-CUBE-SMBUS.2.1.0
2024-10-28 14:06:53,061 [WARN] PackLoader:240 - Cannot read IP mode file for STMicroelectronics.X-CUBE-WB05N.1.1.0
2024-10-28 14:06:53,091 [WARN] PackLoader:240 - Cannot read IP mode file for STMicroelectronics.X-CUBE-AZRTOS-F7.1.1.0
2024-10-28 14:06:53,176 [WARN] PackLoader:240 - Cannot read IP mode file for STMicroelectronics.X-CUBE-MEMS1.11.0.0
2024-10-28 14:06:53,334 [WARN] PackLoader:240 - Cannot read IP mode file for STMicroelectronics.FP-SNS-FLIGHT1.5.0.2
2024-10-28 14:06:53,344 [WARN] PackLoader:240 - Cannot read IP mode file for STMicroelectronics.X-CUBE-DISPLAY.3.0.0
2024-10-28 14:06:53,355 [WARN] PackLoader:240 - Cannot read IP mode file for STMicroelectronics.X-CUBE-BLE1.7.0.0
2024-10-28 14:06:53,364 [WARN] PackLoader:240 - Cannot read IP mode file for STMicroelectronics.X-CUBE-NFC10.1.0.0
2024-10-28 14:06:53,374 [WARN] PackLoader:240 - Cannot read IP mode file for emotas.I-CUBE-CANOPEN.1.3.0
2024-10-28 14:06:53,400 [WARN] PackLoader:240 - Cannot read IP mode file for STMicroelectronics.X-CUBE-BLEMGR.3.1.0
2024-10-28 14:06:53,410 [WARN] PackLoader:240 - Cannot read IP mode file for STMicroelectronics.FP-SNS-SMARTAG2.1.2.0
2024-10-28 14:06:53,436 [INFO] LogOutputStream:77 - [STDOUT_REDIRECT] 1 : Invalid condition id : UX_CORESTACK_Condition cause : null
2024-10-28 14:06:53,439 [INFO] LogOutputStream:77 - [STDOUT_REDIRECT] 1 : Invalid condition id : UX_CORESTACK_Condition cause : null
2024-10-28 14:06:53,440 [INFO] LogOutputStream:77 - [STDOUT_REDIRECT] 1 : Invalid condition id : UX_CORESTACK_Condition cause : null
2024-10-28 14:06:53,442 [INFO] LogOutputStream:77 - [STDOUT_REDIRECT] 1 : Invalid condition id : UX_CORESTACK_Condition cause : null
2024-10-28 14:06:53,443 [INFO] LogOutputStream:77 - [STDOUT_REDIRECT] 1 : Invalid condition id : UX_CORESTACK_Condition cause : null
2024-10-28 14:06:53,447 [WARN] PackLoader:240 - Cannot read IP mode file for STMicroelectronics.X-CUBE-AZRTOS-WL.2.0.0
2024-10-28 14:06:53,456 [WARN] PackLoader:240 - Cannot read IP mode file for STMicroelectronics.FP-SNS-MOTENV1.5.0.0
2024-10-28 14:06:53,466 [WARN] PackLoader:240 - Cannot read IP mode file for wolfSSL.I-CUBE-wolfMQTT.1.19.0
2024-10-28 14:06:53,476 [WARN] PackLoader:240 - Cannot read IP mode file for WES.I-CUBE-Cesium.1.3.0
2024-10-28 14:06:53,483 [WARN] PackLoader:240 - Cannot read IP mode file for STMicroelectronics.X-CUBE-BLE2.3.3.0
2024-10-28 14:06:53,492 [WARN] PackLoader:240 - Cannot read IP mode file for STMicroelectronics.X-CUBE-NFC9.1.0.0
2024-10-28 14:06:53,500 [WARN] PackLoader:240 - Cannot read IP mode file for STMicroelectronics.X-CUBE-TCPP.4.1.0
2024-10-28 14:06:53,522 [WARN] PackLoader:240 - Cannot read IP mode file for STMicroelectronics.X-CUBE-AZRTOS-G0.1.1.0
2024-10-28 14:06:53,536 [WARN] PackLoader:240 - Cannot read IP mode file for STMicroelectronics.X-CUBE-SAFEA1.1.2.2
2024-10-28 14:06:53,545 [WARN] PackLoader:240 - Cannot read IP mode file for STMicroelectronics.X-CUBE-NFC4.3.0.0
2024-10-28 14:06:53,557 [WARN] PackLoader:240 - Cannot read IP mode file for EmbeddedOffice.I-CUBE-FS-RTOS.1.0.1
2024-10-28 14:06:53,558 [ERROR] ConditionMgr:805 - Attr not supported : Dmpu
2024-10-28 14:06:53,558 [ERROR] ConditionMgr:805 - Attr not supported : Dmpu
2024-10-28 14:06:53,558 [ERROR] ConditionMgr:805 - Attr not supported : Dmpu
2024-10-28 14:06:53,558 [ERROR] ConditionMgr:805 - Attr not supported : Dmpu
2024-10-28 14:06:53,558 [ERROR] ConditionMgr:805 - Attr not supported : Dmpu
2024-10-28 14:06:53,558 [ERROR] ConditionMgr:805 - Attr not supported : Dmpu
2024-10-28 14:06:53,558 [ERROR] ConditionMgr:805 - Attr not supported : Dmpu
2024-10-28 14:06:53,558 [ERROR] ConditionMgr:805 - Attr not supported : Dmpu
2024-10-28 14:06:53,558 [ERROR] ConditionMgr:805 - Attr not supported : Dmpu
2024-10-28 14:06:53,558 [ERROR] ConditionMgr:805 - Attr not supported : Dmpu
2024-10-28 14:06:53,559 [ERROR] ConditionMgr:805 - Attr not supported : Dmpu
2024-10-28 14:06:53,559 [ERROR] ConditionMgr:805 - Attr not supported : Dmpu
2024-10-28 14:06:53,559 [ERROR] ConditionMgr:805 - Attr not supported : Dmpu
2024-10-28 14:06:53,559 [ERROR] ConditionMgr:805 - Attr not supported : Dmpu
2024-10-28 14:06:53,559 [ERROR] ConditionMgr:805 - Attr not supported : Dmpu
2024-10-28 14:06:53,559 [ERROR] ConditionMgr:805 - Attr not supported : Dmpu
2024-10-28 14:06:53,559 [ERROR] ConditionMgr:805 - Attr not supported : Dmpu
2024-10-28 14:06:53,559 [ERROR] ConditionMgr:805 - Attr not supported : Dmpu
2024-10-28 14:06:53,559 [ERROR] ConditionMgr:805 - Attr not supported : Dmpu
2024-10-28 14:06:53,559 [ERROR] ConditionMgr:805 - Attr not supported : Dmpu
2024-10-28 14:06:53,560 [ERROR] ConditionMgr:805 - Attr not supported : Dmpu
2024-10-28 14:06:53,560 [ERROR] ConditionMgr:805 - Attr not supported : Dmpu
2024-10-28 14:06:53,560 [ERROR] ConditionMgr:805 - Attr not supported : Dmpu
2024-10-28 14:06:53,560 [ERROR] ConditionMgr:805 - Attr not supported : Dmpu
2024-10-28 14:06:53,560 [ERROR] ConditionMgr:805 - Attr not supported : Dmpu
2024-10-28 14:06:53,560 [ERROR] ConditionMgr:805 - Attr not supported : Dmpu
2024-10-28 14:06:53,560 [ERROR] ConditionMgr:805 - Attr not supported : Dmpu
2024-10-28 14:06:53,560 [ERROR] ConditionMgr:805 - Attr not supported : Dmpu
2024-10-28 14:06:53,560 [ERROR] ConditionMgr:805 - Attr not supported : Dmpu
2024-10-28 14:06:53,560 [ERROR] ConditionMgr:805 - Attr not supported : Dmpu
2024-10-28 14:06:53,561 [ERROR] ConditionMgr:805 - Attr not supported : Dmpu
2024-10-28 14:06:53,561 [ERROR] ConditionMgr:805 - Attr not supported : Dmpu
2024-10-28 14:06:53,561 [ERROR] ConditionMgr:805 - Attr not supported : Dmpu
2024-10-28 14:06:53,561 [ERROR] ConditionMgr:805 - Attr not supported : Dmpu
2024-10-28 14:06:53,561 [ERROR] ConditionMgr:805 - Attr not supported : Dmpu
2024-10-28 14:06:53,561 [ERROR] ConditionMgr:805 - Attr not supported : Dmpu
2024-10-28 14:06:53,561 [ERROR] ConditionMgr:805 - Attr not supported : Dmpu
2024-10-28 14:06:53,561 [ERROR] ConditionMgr:805 - Attr not supported : Dmpu
2024-10-28 14:06:53,561 [ERROR] ConditionMgr:805 - Attr not supported : Dmpu
2024-10-28 14:06:53,562 [ERROR] ConditionMgr:805 - Attr not supported : Dmpu
2024-10-28 14:06:53,562 [ERROR] ConditionMgr:805 - Attr not supported : Dmpu
2024-10-28 14:06:53,562 [ERROR] ConditionMgr:805 - Attr not supported : Dmpu
2024-10-28 14:06:53,562 [ERROR] ConditionMgr:805 - Attr not supported : Dmpu
2024-10-28 14:06:53,562 [ERROR] ConditionMgr:805 - Attr not supported : Dmpu
2024-10-28 14:06:53,562 [ERROR] ConditionMgr:805 - Attr not supported : Dmpu
2024-10-28 14:06:53,562 [ERROR] ConditionMgr:805 - Attr not supported : Dmpu
2024-10-28 14:06:53,562 [ERROR] ConditionMgr:805 - Attr not supported : Dmpu
2024-10-28 14:06:53,562 [ERROR] ConditionMgr:805 - Attr not supported : Dmpu
2024-10-28 14:06:53,562 [ERROR] ConditionMgr:805 - Attr not supported : Dmpu
2024-10-28 14:06:53,562 [ERROR] ConditionMgr:805 - Attr not supported : Dmpu
2024-10-28 14:06:53,562 [ERROR] ConditionMgr:805 - Attr not supported : Dmpu
2024-10-28 14:06:53,562 [ERROR] ConditionMgr:805 - Attr not supported : Dmpu
2024-10-28 14:06:53,563 [ERROR] ConditionMgr:805 - Attr not supported : Dmpu
2024-10-28 14:06:53,563 [ERROR] ConditionMgr:805 - Attr not supported : Dmpu
2024-10-28 14:06:53,563 [ERROR] ConditionMgr:805 - Attr not supported : Dmpu
2024-10-28 14:06:53,563 [ERROR] ConditionMgr:805 - Attr not supported : Dmpu
2024-10-28 14:06:53,566 [ERROR] ConditionMgr:805 - Attr not supported : Dmpu
2024-10-28 14:06:53,567 [ERROR] ConditionMgr:805 - Attr not supported : Dmpu
2024-10-28 14:06:53,567 [ERROR] ConditionMgr:805 - Attr not supported : Dmpu
2024-10-28 14:06:53,567 [ERROR] ConditionMgr:805 - Attr not supported : Dmpu
2024-10-28 14:06:53,567 [ERROR] ConditionMgr:805 - Attr not supported : Dmpu
2024-10-28 14:06:53,567 [ERROR] ConditionMgr:805 - Attr not supported : Dmpu
2024-10-28 14:06:53,567 [ERROR] ConditionMgr:805 - Attr not supported : Dmpu
2024-10-28 14:06:53,567 [ERROR] ConditionMgr:805 - Attr not supported : Dmpu
2024-10-28 14:06:53,573 [WARN] PackLoader:240 - Cannot read IP mode file for RealThread.X-CUBE-RT-Thread_Nano.4.1.1
2024-10-28 14:06:53,579 [WARN] PackLoader:240 - Cannot read IP mode file for STMicroelectronics.FP-ATR-SIGFOX1.3.2.0
2024-10-28 14:06:53,584 [WARN] PackLoader:240 - Cannot read IP mode file for wolfSSL.I-CUBE-wolfSSL.5.7.2
2024-10-28 14:06:53,591 [WARN] PackLoader:240 - Cannot read IP mode file for STMicroelectronics.X-CUBE-EEPRMA1.5.1.0
2024-10-28 14:06:53,599 [WARN] PackLoader:240 - Cannot read IP mode file for ITTIA_DB.I-CUBE-ITTIADB.8.9.0
2024-10-28 14:06:53,630 [WARN] PackLoader:240 - Cannot read IP mode file for SEGGER.I-CUBE-embOS.1.3.1
2024-10-28 14:06:53,667 [WARN] PackLoader:240 - Cannot read IP mode file for STMicroelectronics.X-CUBE-ALGOBUILD.1.4.0
2024-10-28 14:06:53,672 [WARN] PackLoader:240 - Cannot read IP mode file for STMicroelectronics.X-CUBE-AI.9.1.0
2024-10-28 14:06:53,679 [WARN] PackLoader:240 - Cannot read IP mode file for STMicroelectronics.X-CUBE-GNSS1.6.0.0
2024-10-28 14:06:53,695 [WARN] PackLoader:240 - Cannot read IP mode file for STMicroelectronics.X-CUBE-AZRTOS-F4.1.1.0
2024-10-28 14:06:53,701 [WARN] PackLoader:240 - Cannot read IP mode file for STMicroelectronics.X-CUBE-ISPU.2.1.0
2024-10-28 14:06:53,707 [WARN] PackLoader:240 - Cannot read IP mode file for STMicroelectronics.X-CUBE-FREERTOS.1.2.0
2024-10-28 14:06:53,722 [WARN] PackLoader:240 - Cannot read IP mode file for STMicroelectronics.X-CUBE-AZRTOS-L5.2.0.0
2024-10-28 14:06:53,735 [WARN] PackLoader:240 - Cannot read IP mode file for STMicroelectronics.X-CUBE-NFC6.3.1.0
2024-10-28 14:06:53,745 [WARN] PackLoader:240 - Cannot read IP mode file for STMicroelectronics.X-CUBE-DPower.1.2.0
2024-10-28 14:06:53,750 [WARN] PackLoader:240 - Cannot read IP mode file for STMicroelectronics.X-CUBE-AI.9.0.0
2024-10-28 14:06:53,755 [WARN] PackLoader:240 - Cannot read IP mode file for STMicroelectronics.X-CUBE-NFC7.1.0.1
2024-10-28 14:06:53,776 [WARN] ConditionMgr:438 - getConditionDescription Invalid condition id : LAN8742 Phy interface Condition cause : null
2024-10-28 14:06:53,777 [WARN] PackLoader:240 - Cannot read IP mode file for STMicroelectronics.X-CUBE-AZRTOS-L4.2.0.0
2024-10-28 14:06:53,780 [WARN] ConditionMgr:1039 - genDependencies : Invalid condition id : LAN8742 Phy interface Condition cause : null
2024-10-28 14:06:53,780 [WARN] ConditionMgr:1039 - genDependencies : Invalid condition id : LAN8742 Phy interface Condition cause : null
2024-10-28 14:06:53,781 [WARN] ConditionMgr:1039 - genDependencies : Invalid condition id : LAN8742 Phy interface Condition cause : null
2024-10-28 14:06:53,795 [WARN] PackLoader:240 - Cannot read IP mode file for STMicroelectronics.X-CUBE-SFXS2LP1.4.0.0
2024-10-28 14:06:53,825 [WARN] PackLoader:240 - Cannot read IP mode file for STMicroelectronics.X-CUBE-AZRTOS-H7.3.3.0
2024-10-28 14:06:53,866 [WARN] PackLoader:240 - Cannot read IP mode file for STMicroelectronics.X-CUBE-IPS.3.0.0
2024-10-28 14:06:53,894 [WARN] ConditionMgr:438 - getConditionDescription Invalid condition id : UX DEVICE CLASS RTOS Condition cause : null
2024-10-28 14:06:53,894 [WARN] ConditionMgr:438 - getConditionDescription Invalid condition id : UX DEVICE CLASS RTOS Condition cause : null
2024-10-28 14:06:53,897 [WARN] PackLoader:240 - Cannot read IP mode file for STMicroelectronics.X-CUBE-AZRTOS-WB.2.0.0
2024-10-28 14:06:53,898 [WARN] ConditionMgr:1039 - genDependencies : Invalid condition id : UX DEVICE CLASS RTOS Condition cause : null
2024-10-28 14:06:53,898 [WARN] ConditionMgr:1039 - genDependencies : Invalid condition id : UX DEVICE CLASS RTOS Condition cause : null
2024-10-28 14:06:53,898 [WARN] ConditionMgr:1039 - genDependencies : Invalid condition id : UX DEVICE CLASS RTOS Condition cause : null
2024-10-28 14:06:53,899 [WARN] ConditionMgr:1039 - genDependencies : Invalid condition id : UX DEVICE CLASS RTOS Condition cause : null
2024-10-28 14:06:53,899 [WARN] ConditionMgr:1039 - genDependencies : Invalid condition id : UX DEVICE CLASS RTOS Condition cause : null
2024-10-28 14:06:53,915 [WARN] PackLoader:240 - Cannot read IP mode file for STMicroelectronics.X-CUBE-GNSS1.7.0.0
2024-10-28 14:06:53,937 [WARN] PackLoader:240 - Cannot read IP mode file for STMicroelectronics.FP-SNS-STBOX1.2.0.0
2024-10-28 14:06:53,955 [WARN] PackLoader:240 - Cannot read IP mode file for STMicroelectronics.X-CUBE-SUBG2.5.0.0
2024-10-28 14:06:53,966 [WARN] PackLoader:240 - Cannot read IP mode file for Cesanta.I-CUBE-Mongoose.7.13.0
2024-10-28 14:06:53,979 [WARN] PackLoader:240 - Cannot read IP mode file for STMicroelectronics.X-CUBE-AZRTOS-G4.2.0.0
2024-10-28 14:06:53,986 [WARN] PackLoader:240 - Cannot read IP mode file for STMicroelectronics.X-CUBE-ISPU.2.0.0
2024-10-28 14:06:53,994 [WARN] PackLoader:240 - Cannot read IP mode file for STMicroelectronics.X-CUBE-ALS.1.0.2
2024-10-28 14:06:54,002 [WARN] PackLoader:240 - Cannot read IP mode file for STMicroelectronics.X-CUBE-TOUCHGFX.4.24.0
2024-10-28 14:06:54,005 [WARN] PackLoader:240 - Cannot read IP mode file for STMicroelectronics.X-CUBE-TOUCHGFX.4.24.1
2024-10-28 14:06:54,012 [WARN] PackLoader:240 - Cannot read IP mode file for wolfSSL.I-CUBE-wolfTPM.3.4.0
2024-10-28 14:06:54,021 [WARN] PackLoader:240 - Cannot read IP mode file for portGmbH.I-Cube-SoM-uGOAL.1.1.0
2024-10-28 14:06:54,031 [INFO] WebApp:448 - Apply proxy settings
2024-10-28 14:06:54,031 [INFO] WebApp:533 - Chromium requires no authentication
2024-10-28 14:06:54,043 [WARN] PackLoader:240 - Cannot read IP mode file for STMicroelectronics.X-CUBE-AZRTOS-H7RS.1.0.0
2024-10-28 14:06:54,044 [INFO] WebApp:476 - Direct internet connection detected
2024-10-28 14:06:54,053 [WARN] PackLoader:240 - Cannot read IP mode file for STMicroelectronics.FP-ATR-ASTRA1.2.0.0
2024-10-28 14:06:54,067 [WARN] PackLoader:240 - Cannot read IP mode file for STMicroelectronics.X-CUBE-TOF1.3.4.2
2024-10-28 14:06:54,090 [INFO] WebApp:869 - Register for checkConnection events
2024-10-28 14:06:54,090 [INFO] WebApp:448 - Apply proxy settings
2024-10-28 14:06:54,091 [INFO] WebApp:533 - Chromium requires no authentication
2024-10-28 14:06:54,091 [INFO] WebApp:476 - Direct internet connection detected
2024-10-28 14:06:54,095 [WARN] PackLoader:240 - Cannot read IP mode file for Infineon.AIROC-Wi-Fi-Bluetooth-STM32.1.6.1
2024-10-28 14:06:54,103 [WARN] PackLoader:240 - Cannot read IP mode file for wolfSSL.I-CUBE-wolfSSH.1.4.17
2024-10-28 14:06:54,104 [INFO] ThirdParty:978 - Integrity check success = true
2024-10-28 14:06:54,104 [INFO] IntegrityCheckThread:100 - exiting critical section [integrity check]
2024-10-28 14:06:54,104 [INFO] IntegrityCheckThread:103 - End integrity checks thread
2024-10-28 14:06:54,291 [INFO] WebApp:186 - Connection restablished
2024-10-28 14:06:54,413 [INFO] WebApp:220 - Starting web application
2024-10-28 14:06:54,413 [INFO] WebApp:578 - Web application path used C:\ST\STM32CubeIDE_1.16.0\STM32CubeIDE\plugins\com.st.stm32cube.common.mx_6.12.1.202409122256\db\plugins\mcufinder\reactClient1\index.html
2024-10-28 14:06:54,526 [INFO] UserAuth:417 - Internet connection configuration mode: 1
2024-10-28 17:01:05,732 [INFO] WebApp:189 - Connection lost
2024-10-28 17:01:05,998 [INFO] WebApp:186 - Connection restablished
2024-10-28 17:01:07,313 [INFO] WebApp:189 - Connection lost
2024-10-28 17:01:07,489 [INFO] WebApp:186 - Connection restablished
2024-10-28 18:44:02,774 [INFO] WebApp:189 - Connection lost
2024-10-28 18:44:04,664 [INFO] WebApp:186 - Connection restablished
2024-10-28 18:44:06,031 [INFO] WebApp:189 - Connection lost
2024-10-28 18:44:06,179 [INFO] WebApp:186 - Connection restablished
2024-10-28 22:09:29,255 [ERROR] LogOutputStream:75 - [STDERR_REDIRECT] 
