2024-10-07 10:34:18,020 [INFO] Activator:176 - 


2024-10-07 10:34:18,025 [INFO] Activator:177 - !SESSION log4j initialized
2024-10-07 10:34:23,879 [INFO] LogOutputStream:77 - [STDOUT_REDIRECT] 
2024-10-07 10:34:25,248 [INFO] ApplicationProperties:184 - Using Application install path: C:\ST\STM32CubeIDE_1.16.0\STM32CubeIDE\plugins\com.st.stm32cube.common.mx_6.12.0.202406281431
2024-10-07 10:34:25,265 [INFO] DbMcusXml:78 - Set database path to: C:\ST\STM32CubeIDE_1.16.0\STM32CubeIDE\plugins\com.st.stm32cube.common.mx_6.12.0.202406281431\\db\/mcu/
2024-10-07 10:34:25,266 [INFO] ApiDb:274 - Set plugin database path to: C:\ST\STM32CubeIDE_1.16.0\STM32CubeIDE\plugins\com.st.stm32cube.common.mx_6.12.0.202406281431\\db\/plugins/boardmanager/
2024-10-07 10:34:25,266 [WARN] ApiDb:259 - Overriding images path with different value:  => C:\ST\STM32CubeIDE_1.16.0\STM32CubeIDE\plugins\com.st.stm32cube.common.mx_6.12.0.202406281431\\db\/plugins/mcufinder/images/
2024-10-07 10:34:25,274 [INFO] ApiDb:250 - Set database path to: C:\Users\Ali\.stmcufinder\plugins\mcufinder//mcu/
2024-10-07 10:34:25,275 [INFO] DbMcusAds:125 - Set database path to: C:\Users\Ali\.stmcufinder\plugins\mcufinder//mcu/
2024-10-07 10:34:25,277 [INFO] CrossReferenceDbSqlite:203 - Set database path to: C:\Users\Ali\.stmcufinder\plugins\mcufinder//mcu/cs/
2024-10-07 10:34:25,379 [INFO] RulesReader:64 - Compatibility file has been processed (297 Rules)
2024-10-07 10:34:25,456 [INFO] DbMcusXml:78 - Set database path to: C:\ST\STM32CubeIDE_1.16.0\STM32CubeIDE\plugins\com.st.stm32cube.common.mx_6.12.0.202406281431\\db\/mcu/
2024-10-07 10:34:25,456 [INFO] ApiDb:274 - Set plugin database path to: C:\ST\STM32CubeIDE_1.16.0\STM32CubeIDE\plugins\com.st.stm32cube.common.mx_6.12.0.202406281431\\db\/plugins/boardmanager/
2024-10-07 10:34:25,456 [INFO] ApiDb:261 - Set plugin images path to: C:\ST\STM32CubeIDE_1.16.0\STM32CubeIDE\plugins\com.st.stm32cube.common.mx_6.12.0.202406281431\\db\/plugins/mcufinder/images/
2024-10-07 10:34:25,456 [WARN] DbFile:41 - Overriding database path with different value: C:\Users\Ali\.stmcufinder\plugins\mcufinder/ => C:\Users\Ali\.stmcufinder\plugins\mcufinder
2024-10-07 10:34:25,456 [INFO] ApiDb:250 - Set database path to: C:\Users\Ali\.stmcufinder\plugins\mcufinder//mcu/
2024-10-07 10:34:25,456 [WARN] DbFile:41 - Overriding database path with different value: C:\Users\Ali\.stmcufinder\plugins\mcufinder/ => C:\Users\Ali\.stmcufinder\plugins\mcufinder
2024-10-07 10:34:25,456 [INFO] DbMcusAds:125 - Set database path to: C:\Users\Ali\.stmcufinder\plugins\mcufinder//mcu/
2024-10-07 10:34:25,456 [WARN] DbFile:41 - Overriding database path with different value: C:\Users\Ali\.stmcufinder\plugins\mcufinder/ => C:\Users\Ali\.stmcufinder\plugins\mcufinder
2024-10-07 10:34:25,457 [WARN] DbFile:41 - Overriding database path with different value: C:\Users\Ali\.stmcufinder\plugins\mcufinder/ => C:\Users\Ali\.stmcufinder\plugins\mcufinder
2024-10-07 10:34:25,457 [INFO] CrossReferenceDbSqlite:203 - Set database path to: C:\Users\Ali\.stmcufinder\plugins\mcufinder//mcu/cs/
2024-10-07 10:34:25,532 [INFO] MainPanel:268 - HeapMemory: 268435456
2024-10-07 10:34:25,635 [INFO] DbMcusXml:78 - Set database path to: C:\ST\STM32CubeIDE_1.16.0\STM32CubeIDE\plugins\com.st.stm32cube.common.mx_6.12.0.202406281431\\db\/mcu/
2024-10-07 10:34:25,635 [INFO] ApiDb:274 - Set plugin database path to: C:\ST\STM32CubeIDE_1.16.0\STM32CubeIDE\plugins\com.st.stm32cube.common.mx_6.12.0.202406281431\\db\/plugins/boardmanager/
2024-10-07 10:34:25,635 [INFO] ApiDb:261 - Set plugin images path to: C:\ST\STM32CubeIDE_1.16.0\STM32CubeIDE\plugins\com.st.stm32cube.common.mx_6.12.0.202406281431\\db\/plugins/mcufinder/images/
2024-10-07 10:34:25,636 [WARN] DbFile:41 - Overriding database path with different value: C:\Users\Ali\.stmcufinder\plugins\mcufinder/ => C:\Users\Ali\.stmcufinder\plugins\mcufinder
2024-10-07 10:34:25,636 [INFO] ApiDb:250 - Set database path to: C:\Users\Ali\.stmcufinder\plugins\mcufinder//mcu/
2024-10-07 10:34:25,636 [WARN] DbFile:41 - Overriding database path with different value: C:\Users\Ali\.stmcufinder\plugins\mcufinder/ => C:\Users\Ali\.stmcufinder\plugins\mcufinder
2024-10-07 10:34:25,636 [INFO] DbMcusAds:125 - Set database path to: C:\Users\Ali\.stmcufinder\plugins\mcufinder//mcu/
2024-10-07 10:34:25,636 [WARN] DbFile:41 - Overriding database path with different value: C:\Users\Ali\.stmcufinder\plugins\mcufinder/ => C:\Users\Ali\.stmcufinder\plugins\mcufinder
2024-10-07 10:34:25,636 [WARN] DbFile:41 - Overriding database path with different value: C:\Users\Ali\.stmcufinder\plugins\mcufinder/ => C:\Users\Ali\.stmcufinder\plugins\mcufinder
2024-10-07 10:34:25,636 [INFO] CrossReferenceDbSqlite:203 - Set database path to: C:\Users\Ali\.stmcufinder\plugins\mcufinder//mcu/cs/
2024-10-07 10:34:25,654 [INFO] ApplicationProperties:184 - Using Application install path: C:\ST\STM32CubeIDE_1.16.0\STM32CubeIDE\plugins\com.st.stm32cube.common.mx_6.12.0.202406281431
2024-10-07 10:34:25,655 [INFO] PluginManage:196 - Search for loadable plugins [exclusion list=, ]
2024-10-07 10:34:25,657 [INFO] PluginManage:310 - Check plugin analytics
2024-10-07 10:34:25,786 [INFO] AnalyticsPlugin:253 - Accepted Software Licenses: 
2024-10-07 10:34:25,786 [INFO] AnalyticsPlugin:255 - Accepted CMSIS Pack Licenses: 
2024-10-07 10:34:25,787 [INFO] AnalyticsPlugin:257 - Accepted Firmware Licenses: FW.L4.1.18.0
2024-10-07 10:34:25,789 [INFO] PluginManage:359 - Loaded plugin analytics (category:tool,tabindex:-1)
2024-10-07 10:34:25,789 [INFO] PluginManage:310 - Check plugin cadmodel
2024-10-07 10:34:25,811 [INFO] CADModel:105 - Init CAD model plugin
2024-10-07 10:34:25,811 [INFO] PluginManage:359 - Loaded plugin cadmodel (category:power,tabindex:5)
2024-10-07 10:34:25,811 [INFO] PluginManage:310 - Check plugin clock
2024-10-07 10:34:25,827 [INFO] PluginManage:359 - Loaded plugin clock (category:base,tabindex:2)
2024-10-07 10:34:25,828 [INFO] PluginManage:310 - Check plugin ddr
2024-10-07 10:34:25,830 [INFO] PluginManage:359 - Loaded plugin ddr (category:tool,tabindex:6)
2024-10-07 10:34:25,830 [INFO] PluginManage:310 - Check plugin filemanager
2024-10-07 10:34:25,958 [INFO] PluginManage:359 - Loaded plugin filemanager (category:base,tabindex:10)
2024-10-07 10:34:25,958 [INFO] PluginManage:310 - Check plugin ipmanager
2024-10-07 10:34:25,965 [INFO] PluginManage:359 - Loaded plugin ipmanager (category:base,tabindex:5)
2024-10-07 10:34:25,965 [INFO] PluginManage:310 - Check plugin lpbam
2024-10-07 10:34:25,980 [INFO] PluginManage:359 - Loaded plugin lpbam (category:base,tabindex:0)
2024-10-07 10:34:25,980 [INFO] PluginManage:310 - Check plugin memorymap
2024-10-07 10:34:26,001 [INFO] PluginManage:359 - Loaded plugin memorymap (category:base,tabindex:4)
2024-10-07 10:34:26,001 [INFO] PluginManage:310 - Check plugin pinoutandconfiguration
2024-10-07 10:34:26,015 [INFO] PluginManage:359 - Loaded plugin pinoutandconfiguration (category:base,tabindex:1)
2024-10-07 10:34:26,015 [INFO] PluginManage:310 - Check plugin pinoutconfig
2024-10-07 10:34:26,104 [WARN] SupportedApi:132 - Cannot load RTOS API schema: s4s-elt-must-match.1: The content of 'definitions' must match (annotation?, (simpleType | complexType)?, (unique | key | keyref)*)). A problem was found starting at: attribute.
2024-10-07 10:34:26,223 [INFO] PluginManage:359 - Loaded plugin pinoutconfig (category:base,tabindex:0)
2024-10-07 10:34:26,224 [INFO] PluginManage:310 - Check plugin power
2024-10-07 10:34:26,241 [INFO] PluginManage:359 - Loaded plugin power (category:power,tabindex:4)
2024-10-07 10:34:26,241 [INFO] PluginManage:310 - Check plugin projectmanager
2024-10-07 10:34:26,255 [INFO] PluginManage:359 - Loaded plugin projectmanager (category:projectmanager,tabindex:4)
2024-10-07 10:34:26,255 [INFO] PluginManage:310 - Check plugin rif
2024-10-07 10:34:26,267 [INFO] PluginManage:359 - Loaded plugin rif (category:base,tabindex:3)
2024-10-07 10:34:26,267 [INFO] PluginManage:310 - Check plugin thirdparty
2024-10-07 10:34:26,536 [INFO] PluginManage:359 - Loaded plugin thirdparty (category:base,tabindex:-1)
2024-10-07 10:34:26,536 [WARN] IntegrityCheckThread:84 - waiting for thirdparty lock release [integrity check]
2024-10-07 10:34:26,536 [INFO] IntegrityCheckThread:86 - entering critical section [integrity check]
2024-10-07 10:34:26,536 [INFO] PluginManage:310 - Check plugin tools
2024-10-07 10:34:26,537 [INFO] ThirdPartyUpdaterWithRetryManager:70 - Updater plugin not ready yet. [1/15]
2024-10-07 10:34:26,568 [INFO] PluginManage:359 - Loaded plugin tools (category:base,tabindex:7)
2024-10-07 10:34:26,568 [INFO] PluginManage:310 - Check plugin tutovideos
2024-10-07 10:34:26,755 [INFO] PluginManage:359 - Loaded plugin tutovideos (category:base,tabindex:-1)
2024-10-07 10:34:26,755 [INFO] PluginManage:310 - Check plugin updater
2024-10-07 10:34:26,770 [INFO] PluginManage:359 - Loaded plugin updater (category:base,tabindex:12)
2024-10-07 10:34:26,770 [INFO] PluginManage:310 - Check plugin userauth
2024-10-07 10:34:26,776 [INFO] UserAuth:113 - Init User Auth plugin
2024-10-07 10:34:26,776 [INFO] PluginManage:359 - Loaded plugin userauth (category:base,tabindex:14)
2024-10-07 10:34:26,776 [INFO] PluginManage:283 - PluginManage : Loaded plugins [18]
2024-10-07 10:34:26,966 [INFO] PinOutPanel:1561 - setPackage(No Configuration,No Configuration)
2024-10-07 10:34:27,051 [INFO] CADModel:165 - CPN selected for project level
2024-10-07 10:34:27,052 [INFO] CADModel:114 - Register for checkConnection events
2024-10-07 10:34:27,075 [INFO] IPUIPlugin:80 - create IPUIPlugin
2024-10-07 10:34:27,075 [INFO] PluginManager:220 - loadIPPluginJar : add adc
2024-10-07 10:34:27,110 [INFO] IPUIPlugin:80 - create IPUIPlugin
2024-10-07 10:34:27,110 [INFO] PluginManager:220 - loadIPPluginJar : add aes
2024-10-07 10:34:27,149 [INFO] IPUIPlugin:80 - create IPUIPlugin
2024-10-07 10:34:27,149 [INFO] PluginManager:220 - loadIPPluginJar : add can
2024-10-07 10:34:27,172 [INFO] IPUIPlugin:80 - create IPUIPlugin
2024-10-07 10:34:27,173 [INFO] PluginManager:220 - loadIPPluginJar : add comp
2024-10-07 10:34:27,204 [INFO] IPUIPlugin:80 - create IPUIPlugin
2024-10-07 10:34:27,204 [INFO] PluginManager:220 - loadIPPluginJar : add cryp
2024-10-07 10:34:27,215 [INFO] IPUIPlugin:80 - create IPUIPlugin
2024-10-07 10:34:27,215 [INFO] PluginManager:220 - loadIPPluginJar : add ddr_ctrl_phy
2024-10-07 10:34:27,243 [INFO] IPUIPlugin:80 - create IPUIPlugin
2024-10-07 10:34:27,243 [INFO] PluginManager:220 - loadIPPluginJar : add dfsdm
2024-10-07 10:34:27,255 [INFO] IPUIPlugin:80 - create IPUIPlugin
2024-10-07 10:34:27,255 [INFO] PluginManager:220 - loadIPPluginJar : add dma
2024-10-07 10:34:27,297 [INFO] IPUIPlugin:80 - create IPUIPlugin
2024-10-07 10:34:27,297 [INFO] PluginManager:220 - loadIPPluginJar : add dma3
2024-10-07 10:34:27,341 [INFO] IPUIPlugin:80 - create IPUIPlugin
2024-10-07 10:34:27,341 [INFO] PluginManager:220 - loadIPPluginJar : add extmemmanager
2024-10-07 10:34:27,360 [INFO] IPUIPlugin:80 - create IPUIPlugin
2024-10-07 10:34:27,360 [INFO] PluginManager:220 - loadIPPluginJar : add fatfs
2024-10-07 10:34:27,404 [INFO] IPUIPlugin:80 - create IPUIPlugin
2024-10-07 10:34:27,404 [INFO] PluginManager:220 - loadIPPluginJar : add fmc
2024-10-07 10:34:27,417 [INFO] IPUIPlugin:80 - create IPUIPlugin
2024-10-07 10:34:27,417 [INFO] PluginManager:220 - loadIPPluginJar : add freertos
2024-10-07 10:34:27,436 [INFO] IPUIPlugin:80 - create IPUIPlugin
2024-10-07 10:34:27,436 [INFO] PluginManager:220 - loadIPPluginJar : add genericplugin
2024-10-07 10:34:27,530 [INFO] IPUIPlugin:80 - create IPUIPlugin
2024-10-07 10:34:27,530 [INFO] PluginManager:220 - loadIPPluginJar : add gfxmmu
2024-10-07 10:34:27,656 [INFO] IPUIPlugin:80 - create IPUIPlugin
2024-10-07 10:34:27,656 [INFO] PluginManager:220 - loadIPPluginJar : add gic
2024-10-07 10:34:27,667 [INFO] IPUIPlugin:80 - create IPUIPlugin
2024-10-07 10:34:27,667 [INFO] PluginManager:220 - loadIPPluginJar : add gpio
2024-10-07 10:34:27,764 [INFO] IPUIPlugin:80 - create IPUIPlugin
2024-10-07 10:34:27,764 [INFO] PluginManager:220 - loadIPPluginJar : add gtzc
2024-10-07 10:34:27,795 [INFO] IPUIPlugin:80 - create IPUIPlugin
2024-10-07 10:34:27,795 [INFO] PluginManager:220 - loadIPPluginJar : add hash
2024-10-07 10:34:27,847 [INFO] IPUIPlugin:80 - create IPUIPlugin
2024-10-07 10:34:27,847 [INFO] PluginManager:220 - loadIPPluginJar : add i2c
2024-10-07 10:34:27,884 [INFO] IPUIPlugin:80 - create IPUIPlugin
2024-10-07 10:34:27,884 [INFO] PluginManager:220 - loadIPPluginJar : add i2s
2024-10-07 10:34:27,923 [INFO] IPUIPlugin:80 - create IPUIPlugin
2024-10-07 10:34:27,924 [INFO] PluginManager:220 - loadIPPluginJar : add i3c
2024-10-07 10:34:28,030 [INFO] IPUIPlugin:80 - create IPUIPlugin
2024-10-07 10:34:28,030 [INFO] PluginManager:220 - loadIPPluginJar : add ipddr
2024-10-07 10:34:28,121 [INFO] IPUIPlugin:80 - create IPUIPlugin
2024-10-07 10:34:28,121 [INFO] PluginManager:220 - loadIPPluginJar : add linkedlist
2024-10-07 10:34:28,155 [INFO] IPUIPlugin:80 - create IPUIPlugin
2024-10-07 10:34:28,155 [INFO] PluginManager:220 - loadIPPluginJar : add lorawan
2024-10-07 10:34:28,191 [INFO] IPUIPlugin:80 - create IPUIPlugin
2024-10-07 10:34:28,191 [INFO] PluginManager:220 - loadIPPluginJar : add ltdc
2024-10-07 10:34:28,205 [INFO] IPUIPlugin:80 - create IPUIPlugin
2024-10-07 10:34:28,205 [INFO] PluginManager:220 - loadIPPluginJar : add mdma
2024-10-07 10:34:28,216 [INFO] IPUIPlugin:80 - create IPUIPlugin
2024-10-07 10:34:28,216 [INFO] PluginManager:220 - loadIPPluginJar : add nvic
2024-10-07 10:34:28,251 [INFO] IPUIPlugin:80 - create IPUIPlugin
2024-10-07 10:34:28,251 [INFO] PluginManager:220 - loadIPPluginJar : add opamp
2024-10-07 10:34:28,309 [INFO] IPUIPlugin:80 - create IPUIPlugin
2024-10-07 10:34:28,309 [INFO] PluginManager:220 - loadIPPluginJar : add openamp
2024-10-07 10:34:28,350 [INFO] IPUIPlugin:80 - create IPUIPlugin
2024-10-07 10:34:28,350 [INFO] PluginManager:220 - loadIPPluginJar : add pdm2pcm
2024-10-07 10:34:28,363 [INFO] IPUIPlugin:80 - create IPUIPlugin
2024-10-07 10:34:28,365 [INFO] PluginManager:220 - loadIPPluginJar : add plateformsettings
2024-10-07 10:34:28,386 [INFO] IPUIPlugin:80 - create IPUIPlugin
2024-10-07 10:34:28,386 [INFO] PluginManager:220 - loadIPPluginJar : add quadspi
2024-10-07 10:34:28,411 [INFO] IPUIPlugin:80 - create IPUIPlugin
2024-10-07 10:34:28,412 [INFO] PluginManager:220 - loadIPPluginJar : add radio
2024-10-07 10:34:28,422 [INFO] IPUIPlugin:80 - create IPUIPlugin
2024-10-07 10:34:28,423 [INFO] PluginManager:220 - loadIPPluginJar : add resmgrutility
2024-10-07 10:34:28,470 [INFO] IPUIPlugin:80 - create IPUIPlugin
2024-10-07 10:34:28,470 [INFO] PluginManager:220 - loadIPPluginJar : add sai
2024-10-07 10:34:28,505 [INFO] IPUIPlugin:80 - create IPUIPlugin
2024-10-07 10:34:28,505 [INFO] PluginManager:220 - loadIPPluginJar : add spi
2024-10-07 10:34:28,574 [INFO] IPUIPlugin:80 - create IPUIPlugin
2024-10-07 10:34:28,574 [INFO] PluginManager:220 - loadIPPluginJar : add stm32_wpan
2024-10-07 10:34:28,597 [INFO] IPUIPlugin:80 - create IPUIPlugin
2024-10-07 10:34:28,597 [INFO] PluginManager:220 - loadIPPluginJar : add tim
2024-10-07 10:34:28,655 [INFO] IPUIPlugin:80 - create IPUIPlugin
2024-10-07 10:34:28,655 [INFO] PluginManager:220 - loadIPPluginJar : add touchsensing
2024-10-07 10:34:28,675 [INFO] IPUIPlugin:80 - create IPUIPlugin
2024-10-07 10:34:28,675 [INFO] PluginManager:220 - loadIPPluginJar : add tracer_emb
2024-10-07 10:34:28,697 [INFO] IPUIPlugin:80 - create IPUIPlugin
2024-10-07 10:34:28,697 [INFO] PluginManager:220 - loadIPPluginJar : add ts
2024-10-07 10:34:28,718 [INFO] IPUIPlugin:80 - create IPUIPlugin
2024-10-07 10:34:28,718 [INFO] PluginManager:220 - loadIPPluginJar : add tsc
2024-10-07 10:34:28,738 [INFO] IPUIPlugin:80 - create IPUIPlugin
2024-10-07 10:34:28,738 [INFO] PluginManager:220 - loadIPPluginJar : add ucpd
2024-10-07 10:34:28,779 [INFO] IPUIPlugin:80 - create IPUIPlugin
2024-10-07 10:34:28,779 [INFO] PluginManager:220 - loadIPPluginJar : add usart
2024-10-07 10:34:28,820 [INFO] IPUIPlugin:80 - create IPUIPlugin
2024-10-07 10:34:28,820 [INFO] PluginManager:220 - loadIPPluginJar : add usbx
2024-10-07 10:34:28,944 [INFO] CADModel:165 - CPN selected for project level
2024-10-07 10:34:28,944 [INFO] CADModel:114 - Register for checkConnection events
2024-10-07 10:34:28,944 [FATAL] Updater:334 - Updater called before beeing initialized
2024-10-07 10:34:28,944 [ERROR] CADModel:125 - Updater not yet initialized, retry later 
2024-10-07 10:34:29,060 [INFO] CADModel:165 - CPN selected for project level
2024-10-07 10:34:29,060 [INFO] CADModel:114 - Register for checkConnection events
2024-10-07 10:34:29,060 [FATAL] Updater:334 - Updater called before beeing initialized
2024-10-07 10:34:29,060 [ERROR] CADModel:125 - Updater not yet initialized, retry later 
2024-10-07 10:34:29,063 [FATAL] Updater:334 - Updater called before beeing initialized
2024-10-07 10:34:29,159 [FATAL] Updater:334 - Updater called before beeing initialized
2024-10-07 10:34:29,165 [INFO] DbMcusAds:53 - JSON generation date=Mon Sep 16 10:40:22 EDT 2024 (1726497622318)
2024-10-07 10:34:29,165 [FATAL] Updater:334 - Updater called before beeing initialized
2024-10-07 10:34:29,205 [WARN] DetailPanel:346 - Failed to get advertising image, set to default
2024-10-07 10:34:29,289 [FATAL] Updater:334 - Updater called before beeing initialized
2024-10-07 10:34:29,291 [FATAL] Updater:334 - Updater called before beeing initialized
2024-10-07 10:34:29,291 [FATAL] Updater:334 - Updater called before beeing initialized
2024-10-07 10:34:29,291 [WARN] DetailPanel:346 - Failed to get advertising image, set to default
2024-10-07 10:34:29,292 [FATAL] Updater:334 - Updater called before beeing initialized
2024-10-07 10:34:29,351 [ERROR] Updater:1164 - MainUpdater not yet initialized. External WinMGr cannot be set.
2024-10-07 10:34:29,361 [INFO] Updater:1100 - Updater Version found : 6.12.0
2024-10-07 10:34:29,379 [INFO] ApplicationProperties:184 - Using Application install path: C:\ST\STM32CubeIDE_1.16.0\STM32CubeIDE\plugins\com.st.stm32cube.common.mx_6.12.0.202406281431
2024-10-07 10:34:29,537 [INFO] ThirdPartyUpdaterWithRetryManager:70 - Updater plugin not ready yet. [2/15]
2024-10-07 10:34:30,955 [ERROR] LogOutputStream:75 - [STDERR_REDIRECT] Oct 07, 2024 10:34:30 AM java.util.prefs.WindowsPreferences <init>
2024-10-07 10:34:30,956 [ERROR] LogOutputStream:75 - [STDERR_REDIRECT] WARNING: Could not open/create prefs root node Software\JavaSoft\Prefs at root 0xffffffff80000002. Windows RegCreateKeyEx(...) returned error code 5.
2024-10-07 10:34:30,956 [ERROR] LogOutputStream:75 - [STDERR_REDIRECT] 
2024-10-07 10:34:31,286 [INFO] MainUpdater:2873 - connection check result : 10
2024-10-07 10:34:31,286 [INFO] MainUpdater:290 - Updater Check For Update Now.
2024-10-07 10:34:31,286 [INFO] MicroXplorer:498 - Change Database Version : DB.6.0.120
2024-10-07 10:34:31,299 [INFO] McuFinderGlobals:63 - Set McuFinder mode to 2 (CubeIDE integrated)
2024-10-07 10:34:31,299 [INFO] UserAuth:179 - activating auth plugin
2024-10-07 10:34:31,301 [INFO] UserAuth:417 - Internet connection configuration mode: 1
2024-10-07 10:34:31,320 [INFO] JxBrowserEngine:152 - Initiate JxBrowser Engine with user profile folder
2024-10-07 10:34:31,455 [INFO] CheckServerUpdateThread:120 - End of CheckServer Thread
2024-10-07 10:34:32,772 [INFO] WebApp:167 - Instantiating new browser for Auth
2024-10-07 10:34:32,925 [WARN] PackLoader:240 - Cannot read IP mode file for STMicroelectronics.FP-SNS-MOTENVWB1.1.4.0
2024-10-07 10:34:32,938 [WARN] PackLoader:240 - Cannot read IP mode file for STMicroelectronics.X-CUBE-SMBUS.2.1.0
2024-10-07 10:34:32,958 [WARN] PackLoader:240 - Cannot read IP mode file for STMicroelectronics.X-CUBE-WB05N.1.1.0
2024-10-07 10:34:32,992 [WARN] PackLoader:240 - Cannot read IP mode file for STMicroelectronics.X-CUBE-AZRTOS-F7.1.1.0
2024-10-07 10:34:33,055 [WARN] PackLoader:240 - Cannot read IP mode file for STMicroelectronics.X-CUBE-MEMS1.11.0.0
2024-10-07 10:34:33,240 [WARN] PackLoader:240 - Cannot read IP mode file for STMicroelectronics.FP-SNS-FLIGHT1.5.0.2
2024-10-07 10:34:33,251 [WARN] PackLoader:240 - Cannot read IP mode file for STMicroelectronics.X-CUBE-DISPLAY.3.0.0
2024-10-07 10:34:33,261 [WARN] PackLoader:240 - Cannot read IP mode file for STMicroelectronics.X-CUBE-BLE1.7.0.0
2024-10-07 10:34:33,270 [WARN] PackLoader:240 - Cannot read IP mode file for STMicroelectronics.X-CUBE-NFC10.1.0.0
2024-10-07 10:34:33,277 [WARN] PackLoader:240 - Cannot read IP mode file for emotas.I-CUBE-CANOPEN.1.3.0
2024-10-07 10:34:33,290 [WARN] PackLoader:240 - Cannot read IP mode file for STMicroelectronics.X-CUBE-BLEMGR.3.1.0
2024-10-07 10:34:33,297 [WARN] PackLoader:240 - Cannot read IP mode file for STMicroelectronics.FP-SNS-SMARTAG2.1.2.0
2024-10-07 10:34:33,307 [INFO] LogOutputStream:77 - [STDOUT_REDIRECT] 1 : Invalid condition id : UX_CORESTACK_Condition cause : null
2024-10-07 10:34:33,308 [INFO] LogOutputStream:77 - [STDOUT_REDIRECT] 1 : Invalid condition id : UX_CORESTACK_Condition cause : null
2024-10-07 10:34:33,309 [INFO] LogOutputStream:77 - [STDOUT_REDIRECT] 1 : Invalid condition id : UX_CORESTACK_Condition cause : null
2024-10-07 10:34:33,310 [INFO] LogOutputStream:77 - [STDOUT_REDIRECT] 1 : Invalid condition id : UX_CORESTACK_Condition cause : null
2024-10-07 10:34:33,311 [INFO] LogOutputStream:77 - [STDOUT_REDIRECT] 1 : Invalid condition id : UX_CORESTACK_Condition cause : null
2024-10-07 10:34:33,313 [WARN] PackLoader:240 - Cannot read IP mode file for STMicroelectronics.X-CUBE-AZRTOS-WL.2.0.0
2024-10-07 10:34:33,320 [WARN] PackLoader:240 - Cannot read IP mode file for STMicroelectronics.FP-SNS-MOTENV1.5.0.0
2024-10-07 10:34:33,328 [WARN] PackLoader:240 - Cannot read IP mode file for wolfSSL.I-CUBE-wolfMQTT.1.19.0
2024-10-07 10:34:33,337 [WARN] PackLoader:240 - Cannot read IP mode file for WES.I-CUBE-Cesium.1.3.0
2024-10-07 10:34:33,343 [WARN] PackLoader:240 - Cannot read IP mode file for STMicroelectronics.X-CUBE-BLE2.3.3.0
2024-10-07 10:34:33,352 [WARN] PackLoader:240 - Cannot read IP mode file for STMicroelectronics.X-CUBE-NFC9.1.0.0
2024-10-07 10:34:33,363 [WARN] PackLoader:240 - Cannot read IP mode file for STMicroelectronics.X-CUBE-TCPP.4.1.0
2024-10-07 10:34:33,385 [WARN] PackLoader:240 - Cannot read IP mode file for STMicroelectronics.X-CUBE-AZRTOS-G0.1.1.0
2024-10-07 10:34:33,396 [WARN] PackLoader:240 - Cannot read IP mode file for STMicroelectronics.X-CUBE-SAFEA1.1.2.2
2024-10-07 10:34:33,407 [WARN] PackLoader:240 - Cannot read IP mode file for STMicroelectronics.X-CUBE-NFC4.3.0.0
2024-10-07 10:34:33,421 [WARN] PackLoader:240 - Cannot read IP mode file for EmbeddedOffice.I-CUBE-FS-RTOS.1.0.1
2024-10-07 10:34:33,422 [ERROR] ConditionMgr:805 - Attr not supported : Dmpu
2024-10-07 10:34:33,422 [ERROR] ConditionMgr:805 - Attr not supported : Dmpu
2024-10-07 10:34:33,422 [ERROR] ConditionMgr:805 - Attr not supported : Dmpu
2024-10-07 10:34:33,422 [ERROR] ConditionMgr:805 - Attr not supported : Dmpu
2024-10-07 10:34:33,422 [ERROR] ConditionMgr:805 - Attr not supported : Dmpu
2024-10-07 10:34:33,422 [ERROR] ConditionMgr:805 - Attr not supported : Dmpu
2024-10-07 10:34:33,422 [ERROR] ConditionMgr:805 - Attr not supported : Dmpu
2024-10-07 10:34:33,422 [ERROR] ConditionMgr:805 - Attr not supported : Dmpu
2024-10-07 10:34:33,422 [ERROR] ConditionMgr:805 - Attr not supported : Dmpu
2024-10-07 10:34:33,422 [ERROR] ConditionMgr:805 - Attr not supported : Dmpu
2024-10-07 10:34:33,423 [ERROR] ConditionMgr:805 - Attr not supported : Dmpu
2024-10-07 10:34:33,423 [ERROR] ConditionMgr:805 - Attr not supported : Dmpu
2024-10-07 10:34:33,423 [ERROR] ConditionMgr:805 - Attr not supported : Dmpu
2024-10-07 10:34:33,423 [ERROR] ConditionMgr:805 - Attr not supported : Dmpu
2024-10-07 10:34:33,423 [ERROR] ConditionMgr:805 - Attr not supported : Dmpu
2024-10-07 10:34:33,423 [ERROR] ConditionMgr:805 - Attr not supported : Dmpu
2024-10-07 10:34:33,423 [ERROR] ConditionMgr:805 - Attr not supported : Dmpu
2024-10-07 10:34:33,424 [ERROR] ConditionMgr:805 - Attr not supported : Dmpu
2024-10-07 10:34:33,424 [ERROR] ConditionMgr:805 - Attr not supported : Dmpu
2024-10-07 10:34:33,424 [ERROR] ConditionMgr:805 - Attr not supported : Dmpu
2024-10-07 10:34:33,424 [ERROR] ConditionMgr:805 - Attr not supported : Dmpu
2024-10-07 10:34:33,424 [ERROR] ConditionMgr:805 - Attr not supported : Dmpu
2024-10-07 10:34:33,424 [ERROR] ConditionMgr:805 - Attr not supported : Dmpu
2024-10-07 10:34:33,424 [ERROR] ConditionMgr:805 - Attr not supported : Dmpu
2024-10-07 10:34:33,424 [ERROR] ConditionMgr:805 - Attr not supported : Dmpu
2024-10-07 10:34:33,424 [ERROR] ConditionMgr:805 - Attr not supported : Dmpu
2024-10-07 10:34:33,425 [ERROR] ConditionMgr:805 - Attr not supported : Dmpu
2024-10-07 10:34:33,425 [ERROR] ConditionMgr:805 - Attr not supported : Dmpu
2024-10-07 10:34:33,425 [ERROR] ConditionMgr:805 - Attr not supported : Dmpu
2024-10-07 10:34:33,425 [ERROR] ConditionMgr:805 - Attr not supported : Dmpu
2024-10-07 10:34:33,425 [ERROR] ConditionMgr:805 - Attr not supported : Dmpu
2024-10-07 10:34:33,425 [ERROR] ConditionMgr:805 - Attr not supported : Dmpu
2024-10-07 10:34:33,425 [ERROR] ConditionMgr:805 - Attr not supported : Dmpu
2024-10-07 10:34:33,425 [ERROR] ConditionMgr:805 - Attr not supported : Dmpu
2024-10-07 10:34:33,426 [ERROR] ConditionMgr:805 - Attr not supported : Dmpu
2024-10-07 10:34:33,426 [ERROR] ConditionMgr:805 - Attr not supported : Dmpu
2024-10-07 10:34:33,426 [ERROR] ConditionMgr:805 - Attr not supported : Dmpu
2024-10-07 10:34:33,426 [ERROR] ConditionMgr:805 - Attr not supported : Dmpu
2024-10-07 10:34:33,426 [ERROR] ConditionMgr:805 - Attr not supported : Dmpu
2024-10-07 10:34:33,426 [ERROR] ConditionMgr:805 - Attr not supported : Dmpu
2024-10-07 10:34:33,426 [ERROR] ConditionMgr:805 - Attr not supported : Dmpu
2024-10-07 10:34:33,427 [ERROR] ConditionMgr:805 - Attr not supported : Dmpu
2024-10-07 10:34:33,427 [ERROR] ConditionMgr:805 - Attr not supported : Dmpu
2024-10-07 10:34:33,427 [ERROR] ConditionMgr:805 - Attr not supported : Dmpu
2024-10-07 10:34:33,427 [ERROR] ConditionMgr:805 - Attr not supported : Dmpu
2024-10-07 10:34:33,427 [ERROR] ConditionMgr:805 - Attr not supported : Dmpu
2024-10-07 10:34:33,427 [ERROR] ConditionMgr:805 - Attr not supported : Dmpu
2024-10-07 10:34:33,427 [ERROR] ConditionMgr:805 - Attr not supported : Dmpu
2024-10-07 10:34:33,427 [ERROR] ConditionMgr:805 - Attr not supported : Dmpu
2024-10-07 10:34:33,427 [ERROR] ConditionMgr:805 - Attr not supported : Dmpu
2024-10-07 10:34:33,427 [ERROR] ConditionMgr:805 - Attr not supported : Dmpu
2024-10-07 10:34:33,428 [ERROR] ConditionMgr:805 - Attr not supported : Dmpu
2024-10-07 10:34:33,428 [ERROR] ConditionMgr:805 - Attr not supported : Dmpu
2024-10-07 10:34:33,428 [ERROR] ConditionMgr:805 - Attr not supported : Dmpu
2024-10-07 10:34:33,428 [ERROR] ConditionMgr:805 - Attr not supported : Dmpu
2024-10-07 10:34:33,428 [ERROR] ConditionMgr:805 - Attr not supported : Dmpu
2024-10-07 10:34:33,428 [ERROR] ConditionMgr:805 - Attr not supported : Dmpu
2024-10-07 10:34:33,428 [ERROR] ConditionMgr:805 - Attr not supported : Dmpu
2024-10-07 10:34:33,428 [ERROR] ConditionMgr:805 - Attr not supported : Dmpu
2024-10-07 10:34:33,428 [ERROR] ConditionMgr:805 - Attr not supported : Dmpu
2024-10-07 10:34:33,428 [ERROR] ConditionMgr:805 - Attr not supported : Dmpu
2024-10-07 10:34:33,428 [ERROR] ConditionMgr:805 - Attr not supported : Dmpu
2024-10-07 10:34:33,429 [ERROR] ConditionMgr:805 - Attr not supported : Dmpu
2024-10-07 10:34:33,429 [ERROR] ConditionMgr:805 - Attr not supported : Dmpu
2024-10-07 10:34:33,437 [WARN] PackLoader:240 - Cannot read IP mode file for RealThread.X-CUBE-RT-Thread_Nano.4.1.1
2024-10-07 10:34:33,444 [WARN] PackLoader:240 - Cannot read IP mode file for STMicroelectronics.FP-ATR-SIGFOX1.3.2.0
2024-10-07 10:34:33,466 [WARN] PackLoader:240 - Cannot read IP mode file for wolfSSL.I-CUBE-wolfSSL.5.7.2
2024-10-07 10:34:33,477 [WARN] PackLoader:240 - Cannot read IP mode file for STMicroelectronics.X-CUBE-EEPRMA1.5.1.0
2024-10-07 10:34:33,487 [WARN] PackLoader:240 - Cannot read IP mode file for ITTIA_DB.I-CUBE-ITTIADB.8.9.0
2024-10-07 10:34:33,517 [WARN] PackLoader:240 - Cannot read IP mode file for SEGGER.I-CUBE-embOS.1.3.1
2024-10-07 10:34:33,563 [WARN] PackLoader:240 - Cannot read IP mode file for STMicroelectronics.X-CUBE-ALGOBUILD.1.4.0
2024-10-07 10:34:33,569 [WARN] PackLoader:240 - Cannot read IP mode file for STMicroelectronics.X-CUBE-AI.9.1.0
2024-10-07 10:34:33,578 [WARN] PackLoader:240 - Cannot read IP mode file for STMicroelectronics.X-CUBE-GNSS1.6.0.0
2024-10-07 10:34:33,595 [WARN] PackLoader:240 - Cannot read IP mode file for STMicroelectronics.X-CUBE-AZRTOS-F4.1.1.0
2024-10-07 10:34:33,602 [WARN] PackLoader:240 - Cannot read IP mode file for STMicroelectronics.X-CUBE-ISPU.2.1.0
2024-10-07 10:34:33,611 [WARN] PackLoader:240 - Cannot read IP mode file for STMicroelectronics.X-CUBE-FREERTOS.1.2.0
2024-10-07 10:34:33,626 [WARN] PackLoader:240 - Cannot read IP mode file for STMicroelectronics.X-CUBE-AZRTOS-L5.2.0.0
2024-10-07 10:34:33,642 [WARN] PackLoader:240 - Cannot read IP mode file for STMicroelectronics.X-CUBE-NFC6.3.1.0
2024-10-07 10:34:33,651 [WARN] PackLoader:240 - Cannot read IP mode file for STMicroelectronics.X-CUBE-DPower.1.2.0
2024-10-07 10:34:33,656 [WARN] PackLoader:240 - Cannot read IP mode file for STMicroelectronics.X-CUBE-AI.9.0.0
2024-10-07 10:34:33,663 [WARN] PackLoader:240 - Cannot read IP mode file for STMicroelectronics.X-CUBE-NFC7.1.0.1
2024-10-07 10:34:33,682 [WARN] ConditionMgr:438 - getConditionDescription Invalid condition id : LAN8742 Phy interface Condition cause : null
2024-10-07 10:34:33,683 [WARN] PackLoader:240 - Cannot read IP mode file for STMicroelectronics.X-CUBE-AZRTOS-L4.2.0.0
2024-10-07 10:34:33,685 [WARN] ConditionMgr:1039 - genDependencies : Invalid condition id : LAN8742 Phy interface Condition cause : null
2024-10-07 10:34:33,685 [WARN] ConditionMgr:1039 - genDependencies : Invalid condition id : LAN8742 Phy interface Condition cause : null
2024-10-07 10:34:33,685 [WARN] ConditionMgr:1039 - genDependencies : Invalid condition id : LAN8742 Phy interface Condition cause : null
2024-10-07 10:34:33,694 [WARN] PackLoader:240 - Cannot read IP mode file for STMicroelectronics.X-CUBE-SFXS2LP1.4.0.0
2024-10-07 10:34:33,717 [WARN] PackLoader:240 - Cannot read IP mode file for STMicroelectronics.X-CUBE-AZRTOS-H7.3.3.0
2024-10-07 10:34:33,741 [WARN] PackLoader:240 - Cannot read IP mode file for STMicroelectronics.X-CUBE-IPS.3.0.0
2024-10-07 10:34:33,766 [WARN] ConditionMgr:438 - getConditionDescription Invalid condition id : UX DEVICE CLASS RTOS Condition cause : null
2024-10-07 10:34:33,766 [WARN] ConditionMgr:438 - getConditionDescription Invalid condition id : UX DEVICE CLASS RTOS Condition cause : null
2024-10-07 10:34:33,769 [WARN] PackLoader:240 - Cannot read IP mode file for STMicroelectronics.X-CUBE-AZRTOS-WB.2.0.0
2024-10-07 10:34:33,770 [WARN] ConditionMgr:1039 - genDependencies : Invalid condition id : UX DEVICE CLASS RTOS Condition cause : null
2024-10-07 10:34:33,770 [WARN] ConditionMgr:1039 - genDependencies : Invalid condition id : UX DEVICE CLASS RTOS Condition cause : null
2024-10-07 10:34:33,770 [WARN] ConditionMgr:1039 - genDependencies : Invalid condition id : UX DEVICE CLASS RTOS Condition cause : null
2024-10-07 10:34:33,770 [WARN] ConditionMgr:1039 - genDependencies : Invalid condition id : UX DEVICE CLASS RTOS Condition cause : null
2024-10-07 10:34:33,770 [WARN] ConditionMgr:1039 - genDependencies : Invalid condition id : UX DEVICE CLASS RTOS Condition cause : null
2024-10-07 10:34:33,781 [WARN] PackLoader:240 - Cannot read IP mode file for STMicroelectronics.X-CUBE-GNSS1.7.0.0
2024-10-07 10:34:33,794 [WARN] PackLoader:240 - Cannot read IP mode file for STMicroelectronics.FP-SNS-STBOX1.2.0.0
2024-10-07 10:34:33,810 [WARN] PackLoader:240 - Cannot read IP mode file for STMicroelectronics.X-CUBE-SUBG2.5.0.0
2024-10-07 10:34:33,827 [WARN] PackLoader:240 - Cannot read IP mode file for Cesanta.I-CUBE-Mongoose.7.13.0
2024-10-07 10:34:33,850 [WARN] PackLoader:240 - Cannot read IP mode file for STMicroelectronics.X-CUBE-AZRTOS-G4.2.0.0
2024-10-07 10:34:33,858 [WARN] PackLoader:240 - Cannot read IP mode file for STMicroelectronics.X-CUBE-ISPU.2.0.0
2024-10-07 10:34:33,865 [WARN] PackLoader:240 - Cannot read IP mode file for STMicroelectronics.X-CUBE-ALS.1.0.2
2024-10-07 10:34:33,876 [WARN] PackLoader:240 - Cannot read IP mode file for STMicroelectronics.X-CUBE-TOUCHGFX.4.24.0
2024-10-07 10:34:33,880 [WARN] PackLoader:240 - Cannot read IP mode file for STMicroelectronics.X-CUBE-TOUCHGFX.4.24.1
2024-10-07 10:34:33,889 [WARN] PackLoader:240 - Cannot read IP mode file for wolfSSL.I-CUBE-wolfTPM.3.4.0
2024-10-07 10:34:33,900 [WARN] PackLoader:240 - Cannot read IP mode file for portGmbH.I-Cube-SoM-uGOAL.1.1.0
2024-10-07 10:34:33,918 [WARN] PackLoader:240 - Cannot read IP mode file for STMicroelectronics.X-CUBE-AZRTOS-H7RS.1.0.0
2024-10-07 10:34:33,920 [INFO] WebApp:448 - Apply proxy settings
2024-10-07 10:34:33,920 [INFO] WebApp:533 - Chromium requires no authentication
2024-10-07 10:34:33,929 [WARN] PackLoader:240 - Cannot read IP mode file for STMicroelectronics.FP-ATR-ASTRA1.2.0.0
2024-10-07 10:34:33,937 [INFO] WebApp:476 - Direct internet connection detected
2024-10-07 10:34:33,942 [WARN] PackLoader:240 - Cannot read IP mode file for STMicroelectronics.X-CUBE-TOF1.3.4.2
2024-10-07 10:34:33,979 [WARN] PackLoader:240 - Cannot read IP mode file for Infineon.AIROC-Wi-Fi-Bluetooth-STM32.1.6.1
2024-10-07 10:34:33,989 [WARN] PackLoader:240 - Cannot read IP mode file for wolfSSL.I-CUBE-wolfSSH.1.4.17
2024-10-07 10:34:33,990 [INFO] ThirdParty:978 - Integrity check success = true
2024-10-07 10:34:33,990 [INFO] IntegrityCheckThread:100 - exiting critical section [integrity check]
2024-10-07 10:34:33,990 [INFO] IntegrityCheckThread:103 - End integrity checks thread
2024-10-07 10:34:33,993 [INFO] WebApp:869 - Register for checkConnection events
2024-10-07 10:34:33,994 [INFO] WebApp:448 - Apply proxy settings
2024-10-07 10:34:33,994 [INFO] WebApp:533 - Chromium requires no authentication
2024-10-07 10:34:33,994 [INFO] WebApp:476 - Direct internet connection detected
2024-10-07 10:34:34,198 [INFO] WebApp:186 - Connection restablished
2024-10-07 10:34:34,304 [INFO] WebApp:220 - Starting web application
2024-10-07 10:34:34,304 [INFO] WebApp:578 - Web application path used C:\ST\STM32CubeIDE_1.16.0\STM32CubeIDE\plugins\com.st.stm32cube.common.mx_6.12.0.202406281431\db\plugins\mcufinder\reactClient1\index.html
2024-10-07 10:35:38,992 [ERROR] LogOutputStream:75 - [STDERR_REDIRECT] 
2024-10-07 10:35:38,993 [ERROR] LogOutputStream:75 - [STDERR_REDIRECT] 
2024-10-07 18:20:10,399 [INFO] Activator:176 - 


2024-10-07 18:20:10,401 [INFO] Activator:177 - !SESSION log4j initialized
2024-10-07 18:20:16,125 [INFO] LogOutputStream:77 - [STDOUT_REDIRECT] 
2024-10-07 18:20:17,703 [INFO] ApplicationProperties:184 - Using Application install path: C:\ST\STM32CubeIDE_1.16.0\STM32CubeIDE\plugins\com.st.stm32cube.common.mx_6.12.0.202406281431
2024-10-07 18:20:17,719 [INFO] DbMcusXml:78 - Set database path to: C:\ST\STM32CubeIDE_1.16.0\STM32CubeIDE\plugins\com.st.stm32cube.common.mx_6.12.0.202406281431\\db\/mcu/
2024-10-07 18:20:17,720 [INFO] ApiDb:274 - Set plugin database path to: C:\ST\STM32CubeIDE_1.16.0\STM32CubeIDE\plugins\com.st.stm32cube.common.mx_6.12.0.202406281431\\db\/plugins/boardmanager/
2024-10-07 18:20:17,720 [WARN] ApiDb:259 - Overriding images path with different value:  => C:\ST\STM32CubeIDE_1.16.0\STM32CubeIDE\plugins\com.st.stm32cube.common.mx_6.12.0.202406281431\\db\/plugins/mcufinder/images/
2024-10-07 18:20:17,729 [INFO] ApiDb:250 - Set database path to: C:\Users\Ali\.stmcufinder\plugins\mcufinder//mcu/
2024-10-07 18:20:17,730 [INFO] DbMcusAds:125 - Set database path to: C:\Users\Ali\.stmcufinder\plugins\mcufinder//mcu/
2024-10-07 18:20:17,733 [INFO] CrossReferenceDbSqlite:203 - Set database path to: C:\Users\Ali\.stmcufinder\plugins\mcufinder//mcu/cs/
2024-10-07 18:20:17,831 [INFO] RulesReader:64 - Compatibility file has been processed (297 Rules)
2024-10-07 18:20:17,907 [INFO] DbMcusXml:78 - Set database path to: C:\ST\STM32CubeIDE_1.16.0\STM32CubeIDE\plugins\com.st.stm32cube.common.mx_6.12.0.202406281431\\db\/mcu/
2024-10-07 18:20:17,907 [INFO] ApiDb:274 - Set plugin database path to: C:\ST\STM32CubeIDE_1.16.0\STM32CubeIDE\plugins\com.st.stm32cube.common.mx_6.12.0.202406281431\\db\/plugins/boardmanager/
2024-10-07 18:20:17,908 [INFO] ApiDb:261 - Set plugin images path to: C:\ST\STM32CubeIDE_1.16.0\STM32CubeIDE\plugins\com.st.stm32cube.common.mx_6.12.0.202406281431\\db\/plugins/mcufinder/images/
2024-10-07 18:20:17,908 [WARN] DbFile:41 - Overriding database path with different value: C:\Users\Ali\.stmcufinder\plugins\mcufinder/ => C:\Users\Ali\.stmcufinder\plugins\mcufinder
2024-10-07 18:20:17,908 [INFO] ApiDb:250 - Set database path to: C:\Users\Ali\.stmcufinder\plugins\mcufinder//mcu/
2024-10-07 18:20:17,908 [WARN] DbFile:41 - Overriding database path with different value: C:\Users\Ali\.stmcufinder\plugins\mcufinder/ => C:\Users\Ali\.stmcufinder\plugins\mcufinder
2024-10-07 18:20:17,908 [INFO] DbMcusAds:125 - Set database path to: C:\Users\Ali\.stmcufinder\plugins\mcufinder//mcu/
2024-10-07 18:20:17,908 [WARN] DbFile:41 - Overriding database path with different value: C:\Users\Ali\.stmcufinder\plugins\mcufinder/ => C:\Users\Ali\.stmcufinder\plugins\mcufinder
2024-10-07 18:20:17,908 [WARN] DbFile:41 - Overriding database path with different value: C:\Users\Ali\.stmcufinder\plugins\mcufinder/ => C:\Users\Ali\.stmcufinder\plugins\mcufinder
2024-10-07 18:20:17,908 [INFO] CrossReferenceDbSqlite:203 - Set database path to: C:\Users\Ali\.stmcufinder\plugins\mcufinder//mcu/cs/
2024-10-07 18:20:17,983 [INFO] MainPanel:268 - HeapMemory: 268435456
2024-10-07 18:20:18,080 [INFO] DbMcusXml:78 - Set database path to: C:\ST\STM32CubeIDE_1.16.0\STM32CubeIDE\plugins\com.st.stm32cube.common.mx_6.12.0.202406281431\\db\/mcu/
2024-10-07 18:20:18,080 [INFO] ApiDb:274 - Set plugin database path to: C:\ST\STM32CubeIDE_1.16.0\STM32CubeIDE\plugins\com.st.stm32cube.common.mx_6.12.0.202406281431\\db\/plugins/boardmanager/
2024-10-07 18:20:18,080 [INFO] ApiDb:261 - Set plugin images path to: C:\ST\STM32CubeIDE_1.16.0\STM32CubeIDE\plugins\com.st.stm32cube.common.mx_6.12.0.202406281431\\db\/plugins/mcufinder/images/
2024-10-07 18:20:18,080 [WARN] DbFile:41 - Overriding database path with different value: C:\Users\Ali\.stmcufinder\plugins\mcufinder/ => C:\Users\Ali\.stmcufinder\plugins\mcufinder
2024-10-07 18:20:18,080 [INFO] ApiDb:250 - Set database path to: C:\Users\Ali\.stmcufinder\plugins\mcufinder//mcu/
2024-10-07 18:20:18,081 [WARN] DbFile:41 - Overriding database path with different value: C:\Users\Ali\.stmcufinder\plugins\mcufinder/ => C:\Users\Ali\.stmcufinder\plugins\mcufinder
2024-10-07 18:20:18,081 [INFO] DbMcusAds:125 - Set database path to: C:\Users\Ali\.stmcufinder\plugins\mcufinder//mcu/
2024-10-07 18:20:18,081 [WARN] DbFile:41 - Overriding database path with different value: C:\Users\Ali\.stmcufinder\plugins\mcufinder/ => C:\Users\Ali\.stmcufinder\plugins\mcufinder
2024-10-07 18:20:18,081 [WARN] DbFile:41 - Overriding database path with different value: C:\Users\Ali\.stmcufinder\plugins\mcufinder/ => C:\Users\Ali\.stmcufinder\plugins\mcufinder
2024-10-07 18:20:18,081 [INFO] CrossReferenceDbSqlite:203 - Set database path to: C:\Users\Ali\.stmcufinder\plugins\mcufinder//mcu/cs/
2024-10-07 18:20:18,097 [INFO] ApplicationProperties:184 - Using Application install path: C:\ST\STM32CubeIDE_1.16.0\STM32CubeIDE\plugins\com.st.stm32cube.common.mx_6.12.0.202406281431
2024-10-07 18:20:18,099 [INFO] PluginManage:196 - Search for loadable plugins [exclusion list=, ]
2024-10-07 18:20:18,100 [INFO] PluginManage:310 - Check plugin analytics
2024-10-07 18:20:18,229 [INFO] AnalyticsPlugin:253 - Accepted Software Licenses: 
2024-10-07 18:20:18,229 [INFO] AnalyticsPlugin:255 - Accepted CMSIS Pack Licenses: 
2024-10-07 18:20:18,230 [INFO] AnalyticsPlugin:257 - Accepted Firmware Licenses: FW.L4.1.18.0
2024-10-07 18:20:18,231 [INFO] PluginManage:359 - Loaded plugin analytics (category:tool,tabindex:-1)
2024-10-07 18:20:18,232 [INFO] PluginManage:310 - Check plugin cadmodel
2024-10-07 18:20:18,245 [INFO] CADModel:105 - Init CAD model plugin
2024-10-07 18:20:18,246 [INFO] PluginManage:359 - Loaded plugin cadmodel (category:power,tabindex:5)
2024-10-07 18:20:18,246 [INFO] PluginManage:310 - Check plugin clock
2024-10-07 18:20:18,263 [INFO] PluginManage:359 - Loaded plugin clock (category:base,tabindex:2)
2024-10-07 18:20:18,263 [INFO] PluginManage:310 - Check plugin ddr
2024-10-07 18:20:18,266 [INFO] PluginManage:359 - Loaded plugin ddr (category:tool,tabindex:6)
2024-10-07 18:20:18,266 [INFO] PluginManage:310 - Check plugin filemanager
2024-10-07 18:20:18,398 [INFO] PluginManage:359 - Loaded plugin filemanager (category:base,tabindex:10)
2024-10-07 18:20:18,398 [INFO] PluginManage:310 - Check plugin ipmanager
2024-10-07 18:20:18,404 [INFO] PluginManage:359 - Loaded plugin ipmanager (category:base,tabindex:5)
2024-10-07 18:20:18,404 [INFO] PluginManage:310 - Check plugin lpbam
2024-10-07 18:20:18,420 [INFO] PluginManage:359 - Loaded plugin lpbam (category:base,tabindex:0)
2024-10-07 18:20:18,420 [INFO] PluginManage:310 - Check plugin memorymap
2024-10-07 18:20:18,440 [INFO] PluginManage:359 - Loaded plugin memorymap (category:base,tabindex:4)
2024-10-07 18:20:18,440 [INFO] PluginManage:310 - Check plugin pinoutandconfiguration
2024-10-07 18:20:18,454 [INFO] PluginManage:359 - Loaded plugin pinoutandconfiguration (category:base,tabindex:1)
2024-10-07 18:20:18,454 [INFO] PluginManage:310 - Check plugin pinoutconfig
2024-10-07 18:20:18,537 [WARN] SupportedApi:132 - Cannot load RTOS API schema: s4s-elt-must-match.1: The content of 'definitions' must match (annotation?, (simpleType | complexType)?, (unique | key | keyref)*)). A problem was found starting at: attribute.
2024-10-07 18:20:18,651 [INFO] PluginManage:359 - Loaded plugin pinoutconfig (category:base,tabindex:0)
2024-10-07 18:20:18,651 [INFO] PluginManage:310 - Check plugin power
2024-10-07 18:20:18,668 [INFO] PluginManage:359 - Loaded plugin power (category:power,tabindex:4)
2024-10-07 18:20:18,668 [INFO] PluginManage:310 - Check plugin projectmanager
2024-10-07 18:20:18,681 [INFO] PluginManage:359 - Loaded plugin projectmanager (category:projectmanager,tabindex:4)
2024-10-07 18:20:18,681 [INFO] PluginManage:310 - Check plugin rif
2024-10-07 18:20:18,694 [INFO] PluginManage:359 - Loaded plugin rif (category:base,tabindex:3)
2024-10-07 18:20:18,695 [INFO] PluginManage:310 - Check plugin thirdparty
2024-10-07 18:20:18,960 [INFO] PluginManage:359 - Loaded plugin thirdparty (category:base,tabindex:-1)
2024-10-07 18:20:18,960 [WARN] IntegrityCheckThread:84 - waiting for thirdparty lock release [integrity check]
2024-10-07 18:20:18,960 [INFO] PluginManage:310 - Check plugin tools
2024-10-07 18:20:18,960 [INFO] IntegrityCheckThread:86 - entering critical section [integrity check]
2024-10-07 18:20:18,960 [INFO] ThirdPartyUpdaterWithRetryManager:70 - Updater plugin not ready yet. [1/15]
2024-10-07 18:20:18,991 [INFO] PluginManage:359 - Loaded plugin tools (category:base,tabindex:7)
2024-10-07 18:20:18,991 [INFO] PluginManage:310 - Check plugin tutovideos
2024-10-07 18:20:19,172 [INFO] PluginManage:359 - Loaded plugin tutovideos (category:base,tabindex:-1)
2024-10-07 18:20:19,173 [INFO] PluginManage:310 - Check plugin updater
2024-10-07 18:20:19,188 [INFO] PluginManage:359 - Loaded plugin updater (category:base,tabindex:12)
2024-10-07 18:20:19,188 [INFO] PluginManage:310 - Check plugin userauth
2024-10-07 18:20:19,193 [INFO] UserAuth:113 - Init User Auth plugin
2024-10-07 18:20:19,193 [INFO] PluginManage:359 - Loaded plugin userauth (category:base,tabindex:14)
2024-10-07 18:20:19,193 [INFO] PluginManage:283 - PluginManage : Loaded plugins [18]
2024-10-07 18:20:19,374 [INFO] PinOutPanel:1561 - setPackage(No Configuration,No Configuration)
2024-10-07 18:20:19,453 [INFO] CADModel:165 - CPN selected for project level
2024-10-07 18:20:19,453 [INFO] CADModel:114 - Register for checkConnection events
2024-10-07 18:20:19,474 [INFO] IPUIPlugin:80 - create IPUIPlugin
2024-10-07 18:20:19,474 [INFO] PluginManager:220 - loadIPPluginJar : add adc
2024-10-07 18:20:19,507 [INFO] IPUIPlugin:80 - create IPUIPlugin
2024-10-07 18:20:19,507 [INFO] PluginManager:220 - loadIPPluginJar : add aes
2024-10-07 18:20:19,546 [INFO] IPUIPlugin:80 - create IPUIPlugin
2024-10-07 18:20:19,546 [INFO] PluginManager:220 - loadIPPluginJar : add can
2024-10-07 18:20:19,566 [INFO] IPUIPlugin:80 - create IPUIPlugin
2024-10-07 18:20:19,566 [INFO] PluginManager:220 - loadIPPluginJar : add comp
2024-10-07 18:20:19,596 [INFO] IPUIPlugin:80 - create IPUIPlugin
2024-10-07 18:20:19,596 [INFO] PluginManager:220 - loadIPPluginJar : add cryp
2024-10-07 18:20:19,607 [INFO] IPUIPlugin:80 - create IPUIPlugin
2024-10-07 18:20:19,607 [INFO] PluginManager:220 - loadIPPluginJar : add ddr_ctrl_phy
2024-10-07 18:20:19,634 [INFO] IPUIPlugin:80 - create IPUIPlugin
2024-10-07 18:20:19,634 [INFO] PluginManager:220 - loadIPPluginJar : add dfsdm
2024-10-07 18:20:19,646 [INFO] IPUIPlugin:80 - create IPUIPlugin
2024-10-07 18:20:19,646 [INFO] PluginManager:220 - loadIPPluginJar : add dma
2024-10-07 18:20:19,683 [INFO] IPUIPlugin:80 - create IPUIPlugin
2024-10-07 18:20:19,683 [INFO] PluginManager:220 - loadIPPluginJar : add dma3
2024-10-07 18:20:19,724 [INFO] IPUIPlugin:80 - create IPUIPlugin
2024-10-07 18:20:19,725 [INFO] PluginManager:220 - loadIPPluginJar : add extmemmanager
2024-10-07 18:20:19,742 [INFO] IPUIPlugin:80 - create IPUIPlugin
2024-10-07 18:20:19,742 [INFO] PluginManager:220 - loadIPPluginJar : add fatfs
2024-10-07 18:20:19,784 [INFO] IPUIPlugin:80 - create IPUIPlugin
2024-10-07 18:20:19,784 [INFO] PluginManager:220 - loadIPPluginJar : add fmc
2024-10-07 18:20:19,797 [INFO] IPUIPlugin:80 - create IPUIPlugin
2024-10-07 18:20:19,797 [INFO] PluginManager:220 - loadIPPluginJar : add freertos
2024-10-07 18:20:19,814 [INFO] IPUIPlugin:80 - create IPUIPlugin
2024-10-07 18:20:19,815 [INFO] PluginManager:220 - loadIPPluginJar : add genericplugin
2024-10-07 18:20:19,897 [INFO] IPUIPlugin:80 - create IPUIPlugin
2024-10-07 18:20:19,897 [INFO] PluginManager:220 - loadIPPluginJar : add gfxmmu
2024-10-07 18:20:20,011 [INFO] IPUIPlugin:80 - create IPUIPlugin
2024-10-07 18:20:20,011 [INFO] PluginManager:220 - loadIPPluginJar : add gic
2024-10-07 18:20:20,023 [INFO] IPUIPlugin:80 - create IPUIPlugin
2024-10-07 18:20:20,023 [INFO] PluginManager:220 - loadIPPluginJar : add gpio
2024-10-07 18:20:20,108 [INFO] IPUIPlugin:80 - create IPUIPlugin
2024-10-07 18:20:20,108 [INFO] PluginManager:220 - loadIPPluginJar : add gtzc
2024-10-07 18:20:20,136 [INFO] IPUIPlugin:80 - create IPUIPlugin
2024-10-07 18:20:20,136 [INFO] PluginManager:220 - loadIPPluginJar : add hash
2024-10-07 18:20:20,184 [INFO] IPUIPlugin:80 - create IPUIPlugin
2024-10-07 18:20:20,184 [INFO] PluginManager:220 - loadIPPluginJar : add i2c
2024-10-07 18:20:20,220 [INFO] IPUIPlugin:80 - create IPUIPlugin
2024-10-07 18:20:20,220 [INFO] PluginManager:220 - loadIPPluginJar : add i2s
2024-10-07 18:20:20,258 [INFO] IPUIPlugin:80 - create IPUIPlugin
2024-10-07 18:20:20,258 [INFO] PluginManager:220 - loadIPPluginJar : add i3c
2024-10-07 18:20:20,357 [INFO] IPUIPlugin:80 - create IPUIPlugin
2024-10-07 18:20:20,358 [INFO] PluginManager:220 - loadIPPluginJar : add ipddr
2024-10-07 18:20:20,442 [INFO] IPUIPlugin:80 - create IPUIPlugin
2024-10-07 18:20:20,442 [INFO] PluginManager:220 - loadIPPluginJar : add linkedlist
2024-10-07 18:20:20,472 [INFO] IPUIPlugin:80 - create IPUIPlugin
2024-10-07 18:20:20,472 [INFO] PluginManager:220 - loadIPPluginJar : add lorawan
2024-10-07 18:20:20,505 [INFO] IPUIPlugin:80 - create IPUIPlugin
2024-10-07 18:20:20,505 [INFO] PluginManager:220 - loadIPPluginJar : add ltdc
2024-10-07 18:20:20,517 [INFO] IPUIPlugin:80 - create IPUIPlugin
2024-10-07 18:20:20,517 [INFO] PluginManager:220 - loadIPPluginJar : add mdma
2024-10-07 18:20:20,528 [INFO] IPUIPlugin:80 - create IPUIPlugin
2024-10-07 18:20:20,528 [INFO] PluginManager:220 - loadIPPluginJar : add nvic
2024-10-07 18:20:20,560 [INFO] IPUIPlugin:80 - create IPUIPlugin
2024-10-07 18:20:20,560 [INFO] PluginManager:220 - loadIPPluginJar : add opamp
2024-10-07 18:20:20,614 [INFO] IPUIPlugin:80 - create IPUIPlugin
2024-10-07 18:20:20,614 [INFO] PluginManager:220 - loadIPPluginJar : add openamp
2024-10-07 18:20:20,652 [INFO] IPUIPlugin:80 - create IPUIPlugin
2024-10-07 18:20:20,652 [INFO] PluginManager:220 - loadIPPluginJar : add pdm2pcm
2024-10-07 18:20:20,664 [INFO] IPUIPlugin:80 - create IPUIPlugin
2024-10-07 18:20:20,666 [INFO] PluginManager:220 - loadIPPluginJar : add plateformsettings
2024-10-07 18:20:20,685 [INFO] IPUIPlugin:80 - create IPUIPlugin
2024-10-07 18:20:20,686 [INFO] PluginManager:220 - loadIPPluginJar : add quadspi
2024-10-07 18:20:20,708 [INFO] IPUIPlugin:80 - create IPUIPlugin
2024-10-07 18:20:20,708 [INFO] PluginManager:220 - loadIPPluginJar : add radio
2024-10-07 18:20:20,719 [INFO] IPUIPlugin:80 - create IPUIPlugin
2024-10-07 18:20:20,719 [INFO] PluginManager:220 - loadIPPluginJar : add resmgrutility
2024-10-07 18:20:20,762 [INFO] IPUIPlugin:80 - create IPUIPlugin
2024-10-07 18:20:20,762 [INFO] PluginManager:220 - loadIPPluginJar : add sai
2024-10-07 18:20:20,795 [INFO] IPUIPlugin:80 - create IPUIPlugin
2024-10-07 18:20:20,795 [INFO] PluginManager:220 - loadIPPluginJar : add spi
2024-10-07 18:20:20,862 [INFO] IPUIPlugin:80 - create IPUIPlugin
2024-10-07 18:20:20,862 [INFO] PluginManager:220 - loadIPPluginJar : add stm32_wpan
2024-10-07 18:20:20,883 [INFO] IPUIPlugin:80 - create IPUIPlugin
2024-10-07 18:20:20,883 [INFO] PluginManager:220 - loadIPPluginJar : add tim
2024-10-07 18:20:20,938 [INFO] IPUIPlugin:80 - create IPUIPlugin
2024-10-07 18:20:20,938 [INFO] PluginManager:220 - loadIPPluginJar : add touchsensing
2024-10-07 18:20:20,958 [INFO] IPUIPlugin:80 - create IPUIPlugin
2024-10-07 18:20:20,958 [INFO] PluginManager:220 - loadIPPluginJar : add tracer_emb
2024-10-07 18:20:20,978 [INFO] IPUIPlugin:80 - create IPUIPlugin
2024-10-07 18:20:20,978 [INFO] PluginManager:220 - loadIPPluginJar : add ts
2024-10-07 18:20:20,998 [INFO] IPUIPlugin:80 - create IPUIPlugin
2024-10-07 18:20:20,998 [INFO] PluginManager:220 - loadIPPluginJar : add tsc
2024-10-07 18:20:21,017 [INFO] IPUIPlugin:80 - create IPUIPlugin
2024-10-07 18:20:21,017 [INFO] PluginManager:220 - loadIPPluginJar : add ucpd
2024-10-07 18:20:21,058 [INFO] IPUIPlugin:80 - create IPUIPlugin
2024-10-07 18:20:21,058 [INFO] PluginManager:220 - loadIPPluginJar : add usart
2024-10-07 18:20:21,098 [INFO] IPUIPlugin:80 - create IPUIPlugin
2024-10-07 18:20:21,098 [INFO] PluginManager:220 - loadIPPluginJar : add usbx
2024-10-07 18:20:21,217 [INFO] CADModel:165 - CPN selected for project level
2024-10-07 18:20:21,217 [INFO] CADModel:114 - Register for checkConnection events
2024-10-07 18:20:21,217 [FATAL] Updater:334 - Updater called before beeing initialized
2024-10-07 18:20:21,217 [ERROR] CADModel:125 - Updater not yet initialized, retry later 
2024-10-07 18:20:21,326 [INFO] CADModel:165 - CPN selected for project level
2024-10-07 18:20:21,326 [INFO] CADModel:114 - Register for checkConnection events
2024-10-07 18:20:21,326 [FATAL] Updater:334 - Updater called before beeing initialized
2024-10-07 18:20:21,326 [ERROR] CADModel:125 - Updater not yet initialized, retry later 
2024-10-07 18:20:21,328 [FATAL] Updater:334 - Updater called before beeing initialized
2024-10-07 18:20:21,421 [FATAL] Updater:334 - Updater called before beeing initialized
2024-10-07 18:20:21,426 [INFO] DbMcusAds:53 - JSON generation date=Mon Sep 16 10:40:22 EDT 2024 (1726497622318)
2024-10-07 18:20:21,426 [FATAL] Updater:334 - Updater called before beeing initialized
2024-10-07 18:20:21,464 [WARN] DetailPanel:346 - Failed to get advertising image, set to default
2024-10-07 18:20:21,547 [FATAL] Updater:334 - Updater called before beeing initialized
2024-10-07 18:20:21,549 [FATAL] Updater:334 - Updater called before beeing initialized
2024-10-07 18:20:21,549 [FATAL] Updater:334 - Updater called before beeing initialized
2024-10-07 18:20:21,549 [WARN] DetailPanel:346 - Failed to get advertising image, set to default
2024-10-07 18:20:21,550 [FATAL] Updater:334 - Updater called before beeing initialized
2024-10-07 18:20:21,602 [ERROR] Updater:1164 - MainUpdater not yet initialized. External WinMGr cannot be set.
2024-10-07 18:20:21,612 [INFO] Updater:1100 - Updater Version found : 6.12.0
2024-10-07 18:20:21,629 [INFO] ApplicationProperties:184 - Using Application install path: C:\ST\STM32CubeIDE_1.16.0\STM32CubeIDE\plugins\com.st.stm32cube.common.mx_6.12.0.202406281431
2024-10-07 18:20:21,963 [INFO] ThirdPartyUpdaterWithRetryManager:70 - Updater plugin not ready yet. [2/15]
2024-10-07 18:20:23,201 [ERROR] LogOutputStream:75 - [STDERR_REDIRECT] Oct 07, 2024 6:20:23 PM java.util.prefs.WindowsPreferences <init>
2024-10-07 18:20:23,203 [ERROR] LogOutputStream:75 - [STDERR_REDIRECT] WARNING: Could not open/create prefs root node Software\JavaSoft\Prefs at root 0xffffffff80000002. Windows RegCreateKeyEx(...) returned error code 5.
2024-10-07 18:20:23,203 [ERROR] LogOutputStream:75 - [STDERR_REDIRECT] 
2024-10-07 18:20:23,682 [INFO] MainUpdater:2873 - connection check result : 10
2024-10-07 18:20:23,682 [INFO] MainUpdater:290 - Updater Check For Update Now.
2024-10-07 18:20:23,682 [INFO] MicroXplorer:498 - Change Database Version : DB.6.0.120
2024-10-07 18:20:23,695 [INFO] McuFinderGlobals:63 - Set McuFinder mode to 2 (CubeIDE integrated)
2024-10-07 18:20:23,695 [INFO] UserAuth:179 - activating auth plugin
2024-10-07 18:20:23,697 [INFO] UserAuth:417 - Internet connection configuration mode: 1
2024-10-07 18:20:23,715 [INFO] JxBrowserEngine:152 - Initiate JxBrowser Engine with user profile folder
2024-10-07 18:20:23,852 [INFO] CheckServerUpdateThread:120 - End of CheckServer Thread
2024-10-07 18:20:25,038 [INFO] WebApp:167 - Instantiating new browser for Auth
2024-10-07 18:20:25,230 [WARN] PackLoader:240 - Cannot read IP mode file for STMicroelectronics.FP-SNS-MOTENVWB1.1.4.0
2024-10-07 18:20:25,241 [WARN] PackLoader:240 - Cannot read IP mode file for STMicroelectronics.X-CUBE-SMBUS.2.1.0
2024-10-07 18:20:25,262 [WARN] PackLoader:240 - Cannot read IP mode file for STMicroelectronics.X-CUBE-WB05N.1.1.0
2024-10-07 18:20:25,304 [WARN] PackLoader:240 - Cannot read IP mode file for STMicroelectronics.X-CUBE-AZRTOS-F7.1.1.0
2024-10-07 18:20:25,392 [WARN] PackLoader:240 - Cannot read IP mode file for STMicroelectronics.X-CUBE-MEMS1.11.0.0
2024-10-07 18:20:25,555 [WARN] PackLoader:240 - Cannot read IP mode file for STMicroelectronics.FP-SNS-FLIGHT1.5.0.2
2024-10-07 18:20:25,564 [WARN] PackLoader:240 - Cannot read IP mode file for STMicroelectronics.X-CUBE-DISPLAY.3.0.0
2024-10-07 18:20:25,573 [WARN] PackLoader:240 - Cannot read IP mode file for STMicroelectronics.X-CUBE-BLE1.7.0.0
2024-10-07 18:20:25,580 [WARN] PackLoader:240 - Cannot read IP mode file for STMicroelectronics.X-CUBE-NFC10.1.0.0
2024-10-07 18:20:25,587 [WARN] PackLoader:240 - Cannot read IP mode file for emotas.I-CUBE-CANOPEN.1.3.0
2024-10-07 18:20:25,597 [WARN] PackLoader:240 - Cannot read IP mode file for STMicroelectronics.X-CUBE-BLEMGR.3.1.0
2024-10-07 18:20:25,606 [WARN] PackLoader:240 - Cannot read IP mode file for STMicroelectronics.FP-SNS-SMARTAG2.1.2.0
2024-10-07 18:20:25,617 [INFO] LogOutputStream:77 - [STDOUT_REDIRECT] 1 : Invalid condition id : UX_CORESTACK_Condition cause : null
2024-10-07 18:20:25,618 [INFO] LogOutputStream:77 - [STDOUT_REDIRECT] 1 : Invalid condition id : UX_CORESTACK_Condition cause : null
2024-10-07 18:20:25,619 [INFO] LogOutputStream:77 - [STDOUT_REDIRECT] 1 : Invalid condition id : UX_CORESTACK_Condition cause : null
2024-10-07 18:20:25,621 [INFO] LogOutputStream:77 - [STDOUT_REDIRECT] 1 : Invalid condition id : UX_CORESTACK_Condition cause : null
2024-10-07 18:20:25,622 [INFO] LogOutputStream:77 - [STDOUT_REDIRECT] 1 : Invalid condition id : UX_CORESTACK_Condition cause : null
2024-10-07 18:20:25,625 [WARN] PackLoader:240 - Cannot read IP mode file for STMicroelectronics.X-CUBE-AZRTOS-WL.2.0.0
2024-10-07 18:20:25,631 [WARN] PackLoader:240 - Cannot read IP mode file for STMicroelectronics.FP-SNS-MOTENV1.5.0.0
2024-10-07 18:20:25,638 [WARN] PackLoader:240 - Cannot read IP mode file for wolfSSL.I-CUBE-wolfMQTT.1.19.0
2024-10-07 18:20:25,646 [WARN] PackLoader:240 - Cannot read IP mode file for WES.I-CUBE-Cesium.1.3.0
2024-10-07 18:20:25,651 [WARN] PackLoader:240 - Cannot read IP mode file for STMicroelectronics.X-CUBE-BLE2.3.3.0
2024-10-07 18:20:25,657 [WARN] PackLoader:240 - Cannot read IP mode file for STMicroelectronics.X-CUBE-NFC9.1.0.0
2024-10-07 18:20:25,666 [WARN] PackLoader:240 - Cannot read IP mode file for STMicroelectronics.X-CUBE-TCPP.4.1.0
2024-10-07 18:20:25,684 [WARN] PackLoader:240 - Cannot read IP mode file for STMicroelectronics.X-CUBE-AZRTOS-G0.1.1.0
2024-10-07 18:20:25,693 [WARN] PackLoader:240 - Cannot read IP mode file for STMicroelectronics.X-CUBE-SAFEA1.1.2.2
2024-10-07 18:20:25,699 [WARN] PackLoader:240 - Cannot read IP mode file for STMicroelectronics.X-CUBE-NFC4.3.0.0
2024-10-07 18:20:25,710 [WARN] PackLoader:240 - Cannot read IP mode file for EmbeddedOffice.I-CUBE-FS-RTOS.1.0.1
2024-10-07 18:20:25,710 [ERROR] ConditionMgr:805 - Attr not supported : Dmpu
2024-10-07 18:20:25,710 [ERROR] ConditionMgr:805 - Attr not supported : Dmpu
2024-10-07 18:20:25,710 [ERROR] ConditionMgr:805 - Attr not supported : Dmpu
2024-10-07 18:20:25,710 [ERROR] ConditionMgr:805 - Attr not supported : Dmpu
2024-10-07 18:20:25,710 [ERROR] ConditionMgr:805 - Attr not supported : Dmpu
2024-10-07 18:20:25,710 [ERROR] ConditionMgr:805 - Attr not supported : Dmpu
2024-10-07 18:20:25,710 [ERROR] ConditionMgr:805 - Attr not supported : Dmpu
2024-10-07 18:20:25,710 [ERROR] ConditionMgr:805 - Attr not supported : Dmpu
2024-10-07 18:20:25,711 [ERROR] ConditionMgr:805 - Attr not supported : Dmpu
2024-10-07 18:20:25,711 [ERROR] ConditionMgr:805 - Attr not supported : Dmpu
2024-10-07 18:20:25,711 [ERROR] ConditionMgr:805 - Attr not supported : Dmpu
2024-10-07 18:20:25,711 [ERROR] ConditionMgr:805 - Attr not supported : Dmpu
2024-10-07 18:20:25,711 [ERROR] ConditionMgr:805 - Attr not supported : Dmpu
2024-10-07 18:20:25,711 [ERROR] ConditionMgr:805 - Attr not supported : Dmpu
2024-10-07 18:20:25,711 [ERROR] ConditionMgr:805 - Attr not supported : Dmpu
2024-10-07 18:20:25,711 [ERROR] ConditionMgr:805 - Attr not supported : Dmpu
2024-10-07 18:20:25,711 [ERROR] ConditionMgr:805 - Attr not supported : Dmpu
2024-10-07 18:20:25,711 [ERROR] ConditionMgr:805 - Attr not supported : Dmpu
2024-10-07 18:20:25,711 [ERROR] ConditionMgr:805 - Attr not supported : Dmpu
2024-10-07 18:20:25,711 [ERROR] ConditionMgr:805 - Attr not supported : Dmpu
2024-10-07 18:20:25,712 [ERROR] ConditionMgr:805 - Attr not supported : Dmpu
2024-10-07 18:20:25,712 [ERROR] ConditionMgr:805 - Attr not supported : Dmpu
2024-10-07 18:20:25,712 [ERROR] ConditionMgr:805 - Attr not supported : Dmpu
2024-10-07 18:20:25,712 [ERROR] ConditionMgr:805 - Attr not supported : Dmpu
2024-10-07 18:20:25,712 [ERROR] ConditionMgr:805 - Attr not supported : Dmpu
2024-10-07 18:20:25,712 [ERROR] ConditionMgr:805 - Attr not supported : Dmpu
2024-10-07 18:20:25,712 [ERROR] ConditionMgr:805 - Attr not supported : Dmpu
2024-10-07 18:20:25,712 [ERROR] ConditionMgr:805 - Attr not supported : Dmpu
2024-10-07 18:20:25,712 [ERROR] ConditionMgr:805 - Attr not supported : Dmpu
2024-10-07 18:20:25,712 [ERROR] ConditionMgr:805 - Attr not supported : Dmpu
2024-10-07 18:20:25,712 [ERROR] ConditionMgr:805 - Attr not supported : Dmpu
2024-10-07 18:20:25,712 [ERROR] ConditionMgr:805 - Attr not supported : Dmpu
2024-10-07 18:20:25,713 [ERROR] ConditionMgr:805 - Attr not supported : Dmpu
2024-10-07 18:20:25,713 [ERROR] ConditionMgr:805 - Attr not supported : Dmpu
2024-10-07 18:20:25,713 [ERROR] ConditionMgr:805 - Attr not supported : Dmpu
2024-10-07 18:20:25,713 [ERROR] ConditionMgr:805 - Attr not supported : Dmpu
2024-10-07 18:20:25,713 [ERROR] ConditionMgr:805 - Attr not supported : Dmpu
2024-10-07 18:20:25,713 [ERROR] ConditionMgr:805 - Attr not supported : Dmpu
2024-10-07 18:20:25,713 [ERROR] ConditionMgr:805 - Attr not supported : Dmpu
2024-10-07 18:20:25,713 [ERROR] ConditionMgr:805 - Attr not supported : Dmpu
2024-10-07 18:20:25,714 [ERROR] ConditionMgr:805 - Attr not supported : Dmpu
2024-10-07 18:20:25,714 [ERROR] ConditionMgr:805 - Attr not supported : Dmpu
2024-10-07 18:20:25,714 [ERROR] ConditionMgr:805 - Attr not supported : Dmpu
2024-10-07 18:20:25,714 [ERROR] ConditionMgr:805 - Attr not supported : Dmpu
2024-10-07 18:20:25,714 [ERROR] ConditionMgr:805 - Attr not supported : Dmpu
2024-10-07 18:20:25,714 [ERROR] ConditionMgr:805 - Attr not supported : Dmpu
2024-10-07 18:20:25,714 [ERROR] ConditionMgr:805 - Attr not supported : Dmpu
2024-10-07 18:20:25,714 [ERROR] ConditionMgr:805 - Attr not supported : Dmpu
2024-10-07 18:20:25,714 [ERROR] ConditionMgr:805 - Attr not supported : Dmpu
2024-10-07 18:20:25,714 [ERROR] ConditionMgr:805 - Attr not supported : Dmpu
2024-10-07 18:20:25,714 [ERROR] ConditionMgr:805 - Attr not supported : Dmpu
2024-10-07 18:20:25,714 [ERROR] ConditionMgr:805 - Attr not supported : Dmpu
2024-10-07 18:20:25,715 [ERROR] ConditionMgr:805 - Attr not supported : Dmpu
2024-10-07 18:20:25,715 [ERROR] ConditionMgr:805 - Attr not supported : Dmpu
2024-10-07 18:20:25,715 [ERROR] ConditionMgr:805 - Attr not supported : Dmpu
2024-10-07 18:20:25,715 [ERROR] ConditionMgr:805 - Attr not supported : Dmpu
2024-10-07 18:20:25,715 [ERROR] ConditionMgr:805 - Attr not supported : Dmpu
2024-10-07 18:20:25,715 [ERROR] ConditionMgr:805 - Attr not supported : Dmpu
2024-10-07 18:20:25,715 [ERROR] ConditionMgr:805 - Attr not supported : Dmpu
2024-10-07 18:20:25,715 [ERROR] ConditionMgr:805 - Attr not supported : Dmpu
2024-10-07 18:20:25,715 [ERROR] ConditionMgr:805 - Attr not supported : Dmpu
2024-10-07 18:20:25,715 [ERROR] ConditionMgr:805 - Attr not supported : Dmpu
2024-10-07 18:20:25,715 [ERROR] ConditionMgr:805 - Attr not supported : Dmpu
2024-10-07 18:20:25,715 [ERROR] ConditionMgr:805 - Attr not supported : Dmpu
2024-10-07 18:20:25,722 [WARN] PackLoader:240 - Cannot read IP mode file for RealThread.X-CUBE-RT-Thread_Nano.4.1.1
2024-10-07 18:20:25,727 [WARN] PackLoader:240 - Cannot read IP mode file for STMicroelectronics.FP-ATR-SIGFOX1.3.2.0
2024-10-07 18:20:25,733 [WARN] PackLoader:240 - Cannot read IP mode file for wolfSSL.I-CUBE-wolfSSL.5.7.2
2024-10-07 18:20:25,739 [WARN] PackLoader:240 - Cannot read IP mode file for STMicroelectronics.X-CUBE-EEPRMA1.5.1.0
2024-10-07 18:20:25,748 [WARN] PackLoader:240 - Cannot read IP mode file for ITTIA_DB.I-CUBE-ITTIADB.8.9.0
2024-10-07 18:20:25,781 [WARN] PackLoader:240 - Cannot read IP mode file for SEGGER.I-CUBE-embOS.1.3.1
2024-10-07 18:20:25,849 [WARN] PackLoader:240 - Cannot read IP mode file for STMicroelectronics.X-CUBE-ALGOBUILD.1.4.0
2024-10-07 18:20:25,856 [WARN] PackLoader:240 - Cannot read IP mode file for STMicroelectronics.X-CUBE-AI.9.1.0
2024-10-07 18:20:25,863 [WARN] PackLoader:240 - Cannot read IP mode file for STMicroelectronics.X-CUBE-GNSS1.6.0.0
2024-10-07 18:20:25,882 [WARN] PackLoader:240 - Cannot read IP mode file for STMicroelectronics.X-CUBE-AZRTOS-F4.1.1.0
2024-10-07 18:20:25,890 [WARN] PackLoader:240 - Cannot read IP mode file for STMicroelectronics.X-CUBE-ISPU.2.1.0
2024-10-07 18:20:25,899 [WARN] PackLoader:240 - Cannot read IP mode file for STMicroelectronics.X-CUBE-FREERTOS.1.2.0
2024-10-07 18:20:25,919 [WARN] PackLoader:240 - Cannot read IP mode file for STMicroelectronics.X-CUBE-AZRTOS-L5.2.0.0
2024-10-07 18:20:25,933 [WARN] PackLoader:240 - Cannot read IP mode file for STMicroelectronics.X-CUBE-NFC6.3.1.0
2024-10-07 18:20:25,943 [WARN] PackLoader:240 - Cannot read IP mode file for STMicroelectronics.X-CUBE-DPower.1.2.0
2024-10-07 18:20:25,949 [WARN] PackLoader:240 - Cannot read IP mode file for STMicroelectronics.X-CUBE-AI.9.0.0
2024-10-07 18:20:25,958 [WARN] PackLoader:240 - Cannot read IP mode file for STMicroelectronics.X-CUBE-NFC7.1.0.1
2024-10-07 18:20:25,981 [WARN] ConditionMgr:438 - getConditionDescription Invalid condition id : LAN8742 Phy interface Condition cause : null
2024-10-07 18:20:25,982 [WARN] PackLoader:240 - Cannot read IP mode file for STMicroelectronics.X-CUBE-AZRTOS-L4.2.0.0
2024-10-07 18:20:25,984 [WARN] ConditionMgr:1039 - genDependencies : Invalid condition id : LAN8742 Phy interface Condition cause : null
2024-10-07 18:20:25,984 [WARN] ConditionMgr:1039 - genDependencies : Invalid condition id : LAN8742 Phy interface Condition cause : null
2024-10-07 18:20:25,985 [WARN] ConditionMgr:1039 - genDependencies : Invalid condition id : LAN8742 Phy interface Condition cause : null
2024-10-07 18:20:25,998 [WARN] PackLoader:240 - Cannot read IP mode file for STMicroelectronics.X-CUBE-SFXS2LP1.4.0.0
2024-10-07 18:20:26,025 [WARN] PackLoader:240 - Cannot read IP mode file for STMicroelectronics.X-CUBE-AZRTOS-H7.3.3.0
2024-10-07 18:20:26,044 [WARN] PackLoader:240 - Cannot read IP mode file for STMicroelectronics.X-CUBE-IPS.3.0.0
2024-10-07 18:20:26,062 [WARN] ConditionMgr:438 - getConditionDescription Invalid condition id : UX DEVICE CLASS RTOS Condition cause : null
2024-10-07 18:20:26,062 [WARN] ConditionMgr:438 - getConditionDescription Invalid condition id : UX DEVICE CLASS RTOS Condition cause : null
2024-10-07 18:20:26,064 [WARN] PackLoader:240 - Cannot read IP mode file for STMicroelectronics.X-CUBE-AZRTOS-WB.2.0.0
2024-10-07 18:20:26,065 [WARN] ConditionMgr:1039 - genDependencies : Invalid condition id : UX DEVICE CLASS RTOS Condition cause : null
2024-10-07 18:20:26,065 [WARN] ConditionMgr:1039 - genDependencies : Invalid condition id : UX DEVICE CLASS RTOS Condition cause : null
2024-10-07 18:20:26,066 [WARN] ConditionMgr:1039 - genDependencies : Invalid condition id : UX DEVICE CLASS RTOS Condition cause : null
2024-10-07 18:20:26,066 [WARN] ConditionMgr:1039 - genDependencies : Invalid condition id : UX DEVICE CLASS RTOS Condition cause : null
2024-10-07 18:20:26,066 [WARN] ConditionMgr:1039 - genDependencies : Invalid condition id : UX DEVICE CLASS RTOS Condition cause : null
2024-10-07 18:20:26,072 [WARN] PackLoader:240 - Cannot read IP mode file for STMicroelectronics.X-CUBE-GNSS1.7.0.0
2024-10-07 18:20:26,082 [WARN] PackLoader:240 - Cannot read IP mode file for STMicroelectronics.FP-SNS-STBOX1.2.0.0
2024-10-07 18:20:26,096 [WARN] PackLoader:240 - Cannot read IP mode file for STMicroelectronics.X-CUBE-SUBG2.5.0.0
2024-10-07 18:20:26,102 [INFO] WebApp:448 - Apply proxy settings
2024-10-07 18:20:26,103 [INFO] WebApp:533 - Chromium requires no authentication
2024-10-07 18:20:26,107 [WARN] PackLoader:240 - Cannot read IP mode file for Cesanta.I-CUBE-Mongoose.7.13.0
2024-10-07 18:20:26,118 [INFO] WebApp:476 - Direct internet connection detected
2024-10-07 18:20:26,122 [WARN] PackLoader:240 - Cannot read IP mode file for STMicroelectronics.X-CUBE-AZRTOS-G4.2.0.0
2024-10-07 18:20:26,128 [WARN] PackLoader:240 - Cannot read IP mode file for STMicroelectronics.X-CUBE-ISPU.2.0.0
2024-10-07 18:20:26,134 [WARN] PackLoader:240 - Cannot read IP mode file for STMicroelectronics.X-CUBE-ALS.1.0.2
2024-10-07 18:20:26,141 [WARN] PackLoader:240 - Cannot read IP mode file for STMicroelectronics.X-CUBE-TOUCHGFX.4.24.0
2024-10-07 18:20:26,146 [WARN] PackLoader:240 - Cannot read IP mode file for STMicroelectronics.X-CUBE-TOUCHGFX.4.24.1
2024-10-07 18:20:26,151 [WARN] PackLoader:240 - Cannot read IP mode file for wolfSSL.I-CUBE-wolfTPM.3.4.0
2024-10-07 18:20:26,156 [WARN] PackLoader:240 - Cannot read IP mode file for portGmbH.I-Cube-SoM-uGOAL.1.1.0
2024-10-07 18:20:26,159 [INFO] WebApp:869 - Register for checkConnection events
2024-10-07 18:20:26,160 [INFO] WebApp:448 - Apply proxy settings
2024-10-07 18:20:26,160 [INFO] WebApp:533 - Chromium requires no authentication
2024-10-07 18:20:26,160 [INFO] WebApp:476 - Direct internet connection detected
2024-10-07 18:20:26,175 [WARN] PackLoader:240 - Cannot read IP mode file for STMicroelectronics.X-CUBE-AZRTOS-H7RS.1.0.0
2024-10-07 18:20:26,183 [WARN] PackLoader:240 - Cannot read IP mode file for STMicroelectronics.FP-ATR-ASTRA1.2.0.0
2024-10-07 18:20:26,193 [WARN] PackLoader:240 - Cannot read IP mode file for STMicroelectronics.X-CUBE-TOF1.3.4.2
2024-10-07 18:20:26,221 [WARN] PackLoader:240 - Cannot read IP mode file for Infineon.AIROC-Wi-Fi-Bluetooth-STM32.1.6.1
2024-10-07 18:20:26,229 [WARN] PackLoader:240 - Cannot read IP mode file for wolfSSL.I-CUBE-wolfSSH.1.4.17
2024-10-07 18:20:26,230 [INFO] ThirdParty:978 - Integrity check success = true
2024-10-07 18:20:26,230 [INFO] IntegrityCheckThread:100 - exiting critical section [integrity check]
2024-10-07 18:20:26,230 [INFO] IntegrityCheckThread:103 - End integrity checks thread
2024-10-07 18:20:26,461 [INFO] WebApp:220 - Starting web application
2024-10-07 18:20:26,461 [INFO] WebApp:578 - Web application path used C:\ST\STM32CubeIDE_1.16.0\STM32CubeIDE\plugins\com.st.stm32cube.common.mx_6.12.0.202406281431\db\plugins\mcufinder\reactClient1\index.html
2024-10-07 18:20:26,679 [INFO] WebApp:186 - Connection restablished
2024-10-07 18:21:00,441 [INFO] WebApp:189 - Connection lost
2024-10-07 18:21:00,702 [INFO] WebApp:186 - Connection restablished
2024-10-07 18:21:02,933 [INFO] WebApp:189 - Connection lost
2024-10-07 18:21:03,052 [INFO] WebApp:186 - Connection restablished
2024-10-07 19:16:36,926 [INFO] WebApp:189 - Connection lost
2024-10-07 19:16:52,694 [INFO] WebApp:186 - Connection restablished
2024-10-07 19:16:52,928 [INFO] WebApp:189 - Connection lost
2024-10-07 19:16:53,096 [INFO] WebApp:186 - Connection restablished
2024-10-07 19:16:56,445 [INFO] WebApp:189 - Connection lost
2024-10-07 19:16:56,686 [INFO] WebApp:186 - Connection restablished
2024-10-07 19:18:17,447 [INFO] WebApp:189 - Connection lost
2024-10-07 19:18:32,907 [INFO] WebApp:186 - Connection restablished
2024-10-07 19:18:34,422 [INFO] WebApp:189 - Connection lost
2024-10-07 19:18:34,570 [INFO] WebApp:186 - Connection restablished
2024-10-07 19:18:44,933 [INFO] WebApp:189 - Connection lost
2024-10-07 19:20:09,904 [INFO] WebApp:186 - Connection restablished
2024-10-07 19:20:12,932 [INFO] WebApp:189 - Connection lost
2024-10-07 19:20:13,397 [INFO] WebApp:186 - Connection restablished
2024-10-07 19:21:08,419 [INFO] WebApp:189 - Connection lost
2024-10-07 19:21:35,856 [INFO] WebApp:186 - Connection restablished
2024-10-07 19:22:16,928 [INFO] WebApp:189 - Connection lost
2024-10-07 19:22:17,112 [INFO] WebApp:186 - Connection restablished
2024-10-07 22:48:19,831 [ERROR] LogOutputStream:75 - [STDERR_REDIRECT] 
