2024-11-04 17:37:35,190 [INFO] Activator:176 - 


2024-11-04 17:37:35,195 [INFO] Activator:177 - !SESSION log4j initialized
2024-11-04 17:37:40,124 [INFO] LogOutputStream:77 - [STDOUT_REDIRECT] 
2024-11-04 17:37:41,765 [INFO] ApplicationProperties:184 - Using Application install path: C:\ST\STM32CubeIDE_1.16.0\STM32CubeIDE\plugins\com.st.stm32cube.common.mx_6.12.1.202409122256
2024-11-04 17:37:41,781 [INFO] DbMcusXml:78 - Set database path to: C:\ST\STM32CubeIDE_1.16.0\STM32CubeIDE\plugins\com.st.stm32cube.common.mx_6.12.1.202409122256\\db\/mcu/
2024-11-04 17:37:41,781 [INFO] ApiDb:274 - Set plugin database path to: C:\ST\STM32CubeIDE_1.16.0\STM32CubeIDE\plugins\com.st.stm32cube.common.mx_6.12.1.202409122256\\db\/plugins/boardmanager/
2024-11-04 17:37:41,781 [WARN] ApiDb:259 - Overriding images path with different value:  => C:\ST\STM32CubeIDE_1.16.0\STM32CubeIDE\plugins\com.st.stm32cube.common.mx_6.12.1.202409122256\\db\/plugins/mcufinder/images/
2024-11-04 17:37:41,789 [INFO] ApiDb:250 - Set database path to: C:\Users\Ali\.stmcufinder\plugins\mcufinder//mcu/
2024-11-04 17:37:41,789 [INFO] DbMcusAds:125 - Set database path to: C:\Users\Ali\.stmcufinder\plugins\mcufinder//mcu/
2024-11-04 17:37:41,792 [INFO] CrossReferenceDbSqlite:203 - Set database path to: C:\Users\Ali\.stmcufinder\plugins\mcufinder//mcu/cs/
2024-11-04 17:37:41,892 [INFO] RulesReader:64 - Compatibility file has been processed (297 Rules)
2024-11-04 17:37:41,968 [INFO] DbMcusXml:78 - Set database path to: C:\ST\STM32CubeIDE_1.16.0\STM32CubeIDE\plugins\com.st.stm32cube.common.mx_6.12.1.202409122256\\db\/mcu/
2024-11-04 17:37:41,968 [INFO] ApiDb:274 - Set plugin database path to: C:\ST\STM32CubeIDE_1.16.0\STM32CubeIDE\plugins\com.st.stm32cube.common.mx_6.12.1.202409122256\\db\/plugins/boardmanager/
2024-11-04 17:37:41,968 [INFO] ApiDb:261 - Set plugin images path to: C:\ST\STM32CubeIDE_1.16.0\STM32CubeIDE\plugins\com.st.stm32cube.common.mx_6.12.1.202409122256\\db\/plugins/mcufinder/images/
2024-11-04 17:37:41,968 [WARN] DbFile:41 - Overriding database path with different value: C:\Users\Ali\.stmcufinder\plugins\mcufinder/ => C:\Users\Ali\.stmcufinder\plugins\mcufinder
2024-11-04 17:37:41,969 [INFO] ApiDb:250 - Set database path to: C:\Users\Ali\.stmcufinder\plugins\mcufinder//mcu/
2024-11-04 17:37:41,969 [WARN] DbFile:41 - Overriding database path with different value: C:\Users\Ali\.stmcufinder\plugins\mcufinder/ => C:\Users\Ali\.stmcufinder\plugins\mcufinder
2024-11-04 17:37:41,969 [INFO] DbMcusAds:125 - Set database path to: C:\Users\Ali\.stmcufinder\plugins\mcufinder//mcu/
2024-11-04 17:37:41,969 [WARN] DbFile:41 - Overriding database path with different value: C:\Users\Ali\.stmcufinder\plugins\mcufinder/ => C:\Users\Ali\.stmcufinder\plugins\mcufinder
2024-11-04 17:37:41,969 [WARN] DbFile:41 - Overriding database path with different value: C:\Users\Ali\.stmcufinder\plugins\mcufinder/ => C:\Users\Ali\.stmcufinder\plugins\mcufinder
2024-11-04 17:37:41,969 [INFO] CrossReferenceDbSqlite:203 - Set database path to: C:\Users\Ali\.stmcufinder\plugins\mcufinder//mcu/cs/
2024-11-04 17:37:42,047 [INFO] MainPanel:268 - HeapMemory: 268435456
2024-11-04 17:37:42,180 [INFO] DbMcusXml:78 - Set database path to: C:\ST\STM32CubeIDE_1.16.0\STM32CubeIDE\plugins\com.st.stm32cube.common.mx_6.12.1.202409122256\\db\/mcu/
2024-11-04 17:37:42,180 [INFO] ApiDb:274 - Set plugin database path to: C:\ST\STM32CubeIDE_1.16.0\STM32CubeIDE\plugins\com.st.stm32cube.common.mx_6.12.1.202409122256\\db\/plugins/boardmanager/
2024-11-04 17:37:42,181 [INFO] ApiDb:261 - Set plugin images path to: C:\ST\STM32CubeIDE_1.16.0\STM32CubeIDE\plugins\com.st.stm32cube.common.mx_6.12.1.202409122256\\db\/plugins/mcufinder/images/
2024-11-04 17:37:42,181 [WARN] DbFile:41 - Overriding database path with different value: C:\Users\Ali\.stmcufinder\plugins\mcufinder/ => C:\Users\Ali\.stmcufinder\plugins\mcufinder
2024-11-04 17:37:42,181 [INFO] ApiDb:250 - Set database path to: C:\Users\Ali\.stmcufinder\plugins\mcufinder//mcu/
2024-11-04 17:37:42,181 [WARN] DbFile:41 - Overriding database path with different value: C:\Users\Ali\.stmcufinder\plugins\mcufinder/ => C:\Users\Ali\.stmcufinder\plugins\mcufinder
2024-11-04 17:37:42,181 [INFO] DbMcusAds:125 - Set database path to: C:\Users\Ali\.stmcufinder\plugins\mcufinder//mcu/
2024-11-04 17:37:42,181 [WARN] DbFile:41 - Overriding database path with different value: C:\Users\Ali\.stmcufinder\plugins\mcufinder/ => C:\Users\Ali\.stmcufinder\plugins\mcufinder
2024-11-04 17:37:42,181 [WARN] DbFile:41 - Overriding database path with different value: C:\Users\Ali\.stmcufinder\plugins\mcufinder/ => C:\Users\Ali\.stmcufinder\plugins\mcufinder
2024-11-04 17:37:42,181 [INFO] CrossReferenceDbSqlite:203 - Set database path to: C:\Users\Ali\.stmcufinder\plugins\mcufinder//mcu/cs/
2024-11-04 17:37:42,198 [INFO] ApplicationProperties:184 - Using Application install path: C:\ST\STM32CubeIDE_1.16.0\STM32CubeIDE\plugins\com.st.stm32cube.common.mx_6.12.1.202409122256
2024-11-04 17:37:42,199 [INFO] PluginManage:196 - Search for loadable plugins [exclusion list=, ]
2024-11-04 17:37:42,201 [INFO] PluginManage:310 - Check plugin analytics
2024-11-04 17:37:42,324 [INFO] AnalyticsPlugin:253 - Accepted Software Licenses: 
2024-11-04 17:37:42,324 [INFO] AnalyticsPlugin:255 - Accepted CMSIS Pack Licenses: 
2024-11-04 17:37:42,324 [INFO] AnalyticsPlugin:257 - Accepted Firmware Licenses: 
2024-11-04 17:37:42,326 [INFO] PluginManage:359 - Loaded plugin analytics (category:tool,tabindex:-1)
2024-11-04 17:37:42,326 [INFO] PluginManage:310 - Check plugin cadmodel
2024-11-04 17:37:42,340 [INFO] CADModel:105 - Init CAD model plugin
2024-11-04 17:37:42,340 [INFO] PluginManage:359 - Loaded plugin cadmodel (category:power,tabindex:5)
2024-11-04 17:37:42,340 [INFO] PluginManage:310 - Check plugin clock
2024-11-04 17:37:42,358 [INFO] PluginManage:359 - Loaded plugin clock (category:base,tabindex:2)
2024-11-04 17:37:42,358 [INFO] PluginManage:310 - Check plugin ddr
2024-11-04 17:37:42,360 [INFO] PluginManage:359 - Loaded plugin ddr (category:tool,tabindex:6)
2024-11-04 17:37:42,360 [INFO] PluginManage:310 - Check plugin filemanager
2024-11-04 17:37:42,487 [INFO] PluginManage:359 - Loaded plugin filemanager (category:base,tabindex:10)
2024-11-04 17:37:42,488 [INFO] PluginManage:310 - Check plugin ipmanager
2024-11-04 17:37:42,495 [INFO] PluginManage:359 - Loaded plugin ipmanager (category:base,tabindex:5)
2024-11-04 17:37:42,496 [INFO] PluginManage:310 - Check plugin lpbam
2024-11-04 17:37:42,511 [INFO] PluginManage:359 - Loaded plugin lpbam (category:base,tabindex:0)
2024-11-04 17:37:42,511 [INFO] PluginManage:310 - Check plugin memorymap
2024-11-04 17:37:42,530 [INFO] PluginManage:359 - Loaded plugin memorymap (category:base,tabindex:4)
2024-11-04 17:37:42,530 [INFO] PluginManage:310 - Check plugin pinoutandconfiguration
2024-11-04 17:37:42,546 [INFO] PluginManage:359 - Loaded plugin pinoutandconfiguration (category:base,tabindex:1)
2024-11-04 17:37:42,546 [INFO] PluginManage:310 - Check plugin pinoutconfig
2024-11-04 17:37:42,626 [WARN] SupportedApi:132 - Cannot load RTOS API schema: s4s-elt-must-match.1: The content of 'definitions' must match (annotation?, (simpleType | complexType)?, (unique | key | keyref)*)). A problem was found starting at: attribute.
2024-11-04 17:37:42,736 [INFO] PluginManage:359 - Loaded plugin pinoutconfig (category:base,tabindex:0)
2024-11-04 17:37:42,736 [INFO] PluginManage:310 - Check plugin power
2024-11-04 17:37:42,754 [INFO] PluginManage:359 - Loaded plugin power (category:power,tabindex:4)
2024-11-04 17:37:42,754 [INFO] PluginManage:310 - Check plugin projectmanager
2024-11-04 17:37:42,768 [INFO] PluginManage:359 - Loaded plugin projectmanager (category:projectmanager,tabindex:4)
2024-11-04 17:37:42,768 [INFO] PluginManage:310 - Check plugin rif
2024-11-04 17:37:42,786 [INFO] PluginManage:359 - Loaded plugin rif (category:base,tabindex:3)
2024-11-04 17:37:42,786 [INFO] PluginManage:310 - Check plugin thirdparty
2024-11-04 17:37:43,024 [INFO] PluginManage:359 - Loaded plugin thirdparty (category:base,tabindex:-1)
2024-11-04 17:37:43,024 [WARN] IntegrityCheckThread:84 - waiting for thirdparty lock release [integrity check]
2024-11-04 17:37:43,024 [INFO] PluginManage:310 - Check plugin tools
2024-11-04 17:37:43,024 [INFO] IntegrityCheckThread:86 - entering critical section [integrity check]
2024-11-04 17:37:43,025 [INFO] ThirdPartyUpdaterWithRetryManager:70 - Updater plugin not ready yet. [1/15]
2024-11-04 17:37:43,055 [INFO] PluginManage:359 - Loaded plugin tools (category:base,tabindex:7)
2024-11-04 17:37:43,055 [INFO] PluginManage:310 - Check plugin tutovideos
2024-11-04 17:37:43,212 [INFO] PluginManage:359 - Loaded plugin tutovideos (category:base,tabindex:-1)
2024-11-04 17:37:43,212 [INFO] PluginManage:310 - Check plugin updater
2024-11-04 17:37:43,226 [INFO] PluginManage:359 - Loaded plugin updater (category:base,tabindex:12)
2024-11-04 17:37:43,227 [INFO] PluginManage:310 - Check plugin userauth
2024-11-04 17:37:43,232 [INFO] UserAuth:113 - Init User Auth plugin
2024-11-04 17:37:43,232 [INFO] PluginManage:359 - Loaded plugin userauth (category:base,tabindex:14)
2024-11-04 17:37:43,232 [INFO] PluginManage:283 - PluginManage : Loaded plugins [18]
2024-11-04 17:37:43,409 [INFO] PinOutPanel:1561 - setPackage(No Configuration,No Configuration)
2024-11-04 17:37:43,487 [INFO] CADModel:165 - CPN selected for project level
2024-11-04 17:37:43,487 [INFO] CADModel:114 - Register for checkConnection events
2024-11-04 17:37:43,508 [INFO] IPUIPlugin:80 - create IPUIPlugin
2024-11-04 17:37:43,509 [INFO] PluginManager:220 - loadIPPluginJar : add adc
2024-11-04 17:37:43,541 [INFO] IPUIPlugin:80 - create IPUIPlugin
2024-11-04 17:37:43,541 [INFO] PluginManager:220 - loadIPPluginJar : add aes
2024-11-04 17:37:43,578 [INFO] IPUIPlugin:80 - create IPUIPlugin
2024-11-04 17:37:43,578 [INFO] PluginManager:220 - loadIPPluginJar : add can
2024-11-04 17:37:43,598 [INFO] IPUIPlugin:80 - create IPUIPlugin
2024-11-04 17:37:43,598 [INFO] PluginManager:220 - loadIPPluginJar : add comp
2024-11-04 17:37:43,629 [INFO] IPUIPlugin:80 - create IPUIPlugin
2024-11-04 17:37:43,629 [INFO] PluginManager:220 - loadIPPluginJar : add cryp
2024-11-04 17:37:43,639 [INFO] IPUIPlugin:80 - create IPUIPlugin
2024-11-04 17:37:43,639 [INFO] PluginManager:220 - loadIPPluginJar : add ddr_ctrl_phy
2024-11-04 17:37:43,665 [INFO] IPUIPlugin:80 - create IPUIPlugin
2024-11-04 17:37:43,665 [INFO] PluginManager:220 - loadIPPluginJar : add dfsdm
2024-11-04 17:37:43,677 [INFO] IPUIPlugin:80 - create IPUIPlugin
2024-11-04 17:37:43,677 [INFO] PluginManager:220 - loadIPPluginJar : add dma
2024-11-04 17:37:43,714 [INFO] IPUIPlugin:80 - create IPUIPlugin
2024-11-04 17:37:43,714 [INFO] PluginManager:220 - loadIPPluginJar : add dma3
2024-11-04 17:37:43,755 [INFO] IPUIPlugin:80 - create IPUIPlugin
2024-11-04 17:37:43,756 [INFO] PluginManager:220 - loadIPPluginJar : add extmemmanager
2024-11-04 17:37:43,773 [INFO] IPUIPlugin:80 - create IPUIPlugin
2024-11-04 17:37:43,773 [INFO] PluginManager:220 - loadIPPluginJar : add fatfs
2024-11-04 17:37:43,817 [INFO] IPUIPlugin:80 - create IPUIPlugin
2024-11-04 17:37:43,817 [INFO] PluginManager:220 - loadIPPluginJar : add fmc
2024-11-04 17:37:43,831 [INFO] IPUIPlugin:80 - create IPUIPlugin
2024-11-04 17:37:43,831 [INFO] PluginManager:220 - loadIPPluginJar : add freertos
2024-11-04 17:37:43,849 [INFO] IPUIPlugin:80 - create IPUIPlugin
2024-11-04 17:37:43,849 [INFO] PluginManager:220 - loadIPPluginJar : add genericplugin
2024-11-04 17:37:43,931 [INFO] IPUIPlugin:80 - create IPUIPlugin
2024-11-04 17:37:43,931 [INFO] PluginManager:220 - loadIPPluginJar : add gfxmmu
2024-11-04 17:37:44,048 [INFO] IPUIPlugin:80 - create IPUIPlugin
2024-11-04 17:37:44,048 [INFO] PluginManager:220 - loadIPPluginJar : add gic
2024-11-04 17:37:44,060 [INFO] IPUIPlugin:80 - create IPUIPlugin
2024-11-04 17:37:44,060 [INFO] PluginManager:220 - loadIPPluginJar : add gpio
2024-11-04 17:37:44,153 [INFO] IPUIPlugin:80 - create IPUIPlugin
2024-11-04 17:37:44,153 [INFO] PluginManager:220 - loadIPPluginJar : add gtzc
2024-11-04 17:37:44,182 [INFO] IPUIPlugin:80 - create IPUIPlugin
2024-11-04 17:37:44,182 [INFO] PluginManager:220 - loadIPPluginJar : add hash
2024-11-04 17:37:44,229 [INFO] IPUIPlugin:80 - create IPUIPlugin
2024-11-04 17:37:44,229 [INFO] PluginManager:220 - loadIPPluginJar : add i2c
2024-11-04 17:37:44,263 [INFO] IPUIPlugin:80 - create IPUIPlugin
2024-11-04 17:37:44,263 [INFO] PluginManager:220 - loadIPPluginJar : add i2s
2024-11-04 17:37:44,300 [INFO] IPUIPlugin:80 - create IPUIPlugin
2024-11-04 17:37:44,301 [INFO] PluginManager:220 - loadIPPluginJar : add i3c
2024-11-04 17:37:44,401 [INFO] IPUIPlugin:80 - create IPUIPlugin
2024-11-04 17:37:44,401 [INFO] PluginManager:220 - loadIPPluginJar : add ipddr
2024-11-04 17:37:44,485 [INFO] IPUIPlugin:80 - create IPUIPlugin
2024-11-04 17:37:44,485 [INFO] PluginManager:220 - loadIPPluginJar : add linkedlist
2024-11-04 17:37:44,522 [INFO] IPUIPlugin:80 - create IPUIPlugin
2024-11-04 17:37:44,522 [INFO] PluginManager:220 - loadIPPluginJar : add lorawan
2024-11-04 17:37:44,555 [INFO] IPUIPlugin:80 - create IPUIPlugin
2024-11-04 17:37:44,555 [INFO] PluginManager:220 - loadIPPluginJar : add ltdc
2024-11-04 17:37:44,566 [INFO] IPUIPlugin:80 - create IPUIPlugin
2024-11-04 17:37:44,567 [INFO] PluginManager:220 - loadIPPluginJar : add mdma
2024-11-04 17:37:44,577 [INFO] IPUIPlugin:80 - create IPUIPlugin
2024-11-04 17:37:44,577 [INFO] PluginManager:220 - loadIPPluginJar : add nvic
2024-11-04 17:37:44,610 [INFO] IPUIPlugin:80 - create IPUIPlugin
2024-11-04 17:37:44,610 [INFO] PluginManager:220 - loadIPPluginJar : add opamp
2024-11-04 17:37:44,664 [INFO] IPUIPlugin:80 - create IPUIPlugin
2024-11-04 17:37:44,664 [INFO] PluginManager:220 - loadIPPluginJar : add openamp
2024-11-04 17:37:44,702 [INFO] IPUIPlugin:80 - create IPUIPlugin
2024-11-04 17:37:44,703 [INFO] PluginManager:220 - loadIPPluginJar : add pdm2pcm
2024-11-04 17:37:44,715 [INFO] IPUIPlugin:80 - create IPUIPlugin
2024-11-04 17:37:44,717 [INFO] PluginManager:220 - loadIPPluginJar : add plateformsettings
2024-11-04 17:37:44,736 [INFO] IPUIPlugin:80 - create IPUIPlugin
2024-11-04 17:37:44,736 [INFO] PluginManager:220 - loadIPPluginJar : add quadspi
2024-11-04 17:37:44,759 [INFO] IPUIPlugin:80 - create IPUIPlugin
2024-11-04 17:37:44,760 [INFO] PluginManager:220 - loadIPPluginJar : add radio
2024-11-04 17:37:44,771 [INFO] IPUIPlugin:80 - create IPUIPlugin
2024-11-04 17:37:44,771 [INFO] PluginManager:220 - loadIPPluginJar : add resmgrutility
2024-11-04 17:37:44,815 [INFO] IPUIPlugin:80 - create IPUIPlugin
2024-11-04 17:37:44,815 [INFO] PluginManager:220 - loadIPPluginJar : add sai
2024-11-04 17:37:44,850 [INFO] IPUIPlugin:80 - create IPUIPlugin
2024-11-04 17:37:44,850 [INFO] PluginManager:220 - loadIPPluginJar : add spi
2024-11-04 17:37:44,917 [INFO] IPUIPlugin:80 - create IPUIPlugin
2024-11-04 17:37:44,917 [INFO] PluginManager:220 - loadIPPluginJar : add stm32_wpan
2024-11-04 17:37:44,938 [INFO] IPUIPlugin:80 - create IPUIPlugin
2024-11-04 17:37:44,938 [INFO] PluginManager:220 - loadIPPluginJar : add tim
2024-11-04 17:37:44,994 [INFO] IPUIPlugin:80 - create IPUIPlugin
2024-11-04 17:37:44,994 [INFO] PluginManager:220 - loadIPPluginJar : add touchsensing
2024-11-04 17:37:45,013 [INFO] IPUIPlugin:80 - create IPUIPlugin
2024-11-04 17:37:45,013 [INFO] PluginManager:220 - loadIPPluginJar : add tracer_emb
2024-11-04 17:37:45,034 [INFO] IPUIPlugin:80 - create IPUIPlugin
2024-11-04 17:37:45,034 [INFO] PluginManager:220 - loadIPPluginJar : add ts
2024-11-04 17:37:45,053 [INFO] IPUIPlugin:80 - create IPUIPlugin
2024-11-04 17:37:45,053 [INFO] PluginManager:220 - loadIPPluginJar : add tsc
2024-11-04 17:37:45,072 [INFO] IPUIPlugin:80 - create IPUIPlugin
2024-11-04 17:37:45,072 [INFO] PluginManager:220 - loadIPPluginJar : add ucpd
2024-11-04 17:37:45,111 [INFO] IPUIPlugin:80 - create IPUIPlugin
2024-11-04 17:37:45,111 [INFO] PluginManager:220 - loadIPPluginJar : add usart
2024-11-04 17:37:45,150 [INFO] IPUIPlugin:80 - create IPUIPlugin
2024-11-04 17:37:45,150 [INFO] PluginManager:220 - loadIPPluginJar : add usbx
2024-11-04 17:37:45,270 [INFO] CADModel:165 - CPN selected for project level
2024-11-04 17:37:45,270 [INFO] CADModel:114 - Register for checkConnection events
2024-11-04 17:37:45,270 [FATAL] Updater:334 - Updater called before beeing initialized
2024-11-04 17:37:45,270 [ERROR] CADModel:125 - Updater not yet initialized, retry later 
2024-11-04 17:37:45,381 [INFO] CADModel:165 - CPN selected for project level
2024-11-04 17:37:45,381 [INFO] CADModel:114 - Register for checkConnection events
2024-11-04 17:37:45,381 [FATAL] Updater:334 - Updater called before beeing initialized
2024-11-04 17:37:45,381 [ERROR] CADModel:125 - Updater not yet initialized, retry later 
2024-11-04 17:37:45,383 [FATAL] Updater:334 - Updater called before beeing initialized
2024-11-04 17:37:45,475 [FATAL] Updater:334 - Updater called before beeing initialized
2024-11-04 17:37:45,479 [INFO] DbMcusAds:53 - JSON generation date=Fri Sep 20 09:04:38 EDT 2024 (1726837478367)
2024-11-04 17:37:45,479 [FATAL] Updater:334 - Updater called before beeing initialized
2024-11-04 17:37:45,517 [WARN] DetailPanel:346 - Failed to get advertising image, set to default
2024-11-04 17:37:45,615 [FATAL] Updater:334 - Updater called before beeing initialized
2024-11-04 17:37:45,617 [FATAL] Updater:334 - Updater called before beeing initialized
2024-11-04 17:37:45,617 [FATAL] Updater:334 - Updater called before beeing initialized
2024-11-04 17:37:45,617 [WARN] DetailPanel:346 - Failed to get advertising image, set to default
2024-11-04 17:37:45,618 [FATAL] Updater:334 - Updater called before beeing initialized
2024-11-04 17:37:45,670 [ERROR] Updater:1164 - MainUpdater not yet initialized. External WinMGr cannot be set.
2024-11-04 17:37:45,680 [INFO] Updater:1100 - Updater Version found : 6.12.1
2024-11-04 17:37:45,695 [INFO] ApplicationProperties:184 - Using Application install path: C:\ST\STM32CubeIDE_1.16.0\STM32CubeIDE\plugins\com.st.stm32cube.common.mx_6.12.1.202409122256
2024-11-04 17:37:46,028 [INFO] ThirdPartyUpdaterWithRetryManager:70 - Updater plugin not ready yet. [2/15]
2024-11-04 17:37:47,267 [ERROR] LogOutputStream:75 - [STDERR_REDIRECT] Nov 04, 2024 5:37:47 PM java.util.prefs.WindowsPreferences <init>
2024-11-04 17:37:47,269 [ERROR] LogOutputStream:75 - [STDERR_REDIRECT] WARNING: Could not open/create prefs root node Software\JavaSoft\Prefs at root 0xffffffff80000002. Windows RegCreateKeyEx(...) returned error code 5.
2024-11-04 17:37:47,269 [ERROR] LogOutputStream:75 - [STDERR_REDIRECT] 
2024-11-04 17:37:47,570 [INFO] MainUpdater:2873 - connection check result : 10
2024-11-04 17:37:47,570 [INFO] MainUpdater:290 - Updater Check For Update Now.
2024-11-04 17:37:47,570 [INFO] MicroXplorer:498 - Change Database Version : DB.6.0.121
2024-11-04 17:37:47,582 [INFO] McuFinderGlobals:63 - Set McuFinder mode to 2 (CubeIDE integrated)
2024-11-04 17:37:47,583 [INFO] UserAuth:417 - Internet connection configuration mode: 1
2024-11-04 17:37:47,604 [INFO] JxBrowserEngine:152 - Initiate JxBrowser Engine with user profile folder
2024-11-04 17:37:47,741 [INFO] CheckServerUpdateThread:120 - End of CheckServer Thread
2024-11-04 17:37:48,980 [INFO] WebApp:167 - Instantiating new browser for Auth
2024-11-04 17:37:49,248 [WARN] PackLoader:240 - Cannot read IP mode file for STMicroelectronics.FP-SNS-MOTENVWB1.1.4.0
2024-11-04 17:37:49,258 [WARN] PackLoader:240 - Cannot read IP mode file for STMicroelectronics.X-CUBE-SMBUS.2.1.0
2024-11-04 17:37:49,266 [WARN] PackLoader:240 - Cannot read IP mode file for STMicroelectronics.X-CUBE-WB05N.1.1.0
2024-11-04 17:37:49,310 [WARN] PackLoader:240 - Cannot read IP mode file for STMicroelectronics.X-CUBE-AZRTOS-F7.1.1.0
2024-11-04 17:37:49,365 [WARN] PackLoader:240 - Cannot read IP mode file for STMicroelectronics.X-CUBE-MEMS1.11.0.0
2024-11-04 17:37:49,509 [WARN] PackLoader:240 - Cannot read IP mode file for STMicroelectronics.FP-SNS-FLIGHT1.5.0.2
2024-11-04 17:37:49,520 [WARN] PackLoader:240 - Cannot read IP mode file for STMicroelectronics.X-CUBE-DISPLAY.3.0.0
2024-11-04 17:37:49,529 [WARN] PackLoader:240 - Cannot read IP mode file for STMicroelectronics.X-CUBE-BLE1.7.0.0
2024-11-04 17:37:49,537 [WARN] PackLoader:240 - Cannot read IP mode file for STMicroelectronics.X-CUBE-NFC10.1.0.0
2024-11-04 17:37:49,547 [WARN] PackLoader:240 - Cannot read IP mode file for emotas.I-CUBE-CANOPEN.1.3.0
2024-11-04 17:37:49,559 [WARN] PackLoader:240 - Cannot read IP mode file for STMicroelectronics.X-CUBE-BLEMGR.3.1.0
2024-11-04 17:37:49,579 [WARN] PackLoader:240 - Cannot read IP mode file for STMicroelectronics.FP-SNS-SMARTAG2.1.2.0
2024-11-04 17:37:49,597 [INFO] LogOutputStream:77 - [STDOUT_REDIRECT] 1 : Invalid condition id : UX_CORESTACK_Condition cause : null
2024-11-04 17:37:49,599 [INFO] LogOutputStream:77 - [STDOUT_REDIRECT] 1 : Invalid condition id : UX_CORESTACK_Condition cause : null
2024-11-04 17:37:49,601 [INFO] LogOutputStream:77 - [STDOUT_REDIRECT] 1 : Invalid condition id : UX_CORESTACK_Condition cause : null
2024-11-04 17:37:49,602 [INFO] LogOutputStream:77 - [STDOUT_REDIRECT] 1 : Invalid condition id : UX_CORESTACK_Condition cause : null
2024-11-04 17:37:49,604 [INFO] LogOutputStream:77 - [STDOUT_REDIRECT] 1 : Invalid condition id : UX_CORESTACK_Condition cause : null
2024-11-04 17:37:49,607 [WARN] PackLoader:240 - Cannot read IP mode file for STMicroelectronics.X-CUBE-AZRTOS-WL.2.0.0
2024-11-04 17:37:49,614 [WARN] PackLoader:240 - Cannot read IP mode file for STMicroelectronics.FP-SNS-MOTENV1.5.0.0
2024-11-04 17:37:49,622 [WARN] PackLoader:240 - Cannot read IP mode file for wolfSSL.I-CUBE-wolfMQTT.1.19.0
2024-11-04 17:37:49,639 [WARN] PackLoader:240 - Cannot read IP mode file for WES.I-CUBE-Cesium.1.3.0
2024-11-04 17:37:49,648 [WARN] PackLoader:240 - Cannot read IP mode file for STMicroelectronics.X-CUBE-BLE2.3.3.0
2024-11-04 17:37:49,658 [WARN] PackLoader:240 - Cannot read IP mode file for STMicroelectronics.X-CUBE-NFC9.1.0.0
2024-11-04 17:37:49,667 [WARN] PackLoader:240 - Cannot read IP mode file for STMicroelectronics.X-CUBE-TCPP.4.1.0
2024-11-04 17:37:49,685 [WARN] PackLoader:240 - Cannot read IP mode file for STMicroelectronics.X-CUBE-AZRTOS-G0.1.1.0
2024-11-04 17:37:49,694 [WARN] PackLoader:240 - Cannot read IP mode file for STMicroelectronics.X-CUBE-SAFEA1.1.2.2
2024-11-04 17:37:49,702 [WARN] PackLoader:240 - Cannot read IP mode file for STMicroelectronics.X-CUBE-NFC4.3.0.0
2024-11-04 17:37:49,717 [WARN] PackLoader:240 - Cannot read IP mode file for EmbeddedOffice.I-CUBE-FS-RTOS.1.0.1
2024-11-04 17:37:49,717 [ERROR] ConditionMgr:805 - Attr not supported : Dmpu
2024-11-04 17:37:49,717 [ERROR] ConditionMgr:805 - Attr not supported : Dmpu
2024-11-04 17:37:49,717 [ERROR] ConditionMgr:805 - Attr not supported : Dmpu
2024-11-04 17:37:49,718 [ERROR] ConditionMgr:805 - Attr not supported : Dmpu
2024-11-04 17:37:49,718 [ERROR] ConditionMgr:805 - Attr not supported : Dmpu
2024-11-04 17:37:49,718 [ERROR] ConditionMgr:805 - Attr not supported : Dmpu
2024-11-04 17:37:49,718 [ERROR] ConditionMgr:805 - Attr not supported : Dmpu
2024-11-04 17:37:49,718 [ERROR] ConditionMgr:805 - Attr not supported : Dmpu
2024-11-04 17:37:49,718 [ERROR] ConditionMgr:805 - Attr not supported : Dmpu
2024-11-04 17:37:49,718 [ERROR] ConditionMgr:805 - Attr not supported : Dmpu
2024-11-04 17:37:49,718 [ERROR] ConditionMgr:805 - Attr not supported : Dmpu
2024-11-04 17:37:49,718 [ERROR] ConditionMgr:805 - Attr not supported : Dmpu
2024-11-04 17:37:49,718 [ERROR] ConditionMgr:805 - Attr not supported : Dmpu
2024-11-04 17:37:49,719 [ERROR] ConditionMgr:805 - Attr not supported : Dmpu
2024-11-04 17:37:49,719 [ERROR] ConditionMgr:805 - Attr not supported : Dmpu
2024-11-04 17:37:49,719 [ERROR] ConditionMgr:805 - Attr not supported : Dmpu
2024-11-04 17:37:49,719 [ERROR] ConditionMgr:805 - Attr not supported : Dmpu
2024-11-04 17:37:49,719 [ERROR] ConditionMgr:805 - Attr not supported : Dmpu
2024-11-04 17:37:49,719 [ERROR] ConditionMgr:805 - Attr not supported : Dmpu
2024-11-04 17:37:49,719 [ERROR] ConditionMgr:805 - Attr not supported : Dmpu
2024-11-04 17:37:49,719 [ERROR] ConditionMgr:805 - Attr not supported : Dmpu
2024-11-04 17:37:49,719 [ERROR] ConditionMgr:805 - Attr not supported : Dmpu
2024-11-04 17:37:49,719 [ERROR] ConditionMgr:805 - Attr not supported : Dmpu
2024-11-04 17:37:49,719 [ERROR] ConditionMgr:805 - Attr not supported : Dmpu
2024-11-04 17:37:49,720 [ERROR] ConditionMgr:805 - Attr not supported : Dmpu
2024-11-04 17:37:49,720 [ERROR] ConditionMgr:805 - Attr not supported : Dmpu
2024-11-04 17:37:49,720 [ERROR] ConditionMgr:805 - Attr not supported : Dmpu
2024-11-04 17:37:49,720 [ERROR] ConditionMgr:805 - Attr not supported : Dmpu
2024-11-04 17:37:49,720 [ERROR] ConditionMgr:805 - Attr not supported : Dmpu
2024-11-04 17:37:49,720 [ERROR] ConditionMgr:805 - Attr not supported : Dmpu
2024-11-04 17:37:49,720 [ERROR] ConditionMgr:805 - Attr not supported : Dmpu
2024-11-04 17:37:49,720 [ERROR] ConditionMgr:805 - Attr not supported : Dmpu
2024-11-04 17:37:49,721 [ERROR] ConditionMgr:805 - Attr not supported : Dmpu
2024-11-04 17:37:49,721 [ERROR] ConditionMgr:805 - Attr not supported : Dmpu
2024-11-04 17:37:49,721 [ERROR] ConditionMgr:805 - Attr not supported : Dmpu
2024-11-04 17:37:49,721 [ERROR] ConditionMgr:805 - Attr not supported : Dmpu
2024-11-04 17:37:49,721 [ERROR] ConditionMgr:805 - Attr not supported : Dmpu
2024-11-04 17:37:49,721 [ERROR] ConditionMgr:805 - Attr not supported : Dmpu
2024-11-04 17:37:49,721 [ERROR] ConditionMgr:805 - Attr not supported : Dmpu
2024-11-04 17:37:49,721 [ERROR] ConditionMgr:805 - Attr not supported : Dmpu
2024-11-04 17:37:49,722 [ERROR] ConditionMgr:805 - Attr not supported : Dmpu
2024-11-04 17:37:49,722 [ERROR] ConditionMgr:805 - Attr not supported : Dmpu
2024-11-04 17:37:49,722 [ERROR] ConditionMgr:805 - Attr not supported : Dmpu
2024-11-04 17:37:49,722 [ERROR] ConditionMgr:805 - Attr not supported : Dmpu
2024-11-04 17:37:49,722 [ERROR] ConditionMgr:805 - Attr not supported : Dmpu
2024-11-04 17:37:49,722 [ERROR] ConditionMgr:805 - Attr not supported : Dmpu
2024-11-04 17:37:49,722 [ERROR] ConditionMgr:805 - Attr not supported : Dmpu
2024-11-04 17:37:49,722 [ERROR] ConditionMgr:805 - Attr not supported : Dmpu
2024-11-04 17:37:49,722 [ERROR] ConditionMgr:805 - Attr not supported : Dmpu
2024-11-04 17:37:49,722 [ERROR] ConditionMgr:805 - Attr not supported : Dmpu
2024-11-04 17:37:49,723 [ERROR] ConditionMgr:805 - Attr not supported : Dmpu
2024-11-04 17:37:49,723 [ERROR] ConditionMgr:805 - Attr not supported : Dmpu
2024-11-04 17:37:49,723 [ERROR] ConditionMgr:805 - Attr not supported : Dmpu
2024-11-04 17:37:49,723 [ERROR] ConditionMgr:805 - Attr not supported : Dmpu
2024-11-04 17:37:49,723 [ERROR] ConditionMgr:805 - Attr not supported : Dmpu
2024-11-04 17:37:49,723 [ERROR] ConditionMgr:805 - Attr not supported : Dmpu
2024-11-04 17:37:49,723 [ERROR] ConditionMgr:805 - Attr not supported : Dmpu
2024-11-04 17:37:49,723 [ERROR] ConditionMgr:805 - Attr not supported : Dmpu
2024-11-04 17:37:49,723 [ERROR] ConditionMgr:805 - Attr not supported : Dmpu
2024-11-04 17:37:49,723 [ERROR] ConditionMgr:805 - Attr not supported : Dmpu
2024-11-04 17:37:49,724 [ERROR] ConditionMgr:805 - Attr not supported : Dmpu
2024-11-04 17:37:49,724 [ERROR] ConditionMgr:805 - Attr not supported : Dmpu
2024-11-04 17:37:49,724 [ERROR] ConditionMgr:805 - Attr not supported : Dmpu
2024-11-04 17:37:49,724 [ERROR] ConditionMgr:805 - Attr not supported : Dmpu
2024-11-04 17:37:49,732 [WARN] PackLoader:240 - Cannot read IP mode file for RealThread.X-CUBE-RT-Thread_Nano.4.1.1
2024-11-04 17:37:49,737 [WARN] PackLoader:240 - Cannot read IP mode file for STMicroelectronics.FP-ATR-SIGFOX1.3.2.0
2024-11-04 17:37:49,742 [WARN] PackLoader:240 - Cannot read IP mode file for wolfSSL.I-CUBE-wolfSSL.5.7.2
2024-11-04 17:37:49,749 [WARN] PackLoader:240 - Cannot read IP mode file for STMicroelectronics.X-CUBE-EEPRMA1.5.1.0
2024-11-04 17:37:49,759 [WARN] PackLoader:240 - Cannot read IP mode file for ITTIA_DB.I-CUBE-ITTIADB.8.9.0
2024-11-04 17:37:49,792 [WARN] PackLoader:240 - Cannot read IP mode file for SEGGER.I-CUBE-embOS.1.3.1
2024-11-04 17:37:49,838 [WARN] PackLoader:240 - Cannot read IP mode file for STMicroelectronics.X-CUBE-ALGOBUILD.1.4.0
2024-11-04 17:37:49,845 [WARN] PackLoader:240 - Cannot read IP mode file for STMicroelectronics.X-CUBE-AI.9.1.0
2024-11-04 17:37:49,857 [WARN] PackLoader:240 - Cannot read IP mode file for STMicroelectronics.X-CUBE-GNSS1.6.0.0
2024-11-04 17:37:49,876 [WARN] PackLoader:240 - Cannot read IP mode file for STMicroelectronics.X-CUBE-AZRTOS-F4.1.1.0
2024-11-04 17:37:49,886 [WARN] PackLoader:240 - Cannot read IP mode file for STMicroelectronics.X-CUBE-ISPU.2.1.0
2024-11-04 17:37:49,895 [WARN] PackLoader:240 - Cannot read IP mode file for STMicroelectronics.X-CUBE-FREERTOS.1.2.0
2024-11-04 17:37:49,910 [WARN] PackLoader:240 - Cannot read IP mode file for STMicroelectronics.X-CUBE-AZRTOS-L5.2.0.0
2024-11-04 17:37:49,921 [WARN] PackLoader:240 - Cannot read IP mode file for STMicroelectronics.X-CUBE-NFC6.3.1.0
2024-11-04 17:37:49,931 [WARN] PackLoader:240 - Cannot read IP mode file for STMicroelectronics.X-CUBE-DPower.1.2.0
2024-11-04 17:37:49,935 [WARN] PackLoader:240 - Cannot read IP mode file for STMicroelectronics.X-CUBE-AI.9.0.0
2024-11-04 17:37:49,942 [WARN] PackLoader:240 - Cannot read IP mode file for STMicroelectronics.X-CUBE-NFC7.1.0.1
2024-11-04 17:37:49,960 [WARN] ConditionMgr:438 - getConditionDescription Invalid condition id : LAN8742 Phy interface Condition cause : null
2024-11-04 17:37:49,961 [WARN] PackLoader:240 - Cannot read IP mode file for STMicroelectronics.X-CUBE-AZRTOS-L4.2.0.0
2024-11-04 17:37:49,962 [WARN] ConditionMgr:1039 - genDependencies : Invalid condition id : LAN8742 Phy interface Condition cause : null
2024-11-04 17:37:49,962 [WARN] ConditionMgr:1039 - genDependencies : Invalid condition id : LAN8742 Phy interface Condition cause : null
2024-11-04 17:37:49,963 [WARN] ConditionMgr:1039 - genDependencies : Invalid condition id : LAN8742 Phy interface Condition cause : null
2024-11-04 17:37:49,972 [WARN] PackLoader:240 - Cannot read IP mode file for STMicroelectronics.X-CUBE-SFXS2LP1.4.0.0
2024-11-04 17:37:49,974 [INFO] WebApp:448 - Apply proxy settings
2024-11-04 17:37:49,974 [INFO] WebApp:533 - Chromium requires no authentication
2024-11-04 17:37:49,991 [WARN] PackLoader:240 - Cannot read IP mode file for STMicroelectronics.X-CUBE-AZRTOS-H7.3.3.0
2024-11-04 17:37:49,992 [INFO] WebApp:476 - Direct internet connection detected
2024-11-04 17:37:50,006 [WARN] PackLoader:240 - Cannot read IP mode file for STMicroelectronics.X-CUBE-IPS.3.0.0
2024-11-04 17:37:50,031 [WARN] ConditionMgr:438 - getConditionDescription Invalid condition id : UX DEVICE CLASS RTOS Condition cause : null
2024-11-04 17:37:50,031 [WARN] ConditionMgr:438 - getConditionDescription Invalid condition id : UX DEVICE CLASS RTOS Condition cause : null
2024-11-04 17:37:50,034 [WARN] PackLoader:240 - Cannot read IP mode file for STMicroelectronics.X-CUBE-AZRTOS-WB.2.0.0
2024-11-04 17:37:50,035 [WARN] ConditionMgr:1039 - genDependencies : Invalid condition id : UX DEVICE CLASS RTOS Condition cause : null
2024-11-04 17:37:50,035 [WARN] ConditionMgr:1039 - genDependencies : Invalid condition id : UX DEVICE CLASS RTOS Condition cause : null
2024-11-04 17:37:50,036 [WARN] ConditionMgr:1039 - genDependencies : Invalid condition id : UX DEVICE CLASS RTOS Condition cause : null
2024-11-04 17:37:50,036 [WARN] ConditionMgr:1039 - genDependencies : Invalid condition id : UX DEVICE CLASS RTOS Condition cause : null
2024-11-04 17:37:50,036 [WARN] ConditionMgr:1039 - genDependencies : Invalid condition id : UX DEVICE CLASS RTOS Condition cause : null
2024-11-04 17:37:50,044 [INFO] WebApp:869 - Register for checkConnection events
2024-11-04 17:37:50,044 [INFO] WebApp:448 - Apply proxy settings
2024-11-04 17:37:50,044 [INFO] WebApp:533 - Chromium requires no authentication
2024-11-04 17:37:50,046 [WARN] PackLoader:240 - Cannot read IP mode file for STMicroelectronics.X-CUBE-GNSS1.7.0.0
2024-11-04 17:37:50,046 [INFO] WebApp:476 - Direct internet connection detected
2024-11-04 17:37:50,055 [WARN] PackLoader:240 - Cannot read IP mode file for STMicroelectronics.FP-SNS-STBOX1.2.0.0
2024-11-04 17:37:50,072 [WARN] PackLoader:240 - Cannot read IP mode file for STMicroelectronics.X-CUBE-SUBG2.5.0.0
2024-11-04 17:37:50,090 [WARN] PackLoader:240 - Cannot read IP mode file for Cesanta.I-CUBE-Mongoose.7.13.0
2024-11-04 17:37:50,105 [WARN] PackLoader:240 - Cannot read IP mode file for STMicroelectronics.X-CUBE-AZRTOS-G4.2.0.0
2024-11-04 17:37:50,111 [WARN] PackLoader:240 - Cannot read IP mode file for STMicroelectronics.X-CUBE-ISPU.2.0.0
2024-11-04 17:37:50,117 [WARN] PackLoader:240 - Cannot read IP mode file for STMicroelectronics.X-CUBE-ALS.1.0.2
2024-11-04 17:37:50,124 [WARN] PackLoader:240 - Cannot read IP mode file for STMicroelectronics.X-CUBE-TOUCHGFX.4.24.0
2024-11-04 17:37:50,127 [WARN] PackLoader:240 - Cannot read IP mode file for STMicroelectronics.X-CUBE-TOUCHGFX.4.24.1
2024-11-04 17:37:50,132 [WARN] PackLoader:240 - Cannot read IP mode file for wolfSSL.I-CUBE-wolfTPM.3.4.0
2024-11-04 17:37:50,140 [WARN] PackLoader:240 - Cannot read IP mode file for portGmbH.I-Cube-SoM-uGOAL.1.1.0
2024-11-04 17:37:50,157 [WARN] PackLoader:240 - Cannot read IP mode file for STMicroelectronics.X-CUBE-AZRTOS-H7RS.1.0.0
2024-11-04 17:37:50,166 [WARN] PackLoader:240 - Cannot read IP mode file for STMicroelectronics.FP-ATR-ASTRA1.2.0.0
2024-11-04 17:37:50,177 [WARN] PackLoader:240 - Cannot read IP mode file for STMicroelectronics.X-CUBE-TOF1.3.4.2
2024-11-04 17:37:50,202 [WARN] PackLoader:240 - Cannot read IP mode file for Infineon.AIROC-Wi-Fi-Bluetooth-STM32.1.6.1
2024-11-04 17:37:50,209 [WARN] PackLoader:240 - Cannot read IP mode file for wolfSSL.I-CUBE-wolfSSH.1.4.17
2024-11-04 17:37:50,210 [INFO] ThirdParty:978 - Integrity check success = true
2024-11-04 17:37:50,210 [INFO] IntegrityCheckThread:100 - exiting critical section [integrity check]
2024-11-04 17:37:50,210 [INFO] IntegrityCheckThread:103 - End integrity checks thread
2024-11-04 17:37:50,376 [INFO] WebApp:220 - Starting web application
2024-11-04 17:37:50,376 [INFO] WebApp:578 - Web application path used C:\ST\STM32CubeIDE_1.16.0\STM32CubeIDE\plugins\com.st.stm32cube.common.mx_6.12.1.202409122256\db\plugins\mcufinder\reactClient1\index.html
2024-11-04 17:37:50,491 [INFO] UserAuth:417 - Internet connection configuration mode: 1
2024-11-04 17:37:50,596 [INFO] WebApp:186 - Connection restablished
2024-11-04 18:23:32,334 [INFO] WebApp:189 - Connection lost
2024-11-04 18:23:32,543 [INFO] WebApp:186 - Connection restablished
2024-11-04 18:23:33,367 [INFO] WebApp:189 - Connection lost
2024-11-04 18:23:33,531 [INFO] WebApp:186 - Connection restablished
